sat,1.077251
((X_0 194.23704528808594)
 (X_1 187.7035369873047)
 (X_2 177.62893676757812)
 (X_3 204.16526794433594)
 (X_4 194.9583740234375)
 (X_5 184.5508270263672)
 (X_6 217.7294921875)
 (X_7 203.3023223876953)
 (X_8 191.9660186767578)
 (X_9 190.8474884033203)
 (X_10 185.37759399414062)
 (X_11 171.1006317138672)
 (X_12 204.74522399902344)
 (X_13 194.0809783935547)
 (X_14 182.64833068847656)
 (X_15 217.36038208007812)
 (X_16 203.16075134277344)
 (X_17 194.79415893554688)
 (X_18 190.903564453125)
 (X_19 181.7859344482422)
 (X_20 172.3820037841797)
 (X_21 203.52780151367188)
 (X_22 192.86776733398438)
 (X_23 184.1730499267578)
 (X_24 214.3437957763672)
 (X_25 197.06484985351562)
 (X_26 197.08843994140625)
 (X_27 189.6166534423828)
 (X_28 180.3201904296875)
 (X_29 176.66323852539062)
 (X_30 199.758056640625)
 (X_31 192.8364715576172)
 (X_32 184.7757568359375)
 (X_33 211.54440307617188)
 (X_34 204.208740234375)
 (X_35 197.89193725585938)
 (X_36 189.47891235351562)
 (X_37 179.52810668945312)
 (X_38 170.70909118652344)
 (X_39 198.08306884765625)
 (X_40 192.79254150390625)
 (X_41 183.67105102539062)
 (X_42 212.12661743164062)
 (X_43 206.4130859375)
 (X_44 193.9980010986328)
 (X_45 191.9488983154297)
 (X_46 182.28421020507812)
 (X_47 166.29908752441406)
 (X_48 197.4319610595703)
 (X_49 192.86744689941406)
 (X_50 180.2790985107422)
 (X_51 207.39202880859375)
 (X_52 204.16534423828125)
 (X_53 197.11338806152344)
 (X_54 190.62831115722656)
 (X_55 165.82537841796875)
 (X_56 117.96439361572266)
 (X_57 198.0343017578125)
 (X_58 181.36415100097656)
 (X_59 151.4935760498047)
 (X_60 205.64305114746094)
 (X_61 192.13743591308594)
 (X_62 176.3494415283203)
 (X_63 187.9370880126953)
 (X_64 103.94068145751953)
 (X_65 19.489707946777344)
 (X_66 199.43043518066406)
 (X_67 124.18070220947266)
 (X_68 57.76762771606445)
 (X_69 207.97752380371094)
 (X_70 141.50045776367188)
 (X_71 73.41161346435547)
 (X_72 186.14820861816406)
 (X_73 26.121488571166992)
 (X_74 14.059965133666992)
 (X_75 194.91392517089844)
 (X_76 38.78403854370117)
 (X_77 14.69325065612793)
 (X_78 205.76243591308594)
 (X_79 48.17854309082031)
 (X_80 22.285755157470703)
 (X_81 185.64195251464844)
 (X_82 12.982928276062012)
 (X_83 19.150028228759766)
 (X_84 195.35848999023438)
 (X_85 12.762345314025879)
 (X_86 13.022270202636719)
 (X_87 207.5825653076172)
 (X_88 13.786588668823242)
 (X_89 14.19158935546875)
 (X_90 187.77671813964844)
 (X_91 19.844785690307617)
 (X_92 23.85008430480957)
 (X_93 197.6597137451172)
 (X_94 12.547603607177734)
 (X_95 17.685083389282227)
 (X_96 208.96022033691406)
 (X_97 14.397858619689941)
 (X_98 17.350194931030273)
 (X_99 187.76028442382812)
 (X_100 21.11931800842285)
 (X_101 24.787860870361328)
 (X_102 197.85391235351562)
 (X_103 15.347926139831543)
 (X_104 22.858325958251953)
 (X_105 206.73707580566406)
 (X_106 19.464412689208984)
 (X_107 27.002002716064453)
 (X_108 189.54296875)
 (X_109 26.39201545715332)
 (X_110 20.846450805664062)
 (X_111 196.37106323242188)
 (X_112 23.428863525390625)
 (X_113 21.44725799560547)
 (X_114 208.34213256835938)
 (X_115 26.57415771484375)
 (X_116 25.208677291870117)
 (X_117 190.9261016845703)
 (X_118 28.910602569580078)
 (X_119 21.715866088867188)
 (X_120 194.016845703125)
 (X_121 26.07320785522461)
 (X_122 23.915464401245117)
 (X_123 209.44517517089844)
 (X_124 32.25185775756836)
 (X_125 26.441120147705078)
 (X_126 191.91470336914062)
 (X_127 26.877901077270508)
 (X_128 22.004539489746094)
 (X_129 196.85313415527344)
 (X_130 27.743131637573242)
 (X_131 24.545616149902344)
 (X_132 206.77301025390625)
 (X_133 31.89349365234375)
 (X_134 29.27169418334961)
 (X_135 188.21621704101562)
 (X_136 27.406875610351562)
 (X_137 21.1331729888916)
 (X_138 194.679443359375)
 (X_139 26.69083595275879)
 (X_140 21.97337532043457)
 (X_141 202.45985412597656)
 (X_142 30.03133201599121)
 (X_143 26.551733016967773)
 (X_144 188.9468231201172)
 (X_145 28.7674503326416)
 (X_146 19.757532119750977)
 (X_147 193.4210968017578)
 (X_148 27.523454666137695)
 (X_149 20.84757423400879)
 (X_150 202.88372802734375)
 (X_151 33.34332275390625)
 (X_152 27.059473037719727)
 (X_153 186.8382110595703)
 (X_154 28.72962760925293)
 (X_155 23.32221031188965)
 (X_156 192.5521697998047)
 (X_157 26.0009822845459)
 (X_158 24.016157150268555)
 (X_159 201.82882690429688)
 (X_160 31.289344787597656)
 (X_161 30.322662353515625)
 (X_162 184.7899169921875)
 (X_163 27.866701126098633)
 (X_164 24.544748306274414)
 (X_165 194.37196350097656)
 (X_166 26.692867279052734)
 (X_167 25.74321746826172)
 (X_168 201.6900177001953)
 (X_169 33.833675384521484)
 (X_170 31.562889099121094)
 (X_171 184.7355499267578)
 (X_172 25.2341365814209)
 (X_173 19.58429718017578)
 (X_174 191.42193603515625)
 (X_175 26.29918098449707)
 (X_176 23.728673934936523)
 (X_177 201.29299926757812)
 (X_178 32.667667388916016)
 (X_179 27.835081100463867)
 (X_180 184.2377166748047)
 (X_181 26.624168395996094)
 (X_182 22.724063873291016)
 (X_183 189.95614624023438)
 (X_184 25.1927433013916)
 (X_185 21.779577255249023)
 (X_186 199.37237548828125)
 (X_187 28.03209114074707)
 (X_188 26.770315170288086)
 (X_189 180.75997924804688)
 (X_190 20.191070556640625)
 (X_191 22.385520935058594)
 (X_192 186.79473876953125)
 (X_193 17.02826690673828)
 (X_194 20.044862747192383)
 (X_195 195.01031494140625)
 (X_196 24.980262756347656)
 (X_197 27.54786491394043)
 (X_198 182.38832092285156)
 (X_199 17.255369186401367)
 (X_200 22.73782730102539)
 (X_201 188.0275115966797)
 (X_202 13.536267280578613)
 (X_203 16.372024536132812)
 (X_204 196.00660705566406)
 (X_205 17.343713760375977)
 (X_206 21.940921783447266)
 (X_207 181.58360290527344)
 (X_208 20.750343322753906)
 (X_209 21.29221534729004)
 (X_210 186.15927124023438)
 (X_211 11.14218807220459)
 (X_212 14.262066841125488)
 (X_213 198.95079040527344)
 (X_214 11.110418319702148)
 (X_215 16.105730056762695)
 (X_216 177.8754119873047)
 (X_217 37.03316116333008)
 (X_218 19.452001571655273)
 (X_219 183.6778106689453)
 (X_220 24.77735710144043)
 (X_221 13.653422355651855)
 (X_222 197.8498992919922)
 (X_223 13.184917449951172)
 (X_224 12.818406105041504)
 (X_225 179.51158142089844)
 (X_226 99.5521469116211)
 (X_227 54.2896728515625)
 (X_228 186.91549682617188)
 (X_229 83.32039642333984)
 (X_230 33.615745544433594)
 (X_231 197.79347229003906)
 (X_232 58.26988220214844)
 (X_233 22.619457244873047)
 (X_234 178.9350128173828)
 (X_235 163.10804748535156)
 (X_236 146.48826599121094)
 (X_237 183.48162841796875)
 (X_238 153.02244567871094)
 (X_239 120.58712768554688)
 (X_240 197.09263610839844)
 (X_241 143.05870056152344)
 (X_242 121.96180725097656)
 (X_243 173.86187744140625)
 (X_244 163.13555908203125)
 (X_245 165.79544067382812)
 (X_246 181.7906951904297)
 (X_247 168.30642700195312)
 (X_248 168.16673278808594)
 (X_249 195.7190399169922)
 (X_250 174.81787109375)
 (X_251 177.06744384765625)
 (X_252 176.41622924804688)
 (X_253 154.22203063964844)
 (X_254 159.65371704101562)
 (X_255 184.12681579589844)
 (X_256 167.66502380371094)
 (X_257 168.8695831298828)
 (X_258 195.9113006591797)
 (X_259 176.3612518310547)
 (X_260 177.80259704589844)
 (X_261 177.20787048339844)
 (X_262 155.9619140625)
 (X_263 159.20790100097656)
 (X_264 183.03680419921875)
 (X_265 167.90643310546875)
 (X_266 168.1553192138672)
 (X_267 196.16493225097656)
 (X_268 168.8899383544922)
 (X_269 177.3928680419922)
 (X_270 189.47689819335938)
 (X_271 189.03460693359375)
 (X_272 174.33470153808594)
 (X_273 201.75819396972656)
 (X_274 193.7580108642578)
 (X_275 183.63278198242188)
 (X_276 212.63525390625)
 (X_277 202.48609924316406)
 (X_278 191.09788513183594)
 (X_279 187.4032745361328)
 (X_280 185.50149536132812)
 (X_281 171.8639678955078)
 (X_282 201.33444213867188)
 (X_283 193.37599182128906)
 (X_284 180.70578002929688)
 (X_285 216.85682678222656)
 (X_286 202.499755859375)
 (X_287 191.75152587890625)
 (X_288 190.17344665527344)
 (X_289 180.52783203125)
 (X_290 169.8876953125)
 (X_291 202.39266967773438)
 (X_292 190.54327392578125)
 (X_293 180.4556884765625)
 (X_294 212.9114227294922)
 (X_295 199.1922607421875)
 (X_296 194.79931640625)
 (X_297 189.6935577392578)
 (X_298 183.52963256835938)
 (X_299 169.69627380371094)
 (X_300 198.2199249267578)
 (X_301 191.02352905273438)
 (X_302 179.671142578125)
 (X_303 208.79483032226562)
 (X_304 202.25469970703125)
 (X_305 188.22064208984375)
 (X_306 190.724853515625)
 (X_307 182.27056884765625)
 (X_308 169.9813232421875)
 (X_309 197.24032592773438)
 (X_310 190.1750030517578)
 (X_311 180.85635375976562)
 (X_312 208.02072143554688)
 (X_313 200.74264526367188)
 (X_314 190.5041046142578)
 (X_315 188.16017150878906)
 (X_316 182.1414337158203)
 (X_317 169.79225158691406)
 (X_318 198.02017211914062)
 (X_319 192.5884246826172)
 (X_320 182.39443969726562)
 (X_321 209.42022705078125)
 (X_322 206.630615234375)
 (X_323 195.41421508789062)
 (X_324 188.32626342773438)
 (X_325 133.14556884765625)
 (X_326 135.3714141845703)
 (X_327 199.80735778808594)
 (X_328 168.30503845214844)
 (X_329 174.447021484375)
 (X_330 206.04086303710938)
 (X_331 191.5558624267578)
 (X_332 187.4672393798828)
 (X_333 188.6652374267578)
 (X_334 26.020994186401367)
 (X_335 57.49754333496094)
 (X_336 199.2787322998047)
 (X_337 66.42692565917969)
 (X_338 104.24144744873047)
 (X_339 208.77645874023438)
 (X_340 77.29222106933594)
 (X_341 140.4420166015625)
 (X_342 187.03794860839844)
 (X_343 16.950618743896484)
 (X_344 14.576854705810547)
 (X_345 195.54205322265625)
 (X_346 15.465205192565918)
 (X_347 26.680644989013672)
 (X_348 207.4812469482422)
 (X_349 20.374126434326172)
 (X_350 51.837677001953125)
 (X_351 183.0583038330078)
 (X_352 19.737504959106445)
 (X_353 16.191335678100586)
 (X_354 195.2842559814453)
 (X_355 12.979247093200684)
 (X_356 13.714225769042969)
 (X_357 206.5189666748047)
 (X_358 13.723732948303223)
 (X_359 14.694717407226562)
 (X_360 185.136962890625)
 (X_361 20.02058219909668)
 (X_362 19.41387939453125)
 (X_363 196.2121124267578)
 (X_364 15.355746269226074)
 (X_365 12.811826705932617)
 (X_366 208.9659423828125)
 (X_367 16.52215003967285)
 (X_368 12.007689476013184)
 (X_369 186.62876892089844)
 (X_370 25.992921829223633)
 (X_371 23.433467864990234)
 (X_372 195.26089477539062)
 (X_373 21.31728744506836)
 (X_374 17.738985061645508)
 (X_375 205.5807647705078)
 (X_376 24.41850471496582)
 (X_377 20.745607376098633)
 (X_378 186.57093811035156)
 (X_379 25.15669822692871)
 (X_380 24.297393798828125)
 (X_381 195.9120330810547)
 (X_382 25.107820510864258)
 (X_383 24.02161407470703)
 (X_384 206.41844177246094)
 (X_385 28.227252960205078)
 (X_386 27.91444969177246)
 (X_387 186.24859619140625)
 (X_388 26.02753448486328)
 (X_389 26.55828285217285)
 (X_390 194.08425903320312)
 (X_391 25.615755081176758)
 (X_392 26.16606330871582)
 (X_393 208.74879455566406)
 (X_394 29.158605575561523)
 (X_395 30.783432006835938)
 (X_396 186.44923400878906)
 (X_397 24.47209930419922)
 (X_398 26.323192596435547)
 (X_399 193.96011352539062)
 (X_400 23.844905853271484)
 (X_401 25.545705795288086)
 (X_402 203.95162963867188)
 (X_403 28.80354118347168)
 (X_404 30.500755310058594)
 (X_405 186.80267333984375)
 (X_406 22.26280403137207)
 (X_407 26.357431411743164)
 (X_408 192.3856964111328)
 (X_409 19.845266342163086)
 (X_410 26.75160026550293)
 (X_411 201.55979919433594)
 (X_412 24.65152359008789)
 (X_413 30.32444190979004)
 (X_414 187.72869873046875)
 (X_415 25.031435012817383)
 (X_416 25.58810043334961)
 (X_417 193.78192138671875)
 (X_418 21.58218002319336)
 (X_419 25.189104080200195)
 (X_420 203.984130859375)
 (X_421 25.19521141052246)
 (X_422 31.285993576049805)
 (X_423 182.34800720214844)
 (X_424 26.842288970947266)
 (X_425 24.499801635742188)
 (X_426 191.1946563720703)
 (X_427 24.64405632019043)
 (X_428 25.0172061920166)
 (X_429 204.33648681640625)
 (X_430 27.89208984375)
 (X_431 32.60795593261719)
 (X_432 181.65811157226562)
 (X_433 25.727405548095703)
 (X_434 25.04550552368164)
 (X_435 193.7652587890625)
 (X_436 25.581119537353516)
 (X_437 26.9013614654541)
 (X_438 201.15504455566406)
 (X_439 30.61542320251465)
 (X_440 31.607040405273438)
 (X_441 180.17938232421875)
 (X_442 19.865598678588867)
 (X_443 25.496545791625977)
 (X_444 191.1771697998047)
 (X_445 20.638336181640625)
 (X_446 26.958894729614258)
 (X_447 200.79039001464844)
 (X_448 24.83599281311035)
 (X_449 31.52426528930664)
 (X_450 183.08531188964844)
 (X_451 20.86591911315918)
 (X_452 25.829389572143555)
 (X_453 187.25254821777344)
 (X_454 18.25295639038086)
 (X_455 23.078529357910156)
 (X_456 198.64947509765625)
 (X_457 20.627893447875977)
 (X_458 29.142778396606445)
 (X_459 183.34439086914062)
 (X_460 22.34623146057129)
 (X_461 22.526729583740234)
 (X_462 189.50355529785156)
 (X_463 20.729583740234375)
 (X_464 20.671323776245117)
 (X_465 196.3017120361328)
 (X_466 25.25467300415039)
 (X_467 23.28578758239746)
 (X_468 180.72244262695312)
 (X_469 20.841463088989258)
 (X_470 19.74938201904297)
 (X_471 187.79164123535156)
 (X_472 15.001522064208984)
 (X_473 13.243268013000488)
 (X_474 196.4864044189453)
 (X_475 22.49972152709961)
 (X_476 14.803918838500977)
 (X_477 178.57015991210938)
 (X_478 19.07455062866211)
 (X_479 21.22640609741211)
 (X_480 185.96182250976562)
 (X_481 12.52408504486084)
 (X_482 14.92510986328125)
 (X_483 198.168212890625)
 (X_484 16.14618492126465)
 (X_485 14.860590934753418)
 (X_486 176.59182739257812)
 (X_487 21.302305221557617)
 (X_488 31.50043487548828)
 (X_489 185.6446990966797)
 (X_490 12.450119972229004)
 (X_491 19.721908569335938)
 (X_492 198.11268615722656)
 (X_493 9.835275650024414)
 (X_494 14.823282241821289)
 (X_495 178.96728515625)
 (X_496 55.29129409790039)
 (X_497 82.33629608154297)
 (X_498 184.0144500732422)
 (X_499 33.252655029296875)
 (X_500 68.87930297851562)
 (X_501 197.25172424316406)
 (X_502 15.221138000488281)
 (X_503 50.16453552246094)
 (X_504 180.7664031982422)
 (X_505 148.29893493652344)
 (X_506 159.30250549316406)
 (X_507 187.2456817626953)
 (X_508 121.79878234863281)
 (X_509 153.66989135742188)
 (X_510 199.5091094970703)
 (X_511 106.62200927734375)
 (X_512 153.79861450195312)
 (X_513 178.51608276367188)
 (X_514 157.47100830078125)
 (X_515 159.513671875)
 (X_516 183.9709014892578)
 (X_517 164.04457092285156)
 (X_518 167.19952392578125)
 (X_519 195.69639587402344)
 (X_520 164.4058380126953)
 (X_521 178.49639892578125)
 (X_522 174.49752807617188)
 (X_523 143.229248046875)
 (X_524 158.498779296875)
 (X_525 182.01174926757812)
 (X_526 158.28164672851562)
 (X_527 169.51483154296875)
 (X_528 192.16358947753906)
 (X_529 173.256591796875)
 (X_530 176.9830322265625)
 (X_531 174.82183837890625)
 (X_532 147.5832977294922)
 (X_533 157.80880737304688)
 (X_534 183.29367065429688)
 (X_535 158.6784210205078)
 (X_536 169.6608123779297)
 (X_537 195.53021240234375)
 (X_538 164.6317596435547)
 (X_539 174.37100219726562)
 (X_540 191.40277099609375)
 (X_541 184.43780517578125)
 (X_542 170.2875518798828)
 (X_543 203.03846740722656)
 (X_544 194.7608184814453)
 (X_545 182.77418518066406)
 (X_546 210.28379821777344)
 (X_547 202.6066436767578)
 (X_548 190.84075927734375)
 (X_549 192.27427673339844)
 (X_550 182.322509765625)
 (X_551 171.2647247314453)
 (X_552 203.54782104492188)
 (X_553 191.9466552734375)
 (X_554 179.6259307861328)
 (X_555 209.1199188232422)
 (X_556 203.4811553955078)
 (X_557 188.94866943359375)
 (X_558 190.41268920898438)
 (X_559 183.68092346191406)
 (X_560 169.71719360351562)
 (X_561 199.70004272460938)
 (X_562 191.73191833496094)
 (X_563 179.19444274902344)
 (X_564 208.39840698242188)
 (X_565 203.53382873535156)
 (X_566 192.01010131835938)
 (X_567 188.05450439453125)
 (X_568 181.0796356201172)
 (X_569 167.55043029785156)
 (X_570 199.14132690429688)
 (X_571 190.81527709960938)
 (X_572 180.6951904296875)
 (X_573 210.81744384765625)
 (X_574 200.3240203857422)
 (X_575 188.98277282714844)
 (X_576 188.94459533691406)
 (X_577 179.8238067626953)
 (X_578 169.4911651611328)
 (X_579 199.2036590576172)
 (X_580 190.01089477539062)
 (X_581 177.26361083984375)
 (X_582 209.9525909423828)
 (X_583 198.5182342529297)
 (X_584 188.33303833007812)
 (X_585 185.26368713378906)
 (X_586 166.33766174316406)
 (X_587 167.22422790527344)
 (X_588 197.37448120117188)
 (X_589 190.6676483154297)
 (X_590 177.0251007080078)
 (X_591 207.36965942382812)
 (X_592 208.7603302001953)
 (X_593 188.5826416015625)
 (X_594 183.22315979003906)
 (X_595 104.87847137451172)
 (X_596 156.24365234375)
 (X_597 196.17333984375)
 (X_598 133.01419067382812)
 (X_599 175.34190368652344)
 (X_600 208.64678955078125)
 (X_601 175.77394104003906)
 (X_602 187.11514282226562)
 (X_603 187.9699249267578)
 (X_604 11.80728530883789)
 (X_605 128.7247314453125)
 (X_606 198.17799377441406)
 (X_607 29.35818099975586)
 (X_608 158.57676696777344)
 (X_609 213.02464294433594)
 (X_610 45.459712982177734)
 (X_611 194.3089141845703)
 (X_612 184.11949157714844)
 (X_613 18.958099365234375)
 (X_614 33.23383712768555)
 (X_615 197.76658630371094)
 (X_616 12.540753364562988)
 (X_617 75.0420150756836)
 (X_618 210.9743194580078)
 (X_619 16.98379898071289)
 (X_620 105.06145477294922)
 (X_621 181.57977294921875)
 (X_622 20.982322692871094)
 (X_623 7.5238142013549805)
 (X_624 193.7410430908203)
 (X_625 13.429189682006836)
 (X_626 18.40711784362793)
 (X_627 202.99630737304688)
 (X_628 16.370044708251953)
 (X_629 28.797122955322266)
 (X_630 185.47146606445312)
 (X_631 19.831523895263672)
 (X_632 18.48079490661621)
 (X_633 195.43118286132812)
 (X_634 18.202770233154297)
 (X_635 12.288543701171875)
 (X_636 205.98397827148438)
 (X_637 22.962299346923828)
 (X_638 16.912702560424805)
 (X_639 184.95555114746094)
 (X_640 18.95636558532715)
 (X_641 18.323230743408203)
 (X_642 194.16224670410156)
 (X_643 17.152204513549805)
 (X_644 12.833465576171875)
 (X_645 203.4556884765625)
 (X_646 20.0787353515625)
 (X_647 13.307148933410645)
 (X_648 186.53948974609375)
 (X_649 18.420406341552734)
 (X_650 18.460126876831055)
 (X_651 194.2191925048828)
 (X_652 13.694375991821289)
 (X_653 16.516376495361328)
 (X_654 204.2344207763672)
 (X_655 16.441457748413086)
 (X_656 19.945720672607422)
 (X_657 188.62265014648438)
 (X_658 21.98601722717285)
 (X_659 23.89556121826172)
 (X_660 196.27281188964844)
 (X_661 20.831411361694336)
 (X_662 20.718053817749023)
 (X_663 203.4931640625)
 (X_664 23.95804786682129)
 (X_665 24.255403518676758)
 (X_666 187.71902465820312)
 (X_667 16.03291893005371)
 (X_668 26.334075927734375)
 (X_669 193.08053588867188)
 (X_670 17.738021850585938)
 (X_671 24.316547393798828)
 (X_672 204.05186462402344)
 (X_673 23.076616287231445)
 (X_674 27.381427764892578)
 (X_675 187.93380737304688)
 (X_676 14.596266746520996)
 (X_677 24.69618034362793)
 (X_678 191.47401428222656)
 (X_679 12.885030746459961)
 (X_680 25.15652084350586)
 (X_681 200.12594604492188)
 (X_682 17.19152069091797)
 (X_683 28.400121688842773)
 (X_684 183.47207641601562)
 (X_685 14.279975891113281)
 (X_686 24.957210540771484)
 (X_687 189.85130310058594)
 (X_688 14.888233184814453)
 (X_689 23.73467445373535)
 (X_690 200.3986053466797)
 (X_691 16.463153839111328)
 (X_692 29.757129669189453)
 (X_693 180.42105102539062)
 (X_694 18.574325561523438)
 (X_695 24.349069595336914)
 (X_696 191.67095947265625)
 (X_697 18.228572845458984)
 (X_698 23.356243133544922)
 (X_699 206.4813232421875)
 (X_700 18.732080459594727)
 (X_701 28.137388229370117)
 (X_702 178.2617645263672)
 (X_703 20.030824661254883)
 (X_704 26.70005989074707)
 (X_705 192.656494140625)
 (X_706 22.844385147094727)
 (X_707 26.93488311767578)
 (X_708 200.58033752441406)
 (X_709 27.93021011352539)
 (X_710 29.603755950927734)
 (X_711 180.6664276123047)
 (X_712 12.774649620056152)
 (X_713 23.35122299194336)
 (X_714 190.93551635742188)
 (X_715 16.8796443939209)
 (X_716 21.00251007080078)
 (X_717 199.11532592773438)
 (X_718 20.05612564086914)
 (X_719 26.28753662109375)
 (X_720 181.93185424804688)
 (X_721 11.226293563842773)
 (X_722 19.02813720703125)
 (X_723 188.24415588378906)
 (X_724 14.308956146240234)
 (X_725 16.85140609741211)
 (X_726 198.70957946777344)
 (X_727 14.136181831359863)
 (X_728 21.513896942138672)
 (X_729 179.5829620361328)
 (X_730 16.159774780273438)
 (X_731 17.24382209777832)
 (X_732 188.28732299804688)
 (X_733 16.53412628173828)
 (X_734 12.159066200256348)
 (X_735 196.08277893066406)
 (X_736 16.102741241455078)
 (X_737 17.96137809753418)
 (X_738 177.81039428710938)
 (X_739 24.033557891845703)
 (X_740 18.606840133666992)
 (X_741 186.69769287109375)
 (X_742 20.430850982666016)
 (X_743 12.990960121154785)
 (X_744 199.017333984375)
 (X_745 28.97942352294922)
 (X_746 12.97001838684082)
 (X_747 176.9668426513672)
 (X_748 20.845600128173828)
 (X_749 23.70207977294922)
 (X_750 183.60691833496094)
 (X_751 14.953010559082031)
 (X_752 14.584736824035645)
 (X_753 197.37046813964844)
 (X_754 20.363025665283203)
 (X_755 6.520538806915283)
 (X_756 177.6439971923828)
 (X_757 17.76605224609375)
 (X_758 69.41586303710938)
 (X_759 186.3687744140625)
 (X_760 11.764163970947266)
 (X_761 46.028358459472656)
 (X_762 198.3244171142578)
 (X_763 12.276178359985352)
 (X_764 30.975570678710938)
 (X_765 175.4899444580078)
 (X_766 41.02344512939453)
 (X_767 143.46473693847656)
 (X_768 182.0603485107422)
 (X_769 17.709571838378906)
 (X_770 129.45152282714844)
 (X_771 196.3642578125)
 (X_772 17.897235870361328)
 (X_773 118.77655029296875)
 (X_774 174.66738891601562)
 (X_775 117.90023803710938)
 (X_776 160.93836975097656)
 (X_777 183.09100341796875)
 (X_778 88.87629699707031)
 (X_779 164.74502563476562)
 (X_780 194.45111083984375)
 (X_781 72.1429672241211)
 (X_782 170.96548461914062)
 (X_783 173.57855224609375)
 (X_784 159.02133178710938)
 (X_785 155.5111083984375)
 (X_786 183.28826904296875)
 (X_787 163.87451171875)
 (X_788 167.19830322265625)
 (X_789 196.12258911132812)
 (X_790 157.65478515625)
 (X_791 177.15689086914062)
 (X_792 170.82916259765625)
 (X_793 159.51437377929688)
 (X_794 159.91375732421875)
 (X_795 180.95379638671875)
 (X_796 170.76707458496094)
 (X_797 170.90939331054688)
 (X_798 192.51266479492188)
 (X_799 189.87628173828125)
 (X_800 176.12466430664062)
 (X_801 172.0597381591797)
 (X_802 162.9081573486328)
 (X_803 157.74620056152344)
 (X_804 181.90943908691406)
 (X_805 174.51849365234375)
 (X_806 167.76470947265625)
 (X_807 192.6402587890625)
 (X_808 186.0852508544922)
 (X_809 173.38436889648438)
 (X_810 190.8378143310547)
 (X_811 180.97438049316406)
 (X_812 167.8054656982422)
 (X_813 199.1554412841797)
 (X_814 191.8607635498047)
 (X_815 179.56442260742188)
 (X_816 208.19192504882812)
 (X_817 200.03041076660156)
 (X_818 185.80010986328125)
 (X_819 189.02459716796875)
 (X_820 180.97100830078125)
 (X_821 167.29344177246094)
 (X_822 197.7273406982422)
 (X_823 189.90170288085938)
 (X_824 176.1782684326172)
 (X_825 206.0824737548828)
 (X_826 200.53005981445312)
 (X_827 184.32432556152344)
 (X_828 189.840576171875)
 (X_829 183.78260803222656)
 (X_830 171.75048828125)
 (X_831 197.37802124023438)
 (X_832 189.76913452148438)
 (X_833 178.03965759277344)
 (X_834 205.1334686279297)
 (X_835 201.60313415527344)
 (X_836 185.11012268066406)
 (X_837 186.7021484375)
 (X_838 181.11807250976562)
 (X_839 170.62677001953125)
 (X_840 198.2073974609375)
 (X_841 191.6743621826172)
 (X_842 177.8660430908203)
 (X_843 208.65399169921875)
 (X_844 198.02438354492188)
 (X_845 186.57778930664062)
 (X_846 183.18240356445312)
 (X_847 176.33895874023438)
 (X_848 167.33193969726562)
 (X_849 198.5901641845703)
 (X_850 191.34677124023438)
 (X_851 176.46270751953125)
 (X_852 210.72210693359375)
 (X_853 199.86631774902344)
 (X_854 183.56903076171875)
 (X_855 184.45521545410156)
 (X_856 155.76437377929688)
 (X_857 166.21868896484375)
 (X_858 198.20700073242188)
 (X_859 181.4727783203125)
 (X_860 173.86717224121094)
 (X_861 209.14877319335938)
 (X_862 206.44302368164062)
 (X_863 180.71002197265625)
 (X_864 185.89456176757812)
 (X_865 80.6325454711914)
 (X_866 162.52203369140625)
 (X_867 196.3412322998047)
 (X_868 98.48966217041016)
 (X_869 172.9375457763672)
 (X_870 207.8771514892578)
 (X_871 152.8505401611328)
 (X_872 185.00083923339844)
 (X_873 186.0369110107422)
 (X_874 16.683734893798828)
 (X_875 155.3307342529297)
 (X_876 196.18356323242188)
 (X_877 20.871715545654297)
 (X_878 171.73641967773438)
 (X_879 205.19972229003906)
 (X_880 36.90133285522461)
 (X_881 190.1949920654297)
 (X_882 181.7274932861328)
 (X_883 18.605741500854492)
 (X_884 113.03179168701172)
 (X_885 196.49288940429688)
 (X_886 12.841961860656738)
 (X_887 142.5560760498047)
 (X_888 206.9004364013672)
 (X_889 13.949295997619629)
 (X_890 167.03810119628906)
 (X_891 182.66424560546875)
 (X_892 21.186338424682617)
 (X_893 35.89853286743164)
 (X_894 193.12423706054688)
 (X_895 16.24294662475586)
 (X_896 67.01988220214844)
 (X_897 204.9242401123047)
 (X_898 20.80214500427246)
 (X_899 93.7593765258789)
 (X_900 186.68568420410156)
 (X_901 21.689613342285156)
 (X_902 3.7529497146606445)
 (X_903 194.90550231933594)
 (X_904 22.152938842773438)
 (X_905 18.95584487915039)
 (X_906 204.4196014404297)
 (X_907 28.97465705871582)
 (X_908 28.564041137695312)
 (X_909 183.01614379882812)
 (X_910 17.656721115112305)
 (X_911 16.26665496826172)
 (X_912 191.5102996826172)
 (X_913 17.156312942504883)
 (X_914 11.292709350585938)
 (X_915 203.5130615234375)
 (X_916 26.410808563232422)
 (X_917 15.72532844543457)
 (X_918 183.2303924560547)
 (X_919 17.397783279418945)
 (X_920 17.865093231201172)
 (X_921 190.07240295410156)
 (X_922 14.801067352294922)
 (X_923 12.116927146911621)
 (X_924 202.18182373046875)
 (X_925 19.11882972717285)
 (X_926 14.051076889038086)
 (X_927 189.6666259765625)
 (X_928 19.55103874206543)
 (X_929 19.71127700805664)
 (X_930 193.874267578125)
 (X_931 19.181638717651367)
 (X_932 12.74243450164795)
 (X_933 206.5245361328125)
 (X_934 19.600116729736328)
 (X_935 13.905603408813477)
 (X_936 185.66160583496094)
 (X_937 13.689311027526855)
 (X_938 21.99155044555664)
 (X_939 194.647705078125)
 (X_940 13.33924388885498)
 (X_941 14.869115829467773)
 (X_942 202.9710693359375)
 (X_943 19.494304656982422)
 (X_944 16.19092559814453)
 (X_945 178.11668395996094)
 (X_946 20.382354736328125)
 (X_947 22.720317840576172)
 (X_948 192.35015869140625)
 (X_949 17.913904190063477)
 (X_950 16.912322998046875)
 (X_951 201.52694702148438)
 (X_952 25.046382904052734)
 (X_953 19.377788543701172)
 (X_954 176.23948669433594)
 (X_955 15.268261909484863)
 (X_956 22.141576766967773)
 (X_957 187.8709716796875)
 (X_958 15.769509315490723)
 (X_959 17.787559509277344)
 (X_960 198.92617797851562)
 (X_961 21.445310592651367)
 (X_962 21.269617080688477)
 (X_963 185.33245849609375)
 (X_964 14.738081932067871)
 (X_965 19.256654739379883)
 (X_966 191.76881408691406)
 (X_967 16.205137252807617)
 (X_968 16.17782211303711)
 (X_969 201.27349853515625)
 (X_970 17.3980770111084)
 (X_971 20.74471092224121)
 (X_972 185.0615692138672)
 (X_973 16.93576431274414)
 (X_974 19.95022201538086)
 (X_975 191.9599151611328)
 (X_976 19.06624984741211)
 (X_977 14.154281616210938)
 (X_978 200.90069580078125)
 (X_979 24.245182037353516)
 (X_980 20.303359985351562)
 (X_981 177.6845703125)
 (X_982 14.070316314697266)
 (X_983 18.50265884399414)
 (X_984 186.11634826660156)
 (X_985 16.466638565063477)
 (X_986 13.884439468383789)
 (X_987 196.69752502441406)
 (X_988 21.380897521972656)
 (X_989 16.769296646118164)
 (X_990 177.23776245117188)
 (X_991 16.800203323364258)
 (X_992 17.826976776123047)
 (X_993 188.8733673095703)
 (X_994 19.149375915527344)
 (X_995 11.07169246673584)
 (X_996 195.073974609375)
 (X_997 25.54791259765625)
 (X_998 14.474968910217285)
 (X_999 175.64161682128906)
 (X_1000 14.80418586730957)
 (X_1001 17.911802291870117)
 (X_1002 187.4522705078125)
 (X_1003 15.875045776367188)
 (X_1004 12.430438995361328)
 (X_1005 195.97726440429688)
 (X_1006 19.673736572265625)
 (X_1007 13.636794090270996)
 (X_1008 178.0066375732422)
 (X_1009 24.039875030517578)
 (X_1010 22.162046432495117)
 (X_1011 189.02117919921875)
 (X_1012 21.43439292907715)
 (X_1013 15.688386917114258)
 (X_1014 196.3989715576172)
 (X_1015 27.09484100341797)
 (X_1016 12.250052452087402)
 (X_1017 179.32337951660156)
 (X_1018 21.884212493896484)
 (X_1019 58.088436126708984)
 (X_1020 187.3258514404297)
 (X_1021 18.746381759643555)
 (X_1022 42.09426498413086)
 (X_1023 198.2470703125)
 (X_1024 22.01862335205078)
 (X_1025 24.68138313293457)
 (X_1026 176.45443725585938)
 (X_1027 16.758041381835938)
 (X_1028 133.61685180664062)
 (X_1029 185.8217315673828)
 (X_1030 13.022865295410156)
 (X_1031 120.1255111694336)
 (X_1032 196.5059051513672)
 (X_1033 16.828365325927734)
 (X_1034 97.75411987304688)
 (X_1035 174.08511352539062)
 (X_1036 31.811277389526367)
 (X_1037 162.43113708496094)
 (X_1038 183.2798309326172)
 (X_1039 13.938175201416016)
 (X_1040 157.7091522216797)
 (X_1041 197.74940490722656)
 (X_1042 11.904119491577148)
 (X_1043 167.20394897460938)
 (X_1044 175.34251403808594)
 (X_1045 85.1174545288086)
 (X_1046 155.5904083251953)
 (X_1047 185.6650390625)
 (X_1048 59.00716781616211)
 (X_1049 162.7677001953125)
 (X_1050 197.1800994873047)
 (X_1051 29.143247604370117)
 (X_1052 172.52508544921875)
 (X_1053 167.94601440429688)
 (X_1054 153.8992919921875)
 (X_1055 153.22378540039062)
 (X_1056 181.19235229492188)
 (X_1057 154.18887329101562)
 (X_1058 163.81707763671875)
 (X_1059 193.5679168701172)
 (X_1060 132.3376922607422)
 (X_1061 172.0628662109375)
 (X_1062 170.93408203125)
 (X_1063 163.81536865234375)
 (X_1064 156.74754333496094)
 (X_1065 182.99777221679688)
 (X_1066 173.2196044921875)
 (X_1067 167.1484832763672)
 (X_1068 193.0094451904297)
 (X_1069 184.37469482421875)
 (X_1070 174.13343811035156)
 (X_1071 167.08717346191406)
 (X_1072 160.85092163085938)
 (X_1073 155.49154663085938)
 (X_1074 178.9414825439453)
 (X_1075 172.00645446777344)
 (X_1076 167.7422332763672)
 (X_1077 189.10647583007812)
 (X_1078 184.822998046875)
 (X_1079 174.1173095703125)
 (X_1080 186.31430053710938)
 (X_1081 182.78591918945312)
 (X_1082 157.90745544433594)
 (X_1083 196.96038818359375)
 (X_1084 189.40603637695312)
 (X_1085 162.09263610839844)
 (X_1086 209.2874755859375)
 (X_1087 201.21469116210938)
 (X_1088 164.71762084960938)
 (X_1089 185.31317138671875)
 (X_1090 181.83248901367188)
 (X_1091 164.5390625)
 (X_1092 198.66970825195312)
 (X_1093 189.4295196533203)
 (X_1094 170.51710510253906)
 (X_1095 208.34866333007812)
 (X_1096 198.10366821289062)
 (X_1097 174.44277954101562)
 (X_1098 189.80186462402344)
 (X_1099 181.0950164794922)
 (X_1100 174.36537170410156)
 (X_1101 198.822021484375)
 (X_1102 188.544189453125)
 (X_1103 172.50230407714844)
 (X_1104 204.64520263671875)
 (X_1105 199.41441345214844)
 (X_1106 175.43698120117188)
 (X_1107 185.9011688232422)
 (X_1108 181.94569396972656)
 (X_1109 180.56581115722656)
 (X_1110 197.75205993652344)
 (X_1111 190.265380859375)
 (X_1112 175.7812957763672)
 (X_1113 208.28945922851562)
 (X_1114 198.55979919433594)
 (X_1115 181.90838623046875)
 (X_1116 183.0233154296875)
 (X_1117 175.22747802734375)
 (X_1118 176.4357147216797)
 (X_1119 197.61639404296875)
 (X_1120 192.33908081054688)
 (X_1121 177.63616943359375)
 (X_1122 208.34912109375)
 (X_1123 205.21102905273438)
 (X_1124 183.54421997070312)
 (X_1125 183.66085815429688)
 (X_1126 129.43692016601562)
 (X_1127 173.43789672851562)
 (X_1128 196.4597930908203)
 (X_1129 160.77325439453125)
 (X_1130 175.39942932128906)
 (X_1131 206.20181274414062)
 (X_1132 182.10055541992188)
 (X_1133 180.15237426757812)
 (X_1134 182.13671875)
 (X_1135 57.613407135009766)
 (X_1136 169.28138732910156)
 (X_1137 194.53465270996094)
 (X_1138 73.1531753540039)
 (X_1139 172.10791015625)
 (X_1140 204.85415649414062)
 (X_1141 108.19928741455078)
 (X_1142 183.04757690429688)
 (X_1143 181.4474334716797)
 (X_1144 18.79860496520996)
 (X_1145 167.49388122558594)
 (X_1146 193.38951110839844)
 (X_1147 17.741256713867188)
 (X_1148 172.0648651123047)
 (X_1149 204.72799682617188)
 (X_1150 26.77984046936035)
 (X_1151 187.6732635498047)
 (X_1152 180.3256072998047)
 (X_1153 19.23238754272461)
 (X_1154 157.72515869140625)
 (X_1155 193.12510681152344)
 (X_1156 14.202004432678223)
 (X_1157 168.22723388671875)
 (X_1158 206.61605834960938)
 (X_1159 13.658286094665527)
 (X_1160 184.82701110839844)
 (X_1161 182.33021545410156)
 (X_1162 23.390838623046875)
 (X_1163 115.98094177246094)
 (X_1164 191.79977416992188)
 (X_1165 20.81454849243164)
 (X_1166 145.83143615722656)
 (X_1167 202.1754150390625)
 (X_1168 20.165653228759766)
 (X_1169 170.51397705078125)
 (X_1170 185.72528076171875)
 (X_1171 25.06453514099121)
 (X_1172 48.34121322631836)
 (X_1173 194.01939392089844)
 (X_1174 26.030885696411133)
 (X_1175 75.48487091064453)
 (X_1176 201.75453186035156)
 (X_1177 31.26398468017578)
 (X_1178 107.73212432861328)
 (X_1179 182.13729858398438)
 (X_1180 24.135698318481445)
 (X_1181 18.138648986816406)
 (X_1182 192.90567016601562)
 (X_1183 22.818683624267578)
 (X_1184 25.119787216186523)
 (X_1185 204.28286743164062)
 (X_1186 32.03328323364258)
 (X_1187 34.79194259643555)
 (X_1188 183.2879180908203)
 (X_1189 17.521387100219727)
 (X_1190 18.82203483581543)
 (X_1191 191.34495544433594)
 (X_1192 16.01161003112793)
 (X_1193 16.38972282409668)
 (X_1194 206.3151092529297)
 (X_1195 23.14590835571289)
 (X_1196 13.644562721252441)
 (X_1197 186.154541015625)
 (X_1198 16.576398849487305)
 (X_1199 18.692426681518555)
 (X_1200 190.3450927734375)
 (X_1201 18.071046829223633)
 (X_1202 13.260994911193848)
 (X_1203 209.7587432861328)
 (X_1204 19.436180114746094)
 (X_1205 12.819180488586426)
 (X_1206 168.00038146972656)
 (X_1207 13.495872497558594)
 (X_1208 17.54790496826172)
 (X_1209 186.82534790039062)
 (X_1210 15.601655006408691)
 (X_1211 12.282001495361328)
 (X_1212 200.1318359375)
 (X_1213 19.760160446166992)
 (X_1214 12.680342674255371)
 (X_1215 98.3441162109375)
 (X_1216 24.436155319213867)
 (X_1217 18.984025955200195)
 (X_1218 135.0176544189453)
 (X_1219 19.606155395507812)
 (X_1220 11.34987735748291)
 (X_1221 145.90567016601562)
 (X_1222 24.90625)
 (X_1223 12.301130294799805)
 (X_1224 79.12035369873047)
 (X_1225 17.037473678588867)
 (X_1226 18.844161987304688)
 (X_1227 99.51822662353516)
 (X_1228 17.606060028076172)
 (X_1229 11.717745780944824)
 (X_1230 96.17029571533203)
 (X_1231 22.25443458557129)
 (X_1232 12.706844329833984)
 (X_1233 140.0251007080078)
 (X_1234 12.692596435546875)
 (X_1235 16.383647918701172)
 (X_1236 131.6634979248047)
 (X_1237 15.626909255981445)
 (X_1238 10.625045776367188)
 (X_1239 117.96923065185547)
 (X_1240 18.081300735473633)
 (X_1241 13.285887718200684)
 (X_1242 193.24098205566406)
 (X_1243 17.06566047668457)
 (X_1244 17.96167755126953)
 (X_1245 174.5674591064453)
 (X_1246 17.49925422668457)
 (X_1247 10.038786888122559)
 (X_1248 172.33680725097656)
 (X_1249 26.4072322845459)
 (X_1250 13.157854080200195)
 (X_1251 184.19326782226562)
 (X_1252 17.221153259277344)
 (X_1253 15.239683151245117)
 (X_1254 187.60719299316406)
 (X_1255 14.225263595581055)
 (X_1256 11.513967514038086)
 (X_1257 194.2120819091797)
 (X_1258 19.42871856689453)
 (X_1259 14.51735782623291)
 (X_1260 178.5658416748047)
 (X_1261 16.933401107788086)
 (X_1262 12.694768905639648)
 (X_1263 186.49191284179688)
 (X_1264 22.050384521484375)
 (X_1265 11.184500694274902)
 (X_1266 197.9222869873047)
 (X_1267 24.201980590820312)
 (X_1268 12.569987297058105)
 (X_1269 175.2654266357422)
 (X_1270 14.327441215515137)
 (X_1271 22.312931060791016)
 (X_1272 183.99496459960938)
 (X_1273 16.917455673217773)
 (X_1274 18.629968643188477)
 (X_1275 191.79727172851562)
 (X_1276 21.92471694946289)
 (X_1277 14.88680362701416)
 (X_1278 176.24473571777344)
 (X_1279 25.022130966186523)
 (X_1280 56.63134002685547)
 (X_1281 185.50747680664062)
 (X_1282 22.549331665039062)
 (X_1283 45.22507858276367)
 (X_1284 193.3032684326172)
 (X_1285 25.64147186279297)
 (X_1286 34.931190490722656)
 (X_1287 173.51077270507812)
 (X_1288 21.106882095336914)
 (X_1289 134.07595825195312)
 (X_1290 185.77008056640625)
 (X_1291 21.96541976928711)
 (X_1292 119.88868713378906)
 (X_1293 196.68946838378906)
 (X_1294 25.737897872924805)
 (X_1295 114.8343734741211)
 (X_1296 175.9459991455078)
 (X_1297 17.732677459716797)
 (X_1298 160.79244995117188)
 (X_1299 184.96112060546875)
 (X_1300 13.20815372467041)
 (X_1301 156.3571319580078)
 (X_1302 197.35787963867188)
 (X_1303 17.935781478881836)
 (X_1304 162.9630889892578)
 (X_1305 176.90725708007812)
 (X_1306 26.523014068603516)
 (X_1307 155.35470581054688)
 (X_1308 183.11058044433594)
 (X_1309 10.439775466918945)
 (X_1310 160.98980712890625)
 (X_1311 194.01187133789062)
 (X_1312 12.89806079864502)
 (X_1313 170.42855834960938)
 (X_1314 170.82469177246094)
 (X_1315 59.56642150878906)
 (X_1316 155.80870056152344)
 (X_1317 184.99098205566406)
 (X_1318 38.705623626708984)
 (X_1319 161.35997009277344)
 (X_1320 194.98948669433594)
 (X_1321 10.168357849121094)
 (X_1322 171.15968322753906)
 (X_1323 169.1563720703125)
 (X_1324 141.48533630371094)
 (X_1325 154.70460510253906)
 (X_1326 182.8029327392578)
 (X_1327 141.7637481689453)
 (X_1328 164.42050170898438)
 (X_1329 192.70530700683594)
 (X_1330 122.81787109375)
 (X_1331 172.24423217773438)
 (X_1332 174.04417419433594)
 (X_1333 165.6625518798828)
 (X_1334 156.86038208007812)
 (X_1335 184.6620635986328)
 (X_1336 173.84169006347656)
 (X_1337 166.68296813964844)
 (X_1338 193.4462127685547)
 (X_1339 186.06201171875)
 (X_1340 170.88397216796875)
 (X_1341 169.98121643066406)
 (X_1342 160.5238800048828)
 (X_1343 155.50723266601562)
 (X_1344 179.37628173828125)
 (X_1345 174.70750427246094)
 (X_1346 165.6854248046875)
 (X_1347 187.47657775878906)
 (X_1348 182.72882080078125)
 (X_1349 172.79721069335938)
 (X_1350 188.27670288085938)
 (X_1351 184.17388916015625)
 (X_1352 68.07963562011719)
 (X_1353 196.59014892578125)
 (X_1354 192.12051391601562)
 (X_1355 57.85227966308594)
 (X_1356 212.9696807861328)
 (X_1357 203.06690979003906)
 (X_1358 58.6856575012207)
 (X_1359 187.49441528320312)
 (X_1360 180.03668212890625)
 (X_1361 72.52494812011719)
 (X_1362 198.3534698486328)
 (X_1363 190.52085876464844)
 (X_1364 66.06053924560547)
 (X_1365 209.22181701660156)
 (X_1366 199.06460571289062)
 (X_1367 66.49987030029297)
 (X_1368 185.83253479003906)
 (X_1369 179.26084899902344)
 (X_1370 88.72052001953125)
 (X_1371 196.66043090820312)
 (X_1372 186.17044067382812)
 (X_1373 71.75157165527344)
 (X_1374 204.47897338867188)
 (X_1375 196.7333526611328)
 (X_1376 72.86831665039062)
 (X_1377 183.75682067871094)
 (X_1378 177.5671844482422)
 (X_1379 118.4525146484375)
 (X_1380 195.5578155517578)
 (X_1381 187.60711669921875)
 (X_1382 96.16804504394531)
 (X_1383 205.16436767578125)
 (X_1384 198.3711700439453)
 (X_1385 98.4579086303711)
 (X_1386 179.27163696289062)
 (X_1387 170.998046875)
 (X_1388 121.07947540283203)
 (X_1389 196.4768829345703)
 (X_1390 187.27418518066406)
 (X_1391 112.96031188964844)
 (X_1392 206.55758666992188)
 (X_1393 201.2096405029297)
 (X_1394 113.44427490234375)
 (X_1395 183.9719696044922)
 (X_1396 112.57902526855469)
 (X_1397 117.93952178955078)
 (X_1398 194.01536560058594)
 (X_1399 170.4564208984375)
 (X_1400 116.50341033935547)
 (X_1401 203.62779235839844)
 (X_1402 187.2310028076172)
 (X_1403 115.45530700683594)
 (X_1404 180.6754913330078)
 (X_1405 38.60721206665039)
 (X_1406 114.65158081054688)
 (X_1407 191.65960693359375)
 (X_1408 68.33030700683594)
 (X_1409 114.92710876464844)
 (X_1410 204.89987182617188)
 (X_1411 88.14591979980469)
 (X_1412 115.94690704345703)
 (X_1413 179.52818298339844)
 (X_1414 20.10161018371582)
 (X_1415 121.6898422241211)
 (X_1416 191.51283264160156)
 (X_1417 15.6659574508667)
 (X_1418 120.12210845947266)
 (X_1419 206.94729614257812)
 (X_1420 20.83223533630371)
 (X_1421 120.8004150390625)
 (X_1422 181.1796417236328)
 (X_1423 21.458311080932617)
 (X_1424 121.19580841064453)
 (X_1425 190.91600036621094)
 (X_1426 15.351510047912598)
 (X_1427 121.25220489501953)
 (X_1428 203.89959716796875)
 (X_1429 16.629314422607422)
 (X_1430 123.68994140625)
 (X_1431 180.1507110595703)
 (X_1432 25.155136108398438)
 (X_1433 122.64561462402344)
 (X_1434 189.81668090820312)
 (X_1435 23.310422897338867)
 (X_1436 121.57970428466797)
 (X_1437 199.81332397460938)
 (X_1438 23.08812713623047)
 (X_1439 126.86842346191406)
 (X_1440 182.21913146972656)
 (X_1441 27.80436134338379)
 (X_1442 101.81421661376953)
 (X_1443 189.5214080810547)
 (X_1444 27.002254486083984)
 (X_1445 120.4919204711914)
 (X_1446 201.85739135742188)
 (X_1447 32.757591247558594)
 (X_1448 131.9066619873047)
 (X_1449 175.97080993652344)
 (X_1450 22.994781494140625)
 (X_1451 43.8055534362793)
 (X_1452 187.78880310058594)
 (X_1453 22.114606857299805)
 (X_1454 71.21812438964844)
 (X_1455 197.55642700195312)
 (X_1456 32.57893371582031)
 (X_1457 77.03886413574219)
 (X_1458 149.36683654785156)
 (X_1459 17.322561264038086)
 (X_1460 26.054611206054688)
 (X_1461 167.61557006835938)
 (X_1462 17.003028869628906)
 (X_1463 30.845155715942383)
 (X_1464 179.4996337890625)
 (X_1465 22.237281799316406)
 (X_1466 30.700624465942383)
 (X_1467 117.21533966064453)
 (X_1468 15.096707344055176)
 (X_1469 18.45306968688965)
 (X_1470 127.44639587402344)
 (X_1471 20.953834533691406)
 (X_1472 17.92866325378418)
 (X_1473 145.73382568359375)
 (X_1474 19.534072875976562)
 (X_1475 20.78585433959961)
 (X_1476 87.28980255126953)
 (X_1477 12.070589065551758)
 (X_1478 18.22344207763672)
 (X_1479 98.46986389160156)
 (X_1480 15.382697105407715)
 (X_1481 14.011225700378418)
 (X_1482 117.9168930053711)
 (X_1483 18.48128890991211)
 (X_1484 18.132198333740234)
 (X_1485 50.04520797729492)
 (X_1486 23.033100128173828)
 (X_1487 18.74405860900879)
 (X_1488 63.700157165527344)
 (X_1489 19.6699275970459)
 (X_1490 13.119918823242188)
 (X_1491 69.57817077636719)
 (X_1492 24.708003997802734)
 (X_1493 15.812033653259277)
 (X_1494 24.070798873901367)
 (X_1495 18.597471237182617)
 (X_1496 19.901817321777344)
 (X_1497 28.780858993530273)
 (X_1498 19.77138900756836)
 (X_1499 12.26807689666748)
 (X_1500 16.729839324951172)
 (X_1501 22.77716064453125)
 (X_1502 17.72035789489746)
 (X_1503 62.73896026611328)
 (X_1504 12.272974014282227)
 (X_1505 18.7442684173584)
 (X_1506 54.93869400024414)
 (X_1507 15.719247817993164)
 (X_1508 13.97106647491455)
 (X_1509 27.79410171508789)
 (X_1510 19.479963302612305)
 (X_1511 18.11197280883789)
 (X_1512 105.48402404785156)
 (X_1513 17.519081115722656)
 (X_1514 15.72835922241211)
 (X_1515 91.19036865234375)
 (X_1516 18.757644653320312)
 (X_1517 13.613662719726562)
 (X_1518 80.76956939697266)
 (X_1519 27.62197494506836)
 (X_1520 17.995399475097656)
 (X_1521 138.72732543945312)
 (X_1522 16.9586238861084)
 (X_1523 18.021562576293945)
 (X_1524 125.3365478515625)
 (X_1525 15.755363464355469)
 (X_1526 16.97833251953125)
 (X_1527 130.74713134765625)
 (X_1528 19.522762298583984)
 (X_1529 25.831005096435547)
 (X_1530 167.20518493652344)
 (X_1531 18.82643699645996)
 (X_1532 31.204330444335938)
 (X_1533 153.73196411132812)
 (X_1534 21.32074546813965)
 (X_1535 44.20880126953125)
 (X_1536 162.29588317871094)
 (X_1537 24.76756477355957)
 (X_1538 52.59524917602539)
 (X_1539 182.6512908935547)
 (X_1540 15.867642402648926)
 (X_1541 81.23499298095703)
 (X_1542 178.3148193359375)
 (X_1543 15.004426002502441)
 (X_1544 78.8050765991211)
 (X_1545 180.12034606933594)
 (X_1546 21.624340057373047)
 (X_1547 79.6516342163086)
 (X_1548 173.16639709472656)
 (X_1549 26.50931167602539)
 (X_1550 146.1573028564453)
 (X_1551 181.40328979492188)
 (X_1552 21.311870574951172)
 (X_1553 129.86349487304688)
 (X_1554 191.7057647705078)
 (X_1555 23.997112274169922)
 (X_1556 126.43768310546875)
 (X_1557 170.9502716064453)
 (X_1558 24.571937561035156)
 (X_1559 161.68896484375)
 (X_1560 182.24172973632812)
 (X_1561 21.427093505859375)
 (X_1562 163.6277313232422)
 (X_1563 196.8879852294922)
 (X_1564 25.228981018066406)
 (X_1565 164.52833557128906)
 (X_1566 173.90817260742188)
 (X_1567 18.10110092163086)
 (X_1568 161.9236297607422)
 (X_1569 181.86801147460938)
 (X_1570 13.49056339263916)
 (X_1571 163.02151489257812)
 (X_1572 193.90118408203125)
 (X_1573 19.2283878326416)
 (X_1574 171.44711303710938)
 (X_1575 174.47418212890625)
 (X_1576 23.750093460083008)
 (X_1577 157.82469177246094)
 (X_1578 184.9131622314453)
 (X_1579 11.869346618652344)
 (X_1580 161.6627960205078)
 (X_1581 192.08006286621094)
 (X_1582 12.121764183044434)
 (X_1583 171.08511352539062)
 (X_1584 173.74644470214844)
 (X_1585 49.508243560791016)
 (X_1586 155.35455322265625)
 (X_1587 182.6643829345703)
 (X_1588 31.46831512451172)
 (X_1589 161.22052001953125)
 (X_1590 191.06430053710938)
 (X_1591 9.104303359985352)
 (X_1592 168.7803955078125)
 (X_1593 171.66587829589844)
 (X_1594 137.26214599609375)
 (X_1595 155.78433227539062)
 (X_1596 181.09979248046875)
 (X_1597 134.9676971435547)
 (X_1598 161.3909454345703)
 (X_1599 191.06253051757812)
 (X_1600 118.49864196777344)
 (X_1601 168.62237548828125)
 (X_1602 171.79794311523438)
 (X_1603 164.67703247070312)
 (X_1604 156.65585327148438)
 (X_1605 182.47462463378906)
 (X_1606 173.52882385253906)
 (X_1607 162.09689331054688)
 (X_1608 191.73513793945312)
 (X_1609 185.02175903320312)
 (X_1610 170.63894653320312)
 (X_1611 168.7221221923828)
 (X_1612 161.14593505859375)
 (X_1613 155.79078674316406)
 (X_1614 180.4723358154297)
 (X_1615 174.33224487304688)
 (X_1616 160.13856506347656)
 (X_1617 187.22732543945312)
 (X_1618 185.74697875976562)
 (X_1619 170.31898498535156)
 (X_1620 191.67526245117188)
 (X_1621 181.12364196777344)
 (X_1622 22.59823226928711)
 (X_1623 198.94244384765625)
 (X_1624 190.53114318847656)
 (X_1625 18.68486976623535)
 (X_1626 211.86087036132812)
 (X_1627 200.31480407714844)
 (X_1628 19.98402214050293)
 (X_1629 186.53854370117188)
 (X_1630 178.8782501220703)
 (X_1631 23.719661712646484)
 (X_1632 195.29464721679688)
 (X_1633 188.65419006347656)
 (X_1634 20.522167205810547)
 (X_1635 206.25027465820312)
 (X_1636 199.92941284179688)
 (X_1637 21.295080184936523)
 (X_1638 187.13270568847656)
 (X_1639 178.5909881591797)
 (X_1640 27.630800247192383)
 (X_1641 196.29141235351562)
 (X_1642 188.15919494628906)
 (X_1643 22.2574462890625)
 (X_1644 206.99929809570312)
 (X_1645 195.7881622314453)
 (X_1646 22.372774124145508)
 (X_1647 187.4908905029297)
 (X_1648 177.677734375)
 (X_1649 30.84293556213379)
 (X_1650 197.11904907226562)
 (X_1651 186.13735961914062)
 (X_1652 23.920337677001953)
 (X_1653 206.52374267578125)
 (X_1654 196.7014923095703)
 (X_1655 21.055124282836914)
 (X_1656 182.6115264892578)
 (X_1657 166.4886932373047)
 (X_1658 29.979040145874023)
 (X_1659 195.04653930664062)
 (X_1660 184.0157470703125)
 (X_1661 24.88515853881836)
 (X_1662 204.78318786621094)
 (X_1663 196.9122772216797)
 (X_1664 23.969894409179688)
 (X_1665 186.3722381591797)
 (X_1666 101.31815338134766)
 (X_1667 26.890636444091797)
 (X_1668 197.4513702392578)
 (X_1669 166.32199096679688)
 (X_1670 26.929874420166016)
 (X_1671 207.29141235351562)
 (X_1672 180.8653106689453)
 (X_1673 23.352415084838867)
 (X_1674 182.801513671875)
 (X_1675 37.2624397277832)
 (X_1676 27.191492080688477)
 (X_1677 194.20071411132812)
 (X_1678 72.36322784423828)
 (X_1679 27.236419677734375)
 (X_1680 208.82652282714844)
 (X_1681 89.11666107177734)
 (X_1682 24.22540283203125)
 (X_1683 181.62074279785156)
 (X_1684 22.191299438476562)
 (X_1685 29.148706436157227)
 (X_1686 194.02723693847656)
 (X_1687 14.12563419342041)
 (X_1688 28.9927978515625)
 (X_1689 207.276123046875)
 (X_1690 24.04001235961914)
 (X_1691 24.5670166015625)
 (X_1692 180.58108520507812)
 (X_1693 22.544466018676758)
 (X_1694 29.30397605895996)
 (X_1695 191.1152801513672)
 (X_1696 16.590906143188477)
 (X_1697 28.68723487854004)
 (X_1698 203.11505126953125)
 (X_1699 19.11983871459961)
 (X_1700 24.88960075378418)
 (X_1701 175.23680114746094)
 (X_1702 26.46862030029297)
 (X_1703 31.97620391845703)
 (X_1704 189.778564453125)
 (X_1705 23.279245376586914)
 (X_1706 30.809589385986328)
 (X_1707 204.692626953125)
 (X_1708 26.84503173828125)
 (X_1709 22.690223693847656)
 (X_1710 148.2300567626953)
 (X_1711 28.484140396118164)
 (X_1712 33.74561309814453)
 (X_1713 163.77635192871094)
 (X_1714 30.813194274902344)
 (X_1715 35.53602981567383)
 (X_1716 196.45008850097656)
 (X_1717 33.2430419921875)
 (X_1718 27.827409744262695)
 (X_1719 107.41744995117188)
 (X_1720 23.428152084350586)
 (X_1721 34.737937927246094)
 (X_1722 121.62236785888672)
 (X_1723 24.13766860961914)
 (X_1724 40.910152435302734)
 (X_1725 128.0517578125)
 (X_1726 34.86511993408203)
 (X_1727 39.4511833190918)
 (X_1728 51.90146255493164)
 (X_1729 16.258337020874023)
 (X_1730 29.65039825439453)
 (X_1731 62.79178237915039)
 (X_1732 16.332557678222656)
 (X_1733 30.981563568115234)
 (X_1734 60.13923263549805)
 (X_1735 20.47523307800293)
 (X_1736 35.4383544921875)
 (X_1737 21.348684310913086)
 (X_1738 16.839290618896484)
 (X_1739 21.553987503051758)
 (X_1740 27.554718017578125)
 (X_1741 18.616931915283203)
 (X_1742 21.566991806030273)
 (X_1743 31.007665634155273)
 (X_1744 18.108051300048828)
 (X_1745 25.200382232666016)
 (X_1746 17.089967727661133)
 (X_1747 14.871880531311035)
 (X_1748 21.92010498046875)
 (X_1749 17.400985717773438)
 (X_1750 16.902563095092773)
 (X_1751 21.332595825195312)
 (X_1752 21.536258697509766)
 (X_1753 20.394182205200195)
 (X_1754 23.54014778137207)
 (X_1755 21.672040939331055)
 (X_1756 25.439098358154297)
 (X_1757 20.257095336914062)
 (X_1758 16.401926040649414)
 (X_1759 20.67993927001953)
 (X_1760 20.595836639404297)
 (X_1761 18.49652671813965)
 (X_1762 24.802711486816406)
 (X_1763 23.930923461914062)
 (X_1764 21.9881534576416)
 (X_1765 19.943023681640625)
 (X_1766 20.989200592041016)
 (X_1767 16.952850341796875)
 (X_1768 20.34121322631836)
 (X_1769 18.653661727905273)
 (X_1770 18.063674926757812)
 (X_1771 25.07518196105957)
 (X_1772 21.3852596282959)
 (X_1773 20.02645492553711)
 (X_1774 13.585870742797852)
 (X_1775 19.85585594177246)
 (X_1776 14.819883346557617)
 (X_1777 16.570552825927734)
 (X_1778 17.667617797851562)
 (X_1779 14.460522651672363)
 (X_1780 20.6490478515625)
 (X_1781 22.163955688476562)
 (X_1782 23.984575271606445)
 (X_1783 18.002254486083984)
 (X_1784 21.775161743164062)
 (X_1785 15.726611137390137)
 (X_1786 19.760082244873047)
 (X_1787 18.298351287841797)
 (X_1788 14.206269264221191)
 (X_1789 27.754150390625)
 (X_1790 24.88287353515625)
 (X_1791 41.495121002197266)
 (X_1792 16.93842315673828)
 (X_1793 30.304628372192383)
 (X_1794 27.419614791870117)
 (X_1795 14.743576049804688)
 (X_1796 24.671951293945312)
 (X_1797 26.858089447021484)
 (X_1798 19.97356605529785)
 (X_1799 35.44728088378906)
 (X_1800 66.70451354980469)
 (X_1801 18.27422523498535)
 (X_1802 62.30891418457031)
 (X_1803 49.00062942504883)
 (X_1804 21.393779754638672)
 (X_1805 57.18190383911133)
 (X_1806 40.87162780761719)
 (X_1807 23.594038009643555)
 (X_1808 68.91768646240234)
 (X_1809 116.26799774169922)
 (X_1810 16.04877471923828)
 (X_1811 98.11331939697266)
 (X_1812 106.32621765136719)
 (X_1813 14.896387100219727)
 (X_1814 94.27017974853516)
 (X_1815 78.4726791381836)
 (X_1816 19.205034255981445)
 (X_1817 99.08201599121094)
 (X_1818 158.7667999267578)
 (X_1819 26.343181610107422)
 (X_1820 114.79460906982422)
 (X_1821 155.4710693359375)
 (X_1822 20.4847469329834)
 (X_1823 109.20035552978516)
 (X_1824 157.53627014160156)
 (X_1825 21.329265594482422)
 (X_1826 116.75444793701172)
 (X_1827 181.4880828857422)
 (X_1828 25.484956741333008)
 (X_1829 114.88689422607422)
 (X_1830 180.14808654785156)
 (X_1831 22.320446014404297)
 (X_1832 112.072265625)
 (X_1833 191.45220947265625)
 (X_1834 23.190893173217773)
 (X_1835 114.72123718261719)
 (X_1836 177.9901123046875)
 (X_1837 20.872018814086914)
 (X_1838 118.8131332397461)
 (X_1839 183.59373474121094)
 (X_1840 14.170676231384277)
 (X_1841 115.75971221923828)
 (X_1842 192.461669921875)
 (X_1843 19.822586059570312)
 (X_1844 117.09135437011719)
 (X_1845 172.37380981445312)
 (X_1846 23.652292251586914)
 (X_1847 126.83792877197266)
 (X_1848 182.05323791503906)
 (X_1849 11.5621337890625)
 (X_1850 121.82809448242188)
 (X_1851 194.2880096435547)
 (X_1852 13.604936599731445)
 (X_1853 129.3289031982422)
 (X_1854 173.2456817626953)
 (X_1855 46.88459014892578)
 (X_1856 136.23208618164062)
 (X_1857 180.36769104003906)
 (X_1858 32.913482666015625)
 (X_1859 128.93064880371094)
 (X_1860 192.3356170654297)
 (X_1861 11.508525848388672)
 (X_1862 133.90963745117188)
 (X_1863 171.13323974609375)
 (X_1864 135.0528106689453)
 (X_1865 148.95761108398438)
 (X_1866 180.52684020996094)
 (X_1867 132.20733642578125)
 (X_1868 140.5409698486328)
 (X_1869 194.7693328857422)
 (X_1870 117.23883819580078)
 (X_1871 144.58677673339844)
 (X_1872 169.30999755859375)
 (X_1873 164.8328857421875)
 (X_1874 151.2512969970703)
 (X_1875 179.66107177734375)
 (X_1876 173.33692932128906)
 (X_1877 152.0603790283203)
 (X_1878 194.32826232910156)
 (X_1879 181.8050994873047)
 (X_1880 156.74600219726562)
 (X_1881 168.28201293945312)
 (X_1882 160.5433807373047)
 (X_1883 148.36634826660156)
 (X_1884 179.99508666992188)
 (X_1885 169.68141174316406)
 (X_1886 154.9405517578125)
 (X_1887 194.81871032714844)
 (X_1888 185.3559112548828)
 (X_1889 156.39498901367188)
 (X_1890 175.30789184570312)
 (X_1891 177.26998901367188)
 (X_1892 17.719375610351562)
 (X_1893 180.7520751953125)
 (X_1894 186.4473114013672)
 (X_1895 18.789955139160156)
 (X_1896 190.95794677734375)
 (X_1897 195.21487426757812)
 (X_1898 18.77652931213379)
 (X_1899 174.47320556640625)
 (X_1900 176.0009765625)
 (X_1901 18.1339054107666)
 (X_1902 184.14952087402344)
 (X_1903 185.7103729248047)
 (X_1904 17.531633377075195)
 (X_1905 193.55850219726562)
 (X_1906 196.89540100097656)
 (X_1907 19.929731369018555)
 (X_1908 174.22877502441406)
 (X_1909 178.23577880859375)
 (X_1910 19.7211971282959)
 (X_1911 184.37289428710938)
 (X_1912 187.84210205078125)
 (X_1913 19.629085540771484)
 (X_1914 194.7863311767578)
 (X_1915 199.26214599609375)
 (X_1916 21.97541618347168)
 (X_1917 176.75970458984375)
 (X_1918 177.33657836914062)
 (X_1919 20.98046112060547)
 (X_1920 186.87173461914062)
 (X_1921 186.2177276611328)
 (X_1922 18.95265007019043)
 (X_1923 194.52691650390625)
 (X_1924 198.21774291992188)
 (X_1925 21.259506225585938)
 (X_1926 177.57606506347656)
 (X_1927 168.94534301757812)
 (X_1928 22.865131378173828)
 (X_1929 187.44573974609375)
 (X_1930 186.1494903564453)
 (X_1931 20.288124084472656)
 (X_1932 196.254638671875)
 (X_1933 194.50094604492188)
 (X_1934 21.768280029296875)
 (X_1935 178.0328826904297)
 (X_1936 111.90126037597656)
 (X_1937 21.47283935546875)
 (X_1938 187.844482421875)
 (X_1939 171.7786102294922)
 (X_1940 20.990434646606445)
 (X_1941 195.11953735351562)
 (X_1942 191.61553955078125)
 (X_1943 24.000158309936523)
 (X_1944 177.08706665039062)
 (X_1945 36.18545150756836)
 (X_1946 21.50328826904297)
 (X_1947 189.1585235595703)
 (X_1948 70.30389404296875)
 (X_1949 21.58637046813965)
 (X_1950 197.81472778320312)
 (X_1951 110.18083953857422)
 (X_1952 23.83723258972168)
 (X_1953 176.73605346679688)
 (X_1954 20.181018829345703)
 (X_1955 22.929685592651367)
 (X_1956 189.48121643066406)
 (X_1957 16.83939552307129)
 (X_1958 22.48712158203125)
 (X_1959 197.73776245117188)
 (X_1960 30.42900276184082)
 (X_1961 21.059595108032227)
 (X_1962 173.0080108642578)
 (X_1963 21.298555374145508)
 (X_1964 22.348161697387695)
 (X_1965 188.03775024414062)
 (X_1966 16.92066192626953)
 (X_1967 23.189836502075195)
 (X_1968 217.5324249267578)
 (X_1969 18.85478401184082)
 (X_1970 22.378334045410156)
 (X_1971 124.10694885253906)
 (X_1972 24.861530303955078)
 (X_1973 20.385129928588867)
 (X_1974 142.13040161132812)
 (X_1975 22.14594078063965)
 (X_1976 22.836883544921875)
 (X_1977 182.3119659423828)
 (X_1978 24.577421188354492)
 (X_1979 21.21194839477539)
 (X_1980 55.73319625854492)
 (X_1981 28.28402328491211)
 (X_1982 20.024131774902344)
 (X_1983 73.39942169189453)
 (X_1984 29.05892562866211)
 (X_1985 19.683542251586914)
 (X_1986 89.93247985839844)
 (X_1987 33.127925872802734)
 (X_1988 20.98542022705078)
 (X_1989 20.93377685546875)
 (X_1990 25.796751022338867)
 (X_1991 20.578369140625)
 (X_1992 31.698293685913086)
 (X_1993 25.7598876953125)
 (X_1994 18.4169864654541)
 (X_1995 31.916305541992188)
 (X_1996 34.02104949951172)
 (X_1997 20.712465286254883)
 (X_1998 18.898414611816406)
 (X_1999 18.33922004699707)
 (X_2000 19.159748077392578)
 (X_2001 14.853315353393555)
 (X_2002 14.763089179992676)
 (X_2003 18.53748893737793)
 (X_2004 14.744401931762695)
 (X_2005 19.83245849609375)
 (X_2006 20.18785285949707)
 (X_2007 21.120859146118164)
 (X_2008 16.134254455566406)
 (X_2009 19.120119094848633)
 (X_2010 12.882781028747559)
 (X_2011 17.912458419799805)
 (X_2012 20.34611701965332)
 (X_2013 14.785056114196777)
 (X_2014 17.942895889282227)
 (X_2015 22.387802124023438)
 (X_2016 20.234161376953125)
 (X_2017 15.951202392578125)
 (X_2018 19.7139892578125)
 (X_2019 13.854551315307617)
 (X_2020 16.794607162475586)
 (X_2021 20.965312957763672)
 (X_2022 15.252717018127441)
 (X_2023 19.415815353393555)
 (X_2024 22.184324264526367)
 (X_2025 18.586551666259766)
 (X_2026 26.04970932006836)
 (X_2027 16.21866798400879)
 (X_2028 13.025757789611816)
 (X_2029 20.473182678222656)
 (X_2030 17.732181549072266)
 (X_2031 16.128854751586914)
 (X_2032 26.640573501586914)
 (X_2033 21.532014846801758)
 (X_2034 19.499088287353516)
 (X_2035 18.7325439453125)
 (X_2036 16.634244918823242)
 (X_2037 13.587383270263672)
 (X_2038 21.948312759399414)
 (X_2039 18.040712356567383)
 (X_2040 16.194860458374023)
 (X_2041 25.420488357543945)
 (X_2042 18.806167602539062)
 (X_2043 17.340469360351562)
 (X_2044 14.055475234985352)
 (X_2045 17.20136833190918)
 (X_2046 13.561813354492188)
 (X_2047 16.80402183532715)
 (X_2048 17.704627990722656)
 (X_2049 15.094358444213867)
 (X_2050 20.09728240966797)
 (X_2051 19.426244735717773)
 (X_2052 18.11154556274414)
 (X_2053 20.36574935913086)
 (X_2054 21.320409774780273)
 (X_2055 12.693161964416504)
 (X_2056 19.30547332763672)
 (X_2057 20.30511474609375)
 (X_2058 15.33720874786377)
 (X_2059 29.418750762939453)
 (X_2060 19.013341903686523)
 (X_2061 19.636457443237305)
 (X_2062 16.995405197143555)
 (X_2063 26.886850357055664)
 (X_2064 12.848223686218262)
 (X_2065 13.199125289916992)
 (X_2066 22.715890884399414)
 (X_2067 14.313085556030273)
 (X_2068 18.095706939697266)
 (X_2069 22.49263572692871)
 (X_2070 19.500829696655273)
 (X_2071 19.619535446166992)
 (X_2072 31.752580642700195)
 (X_2073 12.433272361755371)
 (X_2074 22.699495315551758)
 (X_2075 22.94760513305664)
 (X_2076 9.840686798095703)
 (X_2077 21.537410736083984)
 (X_2078 23.746753692626953)
 (X_2079 33.14479064941406)
 (X_2080 18.030609130859375)
 (X_2081 28.594655990600586)
 (X_2082 22.66348648071289)
 (X_2083 16.847932815551758)
 (X_2084 26.66193199157715)
 (X_2085 8.48302173614502)
 (X_2086 18.99456024169922)
 (X_2087 26.40456771850586)
 (X_2088 83.98257446289062)
 (X_2089 24.832107543945312)
 (X_2090 30.230030059814453)
 (X_2091 66.52919006347656)
 (X_2092 18.26686668395996)
 (X_2093 31.16817855834961)
 (X_2094 52.69092559814453)
 (X_2095 19.94984245300293)
 (X_2096 32.303443908691406)
 (X_2097 139.28773498535156)
 (X_2098 21.300586700439453)
 (X_2099 31.47064971923828)
 (X_2100 121.86735534667969)
 (X_2101 20.196245193481445)
 (X_2102 27.914722442626953)
 (X_2103 118.76278686523438)
 (X_2104 22.320690155029297)
 (X_2105 28.066110610961914)
 (X_2106 176.563720703125)
 (X_2107 19.272918701171875)
 (X_2108 33.40196228027344)
 (X_2109 172.2240447998047)
 (X_2110 12.72274112701416)
 (X_2111 29.703638076782227)
 (X_2112 181.38677978515625)
 (X_2113 16.19853401184082)
 (X_2114 30.86595916748047)
 (X_2115 175.34967041015625)
 (X_2116 26.1362247467041)
 (X_2117 39.47508239746094)
 (X_2118 180.36477661132812)
 (X_2119 11.377752304077148)
 (X_2120 34.466094970703125)
 (X_2121 193.81716918945312)
 (X_2122 13.474393844604492)
 (X_2123 33.692848205566406)
 (X_2124 168.23379516601562)
 (X_2125 55.30771255493164)
 (X_2126 48.48336410522461)
 (X_2127 178.01138305664062)
 (X_2128 38.125579833984375)
 (X_2129 40.269683837890625)
 (X_2130 189.5559539794922)
 (X_2131 10.266447067260742)
 (X_2132 35.94032287597656)
 (X_2133 169.52964782714844)
 (X_2134 139.46763610839844)
 (X_2135 56.99828338623047)
 (X_2136 179.32913208007812)
 (X_2137 138.12770080566406)
 (X_2138 50.62721252441406)
 (X_2139 190.22227478027344)
 (X_2140 120.23212432861328)
 (X_2141 42.31364059448242)
 (X_2142 168.91441345214844)
 (X_2143 163.6256103515625)
 (X_2144 63.85449981689453)
 (X_2145 180.73776245117188)
 (X_2146 170.32290649414062)
 (X_2147 61.491188049316406)
 (X_2148 192.2685089111328)
 (X_2149 181.90818786621094)
 (X_2150 51.4920654296875)
 (X_2151 168.62884521484375)
 (X_2152 159.8592529296875)
 (X_2153 68.25615692138672)
 (X_2154 179.7517852783203)
 (X_2155 167.75186157226562)
 (X_2156 69.68394470214844)
 (X_2157 190.607421875)
 (X_2158 179.35328674316406)
 (X_2159 58.44586181640625)
 (X_2160 170.79714965820312)
 (X_2161 177.32907104492188)
 (X_2162 16.731359481811523)
 (X_2163 183.5225372314453)
 (X_2164 185.27255249023438)
 (X_2165 18.36468505859375)
 (X_2166 191.3595733642578)
 (X_2167 195.40975952148438)
 (X_2168 18.56610870361328)
 (X_2169 165.01376342773438)
 (X_2170 176.97189331054688)
 (X_2171 16.269437789916992)
 (X_2172 180.51321411132812)
 (X_2173 186.80360412597656)
 (X_2174 16.970169067382812)
 (X_2175 190.11195373535156)
 (X_2176 196.67758178710938)
 (X_2177 18.320730209350586)
 (X_2178 162.9948272705078)
 (X_2179 177.2333984375)
 (X_2180 16.39718246459961)
 (X_2181 176.228515625)
 (X_2182 187.32174682617188)
 (X_2183 16.422311782836914)
 (X_2184 185.15145874023438)
 (X_2185 197.73487854003906)
 (X_2186 19.22055435180664)
 (X_2187 163.54908752441406)
 (X_2188 176.0545196533203)
 (X_2189 17.472002029418945)
 (X_2190 174.29718017578125)
 (X_2191 186.68338012695312)
 (X_2192 17.71304702758789)
 (X_2193 186.21849060058594)
 (X_2194 196.27493286132812)
 (X_2195 19.21478843688965)
 (X_2196 164.5225067138672)
 (X_2197 168.35479736328125)
 (X_2198 18.840917587280273)
 (X_2199 171.9296875)
 (X_2200 186.49652099609375)
 (X_2201 16.428768157958984)
 (X_2202 181.2382049560547)
 (X_2203 194.39471435546875)
 (X_2204 20.830921173095703)
 (X_2205 161.9899444580078)
 (X_2206 128.85716247558594)
 (X_2207 19.3394775390625)
 (X_2208 170.4359893798828)
 (X_2209 176.44305419921875)
 (X_2210 18.194541931152344)
 (X_2211 178.9225616455078)
 (X_2212 199.78347778320312)
 (X_2213 20.013261795043945)
 (X_2214 159.05381774902344)
 (X_2215 61.853816986083984)
 (X_2216 17.042102813720703)
 (X_2217 177.59347534179688)
 (X_2218 92.51888275146484)
 (X_2219 17.788469314575195)
 (X_2220 186.6259765625)
 (X_2221 141.3521728515625)
 (X_2222 19.438539505004883)
 (X_2223 157.9717559814453)
 (X_2224 18.451419830322266)
 (X_2225 18.944242477416992)
 (X_2226 180.0454864501953)
 (X_2227 19.82077980041504)
 (X_2228 17.31051254272461)
 (X_2229 199.14329528808594)
 (X_2230 36.59703826904297)
 (X_2231 18.063522338867188)
 (X_2232 117.2043228149414)
 (X_2233 21.507173538208008)
 (X_2234 18.93862533569336)
 (X_2235 137.68756103515625)
 (X_2236 15.36742115020752)
 (X_2237 19.88198471069336)
 (X_2238 170.95291137695312)
 (X_2239 17.444841384887695)
 (X_2240 19.579774856567383)
 (X_2241 48.08250427246094)
 (X_2242 24.401046752929688)
 (X_2243 20.108692169189453)
 (X_2244 65.92393493652344)
 (X_2245 20.723464965820312)
 (X_2246 19.19523048400879)
 (X_2247 98.58975219726562)
 (X_2248 21.671905517578125)
 (X_2249 20.737741470336914)
 (X_2250 18.24290657043457)
 (X_2251 29.571802139282227)
 (X_2252 20.768421173095703)
 (X_2253 25.960472106933594)
 (X_2254 27.43995475769043)
 (X_2255 20.110612869262695)
 (X_2256 25.628128051757812)
 (X_2257 30.12858009338379)
 (X_2258 22.128154754638672)
 (X_2259 16.106096267700195)
 (X_2260 23.89906120300293)
 (X_2261 19.08788299560547)
 (X_2262 12.287774085998535)
 (X_2263 24.441558837890625)
 (X_2264 19.95306968688965)
 (X_2265 13.220090866088867)
 (X_2266 31.17682647705078)
 (X_2267 22.97252082824707)
 (X_2268 19.191810607910156)
 (X_2269 16.38690948486328)
 (X_2270 18.074796676635742)
 (X_2271 13.19362735748291)
 (X_2272 14.486199378967285)
 (X_2273 17.915687561035156)
 (X_2274 14.418795585632324)
 (X_2275 19.177204132080078)
 (X_2276 19.501113891601562)
 (X_2277 21.340190887451172)
 (X_2278 16.563066482543945)
 (X_2279 18.121740341186523)
 (X_2280 13.31644344329834)
 (X_2281 18.501922607421875)
 (X_2282 18.206750869750977)
 (X_2283 15.496871948242188)
 (X_2284 17.879459381103516)
 (X_2285 19.675230026245117)
 (X_2286 21.78668785095215)
 (X_2287 16.43997573852539)
 (X_2288 18.624422073364258)
 (X_2289 15.515595436096191)
 (X_2290 16.285682678222656)
 (X_2291 18.4138240814209)
 (X_2292 19.331382751464844)
 (X_2293 19.081144332885742)
 (X_2294 20.1396484375)
 (X_2295 21.872114181518555)
 (X_2296 24.58447265625)
 (X_2297 16.473785400390625)
 (X_2298 18.222484588623047)
 (X_2299 18.72835350036621)
 (X_2300 19.805641174316406)
 (X_2301 20.81084442138672)
 (X_2302 22.18522834777832)
 (X_2303 21.258602142333984)
 (X_2304 20.49235725402832)
 (X_2305 17.593446731567383)
 (X_2306 15.747928619384766)
 (X_2307 16.645980834960938)
 (X_2308 17.305702209472656)
 (X_2309 17.265687942504883)
 (X_2310 21.396371841430664)
 (X_2311 21.885295867919922)
 (X_2312 22.643402099609375)
 (X_2313 20.486385345458984)
 (X_2314 15.989203453063965)
 (X_2315 16.660776138305664)
 (X_2316 17.730703353881836)
 (X_2317 16.74283218383789)
 (X_2318 18.10059928894043)
 (X_2319 21.806156158447266)
 (X_2320 17.243247985839844)
 (X_2321 20.603445053100586)
 (X_2322 18.475812911987305)
 (X_2323 21.62676429748535)
 (X_2324 18.18489646911621)
 (X_2325 16.54299545288086)
 (X_2326 19.862735748291016)
 (X_2327 18.928993225097656)
 (X_2328 21.298805236816406)
 (X_2329 28.09361457824707)
 (X_2330 19.356426239013672)
 (X_2331 18.324398040771484)
 (X_2332 16.000667572021484)
 (X_2333 19.277618408203125)
 (X_2334 13.754009246826172)
 (X_2335 15.679387092590332)
 (X_2336 18.609437942504883)
 (X_2337 16.34637451171875)
 (X_2338 19.496000289916992)
 (X_2339 20.359533309936523)
 (X_2340 18.173372268676758)
 (X_2341 17.081918716430664)
 (X_2342 18.246109008789062)
 (X_2343 13.535826683044434)
 (X_2344 17.463300704956055)
 (X_2345 19.79372787475586)
 (X_2346 15.475314140319824)
 (X_2347 17.366090774536133)
 (X_2348 20.484529495239258)
 (X_2349 19.01258087158203)
 (X_2350 16.347368240356445)
 (X_2351 19.984594345092773)
 (X_2352 13.985219955444336)
 (X_2353 15.139119148254395)
 (X_2354 19.267852783203125)
 (X_2355 12.536995887756348)
 (X_2356 14.267960548400879)
 (X_2357 20.0504207611084)
 (X_2358 24.458091735839844)
 (X_2359 24.667024612426758)
 (X_2360 19.62587547302246)
 (X_2361 18.51723289489746)
 (X_2362 19.37097930908203)
 (X_2363 18.082317352294922)
 (X_2364 5.10023307800293)
 (X_2365 23.97246742248535)
 (X_2366 18.002601623535156)
 (X_2367 61.29645538330078)
 (X_2368 21.11928939819336)
 (X_2369 20.874980926513672)
 (X_2370 53.45505905151367)
 (X_2371 16.0398006439209)
 (X_2372 19.498584747314453)
 (X_2373 41.47679138183594)
 (X_2374 20.682209014892578)
 (X_2375 18.486953735351562)
 (X_2376 139.72935485839844)
 (X_2377 17.958324432373047)
 (X_2378 19.151472091674805)
 (X_2379 119.8746566772461)
 (X_2380 12.661975860595703)
 (X_2381 19.339065551757812)
 (X_2382 119.19036865234375)
 (X_2383 13.06396484375)
 (X_2384 19.927797317504883)
 (X_2385 182.12289428710938)
 (X_2386 30.6494083404541)
 (X_2387 18.515850067138672)
 (X_2388 172.59100341796875)
 (X_2389 12.086355209350586)
 (X_2390 18.789100646972656)
 (X_2391 181.1486358642578)
 (X_2392 11.774864196777344)
 (X_2393 19.25227928161621)
 (X_2394 169.7698211669922)
 (X_2395 76.07322692871094)
 (X_2396 20.77325439453125)
 (X_2397 178.86502075195312)
 (X_2398 53.5638313293457)
 (X_2399 19.8552303314209)
 (X_2400 190.30886840820312)
 (X_2401 32.071170806884766)
 (X_2402 19.780855178833008)
 (X_2403 168.1780242919922)
 (X_2404 148.6003875732422)
 (X_2405 19.796960830688477)
 (X_2406 178.8294219970703)
 (X_2407 148.98342895507812)
 (X_2408 21.953752517700195)
 (X_2409 190.74359130859375)
 (X_2410 135.44589233398438)
 (X_2411 19.215364456176758)
 (X_2412 167.09068298339844)
 (X_2413 160.4627685546875)
 (X_2414 22.92725944519043)
 (X_2415 179.68418884277344)
 (X_2416 169.4402618408203)
 (X_2417 19.431793212890625)
 (X_2418 190.30628967285156)
 (X_2419 178.36624145507812)
 (X_2420 17.915481567382812)
 (X_2421 167.36212158203125)
 (X_2422 160.38563537597656)
 (X_2423 24.94361686706543)
 (X_2424 178.5526580810547)
 (X_2425 171.16270446777344)
 (X_2426 21.4508056640625)
 (X_2427 189.29983520507812)
 (X_2428 177.44537353515625)
 (X_2429 18.119712829589844)
 (X_2430 183.99412536621094)
 (X_2431 176.19264221191406)
 (X_2432 15.156291961669922)
 (X_2433 195.00772094726562)
 (X_2434 184.79669189453125)
 (X_2435 16.769643783569336)
 (X_2436 207.1041259765625)
 (X_2437 197.9061737060547)
 (X_2438 18.5820369720459)
 (X_2439 182.45635986328125)
 (X_2440 173.01589965820312)
 (X_2441 15.699652671813965)
 (X_2442 195.80767822265625)
 (X_2443 186.4031219482422)
 (X_2444 16.067230224609375)
 (X_2445 205.76300048828125)
 (X_2446 198.24606323242188)
 (X_2447 19.984344482421875)
 (X_2448 176.71121215820312)
 (X_2449 174.30252075195312)
 (X_2450 15.73953628540039)
 (X_2451 190.7253875732422)
 (X_2452 186.71640014648438)
 (X_2453 16.74541664123535)
 (X_2454 198.37478637695312)
 (X_2455 197.08355712890625)
 (X_2456 20.9940185546875)
 (X_2457 177.2856903076172)
 (X_2458 174.8356475830078)
 (X_2459 16.124460220336914)
 (X_2460 189.57955932617188)
 (X_2461 184.59228515625)
 (X_2462 17.396453857421875)
 (X_2463 203.83837890625)
 (X_2464 194.447265625)
 (X_2465 19.375019073486328)
 (X_2466 177.78494262695312)
 (X_2467 168.452392578125)
 (X_2468 14.484697341918945)
 (X_2469 189.13833618164062)
 (X_2470 184.429931640625)
 (X_2471 16.706655502319336)
 (X_2472 204.72760009765625)
 (X_2473 194.95574951171875)
 (X_2474 18.56675148010254)
 (X_2475 173.21206665039062)
 (X_2476 151.38912963867188)
 (X_2477 15.76507568359375)
 (X_2478 183.0948486328125)
 (X_2479 178.57388305664062)
 (X_2480 16.01991844177246)
 (X_2481 197.74632263183594)
 (X_2482 201.3190155029297)
 (X_2483 19.937923431396484)
 (X_2484 169.559326171875)
 (X_2485 97.6779556274414)
 (X_2486 16.167068481445312)
 (X_2487 181.24916076660156)
 (X_2488 124.82715606689453)
 (X_2489 15.532062530517578)
 (X_2490 197.14395141601562)
 (X_2491 167.51412963867188)
 (X_2492 17.890005111694336)
 (X_2493 138.3818817138672)
 (X_2494 12.201170921325684)
 (X_2495 16.590713500976562)
 (X_2496 155.6730499267578)
 (X_2497 30.662567138671875)
 (X_2498 15.842824935913086)
 (X_2499 195.00064086914062)
 (X_2500 46.0452766418457)
 (X_2501 16.742626190185547)
 (X_2502 56.94514465332031)
 (X_2503 18.73086166381836)
 (X_2504 16.263805389404297)
 (X_2505 77.4874267578125)
 (X_2506 13.552194595336914)
 (X_2507 16.715024948120117)
 (X_2508 99.3360366821289)
 (X_2509 17.739490509033203)
 (X_2510 18.97815704345703)
 (X_2511 19.100614547729492)
 (X_2512 20.05873680114746)
 (X_2513 17.50314712524414)
 (X_2514 26.47386932373047)
 (X_2515 15.793132781982422)
 (X_2516 16.625125885009766)
 (X_2517 21.401845932006836)
 (X_2518 18.846052169799805)
 (X_2519 19.88130760192871)
 (X_2520 15.81667423248291)
 (X_2521 26.022991180419922)
 (X_2522 18.24213981628418)
 (X_2523 13.217659950256348)
 (X_2524 23.807815551757812)
 (X_2525 16.15369987487793)
 (X_2526 15.876697540283203)
 (X_2527 24.85968780517578)
 (X_2528 20.075878143310547)
 (X_2529 19.76998519897461)
 (X_2530 24.970300674438477)
 (X_2531 20.123878479003906)
 (X_2532 13.771377563476562)
 (X_2533 25.951528549194336)
 (X_2534 18.08536148071289)
 (X_2535 15.289254188537598)
 (X_2536 29.22579574584961)
 (X_2537 22.80194664001465)
 (X_2538 23.502872467041016)
 (X_2539 15.491934776306152)
 (X_2540 17.819482803344727)
 (X_2541 14.766529083251953)
 (X_2542 15.540735244750977)
 (X_2543 17.275484085083008)
 (X_2544 18.907394409179688)
 (X_2545 19.41753578186035)
 (X_2546 20.831802368164062)
 (X_2547 25.465879440307617)
 (X_2548 17.219432830810547)
 (X_2549 17.294492721557617)
 (X_2550 22.39746856689453)
 (X_2551 19.019371032714844)
 (X_2552 16.087066650390625)
 (X_2553 24.02528953552246)
 (X_2554 20.40888214111328)
 (X_2555 19.170150756835938)
 (X_2556 26.81629753112793)
 (X_2557 18.59521484375)
 (X_2558 18.77031707763672)
 (X_2559 26.51582908630371)
 (X_2560 20.352977752685547)
 (X_2561 17.30002212524414)
 (X_2562 29.632156372070312)
 (X_2563 24.699018478393555)
 (X_2564 19.854644775390625)
 (X_2565 26.63174819946289)
 (X_2566 12.774839401245117)
 (X_2567 17.730579376220703)
 (X_2568 27.354541778564453)
 (X_2569 14.864035606384277)
 (X_2570 18.621713638305664)
 (X_2571 31.89802360534668)
 (X_2572 18.844839096069336)
 (X_2573 20.62750244140625)
 (X_2574 25.071077346801758)
 (X_2575 13.973125457763672)
 (X_2576 18.096864700317383)
 (X_2577 27.577356338500977)
 (X_2578 14.719216346740723)
 (X_2579 19.35118865966797)
 (X_2580 31.79130744934082)
 (X_2581 18.66522216796875)
 (X_2582 22.4847469329834)
 (X_2583 26.562639236450195)
 (X_2584 19.795886993408203)
 (X_2585 16.32004737854004)
 (X_2586 25.079818725585938)
 (X_2587 20.190826416015625)
 (X_2588 16.544418334960938)
 (X_2589 31.039365768432617)
 (X_2590 21.668174743652344)
 (X_2591 21.456287384033203)
 (X_2592 26.685382843017578)
 (X_2593 22.898345947265625)
 (X_2594 16.341081619262695)
 (X_2595 24.195701599121094)
 (X_2596 23.03516387939453)
 (X_2597 15.971519470214844)
 (X_2598 30.545122146606445)
 (X_2599 28.58617401123047)
 (X_2600 18.817363739013672)
 (X_2601 23.189788818359375)
 (X_2602 12.629303932189941)
 (X_2603 16.24500274658203)
 (X_2604 22.80752182006836)
 (X_2605 14.319689750671387)
 (X_2606 17.32813835144043)
 (X_2607 28.2413387298584)
 (X_2608 19.970455169677734)
 (X_2609 21.067363739013672)
 (X_2610 20.291545867919922)
 (X_2611 12.582019805908203)
 (X_2612 18.856191635131836)
 (X_2613 16.428014755249023)
 (X_2614 13.785685539245605)
 (X_2615 19.563819885253906)
 (X_2616 20.222930908203125)
 (X_2617 14.536941528320312)
 (X_2618 19.536855697631836)
 (X_2619 17.358354568481445)
 (X_2620 17.50119972229004)
 (X_2621 18.26676368713379)
 (X_2622 13.256673812866211)
 (X_2623 15.112987518310547)
 (X_2624 19.505767822265625)
 (X_2625 14.755043983459473)
 (X_2626 18.684621810913086)
 (X_2627 19.626266479492188)
 (X_2628 17.582609176635742)
 (X_2629 23.001943588256836)
 (X_2630 19.24416732788086)
 (X_2631 11.202617645263672)
 (X_2632 19.43879508972168)
 (X_2633 19.469873428344727)
 (X_2634 14.168551445007324)
 (X_2635 23.386167526245117)
 (X_2636 19.333301544189453)
 (X_2637 25.67983627319336)
 (X_2638 19.337343215942383)
 (X_2639 17.69620132446289)
 (X_2640 18.303443908691406)
 (X_2641 13.865453720092773)
 (X_2642 18.693063735961914)
 (X_2643 8.67349624633789)
 (X_2644 18.143062591552734)
 (X_2645 18.512083053588867)
 (X_2646 80.56597900390625)
 (X_2647 17.81189727783203)
 (X_2648 18.775636672973633)
 (X_2649 60.23246383666992)
 (X_2650 12.146198272705078)
 (X_2651 18.30326271057129)
 (X_2652 43.46114730834961)
 (X_2653 12.505160331726074)
 (X_2654 19.602529525756836)
 (X_2655 149.27468872070312)
 (X_2656 40.99480438232422)
 (X_2657 17.00638771057129)
 (X_2658 134.0911407470703)
 (X_2659 17.073171615600586)
 (X_2660 17.336591720581055)
 (X_2661 135.3868865966797)
 (X_2662 13.720026016235352)
 (X_2663 21.295284271240234)
 (X_2664 173.78277587890625)
 (X_2665 112.23426818847656)
 (X_2666 19.660295486450195)
 (X_2667 174.2375946044922)
 (X_2668 79.02424621582031)
 (X_2669 19.587970733642578)
 (X_2670 185.97958374023438)
 (X_2671 69.59638214111328)
 (X_2672 21.813461303710938)
 (X_2673 170.52398681640625)
 (X_2674 159.64370727539062)
 (X_2675 19.748397827148438)
 (X_2676 177.49549865722656)
 (X_2677 159.60784912109375)
 (X_2678 21.732900619506836)
 (X_2679 190.072021484375)
 (X_2680 155.34109497070312)
 (X_2681 22.980369567871094)
 (X_2682 166.34512329101562)
 (X_2683 159.0911102294922)
 (X_2684 20.0286865234375)
 (X_2685 177.35296630859375)
 (X_2686 170.09657287597656)
 (X_2687 19.187053680419922)
 (X_2688 190.2001190185547)
 (X_2689 178.7393341064453)
 (X_2690 23.040916442871094)
 (X_2691 166.71694946289062)
 (X_2692 162.81124877929688)
 (X_2693 21.759559631347656)
 (X_2694 175.4005126953125)
 (X_2695 172.9916229248047)
 (X_2696 20.452341079711914)
 (X_2697 189.47723388671875)
 (X_2698 177.39736938476562)
 (X_2699 23.560876846313477)
 (Y_0 744.0)
 (Y_1 866.0)
 (Y_2 704.0)
 (Y_3 746.0)
 (Y_4 912.0)
 (Y_5 530.0)
 (Y_6 310.0)
 (Y_7 540.0)
 (Y_8 694.0)
 (Y_9 284.0)
 (Y_10 486.0)
 (Y_11 848.0)
 (Y_12 980.0)
 (Y_13 688.0)
 (Y_14 598.0)
 (Y_15 844.0)
 (Y_16 -78.0)
 (Y_17 1062.0)
 (Y_18 1114.0)
 (Y_19 656.0)
 (Y_20 1008.0)
 (Y_21 456.0)
 (Y_22 1034.0)
 (Y_23 788.0)
 (Y_24 528.0)
 (Y_25 916.0)
 (Y_26 1128.0)
 (Y_27 796.0)
 (Y_28 1200.0)
 (Y_29 474.0)
 (Y_30 840.0)
 (Y_31 666.0)
 (Y_32 928.0)
 (Y_33 586.0)
 (Y_34 408.0)
 (Y_35 126.0)
 (Y_36 438.0)
 (Y_37 -516.0)
 (Y_38 560.0)
 (Y_39 298.0)
 (Y_40 258.0)
 (Y_41 546.0)
 (Y_42 432.0))
