sat,1.144699
((X_0 206.9770050048828)
 (X_1 196.56544494628906)
 (X_2 166.9294891357422)
 (X_3 200.04852294921875)
 (X_4 205.29737854003906)
 (X_5 179.8728485107422)
 (X_6 224.8536376953125)
 (X_7 215.95278930664062)
 (X_8 182.11964416503906)
 (X_9 186.52430725097656)
 (X_10 188.59390258789062)
 (X_11 167.4721221923828)
 (X_12 191.3930206298828)
 (X_13 182.5230712890625)
 (X_14 168.98191833496094)
 (X_15 216.45687866210938)
 (X_16 202.4282989501953)
 (X_17 194.46913146972656)
 (X_18 179.60614013671875)
 (X_19 178.26341247558594)
 (X_20 176.66127014160156)
 (X_21 195.90133666992188)
 (X_22 180.1980438232422)
 (X_23 175.646728515625)
 (X_24 220.50877380371094)
 (X_25 188.66519165039062)
 (X_26 207.30577087402344)
 (X_27 201.2357177734375)
 (X_28 175.41119384765625)
 (X_29 187.58978271484375)
 (X_30 201.90512084960938)
 (X_31 198.275390625)
 (X_32 179.65884399414062)
 (X_33 210.98257446289062)
 (X_34 209.76046752929688)
 (X_35 191.94505310058594)
 (X_36 191.97608947753906)
 (X_37 177.50485229492188)
 (X_38 178.72564697265625)
 (X_39 209.9025115966797)
 (X_40 195.33779907226562)
 (X_41 170.56927490234375)
 (X_42 200.40090942382812)
 (X_43 213.54893493652344)
 (X_44 184.91195678710938)
 (X_45 176.9867401123047)
 (X_46 185.1979217529297)
 (X_47 156.2725067138672)
 (X_48 196.88108825683594)
 (X_49 177.79983520507812)
 (X_50 177.91519165039062)
 (X_51 222.33441162109375)
 (X_52 205.4120330810547)
 (X_53 196.4664306640625)
 (X_54 180.42391967773438)
 (X_55 173.08348083496094)
 (X_56 128.60263061523438)
 (X_57 197.97439575195312)
 (X_58 174.50360107421875)
 (X_59 159.48143005371094)
 (X_60 199.74069213867188)
 (X_61 185.0326690673828)
 (X_62 172.22467041015625)
 (X_63 182.43759155273438)
 (X_64 109.27855682373047)
 (X_65 30.270774841308594)
 (X_66 204.1800079345703)
 (X_67 129.93759155273438)
 (X_68 54.28330612182617)
 (X_69 213.17530822753906)
 (X_70 131.55421447753906)
 (X_71 76.6727523803711)
 (X_72 191.04751586914062)
 (X_73 24.66788101196289)
 (X_74 9.665687561035156)
 (X_75 181.00730895996094)
 (X_76 32.38457489013672)
 (X_77 19.220800399780273)
 (X_78 210.1556854248047)
 (X_79 60.00559616088867)
 (X_80 21.65616226196289)
 (X_81 193.70533752441406)
 (X_82 18.32065200805664)
 (X_83 21.11905860900879)
 (X_84 195.56459045410156)
 (X_85 24.509292602539062)
 (X_86 6.510351181030273)
 (X_87 204.32086181640625)
 (X_88 5.635138988494873)
 (X_89 22.983936309814453)
 (X_90 174.7336883544922)
 (X_91 13.176998138427734)
 (X_92 13.89657211303711)
 (X_93 205.8421173095703)
 (X_94 4.557465553283691)
 (X_95 20.338783264160156)
 (X_96 222.9217529296875)
 (X_97 7.444199562072754)
 (X_98 12.756024360656738)
 (X_99 177.02886962890625)
 (X_100 21.48662567138672)
 (X_101 35.37348175048828)
 (X_102 183.36024475097656)
 (X_103 22.32402801513672)
 (X_104 15.423843383789062)
 (X_105 205.3230438232422)
 (X_106 15.686124801635742)
 (X_107 39.94908905029297)
 (X_108 194.28472900390625)
 (X_109 15.857383728027344)
 (X_110 28.935592651367188)
 (X_111 192.1329803466797)
 (X_112 27.904638290405273)
 (X_113 33.50065612792969)
 (X_114 210.8814697265625)
 (X_115 36.02326965332031)
 (X_116 20.626821517944336)
 (X_117 185.7719268798828)
 (X_118 28.66175651550293)
 (X_119 28.3812255859375)
 (X_120 181.0273895263672)
 (X_121 29.09699249267578)
 (X_122 30.345518112182617)
 (X_123 216.4534454345703)
 (X_124 41.95725631713867)
 (X_125 27.050601959228516)
 (X_126 184.37767028808594)
 (X_127 32.35750961303711)
 (X_128 27.278841018676758)
 (X_129 196.41146850585938)
 (X_130 26.04511070251465)
 (X_131 19.901203155517578)
 (X_132 215.0650634765625)
 (X_133 40.357666015625)
 (X_134 25.492523193359375)
 (X_135 193.0551300048828)
 (X_136 32.56045150756836)
 (X_137 21.7783203125)
 (X_138 179.07720947265625)
 (X_139 32.36670684814453)
 (X_140 14.770830154418945)
 (X_141 211.1619110107422)
 (X_142 42.3132209777832)
 (X_143 26.056354522705078)
 (X_144 187.46585083007812)
 (X_145 24.162578582763672)
 (X_146 11.204630851745605)
 (X_147 202.42332458496094)
 (X_148 31.579072952270508)
 (X_149 25.811595916748047)
 (X_150 197.8271026611328)
 (X_151 31.29315948486328)
 (X_152 21.49352264404297)
 (X_153 181.5052032470703)
 (X_154 26.005966186523438)
 (X_155 27.82937240600586)
 (X_156 198.88473510742188)
 (X_157 13.892860412597656)
 (X_158 16.882164001464844)
 (X_159 209.6497802734375)
 (X_160 27.305011749267578)
 (X_161 18.236194610595703)
 (X_162 193.49427795410156)
 (X_163 12.280473709106445)
 (X_164 34.40419006347656)
 (X_165 192.3575439453125)
 (X_166 14.30526351928711)
 (X_167 14.915266036987305)
 (X_168 191.48257446289062)
 (X_169 34.614471435546875)
 (X_170 24.46204376220703)
 (X_171 187.4699249267578)
 (X_172 39.84222412109375)
 (X_173 17.037803649902344)
 (X_174 203.69534301757812)
 (X_175 41.00389862060547)
 (X_176 12.14921760559082)
 (X_177 215.8941650390625)
 (X_178 35.79772186279297)
 (X_179 42.468421936035156)
 (X_180 191.85446166992188)
 (X_181 25.039390563964844)
 (X_182 34.77594757080078)
 (X_183 178.15823364257812)
 (X_184 27.420095443725586)
 (X_185 33.928062438964844)
 (X_186 206.9429931640625)
 (X_187 42.620845794677734)
 (X_188 40.89460372924805)
 (X_189 184.7003631591797)
 (X_190 24.279388427734375)
 (X_191 35.21575164794922)
 (X_192 199.19825744628906)
 (X_193 8.966928482055664)
 (X_194 20.74822235107422)
 (X_195 186.7544403076172)
 (X_196 34.82532501220703)
 (X_197 29.811405181884766)
 (X_198 176.1147003173828)
 (X_199 3.1229076385498047)
 (X_200 21.16576385498047)
 (X_201 186.2977752685547)
 (X_202 16.202232360839844)
 (X_203 16.940494537353516)
 (X_204 192.89559936523438)
 (X_205 21.271625518798828)
 (X_206 30.577930450439453)
 (X_207 189.68426513671875)
 (X_208 31.34339714050293)
 (X_209 6.6324615478515625)
 (X_210 179.5545196533203)
 (X_211 7.823085308074951)
 (X_212 24.355859756469727)
 (X_213 206.4294891357422)
 (X_214 19.712444305419922)
 (X_215 3.456188201904297)
 (X_216 170.27313232421875)
 (X_217 46.69633865356445)
 (X_218 13.880228996276855)
 (X_219 190.9613494873047)
 (X_220 25.659038543701172)
 (X_221 11.067279815673828)
 (X_222 208.85594177246094)
 (X_223 24.5311222076416)
 (X_224 3.4864795207977295)
 (X_225 171.263671875)
 (X_226 95.71308898925781)
 (X_227 50.4122200012207)
 (X_228 179.60279846191406)
 (X_229 92.29010009765625)
 (X_230 36.13720703125)
 (X_231 199.0865936279297)
 (X_232 70.06134796142578)
 (X_233 27.568424224853516)
 (X_234 166.1665496826172)
 (X_235 163.38369750976562)
 (X_236 137.5573272705078)
 (X_237 183.97080993652344)
 (X_238 155.98887634277344)
 (X_239 119.2931137084961)
 (X_240 189.63595581054688)
 (X_241 154.63284301757812)
 (X_242 118.61557006835938)
 (X_243 159.8511962890625)
 (X_244 169.04898071289062)
 (X_245 153.58787536621094)
 (X_246 168.8492889404297)
 (X_247 170.7273406982422)
 (X_248 170.17221069335938)
 (X_249 182.0449676513672)
 (X_250 159.16326904296875)
 (X_251 166.33103942871094)
 (X_252 182.93063354492188)
 (X_253 166.97891235351562)
 (X_254 165.20372009277344)
 (X_255 182.30545043945312)
 (X_256 172.52734375)
 (X_257 156.08436584472656)
 (X_258 185.9783172607422)
 (X_259 177.95709228515625)
 (X_260 168.38621520996094)
 (X_261 192.18565368652344)
 (X_262 162.26791381835938)
 (X_263 155.2777099609375)
 (X_264 174.49163818359375)
 (X_265 173.05584716796875)
 (X_266 181.56468200683594)
 (X_267 207.04144287109375)
 (X_268 178.1165313720703)
 (X_269 167.6695556640625)
 (X_270 197.72311401367188)
 (X_271 184.67303466796875)
 (X_272 176.37535095214844)
 (X_273 215.9320831298828)
 (X_274 198.36770629882812)
 (X_275 187.3943634033203)
 (X_276 206.86032104492188)
 (X_277 207.82321166992188)
 (X_278 200.59274291992188)
 (X_279 196.92507934570312)
 (X_280 185.0447235107422)
 (X_281 166.2008819580078)
 (X_282 209.22337341308594)
 (X_283 195.10560607910156)
 (X_284 180.8406982421875)
 (X_285 202.70069885253906)
 (X_286 200.95924377441406)
 (X_287 206.96038818359375)
 (X_288 190.53958129882812)
 (X_289 165.60235595703125)
 (X_290 170.93836975097656)
 (X_291 210.61497497558594)
 (X_292 201.40872192382812)
 (X_293 174.84202575683594)
 (X_294 211.39163208007812)
 (X_295 188.86666870117188)
 (X_296 200.43637084960938)
 (X_297 188.8841094970703)
 (X_298 189.69973754882812)
 (X_299 169.88751220703125)
 (X_300 204.68453979492188)
 (X_301 201.7010040283203)
 (X_302 174.12237548828125)
 (X_303 211.80300903320312)
 (X_304 196.46009826660156)
 (X_305 185.78038024902344)
 (X_306 204.6490478515625)
 (X_307 183.3559112548828)
 (X_308 172.5830535888672)
 (X_309 185.84803771972656)
 (X_310 195.5657501220703)
 (X_311 186.52874755859375)
 (X_312 219.27886962890625)
 (X_313 189.75677490234375)
 (X_314 191.99676513671875)
 (X_315 176.46568298339844)
 (X_316 173.4654998779297)
 (X_317 169.95655822753906)
 (X_318 197.83045959472656)
 (X_319 186.92361450195312)
 (X_320 188.06390380859375)
 (X_321 208.31185913085938)
 (X_322 209.9003448486328)
 (X_323 199.03561401367188)
 (X_324 174.92906188964844)
 (X_325 131.87782287597656)
 (X_326 136.5462646484375)
 (X_327 208.76524353027344)
 (X_328 164.63780212402344)
 (X_329 159.92539978027344)
 (X_330 203.4493408203125)
 (X_331 191.8815460205078)
 (X_332 182.54415893554688)
 (X_333 180.89256286621094)
 (X_334 24.811676025390625)
 (X_335 67.49591064453125)
 (X_336 193.00331115722656)
 (X_337 58.64772415161133)
 (X_338 113.87174987792969)
 (X_339 210.34332275390625)
 (X_340 64.96160125732422)
 (X_341 144.30145263671875)
 (X_342 195.02085876464844)
 (X_343 2.024528741836548)
 (X_344 22.811416625976562)
 (X_345 196.52951049804688)
 (X_346 30.219497680664062)
 (X_347 16.197725296020508)
 (X_348 197.0271453857422)
 (X_349 23.07427978515625)
 (X_350 48.40983581542969)
 (X_351 173.74200439453125)
 (X_352 14.005142211914062)
 (X_353 9.095964431762695)
 (X_354 189.9836883544922)
 (X_355 22.289634704589844)
 (X_356 22.113595962524414)
 (X_357 194.26048278808594)
 (X_358 3.8168673515319824)
 (X_359 17.076839447021484)
 (X_360 193.86329650878906)
 (X_361 8.308504104614258)
 (X_362 8.337142944335938)
 (X_363 210.59054565429688)
 (X_364 23.985645294189453)
 (X_365 9.195439338684082)
 (X_366 196.90016174316406)
 (X_367 11.657129287719727)
 (X_368 23.42910385131836)
 (X_369 185.57809448242188)
 (X_370 16.325117111206055)
 (X_371 31.164518356323242)
 (X_372 194.65203857421875)
 (X_373 26.787870407104492)
 (X_374 4.0720343589782715)
 (X_375 215.6845245361328)
 (X_376 18.805505752563477)
 (X_377 19.89171028137207)
 (X_378 192.41354370117188)
 (X_379 34.117008209228516)
 (X_380 16.42624855041504)
 (X_381 190.03382873535156)
 (X_382 20.687847137451172)
 (X_383 18.249073028564453)
 (X_384 196.26657104492188)
 (X_385 36.400787353515625)
 (X_386 31.26317596435547)
 (X_387 195.83999633789062)
 (X_388 19.501686096191406)
 (X_389 15.519547462463379)
 (X_390 183.75509643554688)
 (X_391 28.863168716430664)
 (X_392 23.543598175048828)
 (X_393 212.89572143554688)
 (X_394 17.78278350830078)
 (X_395 36.28763198852539)
 (X_396 177.2105255126953)
 (X_397 24.384014129638672)
 (X_398 35.64520263671875)
 (X_399 187.5469970703125)
 (X_400 27.221708297729492)
 (X_401 23.730968475341797)
 (X_402 189.6184539794922)
 (X_403 36.005279541015625)
 (X_404 44.046592712402344)
 (X_405 180.16909790039062)
 (X_406 28.20747184753418)
 (X_407 20.711986541748047)
 (X_408 202.97763061523438)
 (X_409 34.57888412475586)
 (X_410 25.9620418548584)
 (X_411 193.26449584960938)
 (X_412 20.5860538482666)
 (X_413 36.39801025390625)
 (X_414 177.62399291992188)
 (X_415 27.90729522705078)
 (X_416 34.00480270385742)
 (X_417 192.98361206054688)
 (X_418 33.442779541015625)
 (X_419 23.906339645385742)
 (X_420 216.0652618408203)
 (X_421 35.27256774902344)
 (X_422 19.522972106933594)
 (X_423 185.1284942626953)
 (X_424 35.42930603027344)
 (X_425 37.658287048339844)
 (X_426 187.27989196777344)
 (X_427 29.184938430786133)
 (X_428 30.542545318603516)
 (X_429 205.93064880371094)
 (X_430 27.09799575805664)
 (X_431 29.34078598022461)
 (X_432 185.38577270507812)
 (X_433 29.0465030670166)
 (X_434 24.76990509033203)
 (X_435 207.64366149902344)
 (X_436 37.078880310058594)
 (X_437 40.98445129394531)
 (X_438 206.74488830566406)
 (X_439 30.3211612701416)
 (X_440 26.846206665039062)
 (X_441 188.24818420410156)
 (X_442 25.524425506591797)
 (X_443 23.933420181274414)
 (X_444 190.90020751953125)
 (X_445 13.570106506347656)
 (X_446 23.084747314453125)
 (X_447 204.75303649902344)
 (X_448 18.898603439331055)
 (X_449 41.179840087890625)
 (X_450 196.7318572998047)
 (X_451 15.642496109008789)
 (X_452 18.705280303955078)
 (X_453 198.11795043945312)
 (X_454 29.420825958251953)
 (X_455 9.524407386779785)
 (X_456 185.24789428710938)
 (X_457 8.882756233215332)
 (X_458 32.513092041015625)
 (X_459 173.1885223388672)
 (X_460 27.304908752441406)
 (X_461 17.871570587158203)
 (X_462 190.99713134765625)
 (X_463 9.056291580200195)
 (X_464 23.851099014282227)
 (X_465 204.91600036621094)
 (X_466 23.649070739746094)
 (X_467 27.083742141723633)
 (X_468 177.94325256347656)
 (X_469 19.165424346923828)
 (X_470 15.499262809753418)
 (X_471 175.6230926513672)
 (X_472 2.294045925140381)
 (X_473 17.30744743347168)
 (X_474 182.8412322998047)
 (X_475 20.078018188476562)
 (X_476 13.863664627075195)
 (X_477 173.57791137695312)
 (X_478 6.4196038246154785)
 (X_479 33.604373931884766)
 (X_480 187.58570861816406)
 (X_481 26.791128158569336)
 (X_482 6.282869338989258)
 (X_483 191.20481872558594)
 (X_484 26.588167190551758)
 (X_485 3.5982162952423096)
 (X_486 174.41726684570312)
 (X_487 29.268035888671875)
 (X_488 17.159645080566406)
 (X_489 184.31695556640625)
 (X_490 19.912273406982422)
 (X_491 17.20694351196289)
 (X_492 187.61929321289062)
 (X_493 5.165456771850586)
 (X_494 21.389827728271484)
 (X_495 174.99696350097656)
 (X_496 51.666748046875)
 (X_497 82.12943267822266)
 (X_498 190.53041076660156)
 (X_499 37.61134719848633)
 (X_500 83.12448120117188)
 (X_501 192.5062255859375)
 (X_502 11.61087703704834)
 (X_503 48.86833572387695)
 (X_504 188.8901824951172)
 (X_505 136.0308074951172)
 (X_506 160.26516723632812)
 (X_507 194.57830810546875)
 (X_508 118.95806884765625)
 (X_509 148.74395751953125)
 (X_510 197.74774169921875)
 (X_511 111.69068908691406)
 (X_512 145.363037109375)
 (X_513 170.95309448242188)
 (X_514 154.0093994140625)
 (X_515 153.31675720214844)
 (X_516 186.38104248046875)
 (X_517 174.90805053710938)
 (X_518 158.66046142578125)
 (X_519 209.08956909179688)
 (X_520 159.01327514648438)
 (X_521 165.38018798828125)
 (X_522 168.68991088867188)
 (X_523 142.85581970214844)
 (X_524 157.4760284423828)
 (X_525 174.27413940429688)
 (X_526 154.7449188232422)
 (X_527 154.40811157226562)
 (X_528 182.37193298339844)
 (X_529 177.15182495117188)
 (X_530 182.27984619140625)
 (X_531 188.69358825683594)
 (X_532 132.05374145507812)
 (X_533 167.26075744628906)
 (X_534 190.02850341796875)
 (X_535 161.74339294433594)
 (X_536 166.0541534423828)
 (X_537 196.38536071777344)
 (X_538 168.25726318359375)
 (X_539 176.85122680664062)
 (X_540 184.53646850585938)
 (X_541 181.93031311035156)
 (X_542 175.62017822265625)
 (X_543 204.31301879882812)
 (X_544 181.19915771484375)
 (X_545 183.83372497558594)
 (X_546 220.15487670898438)
 (X_547 195.95086669921875)
 (X_548 196.3182373046875)
 (X_549 193.6251220703125)
 (X_550 184.13861083984375)
 (X_551 160.71075439453125)
 (X_552 203.3856658935547)
 (X_553 205.96981811523438)
 (X_554 187.00303649902344)
 (X_555 196.91001892089844)
 (X_556 204.21609497070312)
 (X_557 199.22840881347656)
 (X_558 199.80126953125)
 (X_559 196.74441528320312)
 (X_560 177.55783081054688)
 (X_561 207.7261199951172)
 (X_562 187.38339233398438)
 (X_563 190.62451171875)
 (X_564 201.972900390625)
 (X_565 192.11424255371094)
 (X_566 195.4942626953125)
 (X_567 202.6956329345703)
 (X_568 187.23069763183594)
 (X_569 171.91160583496094)
 (X_570 194.866943359375)
 (X_571 181.0293731689453)
 (X_572 186.76971435546875)
 (X_573 216.60455322265625)
 (X_574 213.4891815185547)
 (X_575 197.23822021484375)
 (X_576 197.65818786621094)
 (X_577 169.075927734375)
 (X_578 173.0632781982422)
 (X_579 194.9584197998047)
 (X_580 195.9880828857422)
 (X_581 188.37823486328125)
 (X_582 195.3787841796875)
 (X_583 206.33030700683594)
 (X_584 173.95523071289062)
 (X_585 173.50564575195312)
 (X_586 177.99949645996094)
 (X_587 152.04368591308594)
 (X_588 183.0909423828125)
 (X_589 189.28353881835938)
 (X_590 185.1661834716797)
 (X_591 201.60414123535156)
 (X_592 220.9014434814453)
 (X_593 183.3448028564453)
 (X_594 185.3040008544922)
 (X_595 115.96878051757812)
 (X_596 156.83154296875)
 (X_597 183.089599609375)
 (X_598 126.40633392333984)
 (X_599 181.0951690673828)
 (X_600 222.41162109375)
 (X_601 164.87582397460938)
 (X_602 173.38352966308594)
 (X_603 179.30987548828125)
 (X_604 4.733116149902344)
 (X_605 135.20518493652344)
 (X_606 202.22537231445312)
 (X_607 43.95835494995117)
 (X_608 143.46327209472656)
 (X_609 218.0430908203125)
 (X_610 37.393192291259766)
 (X_611 205.33331298828125)
 (X_612 197.79562377929688)
 (X_613 20.086788177490234)
 (X_614 42.62986373901367)
 (X_615 209.97433471679688)
 (X_616 9.193503379821777)
 (X_617 70.8931655883789)
 (X_618 221.9269256591797)
 (X_619 29.798505783081055)
 (X_620 119.34417724609375)
 (X_621 190.0088653564453)
 (X_622 30.845083236694336)
 (X_623 19.313875198364258)
 (X_624 195.04888916015625)
 (X_625 0.5400893092155457)
 (X_626 32.20624542236328)
 (X_627 197.60498046875)
 (X_628 21.137794494628906)
 (X_629 22.129905700683594)
 (X_630 197.5379638671875)
 (X_631 32.746219635009766)
 (X_632 7.262528896331787)
 (X_633 193.03082275390625)
 (X_634 18.28691864013672)
 (X_635 11.857220649719238)
 (X_636 214.92030334472656)
 (X_637 24.660308837890625)
 (X_638 28.642189025878906)
 (X_639 172.39669799804688)
 (X_640 12.00057601928711)
 (X_641 18.471298217773438)
 (X_642 195.12054443359375)
 (X_643 20.95264434814453)
 (X_644 21.445629119873047)
 (X_645 194.88816833496094)
 (X_646 29.18549346923828)
 (X_647 4.577334403991699)
 (X_648 175.85391235351562)
 (X_649 17.112842559814453)
 (X_650 29.389179229736328)
 (X_651 200.82901000976562)
 (X_652 16.8250732421875)
 (X_653 28.735342025756836)
 (X_654 208.11782836914062)
 (X_655 26.64984130859375)
 (X_656 31.251651763916016)
 (X_657 177.51620483398438)
 (X_658 21.76034164428711)
 (X_659 29.04730987548828)
 (X_660 210.13536071777344)
 (X_661 14.442874908447266)
 (X_662 21.625505447387695)
 (X_663 198.1561737060547)
 (X_664 21.231441497802734)
 (X_665 26.36591148376465)
 (X_666 194.51206970214844)
 (X_667 8.763139724731445)
 (X_668 32.7886962890625)
 (X_669 193.56997680664062)
 (X_670 30.17873764038086)
 (X_671 13.07919692993164)
 (X_672 208.17459106445312)
 (X_673 34.85614776611328)
 (X_674 17.293834686279297)
 (X_675 175.484619140625)
 (X_676 28.2071475982666)
 (X_677 37.17510223388672)
 (X_678 189.03480529785156)
 (X_679 11.360264778137207)
 (X_680 28.346994400024414)
 (X_681 185.73562622070312)
 (X_682 6.84221076965332)
 (X_683 28.950376510620117)
 (X_684 193.55812072753906)
 (X_685 9.593914031982422)
 (X_686 21.84636688232422)
 (X_687 190.736083984375)
 (X_688 5.363988876342773)
 (X_689 30.49774932861328)
 (X_690 207.54541015625)
 (X_691 20.658958435058594)
 (X_692 35.00047302246094)
 (X_693 191.47950744628906)
 (X_694 10.122596740722656)
 (X_695 21.555328369140625)
 (X_696 188.60488891601562)
 (X_697 18.922962188720703)
 (X_698 24.24186897277832)
 (X_699 219.0453643798828)
 (X_700 27.203481674194336)
 (X_701 27.550052642822266)
 (X_702 193.73141479492188)
 (X_703 12.590242385864258)
 (X_704 15.897537231445312)
 (X_705 196.16629028320312)
 (X_706 8.690183639526367)
 (X_707 23.76990509033203)
 (X_708 215.38027954101562)
 (X_709 34.83197784423828)
 (X_710 39.11480712890625)
 (X_711 187.28720092773438)
 (X_712 3.42956280708313)
 (X_713 24.668201446533203)
 (X_714 193.7286834716797)
 (X_715 27.472801208496094)
 (X_716 13.098895072937012)
 (X_717 196.30703735351562)
 (X_718 27.824939727783203)
 (X_719 11.900153160095215)
 (X_720 190.10092163085938)
 (X_721 6.058696746826172)
 (X_722 8.260205268859863)
 (X_723 192.321533203125)
 (X_724 6.595578670501709)
 (X_725 28.144376754760742)
 (X_726 190.52597045898438)
 (X_727 20.064781188964844)
 (X_728 30.838638305664062)
 (X_729 175.85816955566406)
 (X_730 26.82176971435547)
 (X_731 17.05792236328125)
 (X_732 186.36279296875)
 (X_733 7.6523308753967285)
 (X_734 21.078990936279297)
 (X_735 192.64817810058594)
 (X_736 18.373085021972656)
 (X_737 8.931995391845703)
 (X_738 188.9574737548828)
 (X_739 38.43492889404297)
 (X_740 16.168981552124023)
 (X_741 183.45254516601562)
 (X_742 20.111738204956055)
 (X_743 23.151893615722656)
 (X_744 210.3985137939453)
 (X_745 20.982393264770508)
 (X_746 24.497989654541016)
 (X_747 181.29278564453125)
 (X_748 25.796987533569336)
 (X_749 18.601882934570312)
 (X_750 197.38113403320312)
 (X_751 21.09596061706543)
 (X_752 1.5791702270507812)
 (X_753 195.42776489257812)
 (X_754 22.886220932006836)
 (X_755 9.380471229553223)
 (X_756 167.39666748046875)
 (X_757 27.490459442138672)
 (X_758 73.93260192871094)
 (X_759 194.1254119873047)
 (X_760 22.45636749267578)
 (X_761 43.908714294433594)
 (X_762 197.4875946044922)
 (X_763 14.681404113769531)
 (X_764 36.3534049987793)
 (X_765 184.9037628173828)
 (X_766 36.68319320678711)
 (X_767 147.2531280517578)
 (X_768 172.456298828125)
 (X_769 3.5822432041168213)
 (X_770 130.1150360107422)
 (X_771 192.7966766357422)
 (X_772 7.849223613739014)
 (X_773 119.33380889892578)
 (X_774 168.70492553710938)
 (X_775 115.17056274414062)
 (X_776 151.28936767578125)
 (X_777 174.32467651367188)
 (X_778 75.97029113769531)
 (X_779 151.66273498535156)
 (X_780 204.6397705078125)
 (X_781 73.70319366455078)
 (X_782 160.12777709960938)
 (X_783 185.78775024414062)
 (X_784 152.10870361328125)
 (X_785 142.75833129882812)
 (X_786 191.35621643066406)
 (X_787 166.0390625)
 (X_788 161.66213989257812)
 (X_789 183.60845947265625)
 (X_790 155.7481689453125)
 (X_791 186.20260620117188)
 (X_792 164.23670959472656)
 (X_793 147.932373046875)
 (X_794 171.290283203125)
 (X_795 166.30953979492188)
 (X_796 180.1616973876953)
 (X_797 176.54617309570312)
 (X_798 206.2088165283203)
 (X_799 183.3631134033203)
 (X_800 178.373779296875)
 (X_801 163.1706085205078)
 (X_802 176.25306701660156)
 (X_803 145.90426635742188)
 (X_804 174.7582550048828)
 (X_805 159.87380981445312)
 (X_806 166.4334716796875)
 (X_807 188.07318115234375)
 (X_808 187.5792694091797)
 (X_809 171.9196014404297)
 (X_810 186.77085876464844)
 (X_811 177.34609985351562)
 (X_812 154.05111694335938)
 (X_813 187.5430908203125)
 (X_814 201.79049682617188)
 (X_815 175.42848205566406)
 (X_816 210.5767364501953)
 (X_817 205.16896057128906)
 (X_818 174.9546356201172)
 (X_819 194.43019104003906)
 (X_820 185.0468292236328)
 (X_821 166.77284240722656)
 (X_822 189.51223754882812)
 (X_823 197.75091552734375)
 (X_824 175.69268798828125)
 (X_825 211.60118103027344)
 (X_826 195.1311798095703)
 (X_827 177.5841064453125)
 (X_828 191.13961791992188)
 (X_829 194.59683227539062)
 (X_830 184.8075408935547)
 (X_831 192.6262969970703)
 (X_832 176.79978942871094)
 (X_833 163.2275848388672)
 (X_834 218.24972534179688)
 (X_835 187.13742065429688)
 (X_836 193.980712890625)
 (X_837 191.9874725341797)
 (X_838 177.77723693847656)
 (X_839 180.39779663085938)
 (X_840 209.73324584960938)
 (X_841 200.69302368164062)
 (X_842 175.6586456298828)
 (X_843 218.92332458496094)
 (X_844 210.4494171142578)
 (X_845 175.26611328125)
 (X_846 174.42071533203125)
 (X_847 179.61619567871094)
 (X_848 176.87832641601562)
 (X_849 190.1256866455078)
 (X_850 202.70147705078125)
 (X_851 186.49794006347656)
 (X_852 219.8400421142578)
 (X_853 196.42617797851562)
 (X_854 193.97071838378906)
 (X_855 197.44284057617188)
 (X_856 164.01904296875)
 (X_857 180.31007385253906)
 (X_858 196.11749267578125)
 (X_859 176.46023559570312)
 (X_860 160.23550415039062)
 (X_861 209.3790740966797)
 (X_862 205.59912109375)
 (X_863 168.6309356689453)
 (X_864 182.8976593017578)
 (X_865 70.29569244384766)
 (X_866 174.43051147460938)
 (X_867 202.4390411376953)
 (X_868 102.73976135253906)
 (X_869 183.8389892578125)
 (X_870 199.81141662597656)
 (X_871 150.84799194335938)
 (X_872 195.49169921875)
 (X_873 197.47607421875)
 (X_874 6.162631034851074)
 (X_875 147.9951629638672)
 (X_876 188.23394775390625)
 (X_877 34.93944549560547)
 (X_878 158.03797912597656)
 (X_879 214.27256774902344)
 (X_880 34.3087043762207)
 (X_881 185.90118408203125)
 (X_882 190.0327911376953)
 (X_883 24.292007446289062)
 (X_884 105.51519775390625)
 (X_885 195.73223876953125)
 (X_886 20.20161247253418)
 (X_887 144.28665161132812)
 (X_888 203.10101318359375)
 (X_889 15.73443603515625)
 (X_890 179.2756805419922)
 (X_891 176.61643981933594)
 (X_892 35.18114471435547)
 (X_893 44.01170349121094)
 (X_894 183.34475708007812)
 (X_895 29.261417388916016)
 (X_896 61.26036834716797)
 (X_897 198.84329223632812)
 (X_898 14.484225273132324)
 (X_899 92.48094940185547)
 (X_900 198.4484405517578)
 (X_901 33.46477508544922)
 (X_902 14.630560874938965)
 (X_903 181.343994140625)
 (X_904 17.102584838867188)
 (X_905 15.72098159790039)
 (X_906 194.5904541015625)
 (X_907 40.4097900390625)
 (X_908 17.532611846923828)
 (X_909 175.7234344482422)
 (X_910 11.290671348571777)
 (X_911 18.898000717163086)
 (X_912 197.55047607421875)
 (X_913 24.661340713500977)
 (X_914 2.405827283859253)
 (X_915 209.26132202148438)
 (X_916 16.131195068359375)
 (X_917 18.743669509887695)
 (X_918 184.2352294921875)
 (X_919 4.841794967651367)
 (X_920 22.209537506103516)
 (X_921 196.88232421875)
 (X_922 7.016454219818115)
 (X_923 13.364575386047363)
 (X_924 199.37545776367188)
 (X_925 13.964971542358398)
 (X_926 3.4886271953582764)
 (X_927 198.93499755859375)
 (X_928 16.135351181030273)
 (X_929 13.17244815826416)
 (X_930 204.43533325195312)
 (X_931 25.10199546813965)
 (X_932 1.1395907402038574)
 (X_933 198.8102264404297)
 (X_934 20.59885025024414)
 (X_935 20.003437042236328)
 (X_936 187.5635223388672)
 (X_937 22.51602554321289)
 (X_938 32.12201690673828)
 (X_939 196.60208129882812)
 (X_940 21.501440048217773)
 (X_941 26.723644256591797)
 (X_942 212.30751037597656)
 (X_943 9.152115821838379)
 (X_944 28.627565383911133)
 (X_945 190.21075439453125)
 (X_946 27.689247131347656)
 (X_947 21.912235260009766)
 (X_948 205.9696502685547)
 (X_949 29.470027923583984)
 (X_950 29.467679977416992)
 (X_951 211.8693389892578)
 (X_952 31.05760955810547)
 (X_953 23.061952590942383)
 (X_954 188.5629425048828)
 (X_955 24.050966262817383)
 (X_956 35.14469909667969)
 (X_957 191.7305908203125)
 (X_958 8.248435974121094)
 (X_959 18.805429458618164)
 (X_960 201.71063232421875)
 (X_961 10.739749908447266)
 (X_962 27.66970443725586)
 (X_963 179.69979858398438)
 (X_964 28.811901092529297)
 (X_965 23.10239601135254)
 (X_966 204.825927734375)
 (X_967 7.037125110626221)
 (X_968 20.053016662597656)
 (X_969 186.29139709472656)
 (X_970 6.353456974029541)
 (X_971 25.50358772277832)
 (X_972 175.649169921875)
 (X_973 28.456323623657227)
 (X_974 15.731230735778809)
 (X_975 185.9180450439453)
 (X_976 19.48067855834961)
 (X_977 5.158928871154785)
 (X_978 191.47552490234375)
 (X_979 31.571083068847656)
 (X_980 21.119346618652344)
 (X_981 178.380615234375)
 (X_982 5.925482749938965)
 (X_983 11.71494197845459)
 (X_984 188.9442901611328)
 (X_985 3.4037563800811768)
 (X_986 11.299928665161133)
 (X_987 199.007080078125)
 (X_988 12.890527725219727)
 (X_989 21.326322555541992)
 (X_990 172.54290771484375)
 (X_991 9.77944564819336)
 (X_992 4.729681491851807)
 (X_993 185.609619140625)
 (X_994 30.15142059326172)
 (X_995 24.994409561157227)
 (X_996 197.19383239746094)
 (X_997 32.96833801269531)
 (X_998 2.1690309047698975)
 (X_999 187.28224182128906)
 (X_1000 1.7937684059143066)
 (X_1001 18.783456802368164)
 (X_1002 193.29843139648438)
 (X_1003 0.39637327194213867)
 (X_1004 24.028467178344727)
 (X_1005 199.1783447265625)
 (X_1006 34.91364669799805)
 (X_1007 10.291457176208496)
 (X_1008 167.98805236816406)
 (X_1009 26.058053970336914)
 (X_1010 7.7569427490234375)
 (X_1011 198.30487060546875)
 (X_1012 11.399884223937988)
 (X_1013 17.325624465942383)
 (X_1014 205.1015167236328)
 (X_1015 28.71800994873047)
 (X_1016 3.195528745651245)
 (X_1017 191.10989379882812)
 (X_1018 30.628049850463867)
 (X_1019 59.07306671142578)
 (X_1020 184.9373321533203)
 (X_1021 20.836231231689453)
 (X_1022 53.566314697265625)
 (X_1023 191.62876892089844)
 (X_1024 27.64484977722168)
 (X_1025 30.64336585998535)
 (X_1026 186.65158081054688)
 (X_1027 23.921905517578125)
 (X_1028 131.36422729492188)
 (X_1029 181.60610961914062)
 (X_1030 8.76132869720459)
 (X_1031 107.3823013305664)
 (X_1032 200.84127807617188)
 (X_1033 27.92037582397461)
 (X_1034 93.54386138916016)
 (X_1035 161.52647399902344)
 (X_1036 19.369707107543945)
 (X_1037 171.754150390625)
 (X_1038 174.23477172851562)
 (X_1039 26.461666107177734)
 (X_1040 157.64659118652344)
 (X_1041 188.98976135253906)
 (X_1042 10.466933250427246)
 (X_1043 157.4483642578125)
 (X_1044 187.27101135253906)
 (X_1045 98.81210327148438)
 (X_1046 142.38734436035156)
 (X_1047 182.63258361816406)
 (X_1048 57.31837463378906)
 (X_1049 167.00289916992188)
 (X_1050 206.560546875)
 (X_1051 16.363563537597656)
 (X_1052 178.84495544433594)
 (X_1053 170.19500732421875)
 (X_1054 144.75721740722656)
 (X_1055 156.19015502929688)
 (X_1056 166.8295135498047)
 (X_1057 162.7672119140625)
 (X_1058 169.21945190429688)
 (X_1059 201.55313110351562)
 (X_1060 132.0885772705078)
 (X_1061 163.4683380126953)
 (X_1062 171.02566528320312)
 (X_1063 159.65162658691406)
 (X_1064 150.12059020996094)
 (X_1065 196.30416870117188)
 (X_1066 178.6515350341797)
 (X_1067 177.74012756347656)
 (X_1068 179.4254913330078)
 (X_1069 192.12034606933594)
 (X_1070 186.75401306152344)
 (X_1071 165.3961181640625)
 (X_1072 174.84255981445312)
 (X_1073 165.1089630126953)
 (X_1074 185.79586791992188)
 (X_1075 157.08775329589844)
 (X_1076 161.25894165039062)
 (X_1077 200.5607452392578)
 (X_1078 172.22479248046875)
 (X_1079 176.7742919921875)
 (X_1080 200.1893768310547)
 (X_1081 178.49948120117188)
 (X_1082 150.9191436767578)
 (X_1083 202.17247009277344)
 (X_1084 200.1129150390625)
 (X_1085 161.0190887451172)
 (X_1086 203.72886657714844)
 (X_1087 216.74545288085938)
 (X_1088 151.1649627685547)
 (X_1089 196.32814025878906)
 (X_1090 167.36900329589844)
 (X_1091 160.14537048339844)
 (X_1092 195.35638427734375)
 (X_1093 190.26702880859375)
 (X_1094 180.41445922851562)
 (X_1095 211.64950561523438)
 (X_1096 202.08590698242188)
 (X_1097 186.1439666748047)
 (X_1098 182.96478271484375)
 (X_1099 193.4252166748047)
 (X_1100 185.51837158203125)
 (X_1101 197.43411254882812)
 (X_1102 203.27249145507812)
 (X_1103 180.28616333007812)
 (X_1104 205.46995544433594)
 (X_1105 210.56578063964844)
 (X_1106 171.7693328857422)
 (X_1107 171.2582244873047)
 (X_1108 172.87936401367188)
 (X_1109 170.60809326171875)
 (X_1110 188.28317260742188)
 (X_1111 201.45973205566406)
 (X_1112 174.56240844726562)
 (X_1113 200.74392700195312)
 (X_1114 187.028564453125)
 (X_1115 188.1901397705078)
 (X_1116 170.89251708984375)
 (X_1117 180.07041931152344)
 (X_1118 186.28292846679688)
 (X_1119 195.55267333984375)
 (X_1120 205.1504364013672)
 (X_1121 178.61668395996094)
 (X_1122 208.82476806640625)
 (X_1123 194.7831268310547)
 (X_1124 172.87753295898438)
 (X_1125 184.3516387939453)
 (X_1126 128.9481201171875)
 (X_1127 171.54946899414062)
 (X_1128 210.1316375732422)
 (X_1129 174.56600952148438)
 (X_1130 184.2116241455078)
 (X_1131 199.38514709472656)
 (X_1132 172.11004638671875)
 (X_1133 170.9322052001953)
 (X_1134 194.63128662109375)
 (X_1135 43.357643127441406)
 (X_1136 161.46975708007812)
 (X_1137 181.8213653564453)
 (X_1138 75.0504150390625)
 (X_1139 178.51089477539062)
 (X_1140 203.88914489746094)
 (X_1141 108.88050079345703)
 (X_1142 184.20545959472656)
 (X_1143 177.5585479736328)
 (X_1144 4.74141263961792)
 (X_1145 177.80714416503906)
 (X_1146 191.4561309814453)
 (X_1147 15.38715934753418)
 (X_1148 174.17779541015625)
 (X_1149 200.6910400390625)
 (X_1150 13.86398696899414)
 (X_1151 191.65744018554688)
 (X_1152 182.8578643798828)
 (X_1153 14.883538246154785)
 (X_1154 155.0831298828125)
 (X_1155 184.9196014404297)
 (X_1156 28.141721725463867)
 (X_1157 167.30958557128906)
 (X_1158 220.72267150878906)
 (X_1159 12.198240280151367)
 (X_1160 196.95584106445312)
 (X_1161 177.92039489746094)
 (X_1162 34.27557373046875)
 (X_1163 107.53999328613281)
 (X_1164 176.0933837890625)
 (X_1165 31.052881240844727)
 (X_1166 137.4927978515625)
 (X_1167 202.06358337402344)
 (X_1168 19.21919059753418)
 (X_1169 174.33187866210938)
 (X_1170 180.6304931640625)
 (X_1171 25.921279907226562)
 (X_1172 40.13884735107422)
 (X_1173 182.97042846679688)
 (X_1174 16.065017700195312)
 (X_1175 67.16592407226562)
 (X_1176 192.01539611816406)
 (X_1177 25.94803237915039)
 (X_1178 121.35259246826172)
 (X_1179 189.4231719970703)
 (X_1180 22.251792907714844)
 (X_1181 3.112638473510742)
 (X_1182 179.07814025878906)
 (X_1183 30.044158935546875)
 (X_1184 36.08610153198242)
 (X_1185 207.4210968017578)
 (X_1186 33.46332931518555)
 (X_1187 39.54449462890625)
 (X_1188 171.8992919921875)
 (X_1189 9.195840835571289)
 (X_1190 5.2794189453125)
 (X_1191 180.8434295654297)
 (X_1192 17.101545333862305)
 (X_1193 9.853002548217773)
 (X_1194 192.86231994628906)
 (X_1195 33.240848541259766)
 (X_1196 5.330106735229492)
 (X_1197 195.714111328125)
 (X_1198 9.931416511535645)
 (X_1199 4.751366138458252)
 (X_1200 191.7476043701172)
 (X_1201 25.455659866333008)
 (X_1202 20.417360305786133)
 (X_1203 211.2750701904297)
 (X_1204 25.838661193847656)
 (X_1205 19.53060531616211)
 (X_1206 156.4344024658203)
 (X_1207 25.10654067993164)
 (X_1208 6.089804649353027)
 (X_1209 172.24761962890625)
 (X_1210 2.5285415649414062)
 (X_1211 3.7589142322540283)
 (X_1212 191.8343048095703)
 (X_1213 13.684621810913086)
 (X_1214 3.2100017070770264)
 (X_1215 105.7961654663086)
 (X_1216 12.655725479125977)
 (X_1217 28.710603713989258)
 (X_1218 132.71217346191406)
 (X_1219 6.056461334228516)
 (X_1220 7.176958084106445)
 (X_1221 137.37307739257812)
 (X_1222 39.18766784667969)
 (X_1223 24.298728942871094)
 (X_1224 73.6747055053711)
 (X_1225 11.034435272216797)
 (X_1226 11.805235862731934)
 (X_1227 92.4950180053711)
 (X_1228 20.287607192993164)
 (X_1229 23.72283363342285)
 (X_1230 97.25060272216797)
 (X_1231 34.54254150390625)
 (X_1232 21.21242904663086)
 (X_1233 143.53561401367188)
 (X_1234 23.3679256439209)
 (X_1235 29.943634033203125)
 (X_1236 120.6841049194336)
 (X_1237 3.300633430480957)
 (X_1238 0.48787742853164673)
 (X_1239 132.03627014160156)
 (X_1240 13.67004108428955)
 (X_1241 11.746294021606445)
 (X_1242 185.2768096923828)
 (X_1243 22.773740768432617)
 (X_1244 2.580625057220459)
 (X_1245 177.96917724609375)
 (X_1246 16.023784637451172)
 (X_1247 17.94753074645996)
 (X_1248 172.06808471679688)
 (X_1249 18.739839553833008)
 (X_1250 23.110607147216797)
 (X_1251 185.87583923339844)
 (X_1252 6.511545181274414)
 (X_1253 15.267361640930176)
 (X_1254 202.41485595703125)
 (X_1255 11.715658187866211)
 (X_1256 17.096160888671875)
 (X_1257 193.95945739746094)
 (X_1258 27.356382369995117)
 (X_1259 9.446089744567871)
 (X_1260 187.59262084960938)
 (X_1261 21.024099349975586)
 (X_1262 15.836846351623535)
 (X_1263 196.87599182128906)
 (X_1264 23.290712356567383)
 (X_1265 10.204833984375)
 (X_1266 193.28919982910156)
 (X_1267 20.37846565246582)
 (X_1268 14.733633041381836)
 (X_1269 185.14389038085938)
 (X_1270 18.560758590698242)
 (X_1271 30.196067810058594)
 (X_1272 172.73016357421875)
 (X_1273 11.330201148986816)
 (X_1274 15.062214851379395)
 (X_1275 194.73500061035156)
 (X_1276 18.29560661315918)
 (X_1277 22.283462524414062)
 (X_1278 163.99264526367188)
 (X_1279 30.404682159423828)
 (X_1280 46.938438415527344)
 (X_1281 193.02865600585938)
 (X_1282 18.805965423583984)
 (X_1283 47.79164505004883)
 (X_1284 188.0550537109375)
 (X_1285 14.575557708740234)
 (X_1286 29.392475128173828)
 (X_1287 173.36041259765625)
 (X_1288 11.814647674560547)
 (X_1289 145.8848114013672)
 (X_1290 198.3587646484375)
 (X_1291 18.882326126098633)
 (X_1292 127.77722930908203)
 (X_1293 187.9478759765625)
 (X_1294 39.933982849121094)
 (X_1295 127.62887573242188)
 (X_1296 186.5841522216797)
 (X_1297 25.451318740844727)
 (X_1298 163.95542907714844)
 (X_1299 186.26791381835938)
 (X_1300 7.786639213562012)
 (X_1301 158.18234252929688)
 (X_1302 187.61868286132812)
 (X_1303 10.16230583190918)
 (X_1304 164.15597534179688)
 (X_1305 179.39059448242188)
 (X_1306 18.219995498657227)
 (X_1307 156.68797302246094)
 (X_1308 179.56434631347656)
 (X_1309 8.724272727966309)
 (X_1310 170.02418518066406)
 (X_1311 194.52598571777344)
 (X_1312 0.5241347551345825)
 (X_1313 155.0435028076172)
 (X_1314 180.5710906982422)
 (X_1315 53.97157287597656)
 (X_1316 141.9403076171875)
 (X_1317 171.537841796875)
 (X_1318 47.4314079284668)
 (X_1319 153.60995483398438)
 (X_1320 189.65191650390625)
 (X_1321 22.36995506286621)
 (X_1322 183.83871459960938)
 (X_1323 164.37835693359375)
 (X_1324 139.23733520507812)
 (X_1325 140.60816955566406)
 (X_1326 177.82322692871094)
 (X_1327 144.81338500976562)
 (X_1328 178.5816650390625)
 (X_1329 191.62783813476562)
 (X_1330 126.34233093261719)
 (X_1331 175.8676300048828)
 (X_1332 182.73973083496094)
 (X_1333 166.8225555419922)
 (X_1334 154.0060272216797)
 (X_1335 182.79168701171875)
 (X_1336 176.65176391601562)
 (X_1337 179.92855834960938)
 (X_1338 198.2288055419922)
 (X_1339 181.06842041015625)
 (X_1340 184.31326293945312)
 (X_1341 173.1992950439453)
 (X_1342 155.0494842529297)
 (X_1343 143.79345703125)
 (X_1344 190.15145874023438)
 (X_1345 181.139404296875)
 (X_1346 169.13389587402344)
 (X_1347 188.88272094726562)
 (X_1348 186.21994018554688)
 (X_1349 174.72787475585938)
 (X_1350 176.50006103515625)
 (X_1351 184.36172485351562)
 (X_1352 75.19918060302734)
 (X_1353 188.4293975830078)
 (X_1354 185.83648681640625)
 (X_1355 52.09011459350586)
 (X_1356 215.5835418701172)
 (X_1357 192.29562377929688)
 (X_1358 49.43965530395508)
 (X_1359 201.9422149658203)
 (X_1360 168.68968200683594)
 (X_1361 83.63943481445312)
 (X_1362 203.9259796142578)
 (X_1363 184.13543701171875)
 (X_1364 74.4439926147461)
 (X_1365 213.2060546875)
 (X_1366 202.965576171875)
 (X_1367 71.2806167602539)
 (X_1368 172.4917449951172)
 (X_1369 168.83982849121094)
 (X_1370 73.70329284667969)
 (X_1371 190.06309509277344)
 (X_1372 193.6255645751953)
 (X_1373 75.52725982666016)
 (X_1374 208.64112854003906)
 (X_1375 192.76510620117188)
 (X_1376 61.93242645263672)
 (X_1377 173.38893127441406)
 (X_1378 190.83340454101562)
 (X_1379 105.74583435058594)
 (X_1380 193.87435913085938)
 (X_1381 172.136962890625)
 (X_1382 82.62773132324219)
 (X_1383 207.64022827148438)
 (X_1384 200.38900756835938)
 (X_1385 94.40988159179688)
 (X_1386 170.90814208984375)
 (X_1387 173.38563537597656)
 (X_1388 111.47432708740234)
 (X_1389 208.7760009765625)
 (X_1390 173.7151641845703)
 (X_1391 101.52523040771484)
 (X_1392 215.33558654785156)
 (X_1393 190.28285217285156)
 (X_1394 111.57331848144531)
 (X_1395 172.04266357421875)
 (X_1396 120.67418670654297)
 (X_1397 106.08944702148438)
 (X_1398 191.1727294921875)
 (X_1399 172.01260375976562)
 (X_1400 128.2119598388672)
 (X_1401 202.03146362304688)
 (X_1402 196.7034912109375)
 (X_1403 122.4050064086914)
 (X_1404 176.77713012695312)
 (X_1405 23.154491424560547)
 (X_1406 115.58604431152344)
 (X_1407 188.4110107421875)
 (X_1408 71.9842758178711)
 (X_1409 119.17252349853516)
 (X_1410 206.45315551757812)
 (X_1411 75.69142150878906)
 (X_1412 109.40434265136719)
 (X_1413 170.7289276123047)
 (X_1414 22.441810607910156)
 (X_1415 124.12007904052734)
 (X_1416 186.90696716308594)
 (X_1417 25.674827575683594)
 (X_1418 109.8084945678711)
 (X_1419 192.79257202148438)
 (X_1420 30.537830352783203)
 (X_1421 114.52584838867188)
 (X_1422 171.7637939453125)
 (X_1423 20.980501174926758)
 (X_1424 133.49569702148438)
 (X_1425 196.4698944091797)
 (X_1426 2.6644787788391113)
 (X_1427 111.29773712158203)
 (X_1428 193.9701690673828)
 (X_1429 25.334932327270508)
 (X_1430 134.47227478027344)
 (X_1431 190.18411254882812)
 (X_1432 17.321430206298828)
 (X_1433 124.93122863769531)
 (X_1434 185.81607055664062)
 (X_1435 18.566051483154297)
 (X_1436 131.53668212890625)
 (X_1437 199.48028564453125)
 (X_1438 18.066360473632812)
 (X_1439 132.91969299316406)
 (X_1440 179.0643768310547)
 (X_1441 37.71266555786133)
 (X_1442 104.44490814208984)
 (X_1443 179.86300659179688)
 (X_1444 25.611743927001953)
 (X_1445 126.8017349243164)
 (X_1446 208.3990936279297)
 (X_1447 20.377334594726562)
 (X_1448 126.66413879394531)
 (X_1449 161.2732696533203)
 (X_1450 33.229698181152344)
 (X_1451 36.87104034423828)
 (X_1452 196.075927734375)
 (X_1453 24.365690231323242)
 (X_1454 78.05528259277344)
 (X_1455 184.7003631591797)
 (X_1456 30.465682983398438)
 (X_1457 85.04672241210938)
 (X_1458 141.96385192871094)
 (X_1459 23.443490982055664)
 (X_1460 31.908580780029297)
 (X_1461 173.92140197753906)
 (X_1462 4.190151691436768)
 (X_1463 33.38140106201172)
 (X_1464 165.25050354003906)
 (X_1465 31.837984085083008)
 (X_1466 34.77958679199219)
 (X_1467 113.82742309570312)
 (X_1468 18.563926696777344)
 (X_1469 31.663684844970703)
 (X_1470 124.63534545898438)
 (X_1471 23.344547271728516)
 (X_1472 19.874338150024414)
 (X_1473 155.00885009765625)
 (X_1474 20.637643814086914)
 (X_1475 18.7249755859375)
 (X_1476 87.69082641601562)
 (X_1477 2.6208958625793457)
 (X_1478 12.949931144714355)
 (X_1479 92.66212463378906)
 (X_1480 21.615100860595703)
 (X_1481 12.370296478271484)
 (X_1482 130.2467498779297)
 (X_1483 17.24736213684082)
 (X_1484 25.338029861450195)
 (X_1485 63.089561462402344)
 (X_1486 16.61606216430664)
 (X_1487 22.73822784423828)
 (X_1488 51.241573333740234)
 (X_1489 6.5598297119140625)
 (X_1490 12.605217933654785)
 (X_1491 83.25540161132812)
 (X_1492 17.02498435974121)
 (X_1493 10.815834045410156)
 (X_1494 30.14425277709961)
 (X_1495 20.09935760498047)
 (X_1496 23.90376853942871)
 (X_1497 17.947607040405273)
 (X_1498 17.10230827331543)
 (X_1499 5.579944133758545)
 (X_1500 9.727302551269531)
 (X_1501 26.95028305053711)
 (X_1502 16.70624542236328)
 (X_1503 68.87739562988281)
 (X_1504 7.522984504699707)
 (X_1505 13.847999572753906)
 (X_1506 64.17081451416016)
 (X_1507 14.002775192260742)
 (X_1508 24.53003692626953)
 (X_1509 18.508350372314453)
 (X_1510 12.507669448852539)
 (X_1511 32.704490661621094)
 (X_1512 98.56608581542969)
 (X_1513 11.268616676330566)
 (X_1514 7.610420227050781)
 (X_1515 89.29309844970703)
 (X_1516 29.75638771057129)
 (X_1517 4.540698051452637)
 (X_1518 83.43891906738281)
 (X_1519 13.834843635559082)
 (X_1520 21.121307373046875)
 (X_1521 148.64578247070312)
 (X_1522 22.068506240844727)
 (X_1523 15.867321968078613)
 (X_1524 119.550537109375)
 (X_1525 13.873889923095703)
 (X_1526 4.097104072570801)
 (X_1527 134.10195922851562)
 (X_1528 7.2272725105285645)
 (X_1529 12.750280380249023)
 (X_1530 177.47952270507812)
 (X_1531 20.809795379638672)
 (X_1532 42.11601257324219)
 (X_1533 157.10165405273438)
 (X_1534 28.88302993774414)
 (X_1535 51.69194793701172)
 (X_1536 161.6712188720703)
 (X_1537 24.236530303955078)
 (X_1538 44.998252868652344)
 (X_1539 193.35855102539062)
 (X_1540 5.281423568725586)
 (X_1541 91.37159729003906)
 (X_1542 178.3179473876953)
 (X_1543 23.32030487060547)
 (X_1544 73.04147338867188)
 (X_1545 181.69906616210938)
 (X_1546 25.227005004882812)
 (X_1547 78.40828704833984)
 (X_1548 174.32058715820312)
 (X_1549 14.73583698272705)
 (X_1550 149.60682678222656)
 (X_1551 170.8414306640625)
 (X_1552 34.124778747558594)
 (X_1553 132.75482177734375)
 (X_1554 198.4681396484375)
 (X_1555 11.834245681762695)
 (X_1556 114.46275329589844)
 (X_1557 158.22308349609375)
 (X_1558 14.41083812713623)
 (X_1559 171.53526306152344)
 (X_1560 185.57150268554688)
 (X_1561 20.706523895263672)
 (X_1562 162.22792053222656)
 (X_1563 192.85813903808594)
 (X_1564 11.446808815002441)
 (X_1565 167.29730224609375)
 (X_1566 171.57247924804688)
 (X_1567 7.5683770179748535)
 (X_1568 152.39125061035156)
 (X_1569 185.72222900390625)
 (X_1570 15.331062316894531)
 (X_1571 151.7706756591797)
 (X_1572 192.9221649169922)
 (X_1573 24.66927146911621)
 (X_1574 171.90306091308594)
 (X_1575 172.3446502685547)
 (X_1576 28.077213287353516)
 (X_1577 170.46958923339844)
 (X_1578 196.19378662109375)
 (X_1579 12.357806205749512)
 (X_1580 156.64271545410156)
 (X_1581 203.8208770751953)
 (X_1582 3.59954833984375)
 (X_1583 179.9120330810547)
 (X_1584 163.01707458496094)
 (X_1585 38.377323150634766)
 (X_1586 161.05511474609375)
 (X_1587 195.0667724609375)
 (X_1588 18.650436401367188)
 (X_1589 154.07139587402344)
 (X_1590 183.454345703125)
 (X_1591 20.10079002380371)
 (X_1592 164.77000427246094)
 (X_1593 158.58697509765625)
 (X_1594 143.02685546875)
 (X_1595 169.29510498046875)
 (X_1596 193.20370483398438)
 (X_1597 129.68939208984375)
 (X_1598 153.1477508544922)
 (X_1599 186.4447479248047)
 (X_1600 116.10121154785156)
 (X_1601 168.40846252441406)
 (X_1602 166.19558715820312)
 (X_1603 170.05850219726562)
 (X_1604 146.66500854492188)
 (X_1605 167.26515197753906)
 (X_1606 183.53411865234375)
 (X_1607 168.80801391601562)
 (X_1608 201.3817596435547)
 (X_1609 172.08670043945312)
 (X_1610 179.4326934814453)
 (X_1611 163.04385375976562)
 (X_1612 148.90200805664062)
 (X_1613 167.95733642578125)
 (X_1614 175.93675231933594)
 (X_1615 165.6373291015625)
 (X_1616 152.5035858154297)
 (X_1617 198.13075256347656)
 (X_1618 171.65740966796875)
 (X_1619 162.96876525878906)
 (X_1620 202.33360290527344)
 (X_1621 183.4696502685547)
 (X_1622 30.19396209716797)
 (X_1623 205.98744201660156)
 (X_1624 177.4200439453125)
 (X_1625 30.157670974731445)
 (X_1626 203.2490234375)
 (X_1627 198.95408630371094)
 (X_1628 29.10544204711914)
 (X_1629 182.2861328125)
 (X_1630 173.25115966796875)
 (X_1631 32.28816223144531)
 (X_1632 207.4212646484375)
 (X_1633 192.83370971679688)
 (X_1634 24.177539825439453)
 (X_1635 202.9590301513672)
 (X_1636 206.14505004882812)
 (X_1637 18.320659637451172)
 (X_1638 189.5680694580078)
 (X_1639 173.6625518798828)
 (X_1640 15.719297409057617)
 (X_1641 208.5252685546875)
 (X_1642 174.28256225585938)
 (X_1643 24.606239318847656)
 (X_1644 213.811767578125)
 (X_1645 186.20835876464844)
 (X_1646 31.882816314697266)
 (X_1647 177.21043395996094)
 (X_1648 175.90267944335938)
 (X_1649 15.834100723266602)
 (X_1650 197.19888305664062)
 (X_1651 191.53607177734375)
 (X_1652 23.313344955444336)
 (X_1653 217.25425720214844)
 (X_1654 182.3568115234375)
 (X_1655 20.50298309326172)
 (X_1656 193.87799072265625)
 (X_1657 177.78363037109375)
 (X_1658 26.877914428710938)
 (X_1659 186.63134765625)
 (X_1660 193.9103240966797)
 (X_1661 29.425825119018555)
 (X_1662 202.99623107910156)
 (X_1663 209.19126892089844)
 (X_1664 36.52618408203125)
 (X_1665 191.34751892089844)
 (X_1666 101.28080749511719)
 (X_1667 36.376365661621094)
 (X_1668 192.86093139648438)
 (X_1669 154.53005981445312)
 (X_1670 24.229507446289062)
 (X_1671 219.47308349609375)
 (X_1672 192.51768493652344)
 (X_1673 14.594696044921875)
 (X_1674 172.1723175048828)
 (X_1675 31.434484481811523)
 (X_1676 27.98595428466797)
 (X_1677 181.0369873046875)
 (X_1678 68.81558990478516)
 (X_1679 22.18665885925293)
 (X_1680 212.7267608642578)
 (X_1681 83.83787536621094)
 (X_1682 21.49777603149414)
 (X_1683 182.21633911132812)
 (X_1684 8.09744930267334)
 (X_1685 43.15669631958008)
 (X_1686 195.03994750976562)
 (X_1687 18.530427932739258)
 (X_1688 29.528276443481445)
 (X_1689 216.27293395996094)
 (X_1690 18.15277862548828)
 (X_1691 34.224021911621094)
 (X_1692 190.43142700195312)
 (X_1693 8.065472602844238)
 (X_1694 22.169008255004883)
 (X_1695 204.6451416015625)
 (X_1696 2.6493468284606934)
 (X_1697 38.26909637451172)
 (X_1698 214.23805236816406)
 (X_1699 20.246538162231445)
 (X_1700 14.43064022064209)
 (X_1701 187.42678833007812)
 (X_1702 24.01007080078125)
 (X_1703 21.80913543701172)
 (X_1704 184.57223510742188)
 (X_1705 24.560291290283203)
 (X_1706 37.597190856933594)
 (X_1707 210.8340606689453)
 (X_1708 14.844985961914062)
 (X_1709 25.164274215698242)
 (X_1710 151.5290069580078)
 (X_1711 19.14413833618164)
 (X_1712 32.20800018310547)
 (X_1713 170.14727783203125)
 (X_1714 15.796367645263672)
 (X_1715 25.933197021484375)
 (X_1716 190.77587890625)
 (X_1717 31.232648849487305)
 (X_1718 25.62677001953125)
 (X_1719 108.47032928466797)
 (X_1720 12.029973983764648)
 (X_1721 34.44990921020508)
 (X_1722 112.00385284423828)
 (X_1723 26.856260299682617)
 (X_1724 52.00089645385742)
 (X_1725 119.05905151367188)
 (X_1726 27.43759536743164)
 (X_1727 34.17213821411133)
 (X_1728 60.75700378417969)
 (X_1729 21.42693519592285)
 (X_1730 32.25453567504883)
 (X_1731 75.70764923095703)
 (X_1732 18.946205139160156)
 (X_1733 20.45825958251953)
 (X_1734 50.449562072753906)
 (X_1735 17.171165466308594)
 (X_1736 32.10287094116211)
 (X_1737 31.86000633239746)
 (X_1738 11.726310729980469)
 (X_1739 14.397944450378418)
 (X_1740 30.10820770263672)
 (X_1741 11.652730941772461)
 (X_1742 21.263473510742188)
 (X_1743 46.21405029296875)
 (X_1744 19.530000686645508)
 (X_1745 25.872310638427734)
 (X_1746 23.206314086914062)
 (X_1747 22.464643478393555)
 (X_1748 20.63973617553711)
 (X_1749 29.3617000579834)
 (X_1750 26.266653060913086)
 (X_1751 20.08802032470703)
 (X_1752 12.841534614562988)
 (X_1753 9.790016174316406)
 (X_1754 26.237838745117188)
 (X_1755 17.31555938720703)
 (X_1756 16.341758728027344)
 (X_1757 24.2490234375)
 (X_1758 27.273826599121094)
 (X_1759 16.8955020904541)
 (X_1760 15.114415168762207)
 (X_1761 17.62140655517578)
 (X_1762 19.256195068359375)
 (X_1763 21.59881019592285)
 (X_1764 17.87618064880371)
 (X_1765 27.039365768432617)
 (X_1766 27.854753494262695)
 (X_1767 5.426525592803955)
 (X_1768 19.929162979125977)
 (X_1769 30.261491775512695)
 (X_1770 17.62130355834961)
 (X_1771 24.310901641845703)
 (X_1772 15.618102073669434)
 (X_1773 14.513384819030762)
 (X_1774 22.24606704711914)
 (X_1775 25.7503604888916)
 (X_1776 0.9596139192581177)
 (X_1777 11.916365623474121)
 (X_1778 22.003889083862305)
 (X_1779 17.50411033630371)
 (X_1780 33.907127380371094)
 (X_1781 28.678083419799805)
 (X_1782 10.853649139404297)
 (X_1783 10.758164405822754)
 (X_1784 8.030519485473633)
 (X_1785 12.5315523147583)
 (X_1786 19.270368576049805)
 (X_1787 8.805159568786621)
 (X_1788 1.757164478302002)
 (X_1789 21.11359405517578)
 (X_1790 16.912580490112305)
 (X_1791 33.98851776123047)
 (X_1792 6.365373611450195)
 (X_1793 39.30512619018555)
 (X_1794 33.69124984741211)
 (X_1795 1.8439369201660156)
 (X_1796 18.96969985961914)
 (X_1797 20.65262222290039)
 (X_1798 33.16485595703125)
 (X_1799 26.37417221069336)
 (X_1800 72.03633880615234)
 (X_1801 28.03960609436035)
 (X_1802 72.94027709960938)
 (X_1803 59.45001983642578)
 (X_1804 17.983945846557617)
 (X_1805 43.023258209228516)
 (X_1806 43.813690185546875)
 (X_1807 33.19183349609375)
 (X_1808 69.95854949951172)
 (X_1809 124.49227905273438)
 (X_1810 27.927492141723633)
 (X_1811 92.7060317993164)
 (X_1812 119.20948791503906)
 (X_1813 20.233654022216797)
 (X_1814 89.88874053955078)
 (X_1815 85.65171813964844)
 (X_1816 25.548654556274414)
 (X_1817 108.31649017333984)
 (X_1818 152.96746826171875)
 (X_1819 17.270219802856445)
 (X_1820 110.76213073730469)
 (X_1821 163.05410766601562)
 (X_1822 24.759912490844727)
 (X_1823 106.23483276367188)
 (X_1824 171.8536376953125)
 (X_1825 12.957039833068848)
 (X_1826 106.93257141113281)
 (X_1827 188.83535766601562)
 (X_1828 25.44588279724121)
 (X_1829 112.39039611816406)
 (X_1830 169.8583984375)
 (X_1831 21.144344329833984)
 (X_1832 107.0156478881836)
 (X_1833 176.7045440673828)
 (X_1834 36.773399353027344)
 (X_1835 129.10293579101562)
 (X_1836 185.24594116210938)
 (X_1837 5.898593902587891)
 (X_1838 115.45401000976562)
 (X_1839 175.8043212890625)
 (X_1840 1.5619299411773682)
 (X_1841 108.9250259399414)
 (X_1842 203.3233642578125)
 (X_1843 11.10317611694336)
 (X_1844 111.64688110351562)
 (X_1845 161.3899383544922)
 (X_1846 33.03050994873047)
 (X_1847 136.1326904296875)
 (X_1848 183.3293914794922)
 (X_1849 16.224843978881836)
 (X_1850 110.64253234863281)
 (X_1851 208.31756591796875)
 (X_1852 2.347747802734375)
 (X_1853 135.00335693359375)
 (X_1854 187.35293579101562)
 (X_1855 54.15813446044922)
 (X_1856 142.89051818847656)
 (X_1857 190.76966857910156)
 (X_1858 28.60643196105957)
 (X_1859 116.41241455078125)
 (X_1860 181.16567993164062)
 (X_1861 5.520591735839844)
 (X_1862 122.29615783691406)
 (X_1863 169.33778381347656)
 (X_1864 135.5607452392578)
 (X_1865 143.6645050048828)
 (X_1866 181.72122192382812)
 (X_1867 122.58283233642578)
 (X_1868 132.32342529296875)
 (X_1869 190.97445678710938)
 (X_1870 106.8546371459961)
 (X_1871 156.7507781982422)
 (X_1872 163.3511962890625)
 (X_1873 170.62672424316406)
 (X_1874 142.59146118164062)
 (X_1875 190.47828674316406)
 (X_1876 183.6503448486328)
 (X_1877 164.58285522460938)
 (X_1878 190.6800537109375)
 (X_1879 187.05563354492188)
 (X_1880 163.73300170898438)
 (X_1881 177.3818359375)
 (X_1882 162.91998291015625)
 (X_1883 162.371826171875)
 (X_1884 180.63412475585938)
 (X_1885 180.6212921142578)
 (X_1886 154.77439880371094)
 (X_1887 190.02371215820312)
 (X_1888 192.58172607421875)
 (X_1889 151.6294403076172)
 (X_1890 161.814453125)
 (X_1891 167.06961059570312)
 (X_1892 31.61977195739746)
 (X_1893 171.1363525390625)
 (X_1894 188.15817260742188)
 (X_1895 17.917158126831055)
 (X_1896 187.2184600830078)
 (X_1897 195.5536651611328)
 (X_1898 22.841218948364258)
 (X_1899 184.7777557373047)
 (X_1900 179.58627319335938)
 (X_1901 9.379512786865234)
 (X_1902 175.91468811035156)
 (X_1903 195.82766723632812)
 (X_1904 32.03544616699219)
 (X_1905 196.95387268066406)
 (X_1906 196.54811096191406)
 (X_1907 34.24982452392578)
 (X_1908 179.39874267578125)
 (X_1909 169.0923614501953)
 (X_1910 18.43040657043457)
 (X_1911 188.32325744628906)
 (X_1912 182.4882354736328)
 (X_1913 6.802847862243652)
 (X_1914 181.22410583496094)
 (X_1915 196.6925506591797)
 (X_1916 18.6757755279541)
 (X_1917 190.3613739013672)
 (X_1918 172.6326446533203)
 (X_1919 23.615875244140625)
 (X_1920 180.45726013183594)
 (X_1921 185.86117553710938)
 (X_1922 26.08795738220215)
 (X_1923 208.33929443359375)
 (X_1924 209.28988647460938)
 (X_1925 26.085567474365234)
 (X_1926 177.40135192871094)
 (X_1927 169.28091430664062)
 (X_1928 36.304222106933594)
 (X_1929 198.9984130859375)
 (X_1930 195.82876586914062)
 (X_1931 32.63929748535156)
 (X_1932 206.33303833007812)
 (X_1933 189.5663604736328)
 (X_1934 31.004648208618164)
 (X_1935 171.74349975585938)
 (X_1936 123.08332824707031)
 (X_1937 22.20001220703125)
 (X_1938 184.88829040527344)
 (X_1939 171.86492919921875)
 (X_1940 18.170743942260742)
 (X_1941 193.58335876464844)
 (X_1942 202.3043212890625)
 (X_1943 28.812135696411133)
 (X_1944 163.95140075683594)
 (X_1945 43.620033264160156)
 (X_1946 29.995237350463867)
 (X_1947 204.23741149902344)
 (X_1948 63.58127975463867)
 (X_1949 14.835868835449219)
 (X_1950 206.87904357910156)
 (X_1951 97.20020294189453)
 (X_1952 27.46418571472168)
 (X_1953 170.3134002685547)
 (X_1954 31.069499969482422)
 (X_1955 7.790582656860352)
 (X_1956 195.5378875732422)
 (X_1957 18.441659927368164)
 (X_1958 36.613304138183594)
 (X_1959 207.31393432617188)
 (X_1960 31.29290008544922)
 (X_1961 30.157625198364258)
 (X_1962 174.38453674316406)
 (X_1963 16.80183219909668)
 (X_1964 11.118460655212402)
 (X_1965 185.48118591308594)
 (X_1966 6.213773727416992)
 (X_1967 12.114124298095703)
 (X_1968 206.50709533691406)
 (X_1969 30.427719116210938)
 (X_1970 27.262332916259766)
 (X_1971 136.61582946777344)
 (X_1972 28.116559982299805)
 (X_1973 35.188411712646484)
 (X_1974 141.12062072753906)
 (X_1975 21.863311767578125)
 (X_1976 20.48628807067871)
 (X_1977 168.2781219482422)
 (X_1978 28.45086669921875)
 (X_1979 17.919618606567383)
 (X_1980 68.58063507080078)
 (X_1981 22.94847869873047)
 (X_1982 24.824522018432617)
 (X_1983 68.47761535644531)
 (X_1984 16.707813262939453)
 (X_1985 7.93619441986084)
 (X_1986 91.02928161621094)
 (X_1987 31.796566009521484)
 (X_1988 26.125951766967773)
 (X_1989 21.17137336730957)
 (X_1990 35.02687454223633)
 (X_1991 11.477092742919922)
 (X_1992 39.26527786254883)
 (X_1993 25.47134017944336)
 (X_1994 9.350543975830078)
 (X_1995 17.3979549407959)
 (X_1996 25.153438568115234)
 (X_1997 16.541292190551758)
 (X_1998 7.406366348266602)
 (X_1999 24.712419509887695)
 (X_2000 23.249670028686523)
 (X_2001 29.63006591796875)
 (X_2002 16.902286529541016)
 (X_2003 22.794288635253906)
 (X_2004 27.127111434936523)
 (X_2005 23.363828659057617)
 (X_2006 27.60973358154297)
 (X_2007 24.13278579711914)
 (X_2008 31.21409034729004)
 (X_2009 9.076118469238281)
 (X_2010 16.11921501159668)
 (X_2011 31.842403411865234)
 (X_2012 29.810333251953125)
 (X_2013 18.939285278320312)
 (X_2014 18.42328453063965)
 (X_2015 35.58665466308594)
 (X_2016 33.323570251464844)
 (X_2017 28.339092254638672)
 (X_2018 7.207694053649902)
 (X_2019 27.575529098510742)
 (X_2020 2.422264575958252)
 (X_2021 26.33860969543457)
 (X_2022 14.865255355834961)
 (X_2023 13.557886123657227)
 (X_2024 34.57035827636719)
 (X_2025 26.015701293945312)
 (X_2026 14.254630088806152)
 (X_2027 26.06253433227539)
 (X_2028 5.861544609069824)
 (X_2029 25.855743408203125)
 (X_2030 25.06306266784668)
 (X_2031 27.625280380249023)
 (X_2032 35.93603515625)
 (X_2033 9.359594345092773)
 (X_2034 21.041154861450195)
 (X_2035 18.147188186645508)
 (X_2036 6.377933502197266)
 (X_2037 17.897611618041992)
 (X_2038 8.74548053741455)
 (X_2039 31.970874786376953)
 (X_2040 24.154321670532227)
 (X_2041 34.93328857421875)
 (X_2042 24.907197952270508)
 (X_2043 3.549527406692505)
 (X_2044 25.957290649414062)
 (X_2045 4.190929412841797)
 (X_2046 3.288102626800537)
 (X_2047 20.88732147216797)
 (X_2048 29.638338088989258)
 (X_2049 25.717361450195312)
 (X_2050 26.68667984008789)
 (X_2051 26.990026473999023)
 (X_2052 12.780755043029785)
 (X_2053 6.777183532714844)
 (X_2054 23.208162307739258)
 (X_2055 14.85802936553955)
 (X_2056 20.561664581298828)
 (X_2057 24.798831939697266)
 (X_2058 29.352497100830078)
 (X_2059 21.01762580871582)
 (X_2060 22.238292694091797)
 (X_2061 6.487326622009277)
 (X_2062 5.535496711730957)
 (X_2063 18.87490463256836)
 (X_2064 1.9617114067077637)
 (X_2065 18.995162963867188)
 (X_2066 27.28201675415039)
 (X_2067 22.637086868286133)
 (X_2068 17.339759826660156)
 (X_2069 16.460294723510742)
 (X_2070 21.48128318786621)
 (X_2071 33.710960388183594)
 (X_2072 18.674869537353516)
 (X_2073 15.68471622467041)
 (X_2074 29.871219635009766)
 (X_2075 35.08033752441406)
 (X_2076 14.455401420593262)
 (X_2077 7.2947282791137695)
 (X_2078 22.654212951660156)
 (X_2079 46.34992218017578)
 (X_2080 26.912904739379883)
 (X_2081 27.283767700195312)
 (X_2082 12.13582992553711)
 (X_2083 3.1435742378234863)
 (X_2084 16.638757705688477)
 (X_2085 14.563568115234375)
 (X_2086 11.041406631469727)
 (X_2087 39.258644104003906)
 (X_2088 96.62295532226562)
 (X_2089 22.155731201171875)
 (X_2090 30.130001068115234)
 (X_2091 77.0516357421875)
 (X_2092 20.957683563232422)
 (X_2093 36.338111877441406)
 (X_2094 65.74899291992188)
 (X_2095 18.486896514892578)
 (X_2096 35.90471649169922)
 (X_2097 143.2833709716797)
 (X_2098 27.735610961914062)
 (X_2099 46.72898864746094)
 (X_2100 108.63038635253906)
 (X_2101 16.745586395263672)
 (X_2102 39.14241409301758)
 (X_2103 123.45901489257812)
 (X_2104 18.16059112548828)
 (X_2105 24.58696746826172)
 (X_2106 186.4737548828125)
 (X_2107 32.31174850463867)
 (X_2108 35.881256103515625)
 (X_2109 176.3653106689453)
 (X_2110 9.413154602050781)
 (X_2111 39.62596130371094)
 (X_2112 180.2823028564453)
 (X_2113 3.139594554901123)
 (X_2114 31.104894638061523)
 (X_2115 181.1694793701172)
 (X_2116 35.537506103515625)
 (X_2117 44.138771057128906)
 (X_2118 173.7719268798828)
 (X_2119 17.586517333984375)
 (X_2120 20.372455596923828)
 (X_2121 182.97317504882812)
 (X_2122 20.050983428955078)
 (X_2123 20.307798385620117)
 (X_2124 169.75144958496094)
 (X_2125 43.95524597167969)
 (X_2126 46.70848083496094)
 (X_2127 185.05807495117188)
 (X_2128 27.011905670166016)
 (X_2129 46.948692321777344)
 (X_2130 183.84283447265625)
 (X_2131 1.118910789489746)
 (X_2132 30.913616180419922)
 (X_2133 155.53976440429688)
 (X_2134 127.76203918457031)
 (X_2135 48.43178939819336)
 (X_2136 175.71633911132812)
 (X_2137 138.9534149169922)
 (X_2138 62.760948181152344)
 (X_2139 182.1186981201172)
 (X_2140 118.42703247070312)
 (X_2141 57.59593963623047)
 (X_2142 153.75831604003906)
 (X_2143 171.36790466308594)
 (X_2144 58.64169692993164)
 (X_2145 192.95071411132812)
 (X_2146 162.24034118652344)
 (X_2147 51.30729675292969)
 (X_2148 207.82681274414062)
 (X_2149 173.52114868164062)
 (X_2150 64.06446075439453)
 (X_2151 154.3145294189453)
 (X_2152 171.52304077148438)
 (X_2153 68.02867126464844)
 (X_2154 167.9145965576172)
 (X_2155 172.35781860351562)
 (X_2156 60.97518539428711)
 (X_2157 192.94577026367188)
 (X_2158 166.12158203125)
 (X_2159 67.05227661132812)
 (X_2160 181.36734008789062)
 (X_2161 164.4789276123047)
 (X_2162 19.111534118652344)
 (X_2163 183.90194702148438)
 (X_2164 185.6712646484375)
 (X_2165 32.24089431762695)
 (X_2166 186.8644256591797)
 (X_2167 203.04527282714844)
 (X_2168 16.074020385742188)
 (X_2169 174.92906188964844)
 (X_2170 184.1268310546875)
 (X_2171 5.287884712219238)
 (X_2172 171.32559204101562)
 (X_2173 181.8625946044922)
 (X_2174 20.790246963500977)
 (X_2175 178.05186462402344)
 (X_2176 201.44627380371094)
 (X_2177 5.71772575378418)
 (X_2178 153.15438842773438)
 (X_2179 179.90586853027344)
 (X_2180 14.082747459411621)
 (X_2181 164.51568603515625)
 (X_2182 198.03305053710938)
 (X_2183 25.500900268554688)
 (X_2184 193.0851593017578)
 (X_2185 187.68984985351562)
 (X_2186 13.732151985168457)
 (X_2187 163.33323669433594)
 (X_2188 186.88401794433594)
 (X_2189 18.05585479736328)
 (X_2190 185.9090576171875)
 (X_2191 197.6631317138672)
 (X_2192 13.979326248168945)
 (X_2193 173.87522888183594)
 (X_2194 184.43943786621094)
 (X_2195 31.720932006835938)
 (X_2196 179.1182403564453)
 (X_2197 172.9121856689453)
 (X_2198 28.75845718383789)
 (X_2199 164.02685546875)
 (X_2200 198.65626525878906)
 (X_2201 21.055992126464844)
 (X_2202 169.95904541015625)
 (X_2203 191.0408935546875)
 (X_2204 17.105945587158203)
 (X_2205 151.83535766601562)
 (X_2206 116.08213806152344)
 (X_2207 24.01105308532715)
 (X_2208 163.7491912841797)
 (X_2209 168.19970703125)
 (X_2210 10.489336013793945)
 (X_2211 167.43533325195312)
 (X_2212 187.00259399414062)
 (X_2213 18.723323822021484)
 (X_2214 149.97325134277344)
 (X_2215 56.84369659423828)
 (X_2216 30.995885848999023)
 (X_2217 188.33409118652344)
 (X_2218 88.0916519165039)
 (X_2219 13.469501495361328)
 (X_2220 190.98046875)
 (X_2221 129.42579650878906)
 (X_2222 34.711822509765625)
 (X_2223 149.56996154785156)
 (X_2224 14.342247009277344)
 (X_2225 8.846831321716309)
 (X_2226 193.3029022216797)
 (X_2227 6.548332214355469)
 (X_2228 22.618148803710938)
 (X_2229 199.70384216308594)
 (X_2230 40.70829772949219)
 (X_2231 29.128694534301758)
 (X_2232 123.70611572265625)
 (X_2233 30.493144989013672)
 (X_2234 26.45591926574707)
 (X_2235 126.4055404663086)
 (X_2236 25.113727569580078)
 (X_2237 22.381032943725586)
 (X_2238 178.7706298828125)
 (X_2239 27.17915916442871)
 (X_2240 29.360843658447266)
 (X_2241 41.97077941894531)
 (X_2242 10.24796199798584)
 (X_2243 5.137507915496826)
 (X_2244 54.64887619018555)
 (X_2245 26.27983856201172)
 (X_2246 18.75821304321289)
 (X_2247 110.73234558105469)
 (X_2248 36.13450622558594)
 (X_2249 32.59033203125)
 (X_2250 28.228769302368164)
 (X_2251 16.055654525756836)
 (X_2252 34.83018493652344)
 (X_2253 12.578519821166992)
 (X_2254 22.695125579833984)
 (X_2255 34.86371612548828)
 (X_2256 39.166534423828125)
 (X_2257 26.194866180419922)
 (X_2258 28.218503952026367)
 (X_2259 6.039989471435547)
 (X_2260 12.753747940063477)
 (X_2261 28.395099639892578)
 (X_2262 17.40057945251465)
 (X_2263 39.09589385986328)
 (X_2264 8.80376148223877)
 (X_2265 18.685731887817383)
 (X_2266 34.23750305175781)
 (X_2267 16.540456771850586)
 (X_2268 9.22889232635498)
 (X_2269 11.146951675415039)
 (X_2270 25.39533233642578)
 (X_2271 8.7878999710083)
 (X_2272 9.826403617858887)
 (X_2273 8.739835739135742)
 (X_2274 18.829421997070312)
 (X_2275 19.36859130859375)
 (X_2276 8.633572578430176)
 (X_2277 23.335102081298828)
 (X_2278 19.41342544555664)
 (X_2279 13.829717636108398)
 (X_2280 16.02986717224121)
 (X_2281 19.536130905151367)
 (X_2282 4.668464660644531)
 (X_2283 30.946836471557617)
 (X_2284 19.41642951965332)
 (X_2285 33.029869079589844)
 (X_2286 24.083446502685547)
 (X_2287 7.873749732971191)
 (X_2288 30.88644027709961)
 (X_2289 17.60537338256836)
 (X_2290 23.723670959472656)
 (X_2291 8.5938138961792)
 (X_2292 5.00025749206543)
 (X_2293 7.542557239532471)
 (X_2294 27.87059783935547)
 (X_2295 24.182626724243164)
 (X_2296 16.06324005126953)
 (X_2297 8.442208290100098)
 (X_2298 15.369250297546387)
 (X_2299 3.9049220085144043)
 (X_2300 19.890655517578125)
 (X_2301 32.34983444213867)
 (X_2302 23.384923934936523)
 (X_2303 34.980369567871094)
 (X_2304 15.872992515563965)
 (X_2305 20.653705596923828)
 (X_2306 12.898756980895996)
 (X_2307 26.98694610595703)
 (X_2308 11.437692642211914)
 (X_2309 7.947254180908203)
 (X_2310 10.859811782836914)
 (X_2311 14.685787200927734)
 (X_2312 24.011199951171875)
 (X_2313 14.767446517944336)
 (X_2314 7.3765950202941895)
 (X_2315 3.7243313789367676)
 (X_2316 18.501440048217773)
 (X_2317 17.388551712036133)
 (X_2318 17.21633529663086)
 (X_2319 30.7487735748291)
 (X_2320 15.71656608581543)
 (X_2321 29.484376907348633)
 (X_2322 22.012252807617188)
 (X_2323 8.919322967529297)
 (X_2324 14.402544021606445)
 (X_2325 25.81584930419922)
 (X_2326 9.086583137512207)
 (X_2327 27.734390258789062)
 (X_2328 16.66191864013672)
 (X_2329 36.994361877441406)
 (X_2330 30.117721557617188)
 (X_2331 15.615219116210938)
 (X_2332 4.518336772918701)
 (X_2333 5.772352695465088)
 (X_2334 1.3904223442077637)
 (X_2335 19.97914695739746)
 (X_2336 4.089254856109619)
 (X_2337 18.4352970123291)
 (X_2338 18.37860107421875)
 (X_2339 22.325115203857422)
 (X_2340 28.717605590820312)
 (X_2341 11.820944786071777)
 (X_2342 9.619514465332031)
 (X_2343 18.835935592651367)
 (X_2344 19.838350296020508)
 (X_2345 26.659379959106445)
 (X_2346 5.963054180145264)
 (X_2347 21.617774963378906)
 (X_2348 29.045406341552734)
 (X_2349 26.189632415771484)
 (X_2350 12.292276382446289)
 (X_2351 5.564360618591309)
 (X_2352 0.06290197372436523)
 (X_2353 6.139562129974365)
 (X_2354 27.564716339111328)
 (X_2355 21.313634872436523)
 (X_2356 2.4190468788146973)
 (X_2357 6.938049793243408)
 (X_2358 19.13239097595215)
 (X_2359 35.68944549560547)
 (X_2360 21.00616455078125)
 (X_2361 10.149497985839844)
 (X_2362 27.851144790649414)
 (X_2363 33.53662109375)
 (X_2364 4.6069488525390625)
 (X_2365 22.040374755859375)
 (X_2366 25.578588485717773)
 (X_2367 64.53520202636719)
 (X_2368 18.332962036132812)
 (X_2369 6.425181865692139)
 (X_2370 62.65496826171875)
 (X_2371 14.138875007629395)
 (X_2372 34.12445831298828)
 (X_2373 28.348499298095703)
 (X_2374 29.976999282836914)
 (X_2375 27.86542320251465)
 (X_2376 134.90634155273438)
 (X_2377 5.917681694030762)
 (X_2378 6.474510192871094)
 (X_2379 119.04353332519531)
 (X_2380 19.74735450744629)
 (X_2381 14.486052513122559)
 (X_2382 128.45057678222656)
 (X_2383 8.707202911376953)
 (X_2384 10.445938110351562)
 (X_2385 170.1674346923828)
 (X_2386 24.389732360839844)
 (X_2387 10.986438751220703)
 (X_2388 164.38272094726562)
 (X_2389 23.105289459228516)
 (X_2390 16.681171417236328)
 (X_2391 167.05923461914062)
 (X_2392 8.368149757385254)
 (X_2393 14.786900520324707)
 (X_2394 177.59439086914062)
 (X_2395 86.37554168701172)
 (X_2396 9.948945045471191)
 (X_2397 191.80247497558594)
 (X_2398 60.69350814819336)
 (X_2399 22.570873260498047)
 (X_2400 182.997802734375)
 (X_2401 43.31773376464844)
 (X_2402 32.24791717529297)
 (X_2403 180.08160400390625)
 (X_2404 150.80160522460938)
 (X_2405 17.403221130371094)
 (X_2406 182.96890258789062)
 (X_2407 162.02328491210938)
 (X_2408 17.371538162231445)
 (X_2409 203.5106658935547)
 (X_2410 148.45535278320312)
 (X_2411 24.145193099975586)
 (X_2412 168.26052856445312)
 (X_2413 173.84982299804688)
 (X_2414 7.435549736022949)
 (X_2415 171.04371643066406)
 (X_2416 164.1863250732422)
 (X_2417 28.063304901123047)
 (X_2418 187.52261352539062)
 (X_2419 166.2327880859375)
 (X_2420 3.2439916133880615)
 (X_2421 181.90274047851562)
 (X_2422 163.39537048339844)
 (X_2423 20.32932472229004)
 (X_2424 188.6442108154297)
 (X_2425 178.20542907714844)
 (X_2426 18.44345474243164)
 (X_2427 177.20999145507812)
 (X_2428 179.57208251953125)
 (X_2429 6.4136643409729)
 (X_2430 173.6068572998047)
 (X_2431 182.38204956054688)
 (X_2432 18.5169677734375)
 (X_2433 187.44894409179688)
 (X_2434 171.3444366455078)
 (X_2435 19.23322868347168)
 (X_2436 221.93704223632812)
 (X_2437 211.93019104003906)
 (X_2438 9.893033027648926)
 (X_2439 196.81304931640625)
 (X_2440 172.0564727783203)
 (X_2441 14.638218879699707)
 (X_2442 195.88546752929688)
 (X_2443 174.2029571533203)
 (X_2444 24.251476287841797)
 (X_2445 207.3637237548828)
 (X_2446 190.61207580566406)
 (X_2447 12.258548736572266)
 (X_2448 167.6220703125)
 (X_2449 172.95787048339844)
 (X_2450 20.574138641357422)
 (X_2451 199.3946533203125)
 (X_2452 175.41212463378906)
 (X_2453 31.481281280517578)
 (X_2454 188.6697235107422)
 (X_2455 201.8211669921875)
 (X_2456 10.664796829223633)
 (X_2457 189.51849365234375)
 (X_2458 169.7547149658203)
 (X_2459 6.498583793640137)
 (X_2460 203.8205108642578)
 (X_2461 181.80062866210938)
 (X_2462 23.80560874938965)
 (X_2463 206.77247619628906)
 (X_2464 190.40338134765625)
 (X_2465 10.496463775634766)
 (X_2466 189.82228088378906)
 (X_2467 158.7158203125)
 (X_2468 4.986298084259033)
 (X_2469 197.07656860351562)
 (X_2470 173.050537109375)
 (X_2471 20.262130737304688)
 (X_2472 207.47711181640625)
 (X_2473 204.43154907226562)
 (X_2474 14.53980827331543)
 (X_2475 188.66845703125)
 (X_2476 137.1772918701172)
 (X_2477 10.881284713745117)
 (X_2478 187.62843322753906)
 (X_2479 172.9479217529297)
 (X_2480 9.472224235534668)
 (X_2481 183.96458435058594)
 (X_2482 216.41867065429688)
 (X_2483 7.765805244445801)
 (X_2484 182.73660278320312)
 (X_2485 90.68632507324219)
 (X_2486 24.58860969543457)
 (X_2487 179.3145751953125)
 (X_2488 116.52985382080078)
 (X_2489 23.660444259643555)
 (X_2490 197.85519409179688)
 (X_2491 182.6735076904297)
 (X_2492 30.65207290649414)
 (X_2493 150.87832641601562)
 (X_2494 8.102580070495605)
 (X_2495 8.709945678710938)
 (X_2496 159.87252807617188)
 (X_2497 29.876941680908203)
 (X_2498 29.306909561157227)
 (X_2499 193.87571716308594)
 (X_2500 56.357391357421875)
 (X_2501 4.351208209991455)
 (X_2502 58.455833435058594)
 (X_2503 14.500107765197754)
 (X_2504 17.37810516357422)
 (X_2505 70.4074478149414)
 (X_2506 25.7123966217041)
 (X_2507 6.391848087310791)
 (X_2508 90.47093963623047)
 (X_2509 10.192676544189453)
 (X_2510 5.033296585083008)
 (X_2511 20.84790802001953)
 (X_2512 22.64638900756836)
 (X_2513 2.1392083168029785)
 (X_2514 37.77265930175781)
 (X_2515 19.60447120666504)
 (X_2516 17.4091854095459)
 (X_2517 9.339262008666992)
 (X_2518 26.511375427246094)
 (X_2519 21.916837692260742)
 (X_2520 2.9221487045288086)
 (X_2521 23.831201553344727)
 (X_2522 13.932122230529785)
 (X_2523 11.744657516479492)
 (X_2524 32.65886688232422)
 (X_2525 25.597896575927734)
 (X_2526 20.152437210083008)
 (X_2527 33.16474151611328)
 (X_2528 28.982675552368164)
 (X_2529 23.598915100097656)
 (X_2530 29.1260929107666)
 (X_2531 18.943510055541992)
 (X_2532 23.82720375061035)
 (X_2533 22.081151962280273)
 (X_2534 8.471685409545898)
 (X_2535 26.26966094970703)
 (X_2536 17.379304885864258)
 (X_2537 28.459409713745117)
 (X_2538 23.048858642578125)
 (X_2539 16.428997039794922)
 (X_2540 21.135494232177734)
 (X_2541 4.312582492828369)
 (X_2542 18.628772735595703)
 (X_2543 3.4681010246276855)
 (X_2544 32.33156204223633)
 (X_2545 28.831594467163086)
 (X_2546 20.232017517089844)
 (X_2547 37.95515060424805)
 (X_2548 17.935359954833984)
 (X_2549 30.569438934326172)
 (X_2550 28.546457290649414)
 (X_2551 11.338260650634766)
 (X_2552 30.437437057495117)
 (X_2553 30.88627815246582)
 (X_2554 7.451165199279785)
 (X_2555 10.196855545043945)
 (X_2556 41.0255241394043)
 (X_2557 25.560361862182617)
 (X_2558 19.731435775756836)
 (X_2559 11.494009017944336)
 (X_2560 22.337467193603516)
 (X_2561 16.399906158447266)
 (X_2562 24.860530853271484)
 (X_2563 24.87060546875)
 (X_2564 7.369926452636719)
 (X_2565 15.795228958129883)
 (X_2566 2.6956491470336914)
 (X_2567 19.536840438842773)
 (X_2568 20.404747009277344)
 (X_2569 13.73289680480957)
 (X_2570 24.75159454345703)
 (X_2571 31.538799285888672)
 (X_2572 33.453121185302734)
 (X_2573 22.860309600830078)
 (X_2574 26.260677337646484)
 (X_2575 5.595341205596924)
 (X_2576 23.22754669189453)
 (X_2577 26.38290786743164)
 (X_2578 16.438085556030273)
 (X_2579 34.5590705871582)
 (X_2580 42.617408752441406)
 (X_2581 23.621004104614258)
 (X_2582 37.795013427734375)
 (X_2583 39.63651657104492)
 (X_2584 32.8851203918457)
 (X_2585 26.7760009765625)
 (X_2586 33.99883270263672)
 (X_2587 31.035219192504883)
 (X_2588 20.503087997436523)
 (X_2589 32.15181350708008)
 (X_2590 12.278337478637695)
 (X_2591 35.462120056152344)
 (X_2592 17.031352996826172)
 (X_2593 30.120851516723633)
 (X_2594 30.92511558532715)
 (X_2595 27.25351905822754)
 (X_2596 23.614826202392578)
 (X_2597 19.988550186157227)
 (X_2598 22.827442169189453)
 (X_2599 26.79935073852539)
 (X_2600 7.4738664627075195)
 (X_2601 12.514263153076172)
 (X_2602 2.8200879096984863)
 (X_2603 2.033658027648926)
 (X_2604 30.418052673339844)
 (X_2605 21.352352142333984)
 (X_2606 29.82070541381836)
 (X_2607 15.599065780639648)
 (X_2608 12.517370223999023)
 (X_2609 13.873769760131836)
 (X_2610 26.89548110961914)
 (X_2611 14.74894905090332)
 (X_2612 4.844413757324219)
 (X_2613 12.333038330078125)
 (X_2614 14.994989395141602)
 (X_2615 4.211515426635742)
 (X_2616 28.389097213745117)
 (X_2617 14.735878944396973)
 (X_2618 24.02296257019043)
 (X_2619 18.85161590576172)
 (X_2620 23.897069931030273)
 (X_2621 26.130748748779297)
 (X_2622 27.993623733520508)
 (X_2623 30.7783203125)
 (X_2624 7.056895732879639)
 (X_2625 27.548404693603516)
 (X_2626 17.764179229736328)
 (X_2627 25.02292251586914)
 (X_2628 30.547565460205078)
 (X_2629 31.468524932861328)
 (X_2630 23.540266036987305)
 (X_2631 17.953462600708008)
 (X_2632 15.713472366333008)
 (X_2633 25.459585189819336)
 (X_2634 21.443078994750977)
 (X_2635 32.76664733886719)
 (X_2636 21.45807647705078)
 (X_2637 26.20490074157715)
 (X_2638 31.28438949584961)
 (X_2639 19.665637969970703)
 (X_2640 16.139312744140625)
 (X_2641 11.831595420837402)
 (X_2642 5.9663848876953125)
 (X_2643 22.128963470458984)
 (X_2644 18.765382766723633)
 (X_2645 10.918716430664062)
 (X_2646 66.12781524658203)
 (X_2647 13.61389446258545)
 (X_2648 7.344159126281738)
 (X_2649 50.26211929321289)
 (X_2650 21.097225189208984)
 (X_2651 18.115856170654297)
 (X_2652 32.074886322021484)
 (X_2653 17.640474319458008)
 (X_2654 32.62924575805664)
 (X_2655 134.99732971191406)
 (X_2656 39.51128005981445)
 (X_2657 32.2703742980957)
 (X_2658 120.24299621582031)
 (X_2659 9.269377708435059)
 (X_2660 7.133709907531738)
 (X_2661 128.8626708984375)
 (X_2662 0.7463449835777283)
 (X_2663 21.4257755279541)
 (X_2664 182.4899139404297)
 (X_2665 111.00202941894531)
 (X_2666 5.20724630355835)
 (X_2667 172.73802185058594)
 (X_2668 89.96978759765625)
 (X_2669 8.740982055664062)
 (X_2670 189.23036193847656)
 (X_2671 77.16636657714844)
 (X_2672 27.554996490478516)
 (X_2673 159.46241760253906)
 (X_2674 160.51712036132812)
 (X_2675 22.334482192993164)
 (X_2676 187.7029266357422)
 (X_2677 157.3599395751953)
 (X_2678 35.58956527709961)
 (X_2679 191.0244140625)
 (X_2680 170.11630249023438)
 (X_2681 22.73114013671875)
 (X_2682 152.82388305664062)
 (X_2683 163.86660766601562)
 (X_2684 20.12271499633789)
 (X_2685 184.54852294921875)
 (X_2686 158.0406036376953)
 (X_2687 13.67552661895752)
 (X_2688 204.98316955566406)
 (X_2689 166.9044647216797)
 (X_2690 33.01293182373047)
 (X_2691 174.8380126953125)
 (X_2692 165.25900268554688)
 (X_2693 15.049250602722168)
 (X_2694 162.19384765625)
 (X_2695 165.02520751953125)
 (X_2696 29.293670654296875)
 (X_2697 198.3994598388672)
 (X_2698 169.23545837402344)
 (X_2699 26.673925399780273)
 (Y_0 716.0)
 (Y_1 846.0)
 (Y_2 668.0)
 (Y_3 766.0)
 (Y_4 860.0)
 (Y_5 502.0)
 (Y_6 386.0)
 (Y_7 576.0)
 (Y_8 786.0)
 (Y_9 352.0)
 (Y_10 430.0)
 (Y_11 860.0)
 (Y_12 1076.0)
 (Y_13 720.0)
 (Y_14 534.0)
 (Y_15 852.0)
 (Y_16 -66.0)
 (Y_17 1018.0)
 (Y_18 1158.0)
 (Y_19 568.0)
 (Y_20 1060.0)
 (Y_21 368.0)
 (Y_22 998.0)
 (Y_23 768.0)
 (Y_24 492.0)
 (Y_25 912.0)
 (Y_26 1164.0)
 (Y_27 792.0)
 (Y_28 1172.0)
 (Y_29 510.0)
 (Y_30 888.0)
 (Y_31 678.0)
 (Y_32 944.0)
 (Y_33 474.0)
 (Y_34 436.0)
 (Y_35 -2.0)
 (Y_36 426.0)
 (Y_37 -532.0)
 (Y_38 576.0)
 (Y_39 226.0)
 (Y_40 222.0)
 (Y_41 654.0)
 (Y_42 540.0))
