sat,1.209819
((X_0 50.70149230957031)
 (X_1 62.34925079345703)
 (X_2 99.26484680175781)
 (X_3 48.4433479309082)
 (X_4 76.83699798583984)
 (X_5 92.35789489746094)
 (X_6 52.10334014892578)
 (X_7 52.84164047241211)
 (X_8 72.27090454101562)
 (X_9 73.33580017089844)
 (X_10 83.52635192871094)
 (X_11 58.7918586730957)
 (X_12 62.62046432495117)
 (X_13 83.84371948242188)
 (X_14 58.03138732910156)
 (X_15 57.48966979980469)
 (X_16 64.23845672607422)
 (X_17 46.58567810058594)
 (X_18 87.08468627929688)
 (X_19 79.83245849609375)
 (X_20 64.64824676513672)
 (X_21 95.05529022216797)
 (X_22 100.16407012939453)
 (X_23 78.05488586425781)
 (X_24 58.33460235595703)
 (X_25 79.91381072998047)
 (X_26 45.515594482421875)
 (X_27 71.78414916992188)
 (X_28 84.51982879638672)
 (X_29 84.45877075195312)
 (X_30 68.86199188232422)
 (X_31 85.15815734863281)
 (X_32 66.43189239501953)
 (X_33 59.490638732910156)
 (X_34 82.20106506347656)
 (X_35 69.9544906616211)
 (X_36 57.094608306884766)
 (X_37 96.11627197265625)
 (X_38 80.45857238769531)
 (X_39 81.55767822265625)
 (X_40 102.08103942871094)
 (X_41 83.88467407226562)
 (X_42 39.77695083618164)
 (X_43 101.71207427978516)
 (X_44 67.48060607910156)
 (X_45 66.99018859863281)
 (X_46 132.15872192382812)
 (X_47 84.2484359741211)
 (X_48 62.808738708496094)
 (X_49 168.38368225097656)
 (X_50 71.43891906738281)
 (X_51 39.610382080078125)
 (X_52 149.98541259765625)
 (X_53 83.28099822998047)
 (X_54 81.22384643554688)
 (X_55 177.02713012695312)
 (X_56 82.87849426269531)
 (X_57 87.8594970703125)
 (X_58 193.98593139648438)
 (X_59 104.85304260253906)
 (X_60 50.03177261352539)
 (X_61 212.3852996826172)
 (X_62 116.81562805175781)
 (X_63 70.55831909179688)
 (X_64 167.46511840820312)
 (X_65 69.12936401367188)
 (X_66 83.96549987792969)
 (X_67 168.4893798828125)
 (X_68 88.52664184570312)
 (X_69 74.88214111328125)
 (X_70 209.760986328125)
 (X_71 155.80943298339844)
 (X_72 82.37799072265625)
 (X_73 117.24090576171875)
 (X_74 71.15653228759766)
 (X_75 76.62609100341797)
 (X_76 116.85299682617188)
 (X_77 100.01695251464844)
 (X_78 68.21688079833984)
 (X_79 173.9275360107422)
 (X_80 160.3242645263672)
 (X_81 100.55807495117188)
 (X_82 63.34720230102539)
 (X_83 42.939849853515625)
 (X_84 67.5718765258789)
 (X_85 96.78941345214844)
 (X_86 82.81580352783203)
 (X_87 55.256622314453125)
 (X_88 170.19300842285156)
 (X_89 155.7030792236328)
 (X_90 72.45829010009766)
 (X_91 48.59812927246094)
 (X_92 55.36592102050781)
 (X_93 64.32511901855469)
 (X_94 67.77603912353516)
 (X_95 90.48251342773438)
 (X_96 66.7848892211914)
 (X_97 146.22047424316406)
 (X_98 180.41383361816406)
 (X_99 67.9668197631836)
 (X_100 28.343887329101562)
 (X_101 89.10688781738281)
 (X_102 73.09949493408203)
 (X_103 66.18597412109375)
 (X_104 135.76766967773438)
 (X_105 47.091064453125)
 (X_106 167.83441162109375)
 (X_107 185.41783142089844)
 (X_108 66.1010513305664)
 (X_109 44.705299377441406)
 (X_110 113.02177429199219)
 (X_111 63.10050964355469)
 (X_112 75.08366394042969)
 (X_113 154.09078979492188)
 (X_114 60.785552978515625)
 (X_115 150.53440856933594)
 (X_116 206.07383728027344)
 (X_117 87.12458801269531)
 (X_118 28.24549674987793)
 (X_119 128.7216033935547)
 (X_120 88.1285629272461)
 (X_121 76.73868560791016)
 (X_122 169.55859375)
 (X_123 63.50956344604492)
 (X_124 147.58470153808594)
 (X_125 207.34898376464844)
 (X_126 81.11808013916016)
 (X_127 51.67012023925781)
 (X_128 121.34597778320312)
 (X_129 74.10316467285156)
 (X_130 76.60930633544922)
 (X_131 132.6545867919922)
 (X_132 70.02908325195312)
 (X_133 166.48373413085938)
 (X_134 198.79483032226562)
 (X_135 80.58580017089844)
 (X_136 61.593379974365234)
 (X_137 95.2222671508789)
 (X_138 58.794254302978516)
 (X_139 113.44863891601562)
 (X_140 99.1552505493164)
 (X_141 55.1667366027832)
 (X_142 174.99288940429688)
 (X_143 163.4069061279297)
 (X_144 51.75562286376953)
 (X_145 102.78376007080078)
 (X_146 60.93647766113281)
 (X_147 54.34716796875)
 (X_148 132.095703125)
 (X_149 68.60633850097656)
 (X_150 62.55097198486328)
 (X_151 194.37005615234375)
 (X_152 152.4163818359375)
 (X_153 63.66669464111328)
 (X_154 106.6552734375)
 (X_155 53.73794174194336)
 (X_156 48.51688766479492)
 (X_157 143.69989013671875)
 (X_158 76.40695190429688)
 (X_159 59.16167449951172)
 (X_160 183.79400634765625)
 (X_161 151.4423370361328)
 (X_162 50.300994873046875)
 (X_163 123.16785430908203)
 (X_164 53.967529296875)
 (X_165 54.622840881347656)
 (X_166 135.1594696044922)
 (X_167 89.71513366699219)
 (X_168 41.954368591308594)
 (X_169 189.60267639160156)
 (X_170 148.28810119628906)
 (X_171 64.06158447265625)
 (X_172 111.28738403320312)
 (X_173 30.385372161865234)
 (X_174 66.05245971679688)
 (X_175 140.37074279785156)
 (X_176 69.77845001220703)
 (X_177 66.86213684082031)
 (X_178 195.4840850830078)
 (X_179 160.29322814941406)
 (X_180 73.17254638671875)
 (X_181 108.54010009765625)
 (X_182 51.15065383911133)
 (X_183 85.62285614013672)
 (X_184 123.13937377929688)
 (X_185 72.4598388671875)
 (X_186 61.366432189941406)
 (X_187 177.85716247558594)
 (X_188 143.44610595703125)
 (X_189 77.57117462158203)
 (X_190 77.17106628417969)
 (X_191 46.971595764160156)
 (X_192 85.54618835449219)
 (X_193 96.70950317382812)
 (X_194 82.34663391113281)
 (X_195 49.565635681152344)
 (X_196 151.6669464111328)
 (X_197 151.86822509765625)
 (X_198 69.28419494628906)
 (X_199 80.15711212158203)
 (X_200 32.624176025390625)
 (X_201 70.60114288330078)
 (X_202 84.87133026123047)
 (X_203 71.06497192382812)
 (X_204 51.00868606567383)
 (X_205 116.9178237915039)
 (X_206 165.7089080810547)
 (X_207 70.10355377197266)
 (X_208 71.919189453125)
 (X_209 72.46159362792969)
 (X_210 83.37970733642578)
 (X_211 78.10591125488281)
 (X_212 96.99700927734375)
 (X_213 62.845237731933594)
 (X_214 101.20698547363281)
 (X_215 150.43280029296875)
 (X_216 72.90680694580078)
 (X_217 67.94902038574219)
 (X_218 78.3028564453125)
 (X_219 60.0648193359375)
 (X_220 67.3270263671875)
 (X_221 85.16798400878906)
 (X_222 53.81315612792969)
 (X_223 73.88186645507812)
 (X_224 128.5143585205078)
 (X_225 53.96724319458008)
 (X_226 67.66764831542969)
 (X_227 73.59941864013672)
 (X_228 63.775169372558594)
 (X_229 62.71268844604492)
 (X_230 110.87173461914062)
 (X_231 42.707218170166016)
 (X_232 65.54680633544922)
 (X_233 105.365478515625)
 (X_234 60.117759704589844)
 (X_235 49.587650299072266)
 (X_236 72.05368041992188)
 (X_237 54.97930145263672)
 (X_238 61.136295318603516)
 (X_239 96.22288513183594)
 (X_240 39.570709228515625)
 (X_241 44.48439025878906)
 (X_242 74.91761779785156)
 (X_243 52.07630920410156)
 (X_244 44.779937744140625)
 (X_245 73.29451751708984)
 (X_246 64.58454895019531)
 (X_247 60.158546447753906)
 (X_248 93.55574035644531)
 (X_249 35.03676986694336)
 (X_250 48.79662322998047)
 (X_251 74.44322967529297)
 (X_252 77.24700927734375)
 (X_253 66.4001235961914)
 (X_254 60.72909927368164)
 (X_255 87.47247314453125)
 (X_256 48.884063720703125)
 (X_257 64.21493530273438)
 (X_258 64.59526062011719)
 (X_259 40.15911102294922)
 (X_260 47.45682907104492)
 (X_261 79.1670913696289)
 (X_262 42.62751007080078)
 (X_263 51.52236557006836)
 (X_264 75.99444580078125)
 (X_265 60.302490234375)
 (X_266 70.30924224853516)
 (X_267 66.40404510498047)
 (X_268 57.28300476074219)
 (X_269 48.8162956237793)
 (X_270 99.33415222167969)
 (X_271 62.38422393798828)
 (X_272 93.43333435058594)
 (X_273 88.36851501464844)
 (X_274 96.27397918701172)
 (X_275 94.19930267333984)
 (X_276 75.24903869628906)
 (X_277 51.964664459228516)
 (X_278 66.37092590332031)
 (X_279 99.8051528930664)
 (X_280 79.76374053955078)
 (X_281 61.54143524169922)
 (X_282 81.54126739501953)
 (X_283 81.60836791992188)
 (X_284 75.13040161132812)
 (X_285 91.481689453125)
 (X_286 57.848724365234375)
 (X_287 48.95732498168945)
 (X_288 94.08154296875)
 (X_289 77.56902313232422)
 (X_290 54.016658782958984)
 (X_291 92.11013793945312)
 (X_292 82.84123992919922)
 (X_293 68.05486297607422)
 (X_294 75.55089569091797)
 (X_295 80.03523254394531)
 (X_296 58.54885482788086)
 (X_297 64.5348129272461)
 (X_298 82.16435241699219)
 (X_299 74.03952026367188)
 (X_300 91.94844055175781)
 (X_301 81.92879486083984)
 (X_302 83.48729705810547)
 (X_303 66.14253234863281)
 (X_304 88.13130187988281)
 (X_305 65.22837829589844)
 (X_306 83.08222198486328)
 (X_307 147.9559326171875)
 (X_308 63.7370719909668)
 (X_309 66.40180969238281)
 (X_310 148.4307861328125)
 (X_311 80.22752380371094)
 (X_312 45.675907135009766)
 (X_313 136.76553344726562)
 (X_314 57.38159942626953)
 (X_315 63.11259460449219)
 (X_316 157.58460998535156)
 (X_317 65.56021118164062)
 (X_318 66.74666595458984)
 (X_319 149.11300659179688)
 (X_320 77.68406677246094)
 (X_321 53.050025939941406)
 (X_322 155.48495483398438)
 (X_323 76.73895263671875)
 (X_324 61.825557708740234)
 (X_325 162.3585205078125)
 (X_326 64.71784210205078)
 (X_327 84.62788391113281)
 (X_328 164.58355712890625)
 (X_329 94.16539764404297)
 (X_330 59.167747497558594)
 (X_331 186.5435791015625)
 (X_332 90.30388641357422)
 (X_333 67.868896484375)
 (X_334 110.7625961303711)
 (X_335 79.28123474121094)
 (X_336 73.47383117675781)
 (X_337 127.78549194335938)
 (X_338 95.06269073486328)
 (X_339 61.27342987060547)
 (X_340 179.92864990234375)
 (X_341 142.5797576904297)
 (X_342 57.164573669433594)
 (X_343 68.70601654052734)
 (X_344 90.84883880615234)
 (X_345 58.072933197021484)
 (X_346 87.25283813476562)
 (X_347 103.07852935791016)
 (X_348 63.4537239074707)
 (X_349 157.28720092773438)
 (X_350 145.94918823242188)
 (X_351 64.5183334350586)
 (X_352 54.343467712402344)
 (X_353 70.12464904785156)
 (X_354 72.50687408447266)
 (X_355 68.66291809082031)
 (X_356 96.04176330566406)
 (X_357 59.425628662109375)
 (X_358 148.1435546875)
 (X_359 153.02334594726562)
 (X_360 80.05721282958984)
 (X_361 26.850814819335938)
 (X_362 77.40962982177734)
 (X_363 87.6337890625)
 (X_364 92.32738494873047)
 (X_365 116.67011260986328)
 (X_366 51.3975944519043)
 (X_367 163.52145385742188)
 (X_368 183.97279357910156)
 (X_369 73.05364227294922)
 (X_370 26.216259002685547)
 (X_371 82.51441955566406)
 (X_372 68.24825286865234)
 (X_373 89.15567779541016)
 (X_374 131.89791870117188)
 (X_375 48.714168548583984)
 (X_376 165.60269165039062)
 (X_377 210.43377685546875)
 (X_378 67.85327911376953)
 (X_379 49.84680938720703)
 (X_380 106.79688262939453)
 (X_381 80.13351440429688)
 (X_382 83.26561737060547)
 (X_383 138.19374084472656)
 (X_384 56.5477294921875)
 (X_385 159.60675048828125)
 (X_386 199.6591796875)
 (X_387 89.73908996582031)
 (X_388 33.56261444091797)
 (X_389 124.32060241699219)
 (X_390 91.26880645751953)
 (X_391 80.49354553222656)
 (X_392 163.52610778808594)
 (X_393 72.57144927978516)
 (X_394 163.2192840576172)
 (X_395 218.37405395507812)
 (X_396 69.82933044433594)
 (X_397 52.068119049072266)
 (X_398 126.01344299316406)
 (X_399 67.03705596923828)
 (X_400 78.60366821289062)
 (X_401 129.815673828125)
 (X_402 69.99276733398438)
 (X_403 142.7945098876953)
 (X_404 213.64035034179688)
 (X_405 68.38841247558594)
 (X_406 51.232933044433594)
 (X_407 102.24217224121094)
 (X_408 55.535194396972656)
 (X_409 92.26687622070312)
 (X_410 117.32854461669922)
 (X_411 35.541194915771484)
 (X_412 168.13479614257812)
 (X_413 162.54302978515625)
 (X_414 38.604984283447266)
 (X_415 62.94884490966797)
 (X_416 45.47823715209961)
 (X_417 69.79741668701172)
 (X_418 129.49331665039062)
 (X_419 87.33507537841797)
 (X_420 45.47719192504883)
 (X_421 166.443359375)
 (X_422 168.49343872070312)
 (X_423 69.753662109375)
 (X_424 114.17292022705078)
 (X_425 33.26396942138672)
 (X_426 59.804805755615234)
 (X_427 140.14822387695312)
 (X_428 90.24403381347656)
 (X_429 48.44145965576172)
 (X_430 210.28375244140625)
 (X_431 146.83938598632812)
 (X_432 61.371212005615234)
 (X_433 147.81227111816406)
 (X_434 43.67805480957031)
 (X_435 49.622474670410156)
 (X_436 182.89109802246094)
 (X_437 67.38719177246094)
 (X_438 55.34080505371094)
 (X_439 224.10256958007812)
 (X_440 150.6067657470703)
 (X_441 54.6905632019043)
 (X_442 131.02557373046875)
 (X_443 34.240966796875)
 (X_444 50.563472747802734)
 (X_445 154.1710205078125)
 (X_446 78.50630950927734)
 (X_447 42.70756912231445)
 (X_448 189.71453857421875)
 (X_449 163.67648315429688)
 (X_450 65.33926391601562)
 (X_451 128.69186401367188)
 (X_452 34.48406982421875)
 (X_453 49.46119689941406)
 (X_454 150.9832000732422)
 (X_455 80.17340850830078)
 (X_456 49.04981994628906)
 (X_457 195.3861846923828)
 (X_458 151.0476531982422)
 (X_459 51.59969711303711)
 (X_460 106.44723510742188)
 (X_461 40.97634506225586)
 (X_462 58.976219177246094)
 (X_463 125.80419921875)
 (X_464 81.35484313964844)
 (X_465 63.284423828125)
 (X_466 175.18479919433594)
 (X_467 150.49961853027344)
 (X_468 71.19304656982422)
 (X_469 89.25341033935547)
 (X_470 49.579986572265625)
 (X_471 59.300235748291016)
 (X_472 110.13795471191406)
 (X_473 95.2737045288086)
 (X_474 65.49421691894531)
 (X_475 148.5443878173828)
 (X_476 152.97994995117188)
 (X_477 80.29048156738281)
 (X_478 77.39042663574219)
 (X_479 74.84973907470703)
 (X_480 70.87821197509766)
 (X_481 75.25951385498047)
 (X_482 103.85504150390625)
 (X_483 51.952674865722656)
 (X_484 105.64764404296875)
 (X_485 131.37896728515625)
 (X_486 74.55833435058594)
 (X_487 55.70756149291992)
 (X_488 68.29779052734375)
 (X_489 57.199405670166016)
 (X_490 80.6234130859375)
 (X_491 91.84883117675781)
 (X_492 60.21208953857422)
 (X_493 100.37992095947266)
 (X_494 110.07382202148438)
 (X_495 84.9156723022461)
 (X_496 62.29397201538086)
 (X_497 93.77885437011719)
 (X_498 84.95992279052734)
 (X_499 81.27640533447266)
 (X_500 101.58587646484375)
 (X_501 63.53447723388672)
 (X_502 84.81128692626953)
 (X_503 73.43980407714844)
 (X_504 81.63020324707031)
 (X_505 76.07838439941406)
 (X_506 83.11035919189453)
 (X_507 57.942787170410156)
 (X_508 75.88214111328125)
 (X_509 89.0299072265625)
 (X_510 43.81452941894531)
 (X_511 48.407596588134766)
 (X_512 61.346153259277344)
 (X_513 77.01365661621094)
 (X_514 75.17909240722656)
 (X_515 86.37992095947266)
 (X_516 66.8111801147461)
 (X_517 63.92951583862305)
 (X_518 89.53353881835938)
 (X_519 60.14544677734375)
 (X_520 51.40099334716797)
 (X_521 62.42030715942383)
 (X_522 68.76676177978516)
 (X_523 81.56973266601562)
 (X_524 92.69977569580078)
 (X_525 59.544227600097656)
 (X_526 90.35752868652344)
 (X_527 81.12399291992188)
 (X_528 66.4425048828125)
 (X_529 75.1821517944336)
 (X_530 50.03546905517578)
 (X_531 78.25267791748047)
 (X_532 74.96360778808594)
 (X_533 64.71661376953125)
 (X_534 62.28499984741211)
 (X_535 67.79077911376953)
 (X_536 76.40386199951172)
 (X_537 57.66513442993164)
 (X_538 42.90015411376953)
 (X_539 68.09150695800781)
 (X_540 74.30218505859375)
 (X_541 97.2002182006836)
 (X_542 93.71766662597656)
 (X_543 61.84672546386719)
 (X_544 91.53134155273438)
 (X_545 74.44795227050781)
 (X_546 65.30998992919922)
 (X_547 92.2490234375)
 (X_548 72.71615600585938)
 (X_549 81.2999038696289)
 (X_550 77.81309509277344)
 (X_551 90.0555648803711)
 (X_552 83.0369644165039)
 (X_553 88.06147003173828)
 (X_554 96.21861267089844)
 (X_555 68.35755920410156)
 (X_556 51.660579681396484)
 (X_557 64.57127380371094)
 (X_558 88.26133728027344)
 (X_559 88.9516830444336)
 (X_560 77.19648742675781)
 (X_561 71.16757202148438)
 (X_562 75.30742645263672)
 (X_563 63.40244674682617)
 (X_564 47.558013916015625)
 (X_565 59.151798248291016)
 (X_566 46.774566650390625)
 (X_567 77.45118713378906)
 (X_568 81.79707336425781)
 (X_569 46.44587707519531)
 (X_570 70.28793334960938)
 (X_571 87.94584655761719)
 (X_572 67.13165283203125)
 (X_573 57.89250183105469)
 (X_574 76.62985229492188)
 (X_575 45.747982025146484)
 (X_576 85.31986999511719)
 (X_577 116.1611328125)
 (X_578 41.877403259277344)
 (X_579 79.75807189941406)
 (X_580 121.04308319091797)
 (X_581 43.334651947021484)
 (X_582 74.50214385986328)
 (X_583 130.06204223632812)
 (X_584 41.659019470214844)
 (X_585 72.10523223876953)
 (X_586 137.5861358642578)
 (X_587 33.38685989379883)
 (X_588 67.86384582519531)
 (X_589 157.36354064941406)
 (X_590 59.77351760864258)
 (X_591 51.36213302612305)
 (X_592 161.2078399658203)
 (X_593 39.518524169921875)
 (X_594 91.28092956542969)
 (X_595 142.33628845214844)
 (X_596 78.44094848632812)
 (X_597 79.10541534423828)
 (X_598 144.29226684570312)
 (X_599 67.8191909790039)
 (X_600 65.26255798339844)
 (X_601 173.78668212890625)
 (X_602 88.45523071289062)
 (X_603 82.51941680908203)
 (X_604 108.53754425048828)
 (X_605 94.2717514038086)
 (X_606 74.21290588378906)
 (X_607 109.19896697998047)
 (X_608 92.29512023925781)
 (X_609 52.80341720581055)
 (X_610 162.10951232910156)
 (X_611 116.91974639892578)
 (X_612 92.38489532470703)
 (X_613 61.09383773803711)
 (X_614 93.91539764404297)
 (X_615 84.31737518310547)
 (X_616 98.9177017211914)
 (X_617 111.30980682373047)
 (X_618 76.03057861328125)
 (X_619 147.92498779296875)
 (X_620 144.82672119140625)
 (X_621 75.25623321533203)
 (X_622 36.88068389892578)
 (X_623 90.82502746582031)
 (X_624 94.12923431396484)
 (X_625 77.43226623535156)
 (X_626 116.4220962524414)
 (X_627 86.56104278564453)
 (X_628 153.0276336669922)
 (X_629 146.19387817382812)
 (X_630 94.15193176269531)
 (X_631 49.74803924560547)
 (X_632 89.53041076660156)
 (X_633 74.54447937011719)
 (X_634 70.42279815673828)
 (X_635 111.94680786132812)
 (X_636 66.51715087890625)
 (X_637 155.7047119140625)
 (X_638 173.3629150390625)
 (X_639 83.1944580078125)
 (X_640 28.502357482910156)
 (X_641 85.15900421142578)
 (X_642 69.70404815673828)
 (X_643 75.36540222167969)
 (X_644 132.79354858398438)
 (X_645 66.67282104492188)
 (X_646 164.3160400390625)
 (X_647 184.2887420654297)
 (X_648 66.42576599121094)
 (X_649 32.56143569946289)
 (X_650 124.64262390136719)
 (X_651 90.09370422363281)
 (X_652 82.38912963867188)
 (X_653 135.16966247558594)
 (X_654 71.22245788574219)
 (X_655 147.09913635253906)
 (X_656 221.3335418701172)
 (X_657 69.91159057617188)
 (X_658 48.54903030395508)
 (X_659 141.48770141601562)
 (X_660 78.44563293457031)
 (X_661 95.02776336669922)
 (X_662 126.69564056396484)
 (X_663 64.52347564697266)
 (X_664 178.2250518798828)
 (X_665 185.2222137451172)
 (X_666 81.47045135498047)
 (X_667 95.25988006591797)
 (X_668 98.82611083984375)
 (X_669 79.8291015625)
 (X_670 149.97067260742188)
 (X_671 132.9293212890625)
 (X_672 62.58943176269531)
 (X_673 209.3391876220703)
 (X_674 200.9814910888672)
 (X_675 74.75127410888672)
 (X_676 166.3760223388672)
 (X_677 61.69219970703125)
 (X_678 68.00797271728516)
 (X_679 176.57815551757812)
 (X_680 94.2052001953125)
 (X_681 74.47538757324219)
 (X_682 228.84625244140625)
 (X_683 171.31716918945312)
 (X_684 92.17745971679688)
 (X_685 179.19032287597656)
 (X_686 56.18529510498047)
 (X_687 71.39672088623047)
 (X_688 186.56565856933594)
 (X_689 86.14037322998047)
 (X_690 54.88319396972656)
 (X_691 244.58303833007812)
 (X_692 159.9293670654297)
 (X_693 65.45148468017578)
 (X_694 200.44717407226562)
 (X_695 27.068904876708984)
 (X_696 64.03575134277344)
 (X_697 203.8817596435547)
 (X_698 82.99281311035156)
 (X_699 29.285634994506836)
 (X_700 226.60546875)
 (X_701 170.30384826660156)
 (X_702 71.10659790039062)
 (X_703 207.77481079101562)
 (X_704 30.661033630371094)
 (X_705 42.03959274291992)
 (X_706 207.9686279296875)
 (X_707 73.8646240234375)
 (X_708 34.76921844482422)
 (X_709 232.73086547851562)
 (X_710 173.36801147460938)
 (X_711 66.89115142822266)
 (X_712 212.4254913330078)
 (X_713 43.583534240722656)
 (X_714 53.70076370239258)
 (X_715 198.3056640625)
 (X_716 82.10807037353516)
 (X_717 46.46906280517578)
 (X_718 221.8607177734375)
 (X_719 149.81797790527344)
 (X_720 55.422935485839844)
 (X_721 186.33311462402344)
 (X_722 28.289167404174805)
 (X_723 68.34214782714844)
 (X_724 168.7731170654297)
 (X_725 81.18101501464844)
 (X_726 48.004051208496094)
 (X_727 230.9481201171875)
 (X_728 167.1044921875)
 (X_729 70.25816345214844)
 (X_730 163.006591796875)
 (X_731 48.672969818115234)
 (X_732 67.80924224853516)
 (X_733 145.79910278320312)
 (X_734 89.00456237792969)
 (X_735 78.9076156616211)
 (X_736 201.31472778320312)
 (X_737 164.4478759765625)
 (X_738 73.56854248046875)
 (X_739 106.62435913085938)
 (X_740 64.08304595947266)
 (X_741 81.17922973632812)
 (X_742 133.5208282470703)
 (X_743 91.697998046875)
 (X_744 61.20647430419922)
 (X_745 177.8229217529297)
 (X_746 171.46945190429688)
 (X_747 67.39065551757812)
 (X_748 91.33722686767578)
 (X_749 87.93276977539062)
 (X_750 72.59249114990234)
 (X_751 96.91093444824219)
 (X_752 101.30916595458984)
 (X_753 68.00997161865234)
 (X_754 123.89147186279297)
 (X_755 139.85679626464844)
 (X_756 77.8420181274414)
 (X_757 74.50836944580078)
 (X_758 106.15557861328125)
 (X_759 64.87956237792969)
 (X_760 86.15711212158203)
 (X_761 115.33299255371094)
 (X_762 48.085304260253906)
 (X_763 118.3805923461914)
 (X_764 102.4201431274414)
 (X_765 65.6889419555664)
 (X_766 76.6696548461914)
 (X_767 101.2840576171875)
 (X_768 56.03346633911133)
 (X_769 63.14841842651367)
 (X_770 108.59422302246094)
 (X_771 68.2818603515625)
 (X_772 86.25914001464844)
 (X_773 59.766197204589844)
 (X_774 52.290340423583984)
 (X_775 70.9129638671875)
 (X_776 104.77225494384766)
 (X_777 82.50712585449219)
 (X_778 54.44960021972656)
 (X_779 74.8473892211914)
 (X_780 63.21416473388672)
 (X_781 69.45841979980469)
 (X_782 64.29481506347656)
 (X_783 54.44461441040039)
 (X_784 54.25930404663086)
 (X_785 87.35945892333984)
 (X_786 60.6041145324707)
 (X_787 64.05317687988281)
 (X_788 86.9428939819336)
 (X_789 47.1316032409668)
 (X_790 62.103492736816406)
 (X_791 71.99002838134766)
 (X_792 74.95685577392578)
 (X_793 55.90660095214844)
 (X_794 83.57315063476562)
 (X_795 74.0910873413086)
 (X_796 58.50239181518555)
 (X_797 97.39897155761719)
 (X_798 58.29330062866211)
 (X_799 61.480934143066406)
 (X_800 59.75858688354492)
 (X_801 47.12786102294922)
 (X_802 66.48870086669922)
 (X_803 92.47264862060547)
 (X_804 65.66824340820312)
 (X_805 48.354515075683594)
 (X_806 86.25700378417969)
 (X_807 52.53109359741211)
 (X_808 49.66600799560547)
 (X_809 71.39708709716797)
 (X_810 52.41697311401367)
 (X_811 107.5687255859375)
 (X_812 97.9554443359375)
 (X_813 44.61943054199219)
 (X_814 85.33863830566406)
 (X_815 80.67906951904297)
 (X_816 24.876203536987305)
 (X_817 76.56439208984375)
 (X_818 50.27865982055664)
 (X_819 64.78670501708984)
 (X_820 81.1232681274414)
 (X_821 94.91493225097656)
 (X_822 62.67925262451172)
 (X_823 68.65690612792969)
 (X_824 80.42052459716797)
 (X_825 44.63444519042969)
 (X_826 67.05697631835938)
 (X_827 63.0217170715332)
 (X_828 62.63418197631836)
 (X_829 74.8489761352539)
 (X_830 88.01356506347656)
 (X_831 57.18741989135742)
 (X_832 89.13720703125)
 (X_833 67.09166717529297)
 (X_834 61.83008575439453)
 (X_835 73.8306655883789)
 (X_836 51.1823616027832)
 (X_837 88.09764099121094)
 (X_838 67.2105712890625)
 (X_839 67.63932800292969)
 (X_840 67.22532653808594)
 (X_841 98.74148559570312)
 (X_842 71.37838745117188)
 (X_843 49.19840621948242)
 (X_844 91.7522201538086)
 (X_845 42.70349884033203)
 (X_846 59.967655181884766)
 (X_847 122.6438980102539)
 (X_848 83.03932189941406)
 (X_849 73.20014190673828)
 (X_850 133.9912567138672)
 (X_851 63.96768569946289)
 (X_852 48.8077507019043)
 (X_853 124.15986633300781)
 (X_854 70.90327453613281)
 (X_855 82.70188903808594)
 (X_856 136.67002868652344)
 (X_857 86.81749725341797)
 (X_858 74.6549072265625)
 (X_859 149.61192321777344)
 (X_860 76.79351806640625)
 (X_861 69.85816192626953)
 (X_862 155.6697235107422)
 (X_863 61.26658630371094)
 (X_864 97.14598083496094)
 (X_865 116.32303619384766)
 (X_866 58.51652526855469)
 (X_867 96.26141357421875)
 (X_868 137.44363403320312)
 (X_869 84.68321990966797)
 (X_870 92.70693969726562)
 (X_871 164.9674835205078)
 (X_872 69.47135925292969)
 (X_873 97.19351959228516)
 (X_874 90.29225158691406)
 (X_875 67.2192611694336)
 (X_876 103.41362762451172)
 (X_877 108.06398010253906)
 (X_878 88.0906982421875)
 (X_879 59.9232063293457)
 (X_880 170.53921508789062)
 (X_881 81.12674713134766)
 (X_882 73.59789276123047)
 (X_883 62.76250457763672)
 (X_884 100.19393920898438)
 (X_885 82.83710479736328)
 (X_886 80.51716613769531)
 (X_887 90.71031951904297)
 (X_888 43.8232536315918)
 (X_889 142.1761016845703)
 (X_890 124.93478393554688)
 (X_891 91.85293579101562)
 (X_892 31.16372299194336)
 (X_893 99.19239044189453)
 (X_894 84.42727661132812)
 (X_895 81.28392791748047)
 (X_896 103.6996078491211)
 (X_897 65.06375122070312)
 (X_898 156.41970825195312)
 (X_899 129.7392120361328)
 (X_900 68.89225769042969)
 (X_901 27.750415802001953)
 (X_902 100.89089965820312)
 (X_903 63.240604400634766)
 (X_904 77.12399291992188)
 (X_905 112.50325012207031)
 (X_906 40.677734375)
 (X_907 160.54266357421875)
 (X_908 143.1479949951172)
 (X_909 62.52703857421875)
 (X_910 58.78537368774414)
 (X_911 77.35073852539062)
 (X_912 84.1607437133789)
 (X_913 96.80305480957031)
 (X_914 99.30104064941406)
 (X_915 68.39649963378906)
 (X_916 175.6961669921875)
 (X_917 167.81173706054688)
 (X_918 88.25384521484375)
 (X_919 77.4866943359375)
 (X_920 86.22116088867188)
 (X_921 66.73355865478516)
 (X_922 124.1519546508789)
 (X_923 93.45345306396484)
 (X_924 59.19491195678711)
 (X_925 197.97645568847656)
 (X_926 159.33853149414062)
 (X_927 72.61963653564453)
 (X_928 133.68783569335938)
 (X_929 80.17401885986328)
 (X_930 80.30035400390625)
 (X_931 171.42767333984375)
 (X_932 77.73410034179688)
 (X_933 51.800315856933594)
 (X_934 241.93170166015625)
 (X_935 148.775634765625)
 (X_936 86.21607971191406)
 (X_937 217.15673828125)
 (X_938 38.032310485839844)
 (X_939 84.19164276123047)
 (X_940 205.08615112304688)
 (X_941 89.84648132324219)
 (X_942 72.10223388671875)
 (X_943 242.12982177734375)
 (X_944 163.56358337402344)
 (X_945 80.5358657836914)
 (X_946 232.4257049560547)
 (X_947 31.28192901611328)
 (X_948 86.59745025634766)
 (X_949 237.58547973632812)
 (X_950 81.03963470458984)
 (X_951 60.873165130615234)
 (X_952 247.04637145996094)
 (X_953 163.2670440673828)
 (X_954 78.42032623291016)
 (X_955 222.53622436523438)
 (X_956 55.57978820800781)
 (X_957 83.73455810546875)
 (X_958 207.56663513183594)
 (X_959 70.23519897460938)
 (X_960 74.25653839111328)
 (X_961 229.69375610351562)
 (X_962 159.23605346679688)
 (X_963 72.79161071777344)
 (X_964 197.68605041503906)
 (X_965 52.964900970458984)
 (X_966 54.03145217895508)
 (X_967 221.1812286376953)
 (X_968 73.45909881591797)
 (X_969 64.1700439453125)
 (X_970 223.56565856933594)
 (X_971 154.1123809814453)
 (X_972 49.04094696044922)
 (X_973 182.06182861328125)
 (X_974 35.67711639404297)
 (X_975 60.61833953857422)
 (X_976 215.8319854736328)
 (X_977 69.45138549804688)
 (X_978 54.601070404052734)
 (X_979 248.25050354003906)
 (X_980 153.2813262939453)
 (X_981 80.73367309570312)
 (X_982 197.13442993164062)
 (X_983 37.00526428222656)
 (X_984 66.6702651977539)
 (X_985 215.15052795410156)
 (X_986 87.02033233642578)
 (X_987 69.50267791748047)
 (X_988 234.7476806640625)
 (X_989 168.72703552246094)
 (X_990 67.3056869506836)
 (X_991 203.1043701171875)
 (X_992 35.08478546142578)
 (X_993 86.27800750732422)
 (X_994 202.15345764160156)
 (X_995 76.7484359741211)
 (X_996 45.1610221862793)
 (X_997 219.58761596679688)
 (X_998 172.26123046875)
 (X_999 76.36572265625)
 (X_1000 170.9154052734375)
 (X_1001 48.476531982421875)
 (X_1002 83.61201477050781)
 (X_1003 157.38882446289062)
 (X_1004 107.57377624511719)
 (X_1005 52.391624450683594)
 (X_1006 182.86825561523438)
 (X_1007 169.3831329345703)
 (X_1008 84.88349151611328)
 (X_1009 101.42005920410156)
 (X_1010 96.69969177246094)
 (X_1011 81.93009948730469)
 (X_1012 105.09459686279297)
 (X_1013 120.03653717041016)
 (X_1014 46.635921478271484)
 (X_1015 157.92108154296875)
 (X_1016 160.8231964111328)
 (X_1017 62.98335266113281)
 (X_1018 61.06546401977539)
 (X_1019 103.8341064453125)
 (X_1020 70.27928161621094)
 (X_1021 85.35302734375)
 (X_1022 112.17591857910156)
 (X_1023 41.0668830871582)
 (X_1024 132.3527069091797)
 (X_1025 109.64493560791016)
 (X_1026 53.43437576293945)
 (X_1027 62.59220504760742)
 (X_1028 110.75634765625)
 (X_1029 53.36591339111328)
 (X_1030 85.96696472167969)
 (X_1031 105.54419708251953)
 (X_1032 35.23592758178711)
 (X_1033 115.34449768066406)
 (X_1034 68.6930923461914)
 (X_1035 51.44160842895508)
 (X_1036 56.80018615722656)
 (X_1037 88.348876953125)
 (X_1038 69.31311798095703)
 (X_1039 85.89620971679688)
 (X_1040 97.34930419921875)
 (X_1041 58.826454162597656)
 (X_1042 99.38308715820312)
 (X_1043 66.69377136230469)
 (X_1044 58.824256896972656)
 (X_1045 69.60235595703125)
 (X_1046 97.09455108642578)
 (X_1047 72.22769165039062)
 (X_1048 52.78840255737305)
 (X_1049 88.59355163574219)
 (X_1050 39.785240173339844)
 (X_1051 57.09475326538086)
 (X_1052 51.7413444519043)
 (X_1053 57.880592346191406)
 (X_1054 65.82317352294922)
 (X_1055 70.2159652709961)
 (X_1056 74.27281188964844)
 (X_1057 50.94465255737305)
 (X_1058 83.92784881591797)
 (X_1059 47.61299133300781)
 (X_1060 43.5518798828125)
 (X_1061 54.8484992980957)
 (X_1062 64.70803833007812)
 (X_1063 55.523231506347656)
 (X_1064 72.74337768554688)
 (X_1065 57.60118865966797)
 (X_1066 71.72339630126953)
 (X_1067 75.83035278320312)
 (X_1068 70.90975189208984)
 (X_1069 38.98308181762695)
 (X_1070 55.57464599609375)
 (X_1071 70.4580078125)
 (X_1072 44.10057067871094)
 (X_1073 72.96232604980469)
 (X_1074 71.74113464355469)
 (X_1075 62.325775146484375)
 (X_1076 79.89816284179688)
 (X_1077 60.37290573120117)
 (X_1078 45.40713119506836)
 (X_1079 70.23043823242188)
 (X_1080 61.56819152832031)
 (X_1081 79.72496795654297)
 (X_1082 93.50379943847656)
 (X_1083 61.93037414550781)
 (X_1084 98.11748504638672)
 (X_1085 86.1413345336914)
 (X_1086 30.305130004882812)
 (X_1087 64.3780517578125)
 (X_1088 67.04100036621094)
 (X_1089 35.925750732421875)
 (X_1090 93.3943099975586)
 (X_1091 71.88243865966797)
 (X_1092 30.97412872314453)
 (X_1093 90.77764892578125)
 (X_1094 81.968505859375)
 (X_1095 24.879207611083984)
 (X_1096 50.09970474243164)
 (X_1097 57.442169189453125)
 (X_1098 64.01689910888672)
 (X_1099 74.6819076538086)
 (X_1100 59.32647705078125)
 (X_1101 65.49585723876953)
 (X_1102 70.53811645507812)
 (X_1103 58.800201416015625)
 (X_1104 59.57213592529297)
 (X_1105 62.90669250488281)
 (X_1106 49.1049690246582)
 (X_1107 106.96823120117188)
 (X_1108 91.52999877929688)
 (X_1109 63.26558303833008)
 (X_1110 79.25646209716797)
 (X_1111 96.45242309570312)
 (X_1112 91.9195785522461)
 (X_1113 70.61552429199219)
 (X_1114 78.55445098876953)
 (X_1115 76.56224060058594)
 (X_1116 64.55135345458984)
 (X_1117 89.05479431152344)
 (X_1118 107.97455596923828)
 (X_1119 74.5365219116211)
 (X_1120 119.45512390136719)
 (X_1121 107.59419250488281)
 (X_1122 55.238975524902344)
 (X_1123 141.65353393554688)
 (X_1124 65.44136047363281)
 (X_1125 69.03771209716797)
 (X_1126 107.6079330444336)
 (X_1127 114.78955078125)
 (X_1128 84.20372009277344)
 (X_1129 113.6466064453125)
 (X_1130 105.74634552001953)
 (X_1131 62.33546447753906)
 (X_1132 146.25965881347656)
 (X_1133 82.81815338134766)
 (X_1134 90.6686782836914)
 (X_1135 109.5730972290039)
 (X_1136 88.10950469970703)
 (X_1137 86.8424301147461)
 (X_1138 107.60214233398438)
 (X_1139 108.8372573852539)
 (X_1140 76.69148254394531)
 (X_1141 160.16366577148438)
 (X_1142 76.58590698242188)
 (X_1143 94.29792785644531)
 (X_1144 67.36067962646484)
 (X_1145 101.61112213134766)
 (X_1146 98.82756042480469)
 (X_1147 105.72959899902344)
 (X_1148 100.4283218383789)
 (X_1149 69.26966857910156)
 (X_1150 172.24806213378906)
 (X_1151 88.98443603515625)
 (X_1152 101.06446838378906)
 (X_1153 54.40544509887695)
 (X_1154 110.28512573242188)
 (X_1155 76.80265808105469)
 (X_1156 82.29549407958984)
 (X_1157 119.4470443725586)
 (X_1158 57.878082275390625)
 (X_1159 146.94558715820312)
 (X_1160 122.42420959472656)
 (X_1161 87.97129821777344)
 (X_1162 38.42178726196289)
 (X_1163 109.76810455322266)
 (X_1164 86.73123168945312)
 (X_1165 76.64422607421875)
 (X_1166 124.33799743652344)
 (X_1167 55.883426666259766)
 (X_1168 173.20164489746094)
 (X_1169 131.53485107421875)
 (X_1170 57.589515686035156)
 (X_1171 47.11741638183594)
 (X_1172 86.3890609741211)
 (X_1173 84.65335845947266)
 (X_1174 86.59761047363281)
 (X_1175 113.31715393066406)
 (X_1176 37.259124755859375)
 (X_1177 161.55397033691406)
 (X_1178 124.67561340332031)
 (X_1179 84.40109252929688)
 (X_1180 70.13880157470703)
 (X_1181 76.00700378417969)
 (X_1182 96.74652099609375)
 (X_1183 112.02568054199219)
 (X_1184 95.14697265625)
 (X_1185 70.52679443359375)
 (X_1186 195.1588134765625)
 (X_1187 130.68692016601562)
 (X_1188 81.93012237548828)
 (X_1189 117.95099639892578)
 (X_1190 68.23542785644531)
 (X_1191 91.36370086669922)
 (X_1192 173.4514923095703)
 (X_1193 103.3709487915039)
 (X_1194 78.91398620605469)
 (X_1195 220.9775848388672)
 (X_1196 143.3920440673828)
 (X_1197 97.3950424194336)
 (X_1198 148.28054809570312)
 (X_1199 84.9571304321289)
 (X_1200 86.96887969970703)
 (X_1201 205.4984893798828)
 (X_1202 109.96751403808594)
 (X_1203 57.68416976928711)
 (X_1204 233.72535705566406)
 (X_1205 161.83132934570312)
 (X_1206 96.6628646850586)
 (X_1207 195.38214111328125)
 (X_1208 65.32801818847656)
 (X_1209 96.36263275146484)
 (X_1210 172.22947692871094)
 (X_1211 76.71456909179688)
 (X_1212 79.16624450683594)
 (X_1213 204.1319580078125)
 (X_1214 148.89405822753906)
 (X_1215 71.57893371582031)
 (X_1216 141.7085723876953)
 (X_1217 62.385894775390625)
 (X_1218 73.0422134399414)
 (X_1219 146.02540588378906)
 (X_1220 70.00091552734375)
 (X_1221 62.65322494506836)
 (X_1222 193.56155395507812)
 (X_1223 149.9066619873047)
 (X_1224 68.08165740966797)
 (X_1225 106.95547485351562)
 (X_1226 49.52885055541992)
 (X_1227 59.53614044189453)
 (X_1228 129.5263671875)
 (X_1229 76.02285766601562)
 (X_1230 59.24530029296875)
 (X_1231 185.9144287109375)
 (X_1232 152.58111572265625)
 (X_1233 73.2398452758789)
 (X_1234 99.37007141113281)
 (X_1235 43.049476623535156)
 (X_1236 57.1885986328125)
 (X_1237 141.01651000976562)
 (X_1238 84.62069702148438)
 (X_1239 62.94781494140625)
 (X_1240 186.63064575195312)
 (X_1241 156.25010681152344)
 (X_1242 76.12458801269531)
 (X_1243 124.43492889404297)
 (X_1244 51.88200759887695)
 (X_1245 64.15157318115234)
 (X_1246 184.1443634033203)
 (X_1247 82.47675323486328)
 (X_1248 58.289249420166016)
 (X_1249 233.5445098876953)
 (X_1250 139.2296600341797)
 (X_1251 57.872371673583984)
 (X_1252 170.54302978515625)
 (X_1253 58.31511306762695)
 (X_1254 56.2330436706543)
 (X_1255 183.18545532226562)
 (X_1256 86.07609558105469)
 (X_1257 71.6872787475586)
 (X_1258 240.75558471679688)
 (X_1259 154.97621154785156)
 (X_1260 77.03677368164062)
 (X_1261 147.3662567138672)
 (X_1262 75.27784729003906)
 (X_1263 79.93084716796875)
 (X_1264 155.93170166015625)
 (X_1265 114.3525161743164)
 (X_1266 54.20026397705078)
 (X_1267 213.7025909423828)
 (X_1268 167.5158233642578)
 (X_1269 69.59110260009766)
 (X_1270 115.50552368164062)
 (X_1271 93.86611938476562)
 (X_1272 60.39939880371094)
 (X_1273 106.54105377197266)
 (X_1274 121.30948638916016)
 (X_1275 56.012027740478516)
 (X_1276 177.36241149902344)
 (X_1277 152.8131561279297)
 (X_1278 51.22907257080078)
 (X_1279 63.420082092285156)
 (X_1280 85.33861541748047)
 (X_1281 76.31531524658203)
 (X_1282 94.18975830078125)
 (X_1283 98.4134521484375)
 (X_1284 66.48245239257812)
 (X_1285 147.6515655517578)
 (X_1286 103.02828216552734)
 (X_1287 67.6255874633789)
 (X_1288 55.684791564941406)
 (X_1289 82.1951904296875)
 (X_1290 78.67535400390625)
 (X_1291 79.18344116210938)
 (X_1292 97.29401397705078)
 (X_1293 46.342769622802734)
 (X_1294 137.06903076171875)
 (X_1295 70.96182250976562)
 (X_1296 65.0739517211914)
 (X_1297 57.61443328857422)
 (X_1298 72.7012710571289)
 (X_1299 73.97416687011719)
 (X_1300 71.45438385009766)
 (X_1301 92.10910034179688)
 (X_1302 43.721702575683594)
 (X_1303 115.42620086669922)
 (X_1304 58.49888610839844)
 (X_1305 48.06721878051758)
 (X_1306 51.878665924072266)
 (X_1307 88.66178894042969)
 (X_1308 71.16162872314453)
 (X_1309 74.95611572265625)
 (X_1310 73.4146957397461)
 (X_1311 45.0330924987793)
 (X_1312 107.64582824707031)
 (X_1313 68.38127899169922)
 (X_1314 57.28926086425781)
 (X_1315 50.4511604309082)
 (X_1316 65.1604232788086)
 (X_1317 44.594913482666016)
 (X_1318 78.0450668334961)
 (X_1319 72.43212890625)
 (X_1320 53.60173034667969)
 (X_1321 61.556339263916016)
 (X_1322 57.11824035644531)
 (X_1323 41.82588195800781)
 (X_1324 74.54589080810547)
 (X_1325 65.37574005126953)
 (X_1326 47.6380729675293)
 (X_1327 54.7747688293457)
 (X_1328 68.98809814453125)
 (X_1329 64.30586242675781)
 (X_1330 55.05817794799805)
 (X_1331 56.66376876831055)
 (X_1332 66.719970703125)
 (X_1333 49.21718215942383)
 (X_1334 56.48686981201172)
 (X_1335 74.21614074707031)
 (X_1336 61.162681579589844)
 (X_1337 58.97491455078125)
 (X_1338 67.62015533447266)
 (X_1339 44.7008056640625)
 (X_1340 58.895164489746094)
 (X_1341 53.160499572753906)
 (X_1342 50.38966369628906)
 (X_1343 75.47312927246094)
 (X_1344 56.90085220336914)
 (X_1345 60.42005157470703)
 (X_1346 75.42527770996094)
 (X_1347 57.03937530517578)
 (X_1348 43.675086975097656)
 (X_1349 55.33079528808594)
 (X_1350 80.17147827148438)
 (X_1351 87.8079833984375)
 (X_1352 80.56275939941406)
 (X_1353 81.16817474365234)
 (X_1354 81.95662689208984)
 (X_1355 77.93141174316406)
 (X_1356 78.56214141845703)
 (X_1357 58.60834503173828)
 (X_1358 51.3895378112793)
 (X_1359 80.508544921875)
 (X_1360 85.01436614990234)
 (X_1361 77.7910385131836)
 (X_1362 79.06954956054688)
 (X_1363 84.68704986572266)
 (X_1364 69.90119934082031)
 (X_1365 52.6031608581543)
 (X_1366 36.86585998535156)
 (X_1367 47.983299255371094)
 (X_1368 94.65291595458984)
 (X_1369 80.069091796875)
 (X_1370 59.790489196777344)
 (X_1371 98.33004760742188)
 (X_1372 85.1029052734375)
 (X_1373 75.63090515136719)
 (X_1374 76.85853576660156)
 (X_1375 52.8409423828125)
 (X_1376 38.23047637939453)
 (X_1377 98.56204986572266)
 (X_1378 67.11417388916016)
 (X_1379 54.917484283447266)
 (X_1380 80.9862289428711)
 (X_1381 91.11402130126953)
 (X_1382 77.51937866210938)
 (X_1383 77.75531005859375)
 (X_1384 87.81031799316406)
 (X_1385 59.363765716552734)
 (X_1386 105.71954345703125)
 (X_1387 90.58045196533203)
 (X_1388 67.91455841064453)
 (X_1389 57.82550811767578)
 (X_1390 85.68753051757812)
 (X_1391 99.27208709716797)
 (X_1392 48.20413589477539)
 (X_1393 114.4878921508789)
 (X_1394 62.97978591918945)
 (X_1395 95.65730285644531)
 (X_1396 80.70408630371094)
 (X_1397 83.0919418334961)
 (X_1398 74.3456039428711)
 (X_1399 99.0020980834961)
 (X_1400 97.20195770263672)
 (X_1401 37.13262939453125)
 (X_1402 146.5025634765625)
 (X_1403 87.95216369628906)
 (X_1404 78.81291198730469)
 (X_1405 68.07139587402344)
 (X_1406 95.36808013916016)
 (X_1407 98.5793228149414)
 (X_1408 103.98931884765625)
 (X_1409 88.54609680175781)
 (X_1410 70.176025390625)
 (X_1411 155.0690460205078)
 (X_1412 90.15911102294922)
 (X_1413 103.13774871826172)
 (X_1414 69.6938247680664)
 (X_1415 91.36064147949219)
 (X_1416 95.61143493652344)
 (X_1417 93.57493591308594)
 (X_1418 96.48458862304688)
 (X_1419 69.08551025390625)
 (X_1420 160.61756896972656)
 (X_1421 108.15185546875)
 (X_1422 90.53497314453125)
 (X_1423 33.63390350341797)
 (X_1424 85.61351013183594)
 (X_1425 104.24868774414062)
 (X_1426 67.2974624633789)
 (X_1427 94.23151397705078)
 (X_1428 74.09675598144531)
 (X_1429 145.002197265625)
 (X_1430 97.0846176147461)
 (X_1431 68.81710815429688)
 (X_1432 55.504638671875)
 (X_1433 113.40806579589844)
 (X_1434 73.17461395263672)
 (X_1435 71.82471466064453)
 (X_1436 99.98201751708984)
 (X_1437 67.41380310058594)
 (X_1438 161.1544952392578)
 (X_1439 84.13850402832031)
 (X_1440 104.02733612060547)
 (X_1441 60.981632232666016)
 (X_1442 109.52264404296875)
 (X_1443 94.70529174804688)
 (X_1444 101.3073501586914)
 (X_1445 114.74108123779297)
 (X_1446 86.98944854736328)
 (X_1447 168.25628662109375)
 (X_1448 113.02723693847656)
 (X_1449 127.03534698486328)
 (X_1450 94.83197784423828)
 (X_1451 104.88568878173828)
 (X_1452 125.8105697631836)
 (X_1453 125.0838851928711)
 (X_1454 97.26400756835938)
 (X_1455 102.39728546142578)
 (X_1456 194.26475524902344)
 (X_1457 123.60124969482422)
 (X_1458 121.52020263671875)
 (X_1459 127.74043273925781)
 (X_1460 95.62174987792969)
 (X_1461 146.68186950683594)
 (X_1462 172.52442932128906)
 (X_1463 101.64950561523438)
 (X_1464 140.92843627929688)
 (X_1465 211.95179748535156)
 (X_1466 124.92761993408203)
 (X_1467 127.57628631591797)
 (X_1468 129.83302307128906)
 (X_1469 88.26348876953125)
 (X_1470 126.38937377929688)
 (X_1471 171.0658721923828)
 (X_1472 93.85836791992188)
 (X_1473 115.74588012695312)
 (X_1474 207.81468200683594)
 (X_1475 134.9053192138672)
 (X_1476 135.0841064453125)
 (X_1477 119.17681121826172)
 (X_1478 92.69706726074219)
 (X_1479 119.82544708251953)
 (X_1480 146.64785766601562)
 (X_1481 93.17249298095703)
 (X_1482 116.42909240722656)
 (X_1483 172.40679931640625)
 (X_1484 130.4835968017578)
 (X_1485 113.37165069580078)
 (X_1486 84.39053344726562)
 (X_1487 87.46634674072266)
 (X_1488 127.05338287353516)
 (X_1489 101.269775390625)
 (X_1490 110.78804016113281)
 (X_1491 108.19493103027344)
 (X_1492 169.71481323242188)
 (X_1493 140.9326629638672)
 (X_1494 88.32282257080078)
 (X_1495 62.22017288208008)
 (X_1496 75.4104232788086)
 (X_1497 96.58474731445312)
 (X_1498 125.44664764404297)
 (X_1499 91.62596130371094)
 (X_1500 97.16364288330078)
 (X_1501 163.1673126220703)
 (X_1502 144.3716583251953)
 (X_1503 91.4589614868164)
 (X_1504 131.0960693359375)
 (X_1505 60.77256774902344)
 (X_1506 95.89865112304688)
 (X_1507 149.16355895996094)
 (X_1508 104.42249298095703)
 (X_1509 93.22896575927734)
 (X_1510 225.0310821533203)
 (X_1511 137.21717834472656)
 (X_1512 99.51762390136719)
 (X_1513 171.9915313720703)
 (X_1514 68.85618591308594)
 (X_1515 95.42218017578125)
 (X_1516 178.9772186279297)
 (X_1517 114.076904296875)
 (X_1518 88.02703857421875)
 (X_1519 242.14271545410156)
 (X_1520 136.00595092773438)
 (X_1521 90.63935852050781)
 (X_1522 138.15676879882812)
 (X_1523 113.66621398925781)
 (X_1524 72.81570434570312)
 (X_1525 172.7241973876953)
 (X_1526 123.41619873046875)
 (X_1527 57.0936279296875)
 (X_1528 213.1824493408203)
 (X_1529 122.95967864990234)
 (X_1530 67.851318359375)
 (X_1531 104.69949340820312)
 (X_1532 98.36119079589844)
 (X_1533 67.03385925292969)
 (X_1534 128.55108642578125)
 (X_1535 92.06324005126953)
 (X_1536 77.31421661376953)
 (X_1537 180.1270294189453)
 (X_1538 99.2886734008789)
 (X_1539 67.59044647216797)
 (X_1540 48.02398681640625)
 (X_1541 89.88172149658203)
 (X_1542 84.59262084960938)
 (X_1543 86.37322998046875)
 (X_1544 104.12671661376953)
 (X_1545 69.0516586303711)
 (X_1546 166.08221435546875)
 (X_1547 99.53105163574219)
 (X_1548 65.91265869140625)
 (X_1549 56.96705627441406)
 (X_1550 74.10340881347656)
 (X_1551 62.33439254760742)
 (X_1552 68.43435668945312)
 (X_1553 89.94426727294922)
 (X_1554 63.78711700439453)
 (X_1555 162.798828125)
 (X_1556 68.34104919433594)
 (X_1557 57.474037170410156)
 (X_1558 40.73331832885742)
 (X_1559 70.41123962402344)
 (X_1560 77.79434204101562)
 (X_1561 86.6756591796875)
 (X_1562 85.25532531738281)
 (X_1563 57.16252899169922)
 (X_1564 157.8800048828125)
 (X_1565 67.59010314941406)
 (X_1566 47.336875915527344)
 (X_1567 50.3864860534668)
 (X_1568 88.83576965332031)
 (X_1569 77.72179412841797)
 (X_1570 84.78024291992188)
 (X_1571 69.61060333251953)
 (X_1572 46.962703704833984)
 (X_1573 127.7920913696289)
 (X_1574 66.7734375)
 (X_1575 61.790103912353516)
 (X_1576 59.54448699951172)
 (X_1577 90.46019744873047)
 (X_1578 52.22710418701172)
 (X_1579 79.6001205444336)
 (X_1580 71.48503112792969)
 (X_1581 50.29988098144531)
 (X_1582 98.51128387451172)
 (X_1583 80.13682556152344)
 (X_1584 46.50238037109375)
 (X_1585 70.212158203125)
 (X_1586 70.30166625976562)
 (X_1587 43.00712203979492)
 (X_1588 67.86727142333984)
 (X_1589 80.5347671508789)
 (X_1590 40.21461868286133)
 (X_1591 69.42491912841797)
 (X_1592 69.53616333007812)
 (X_1593 53.262367248535156)
 (X_1594 74.78517150878906)
 (X_1595 75.54729461669922)
 (X_1596 70.47821044921875)
 (X_1597 76.75871276855469)
 (X_1598 56.79667663574219)
 (X_1599 53.14994812011719)
 (X_1600 78.91585540771484)
 (X_1601 40.13142013549805)
 (X_1602 55.55668640136719)
 (X_1603 81.81484985351562)
 (X_1604 67.15663146972656)
 (X_1605 58.28582763671875)
 (X_1606 69.99449157714844)
 (X_1607 61.5566520690918)
 (X_1608 41.158042907714844)
 (X_1609 52.12506866455078)
 (X_1610 48.08833694458008)
 (X_1611 43.971580505371094)
 (X_1612 71.85388946533203)
 (X_1613 57.03038787841797)
 (X_1614 68.11872100830078)
 (X_1615 52.56684875488281)
 (X_1616 66.92239379882812)
 (X_1617 63.13799285888672)
 (X_1618 55.791358947753906)
 (X_1619 47.12727355957031)
 (X_1620 95.69811248779297)
 (X_1621 88.96785736083984)
 (X_1622 84.48046875)
 (X_1623 94.38714599609375)
 (X_1624 75.19194030761719)
 (X_1625 76.41378784179688)
 (X_1626 80.39181518554688)
 (X_1627 48.533287048339844)
 (X_1628 54.78327560424805)
 (X_1629 89.39398193359375)
 (X_1630 82.95027160644531)
 (X_1631 69.67648315429688)
 (X_1632 72.19629669189453)
 (X_1633 69.77297973632812)
 (X_1634 74.03448486328125)
 (X_1635 73.90055847167969)
 (X_1636 53.62194061279297)
 (X_1637 61.57525634765625)
 (X_1638 91.37081909179688)
 (X_1639 66.68378448486328)
 (X_1640 82.54042053222656)
 (X_1641 95.84120178222656)
 (X_1642 88.49221801757812)
 (X_1643 56.72170639038086)
 (X_1644 67.76640319824219)
 (X_1645 48.05985641479492)
 (X_1646 48.2337532043457)
 (X_1647 95.20867919921875)
 (X_1648 60.684349060058594)
 (X_1649 68.09907531738281)
 (X_1650 100.84387969970703)
 (X_1651 80.50752258300781)
 (X_1652 60.88396072387695)
 (X_1653 50.86922073364258)
 (X_1654 86.48080444335938)
 (X_1655 47.054039001464844)
 (X_1656 78.76087188720703)
 (X_1657 77.95954895019531)
 (X_1658 84.97308349609375)
 (X_1659 75.20234680175781)
 (X_1660 103.34111785888672)
 (X_1661 78.96666717529297)
 (X_1662 56.444210052490234)
 (X_1663 110.48635864257812)
 (X_1664 60.00816345214844)
 (X_1665 91.95596313476562)
 (X_1666 90.11627197265625)
 (X_1667 99.06607055664062)
 (X_1668 74.87278747558594)
 (X_1669 99.11556243896484)
 (X_1670 89.93112182617188)
 (X_1671 47.417686462402344)
 (X_1672 127.50654602050781)
 (X_1673 65.2035903930664)
 (X_1674 69.3561782836914)
 (X_1675 90.00347900390625)
 (X_1676 77.76177978515625)
 (X_1677 79.9962387084961)
 (X_1678 113.22978973388672)
 (X_1679 87.21893310546875)
 (X_1680 61.13603973388672)
 (X_1681 158.66708374023438)
 (X_1682 68.99744415283203)
 (X_1683 94.35730743408203)
 (X_1684 83.2882080078125)
 (X_1685 69.98849487304688)
 (X_1686 73.1460952758789)
 (X_1687 101.28363800048828)
 (X_1688 62.417240142822266)
 (X_1689 75.82701110839844)
 (X_1690 157.82693481445312)
 (X_1691 65.43494415283203)
 (X_1692 96.46495819091797)
 (X_1693 40.57598876953125)
 (X_1694 84.9766845703125)
 (X_1695 116.08634185791016)
 (X_1696 69.7714614868164)
 (X_1697 67.10879516601562)
 (X_1698 109.77955627441406)
 (X_1699 152.67591857910156)
 (X_1700 54.7689208984375)
 (X_1701 115.5522689819336)
 (X_1702 45.70271301269531)
 (X_1703 72.7174301147461)
 (X_1704 122.80240631103516)
 (X_1705 95.89155578613281)
 (X_1706 71.03590393066406)
 (X_1707 149.0220947265625)
 (X_1708 155.71453857421875)
 (X_1709 49.655517578125)
 (X_1710 200.8136444091797)
 (X_1711 42.16461181640625)
 (X_1712 93.34246826171875)
 (X_1713 191.5692901611328)
 (X_1714 96.18439483642578)
 (X_1715 70.3904037475586)
 (X_1716 200.79730224609375)
 (X_1717 182.86727905273438)
 (X_1718 65.10025024414062)
 (X_1719 243.5425567626953)
 (X_1720 74.70728302001953)
 (X_1721 84.71209716796875)
 (X_1722 208.24545288085938)
 (X_1723 123.48402404785156)
 (X_1724 92.84172821044922)
 (X_1725 207.19174194335938)
 (X_1726 195.3902130126953)
 (X_1727 81.81161499023438)
 (X_1728 183.4865264892578)
 (X_1729 118.49053192138672)
 (X_1730 87.36116790771484)
 (X_1731 171.4432830810547)
 (X_1732 155.03399658203125)
 (X_1733 86.16007232666016)
 (X_1734 179.2947998046875)
 (X_1735 186.32293701171875)
 (X_1736 92.75125122070312)
 (X_1737 132.84109497070312)
 (X_1738 124.55669403076172)
 (X_1739 90.98541259765625)
 (X_1740 142.84141540527344)
 (X_1741 155.05264282226562)
 (X_1742 89.18306732177734)
 (X_1743 162.72293090820312)
 (X_1744 206.793212890625)
 (X_1745 83.7995834350586)
 (X_1746 95.07112884521484)
 (X_1747 122.96353912353516)
 (X_1748 78.11044311523438)
 (X_1749 111.85033416748047)
 (X_1750 133.35195922851562)
 (X_1751 74.51559448242188)
 (X_1752 140.47425842285156)
 (X_1753 168.60009765625)
 (X_1754 84.3563003540039)
 (X_1755 85.2889404296875)
 (X_1756 85.37319946289062)
 (X_1757 70.90215301513672)
 (X_1758 97.63440704345703)
 (X_1759 125.64442443847656)
 (X_1760 88.13711547851562)
 (X_1761 148.9236602783203)
 (X_1762 170.2604522705078)
 (X_1763 80.90864562988281)
 (X_1764 73.47782897949219)
 (X_1765 100.4173355102539)
 (X_1766 87.81500244140625)
 (X_1767 101.81846618652344)
 (X_1768 138.57870483398438)
 (X_1769 85.905517578125)
 (X_1770 133.34912109375)
 (X_1771 206.61001586914062)
 (X_1772 108.59970092773438)
 (X_1773 89.48490905761719)
 (X_1774 114.29434204101562)
 (X_1775 76.94807434082031)
 (X_1776 115.76025390625)
 (X_1777 160.16525268554688)
 (X_1778 87.3614730834961)
 (X_1779 142.096923828125)
 (X_1780 213.40061950683594)
 (X_1781 110.49031066894531)
 (X_1782 93.89077758789062)
 (X_1783 112.1077651977539)
 (X_1784 98.96932983398438)
 (X_1785 90.37684631347656)
 (X_1786 141.77969360351562)
 (X_1787 112.91764831542969)
 (X_1788 102.59691619873047)
 (X_1789 184.3921356201172)
 (X_1790 81.2659912109375)
 (X_1791 78.08090209960938)
 (X_1792 73.04309844970703)
 (X_1793 84.71826934814453)
 (X_1794 86.09907531738281)
 (X_1795 109.98037719726562)
 (X_1796 92.96106719970703)
 (X_1797 109.2684326171875)
 (X_1798 181.01026916503906)
 (X_1799 81.01057434082031)
 (X_1800 97.01028442382812)
 (X_1801 58.68305206298828)
 (X_1802 69.19837188720703)
 (X_1803 91.1192398071289)
 (X_1804 99.07304382324219)
 (X_1805 69.59133911132812)
 (X_1806 84.94114685058594)
 (X_1807 148.04733276367188)
 (X_1808 68.22166442871094)
 (X_1809 73.58407592773438)
 (X_1810 29.85069465637207)
 (X_1811 80.0022964477539)
 (X_1812 81.64028930664062)
 (X_1813 66.13699340820312)
 (X_1814 75.31304931640625)
 (X_1815 69.10747528076172)
 (X_1816 163.2620086669922)
 (X_1817 64.88179016113281)
 (X_1818 90.74668884277344)
 (X_1819 36.0007438659668)
 (X_1820 66.29486083984375)
 (X_1821 75.9446029663086)
 (X_1822 81.77687072753906)
 (X_1823 74.82524108886719)
 (X_1824 75.46620178222656)
 (X_1825 164.25140380859375)
 (X_1826 63.20167541503906)
 (X_1827 77.16567993164062)
 (X_1828 51.211830139160156)
 (X_1829 75.95652770996094)
 (X_1830 61.20703887939453)
 (X_1831 82.35546112060547)
 (X_1832 74.29232788085938)
 (X_1833 48.807220458984375)
 (X_1834 164.43246459960938)
 (X_1835 58.18484878540039)
 (X_1836 47.004905700683594)
 (X_1837 68.25125122070312)
 (X_1838 76.72920227050781)
 (X_1839 62.927513122558594)
 (X_1840 75.85014343261719)
 (X_1841 62.21331024169922)
 (X_1842 51.92927551269531)
 (X_1843 141.01535034179688)
 (X_1844 64.58995056152344)
 (X_1845 64.56892395019531)
 (X_1846 75.4684066772461)
 (X_1847 65.00028991699219)
 (X_1848 72.13494873046875)
 (X_1849 99.60055541992188)
 (X_1850 59.50373840332031)
 (X_1851 63.14508056640625)
 (X_1852 122.50098419189453)
 (X_1853 53.960418701171875)
 (X_1854 57.280242919921875)
 (X_1855 74.43702697753906)
 (X_1856 67.95716094970703)
 (X_1857 52.817970275878906)
 (X_1858 83.30120849609375)
 (X_1859 80.23153686523438)
 (X_1860 64.23933410644531)
 (X_1861 92.72697448730469)
 (X_1862 59.29997253417969)
 (X_1863 57.18601989746094)
 (X_1864 94.64468383789062)
 (X_1865 68.97158813476562)
 (X_1866 51.186031341552734)
 (X_1867 93.21377563476562)
 (X_1868 53.41095733642578)
 (X_1869 62.588443756103516)
 (X_1870 89.49528503417969)
 (X_1871 70.11962127685547)
 (X_1872 41.83770751953125)
 (X_1873 79.14459228515625)
 (X_1874 49.95848083496094)
 (X_1875 75.08505249023438)
 (X_1876 83.24262237548828)
 (X_1877 50.2003173828125)
 (X_1878 63.52702331542969)
 (X_1879 43.04905700683594)
 (X_1880 57.219268798828125)
 (X_1881 49.10188674926758)
 (X_1882 51.7323112487793)
 (X_1883 54.991859436035156)
 (X_1884 59.01118469238281)
 (X_1885 49.7098503112793)
 (X_1886 58.46907043457031)
 (X_1887 67.88450622558594)
 (X_1888 49.54847717285156)
 (X_1889 50.023643493652344)
 (X_1890 87.33448028564453)
 (X_1891 60.24488830566406)
 (X_1892 67.7303695678711)
 (X_1893 62.46216583251953)
 (X_1894 81.57821655273438)
 (X_1895 66.44283294677734)
 (X_1896 53.65827178955078)
 (X_1897 46.445308685302734)
 (X_1898 54.10395431518555)
 (X_1899 69.35991668701172)
 (X_1900 53.32155990600586)
 (X_1901 45.00932693481445)
 (X_1902 70.2115478515625)
 (X_1903 70.64307403564453)
 (X_1904 49.48055648803711)
 (X_1905 54.44476318359375)
 (X_1906 50.597869873046875)
 (X_1907 56.56156921386719)
 (X_1908 80.05501556396484)
 (X_1909 53.26918029785156)
 (X_1910 78.38992309570312)
 (X_1911 71.96847534179688)
 (X_1912 81.90614318847656)
 (X_1913 61.37261199951172)
 (X_1914 74.04661560058594)
 (X_1915 45.54072570800781)
 (X_1916 73.64601135253906)
 (X_1917 77.43659973144531)
 (X_1918 72.74797821044922)
 (X_1919 81.07159423828125)
 (X_1920 79.95829772949219)
 (X_1921 72.96005249023438)
 (X_1922 66.3699951171875)
 (X_1923 65.66947174072266)
 (X_1924 68.06600952148438)
 (X_1925 78.7451171875)
 (X_1926 105.8729248046875)
 (X_1927 91.3825454711914)
 (X_1928 95.20916748046875)
 (X_1929 100.71277618408203)
 (X_1930 86.64219665527344)
 (X_1931 75.76758575439453)
 (X_1932 73.26844787597656)
 (X_1933 120.81463623046875)
 (X_1934 94.32618713378906)
 (X_1935 89.7328872680664)
 (X_1936 90.01055908203125)
 (X_1937 110.5053939819336)
 (X_1938 75.58326721191406)
 (X_1939 111.97322082519531)
 (X_1940 113.49296569824219)
 (X_1941 70.88600158691406)
 (X_1942 139.52842712402344)
 (X_1943 82.4828872680664)
 (X_1944 52.87438201904297)
 (X_1945 96.72521209716797)
 (X_1946 112.51182556152344)
 (X_1947 66.74639129638672)
 (X_1948 101.76677703857422)
 (X_1949 129.75576782226562)
 (X_1950 43.15260314941406)
 (X_1951 146.02957153320312)
 (X_1952 94.52961730957031)
 (X_1953 89.96563720703125)
 (X_1954 84.78868103027344)
 (X_1955 110.77827453613281)
 (X_1956 123.58039855957031)
 (X_1957 105.0872573852539)
 (X_1958 120.26515197753906)
 (X_1959 101.6125717163086)
 (X_1960 171.7141571044922)
 (X_1961 108.77763366699219)
 (X_1962 166.98045349121094)
 (X_1963 57.63929748535156)
 (X_1964 106.66567993164062)
 (X_1965 193.09945678710938)
 (X_1966 75.13754272460938)
 (X_1967 124.84744262695312)
 (X_1968 184.68296813964844)
 (X_1969 157.89004516601562)
 (X_1970 89.32477569580078)
 (X_1971 242.20921325683594)
 (X_1972 28.538671493530273)
 (X_1973 110.55780029296875)
 (X_1974 224.51133728027344)
 (X_1975 89.56612396240234)
 (X_1976 105.02428436279297)
 (X_1977 246.7491912841797)
 (X_1978 178.91119384765625)
 (X_1979 113.53169250488281)
 (X_1980 201.24472045898438)
 (X_1981 40.921573638916016)
 (X_1982 119.36624145507812)
 (X_1983 189.75979614257812)
 (X_1984 98.33931732177734)
 (X_1985 104.29520416259766)
 (X_1986 200.3363494873047)
 (X_1987 192.4354705810547)
 (X_1988 96.19297790527344)
 (X_1989 114.59909057617188)
 (X_1990 75.30976104736328)
 (X_1991 104.10730743408203)
 (X_1992 112.53595733642578)
 (X_1993 132.0321502685547)
 (X_1994 99.77998352050781)
 (X_1995 152.0043487548828)
 (X_1996 208.62075805664062)
 (X_1997 92.54816436767578)
 (X_1998 67.33744812011719)
 (X_1999 97.56206512451172)
 (X_2000 91.09764099121094)
 (X_2001 106.86346435546875)
 (X_2002 140.8795623779297)
 (X_2003 99.01348876953125)
 (X_2004 140.52857971191406)
 (X_2005 207.7689666748047)
 (X_2006 102.29193878173828)
 (X_2007 61.0794792175293)
 (X_2008 133.96128845214844)
 (X_2009 96.97853088378906)
 (X_2010 66.75371551513672)
 (X_2011 138.33041381835938)
 (X_2012 93.56082153320312)
 (X_2013 145.35047912597656)
 (X_2014 192.7130584716797)
 (X_2015 82.17669677734375)
 (X_2016 33.488101959228516)
 (X_2017 130.0952911376953)
 (X_2018 87.04542541503906)
 (X_2019 87.34180450439453)
 (X_2020 128.2783966064453)
 (X_2021 86.62973022460938)
 (X_2022 138.31588745117188)
 (X_2023 175.28604125976562)
 (X_2024 67.45523834228516)
 (X_2025 26.864145278930664)
 (X_2026 90.81644439697266)
 (X_2027 91.22161865234375)
 (X_2028 65.5981674194336)
 (X_2029 97.64000701904297)
 (X_2030 77.23050689697266)
 (X_2031 135.74957275390625)
 (X_2032 168.21885681152344)
 (X_2033 91.03750610351562)
 (X_2034 56.69483184814453)
 (X_2035 69.78008270263672)
 (X_2036 88.22451782226562)
 (X_2037 88.25030517578125)
 (X_2038 89.54288482666016)
 (X_2039 100.87667083740234)
 (X_2040 151.83511352539062)
 (X_2041 160.92877197265625)
 (X_2042 105.13786315917969)
 (X_2043 63.27233123779297)
 (X_2044 65.73086547851562)
 (X_2045 95.60154724121094)
 (X_2046 80.72988891601562)
 (X_2047 92.8786392211914)
 (X_2048 123.1600341796875)
 (X_2049 160.42567443847656)
 (X_2050 152.35772705078125)
 (X_2051 88.80818176269531)
 (X_2052 52.3565788269043)
 (X_2053 53.24045944213867)
 (X_2054 96.57872772216797)
 (X_2055 107.76423645019531)
 (X_2056 73.56938934326172)
 (X_2057 110.8970947265625)
 (X_2058 124.38442993164062)
 (X_2059 155.009521484375)
 (X_2060 87.69366455078125)
 (X_2061 76.06278991699219)
 (X_2062 50.208160400390625)
 (X_2063 129.66700744628906)
 (X_2064 86.28439331054688)
 (X_2065 86.76333618164062)
 (X_2066 115.51473999023438)
 (X_2067 131.17630004882812)
 (X_2068 168.07568359375)
 (X_2069 102.7425765991211)
 (X_2070 64.92353820800781)
 (X_2071 28.36414909362793)
 (X_2072 118.06214904785156)
 (X_2073 94.63414001464844)
 (X_2074 79.61621856689453)
 (X_2075 104.5583724975586)
 (X_2076 111.95307159423828)
 (X_2077 155.2917938232422)
 (X_2078 124.59904479980469)
 (X_2079 86.85897827148438)
 (X_2080 29.411941528320312)
 (X_2081 117.4794921875)
 (X_2082 75.7103042602539)
 (X_2083 86.0805435180664)
 (X_2084 121.70986938476562)
 (X_2085 99.17605590820312)
 (X_2086 168.69647216796875)
 (X_2087 94.98673248291016)
 (X_2088 101.87504577636719)
 (X_2089 33.96064376831055)
 (X_2090 93.7857666015625)
 (X_2091 96.15083312988281)
 (X_2092 72.55891418457031)
 (X_2093 108.04069519042969)
 (X_2094 74.53634643554688)
 (X_2095 161.7534637451172)
 (X_2096 80.44649505615234)
 (X_2097 85.41746520996094)
 (X_2098 60.606353759765625)
 (X_2099 116.2978515625)
 (X_2100 64.29176330566406)
 (X_2101 81.36268615722656)
 (X_2102 96.78518676757812)
 (X_2103 60.74718475341797)
 (X_2104 164.03868103027344)
 (X_2105 93.9676742553711)
 (X_2106 69.45884704589844)
 (X_2107 63.491947174072266)
 (X_2108 89.6351318359375)
 (X_2109 59.09983825683594)
 (X_2110 82.1701889038086)
 (X_2111 87.21964263916016)
 (X_2112 48.94939422607422)
 (X_2113 126.29229736328125)
 (X_2114 102.01701354980469)
 (X_2115 68.35015106201172)
 (X_2116 67.54998016357422)
 (X_2117 103.2650146484375)
 (X_2118 48.87638473510742)
 (X_2119 101.9056396484375)
 (X_2120 110.39360046386719)
 (X_2121 44.074073791503906)
 (X_2122 107.3080825805664)
 (X_2123 81.5240478515625)
 (X_2124 74.65726470947266)
 (X_2125 73.79436492919922)
 (X_2126 95.26455688476562)
 (X_2127 65.15515899658203)
 (X_2128 99.93768310546875)
 (X_2129 106.1557388305664)
 (X_2130 47.00498580932617)
 (X_2131 78.08636474609375)
 (X_2132 94.91963958740234)
 (X_2133 52.25245666503906)
 (X_2134 64.9912338256836)
 (X_2135 99.39739990234375)
 (X_2136 50.88764572143555)
 (X_2137 63.2169075012207)
 (X_2138 97.68307495117188)
 (X_2139 69.7403793334961)
 (X_2140 55.03523254394531)
 (X_2141 81.67708587646484)
 (X_2142 51.71807861328125)
 (X_2143 50.55771255493164)
 (X_2144 86.53235626220703)
 (X_2145 58.97195816040039)
 (X_2146 52.4467658996582)
 (X_2147 75.47347259521484)
 (X_2148 57.47514343261719)
 (X_2149 63.49537658691406)
 (X_2150 75.00065612792969)
 (X_2151 70.58920288085938)
 (X_2152 49.252803802490234)
 (X_2153 98.74647521972656)
 (X_2154 72.4122085571289)
 (X_2155 70.82119750976562)
 (X_2156 78.20159149169922)
 (X_2157 51.35899353027344)
 (X_2158 49.67144775390625)
 (X_2159 73.77215576171875)
 (X_2160 92.81080627441406)
 (X_2161 77.76679992675781)
 (X_2162 76.20955657958984)
 (X_2163 89.93734741210938)
 (X_2164 62.65382766723633)
 (X_2165 75.44373321533203)
 (X_2166 61.20559310913086)
 (X_2167 58.86971664428711)
 (X_2168 76.85726165771484)
 (X_2169 86.90888214111328)
 (X_2170 59.057838439941406)
 (X_2171 83.18328857421875)
 (X_2172 86.72962951660156)
 (X_2173 70.56581115722656)
 (X_2174 89.0051040649414)
 (X_2175 57.27814483642578)
 (X_2176 44.90562438964844)
 (X_2177 88.20797729492188)
 (X_2178 90.77720642089844)
 (X_2179 56.79784393310547)
 (X_2180 109.53475952148438)
 (X_2181 100.72230529785156)
 (X_2182 82.6736831665039)
 (X_2183 105.64266967773438)
 (X_2184 91.706787109375)
 (X_2185 69.31338500976562)
 (X_2186 120.25363159179688)
 (X_2187 112.20341491699219)
 (X_2188 71.38871765136719)
 (X_2189 166.9803924560547)
 (X_2190 90.751953125)
 (X_2191 85.89883422851562)
 (X_2192 160.41685485839844)
 (X_2193 79.07882690429688)
 (X_2194 82.99773406982422)
 (X_2195 141.4233856201172)
 (X_2196 88.8065185546875)
 (X_2197 80.37350463867188)
 (X_2198 186.61099243164062)
 (X_2199 93.3856201171875)
 (X_2200 80.41900634765625)
 (X_2201 154.7879180908203)
 (X_2202 63.05533218383789)
 (X_2203 99.23590850830078)
 (X_2204 182.9911651611328)
 (X_2205 99.10507202148438)
 (X_2206 99.6819076538086)
 (X_2207 212.41690063476562)
 (X_2208 98.84259796142578)
 (X_2209 84.96405029296875)
 (X_2210 158.35653686523438)
 (X_2211 95.4854736328125)
 (X_2212 122.51533508300781)
 (X_2213 164.64678955078125)
 (X_2214 100.21994018554688)
 (X_2215 93.42608642578125)
 (X_2216 210.3910369873047)
 (X_2217 115.91046905517578)
 (X_2218 100.044677734375)
 (X_2219 162.56727600097656)
 (X_2220 123.05680084228516)
 (X_2221 143.84646606445312)
 (X_2222 154.60476684570312)
 (X_2223 167.18702697753906)
 (X_2224 68.3287582397461)
 (X_2225 220.7063751220703)
 (X_2226 191.529296875)
 (X_2227 94.36988067626953)
 (X_2228 163.8505401611328)
 (X_2229 193.41482543945312)
 (X_2230 169.3011474609375)
 (X_2231 151.314208984375)
 (X_2232 218.59417724609375)
 (X_2233 63.13848876953125)
 (X_2234 220.41477966308594)
 (X_2235 209.67567443847656)
 (X_2236 99.5874252319336)
 (X_2237 173.85955810546875)
 (X_2238 235.226318359375)
 (X_2239 156.49252319335938)
 (X_2240 162.08457946777344)
 (X_2241 172.87554931640625)
 (X_2242 54.794288635253906)
 (X_2243 214.70787048339844)
 (X_2244 165.9219207763672)
 (X_2245 69.47545623779297)
 (X_2246 163.28018188476562)
 (X_2247 183.42218017578125)
 (X_2248 145.59808349609375)
 (X_2249 163.33798217773438)
 (X_2250 103.85054016113281)
 (X_2251 58.72063446044922)
 (X_2252 218.28692626953125)
 (X_2253 114.76504516601562)
 (X_2254 100.92377471923828)
 (X_2255 166.66954040527344)
 (X_2256 165.64093017578125)
 (X_2257 164.49798583984375)
 (X_2258 156.8202362060547)
 (X_2259 60.257301330566406)
 (X_2260 85.7471694946289)
 (X_2261 233.8534393310547)
 (X_2262 76.19268798828125)
 (X_2263 143.80209350585938)
 (X_2264 142.7007598876953)
 (X_2265 134.05296325683594)
 (X_2266 215.6365966796875)
 (X_2267 143.03598022460938)
 (X_2268 37.66551208496094)
 (X_2269 106.536865234375)
 (X_2270 203.36471557617188)
 (X_2271 85.95800018310547)
 (X_2272 136.83018493652344)
 (X_2273 138.9523468017578)
 (X_2274 160.33663940429688)
 (X_2275 201.51075744628906)
 (X_2276 160.4678955078125)
 (X_2277 25.719396591186523)
 (X_2278 134.68017578125)
 (X_2279 203.67453002929688)
 (X_2280 86.52569580078125)
 (X_2281 161.08560180664062)
 (X_2282 138.13876342773438)
 (X_2283 153.61306762695312)
 (X_2284 196.32142639160156)
 (X_2285 153.1458282470703)
 (X_2286 47.19762420654297)
 (X_2287 119.16657257080078)
 (X_2288 201.1414337158203)
 (X_2289 76.53963470458984)
 (X_2290 131.68675231933594)
 (X_2291 137.98062133789062)
 (X_2292 161.344970703125)
 (X_2293 197.27896118164062)
 (X_2294 136.0001220703125)
 (X_2295 35.46931457519531)
 (X_2296 83.95713806152344)
 (X_2297 211.40074157714844)
 (X_2298 66.61788177490234)
 (X_2299 97.2918701171875)
 (X_2300 135.51284790039062)
 (X_2301 150.52906799316406)
 (X_2302 165.83349609375)
 (X_2303 156.38941955566406)
 (X_2304 29.907665252685547)
 (X_2305 50.81728744506836)
 (X_2306 212.52540588378906)
 (X_2307 68.52530670166016)
 (X_2308 74.59135437011719)
 (X_2309 156.25625610351562)
 (X_2310 148.83755493164062)
 (X_2311 151.455810546875)
 (X_2312 133.85543823242188)
 (X_2313 41.509727478027344)
 (X_2314 55.071231842041016)
 (X_2315 212.3483428955078)
 (X_2316 65.18521881103516)
 (X_2317 82.91620635986328)
 (X_2318 142.3668975830078)
 (X_2319 135.3722381591797)
 (X_2320 145.2564239501953)
 (X_2321 133.5349884033203)
 (X_2322 61.13294219970703)
 (X_2323 54.04907989501953)
 (X_2324 219.8743438720703)
 (X_2325 99.923095703125)
 (X_2326 77.13697814941406)
 (X_2327 141.67721557617188)
 (X_2328 142.47567749023438)
 (X_2329 150.3216552734375)
 (X_2330 140.3500518798828)
 (X_2331 73.13792419433594)
 (X_2332 42.64228820800781)
 (X_2333 207.23045349121094)
 (X_2334 99.43755340576172)
 (X_2335 87.96004486083984)
 (X_2336 149.83355712890625)
 (X_2337 128.59918212890625)
 (X_2338 148.13616943359375)
 (X_2339 160.19363403320312)
 (X_2340 68.44691467285156)
 (X_2341 36.997764587402344)
 (X_2342 228.4405517578125)
 (X_2343 100.60789489746094)
 (X_2344 82.81504821777344)
 (X_2345 160.41824340820312)
 (X_2346 129.9950408935547)
 (X_2347 163.9345703125)
 (X_2348 172.1148223876953)
 (X_2349 58.297367095947266)
 (X_2350 24.31709861755371)
 (X_2351 206.32281494140625)
 (X_2352 84.31766510009766)
 (X_2353 66.47299194335938)
 (X_2354 149.69195556640625)
 (X_2355 104.70309448242188)
 (X_2356 145.23912048339844)
 (X_2357 165.96714782714844)
 (X_2358 68.62616729736328)
 (X_2359 47.60124206542969)
 (X_2360 208.09873962402344)
 (X_2361 79.51957702636719)
 (X_2362 67.14813232421875)
 (X_2363 158.2642059326172)
 (X_2364 88.59262084960938)
 (X_2365 154.26760864257812)
 (X_2366 154.36009216308594)
 (X_2367 64.54078674316406)
 (X_2368 41.91559982299805)
 (X_2369 208.46995544433594)
 (X_2370 84.84809112548828)
 (X_2371 89.95216369628906)
 (X_2372 144.09805297851562)
 (X_2373 75.02942657470703)
 (X_2374 137.7769317626953)
 (X_2375 160.90960693359375)
 (X_2376 51.23064041137695)
 (X_2377 64.92216491699219)
 (X_2378 223.03233337402344)
 (X_2379 67.71295166015625)
 (X_2380 96.48066711425781)
 (X_2381 139.83587646484375)
 (X_2382 50.97520446777344)
 (X_2383 141.94357299804688)
 (X_2384 142.74685668945312)
 (X_2385 51.49871063232422)
 (X_2386 73.2613525390625)
 (X_2387 218.05760192871094)
 (X_2388 60.92538833618164)
 (X_2389 104.68367767333984)
 (X_2390 149.34234619140625)
 (X_2391 54.005802154541016)
 (X_2392 104.7345199584961)
 (X_2393 143.5298614501953)
 (X_2394 41.98750305175781)
 (X_2395 61.320098876953125)
 (X_2396 208.0861053466797)
 (X_2397 75.6611557006836)
 (X_2398 81.8488998413086)
 (X_2399 154.7272491455078)
 (X_2400 47.2824592590332)
 (X_2401 80.14461517333984)
 (X_2402 136.14877319335938)
 (X_2403 60.18301010131836)
 (X_2404 50.39448165893555)
 (X_2405 202.28485107421875)
 (X_2406 68.83605194091797)
 (X_2407 75.17561340332031)
 (X_2408 141.65652465820312)
 (X_2409 43.47605895996094)
 (X_2410 58.253543853759766)
 (X_2411 136.4929962158203)
 (X_2412 63.80076599121094)
 (X_2413 47.44863510131836)
 (X_2414 211.38218688964844)
 (X_2415 63.26820755004883)
 (X_2416 74.54757690429688)
 (X_2417 154.4716033935547)
 (X_2418 39.26527404785156)
 (X_2419 46.5255012512207)
 (X_2420 146.95916748046875)
 (X_2421 60.99455261230469)
 (X_2422 63.712371826171875)
 (X_2423 207.1593017578125)
 (X_2424 67.27705383300781)
 (X_2425 67.73635864257812)
 (X_2426 150.94528198242188)
 (X_2427 63.44572448730469)
 (X_2428 42.848388671875)
 (X_2429 140.1408233642578)
 (X_2430 70.12351989746094)
 (X_2431 89.28648376464844)
 (X_2432 74.42498779296875)
 (X_2433 85.4451904296875)
 (X_2434 74.76152038574219)
 (X_2435 87.25576782226562)
 (X_2436 44.841983795166016)
 (X_2437 53.117218017578125)
 (X_2438 60.464202880859375)
 (X_2439 58.243465423583984)
 (X_2440 92.30165100097656)
 (X_2441 79.00184631347656)
 (X_2442 88.00457763671875)
 (X_2443 62.312503814697266)
 (X_2444 95.906982421875)
 (X_2445 72.95524597167969)
 (X_2446 46.46466827392578)
 (X_2447 75.88517761230469)
 (X_2448 74.92230987548828)
 (X_2449 59.02788162231445)
 (X_2450 121.87932586669922)
 (X_2451 92.8229751586914)
 (X_2452 69.43218994140625)
 (X_2453 99.52522277832031)
 (X_2454 75.57345581054688)
 (X_2455 58.524131774902344)
 (X_2456 111.36270141601562)
 (X_2457 83.4808578491211)
 (X_2458 57.84733581542969)
 (X_2459 146.6001739501953)
 (X_2460 102.84942626953125)
 (X_2461 68.96663665771484)
 (X_2462 122.50209045410156)
 (X_2463 79.16740417480469)
 (X_2464 65.73785400390625)
 (X_2465 114.8252182006836)
 (X_2466 86.7898941040039)
 (X_2467 76.69760131835938)
 (X_2468 157.8607635498047)
 (X_2469 108.78549194335938)
 (X_2470 73.2538070678711)
 (X_2471 100.46102905273438)
 (X_2472 73.72274780273438)
 (X_2473 71.10436248779297)
 (X_2474 109.13619232177734)
 (X_2475 126.18731689453125)
 (X_2476 90.32501983642578)
 (X_2477 180.4524688720703)
 (X_2478 127.00035858154297)
 (X_2479 85.50820922851562)
 (X_2480 79.44104766845703)
 (X_2481 153.9951171875)
 (X_2482 107.43357849121094)
 (X_2483 72.4365234375)
 (X_2484 172.23495483398438)
 (X_2485 77.02373504638672)
 (X_2486 201.08331298828125)
 (X_2487 180.77687072753906)
 (X_2488 103.42008972167969)
 (X_2489 89.86927032470703)
 (X_2490 192.5181121826172)
 (X_2491 144.2439727783203)
 (X_2492 65.35881042480469)
 (X_2493 218.57598876953125)
 (X_2494 79.85086059570312)
 (X_2495 184.23394775390625)
 (X_2496 192.54989624023438)
 (X_2497 108.9140853881836)
 (X_2498 69.51695251464844)
 (X_2499 212.14764404296875)
 (X_2500 151.051513671875)
 (X_2501 81.54737854003906)
 (X_2502 166.6268310546875)
 (X_2503 74.8781967163086)
 (X_2504 205.3153076171875)
 (X_2505 170.24261474609375)
 (X_2506 105.87892150878906)
 (X_2507 61.3237419128418)
 (X_2508 206.0144500732422)
 (X_2509 149.56417846679688)
 (X_2510 72.82266998291016)
 (X_2511 84.73687744140625)
 (X_2512 41.935272216796875)
 (X_2513 197.97207641601562)
 (X_2514 88.57257843017578)
 (X_2515 88.06989288330078)
 (X_2516 69.79719543457031)
 (X_2517 157.63821411132812)
 (X_2518 172.586181640625)
 (X_2519 68.22593688964844)
 (X_2520 44.189369201660156)
 (X_2521 39.46623611450195)
 (X_2522 211.29217529296875)
 (X_2523 78.7274398803711)
 (X_2524 98.70503234863281)
 (X_2525 63.152679443359375)
 (X_2526 164.39779663085938)
 (X_2527 173.05006408691406)
 (X_2528 83.7170181274414)
 (X_2529 28.835935592651367)
 (X_2530 80.7728500366211)
 (X_2531 208.45993041992188)
 (X_2532 78.1801986694336)
 (X_2533 119.70744323730469)
 (X_2534 70.99412536621094)
 (X_2535 141.7742156982422)
 (X_2536 181.87725830078125)
 (X_2537 74.26885986328125)
 (X_2538 26.16653823852539)
 (X_2539 106.4163589477539)
 (X_2540 183.09056091308594)
 (X_2541 70.79905700683594)
 (X_2542 149.3826904296875)
 (X_2543 72.7437744140625)
 (X_2544 154.3234100341797)
 (X_2545 201.80206298828125)
 (X_2546 80.42523956298828)
 (X_2547 39.83876419067383)
 (X_2548 110.63723754882812)
 (X_2549 207.9228515625)
 (X_2550 78.0569839477539)
 (X_2551 156.44419860839844)
 (X_2552 87.4418716430664)
 (X_2553 162.9710693359375)
 (X_2554 204.0351104736328)
 (X_2555 79.4687728881836)
 (X_2556 48.93523025512695)
 (X_2557 124.35899353027344)
 (X_2558 192.48794555664062)
 (X_2559 80.5567626953125)
 (X_2560 138.73695373535156)
 (X_2561 87.07196044921875)
 (X_2562 162.37158203125)
 (X_2563 177.43858337402344)
 (X_2564 72.29878997802734)
 (X_2565 48.16254806518555)
 (X_2566 75.972412109375)
 (X_2567 195.14175415039062)
 (X_2568 75.3197021484375)
 (X_2569 91.35185241699219)
 (X_2570 57.045989990234375)
 (X_2571 149.22314453125)
 (X_2572 156.1840057373047)
 (X_2573 67.68433380126953)
 (X_2574 68.3251953125)
 (X_2575 55.644798278808594)
 (X_2576 197.66436767578125)
 (X_2577 102.27198791503906)
 (X_2578 96.44210815429688)
 (X_2579 61.303245544433594)
 (X_2580 162.4240264892578)
 (X_2581 138.70309448242188)
 (X_2582 81.3739013671875)
 (X_2583 80.56944274902344)
 (X_2584 53.200904846191406)
 (X_2585 200.35702514648438)
 (X_2586 119.03279113769531)
 (X_2587 64.26290130615234)
 (X_2588 74.7370834350586)
 (X_2589 189.50303649902344)
 (X_2590 162.33926391601562)
 (X_2591 58.282615661621094)
 (X_2592 86.71001434326172)
 (X_2593 46.74908447265625)
 (X_2594 210.1033935546875)
 (X_2595 126.02476501464844)
 (X_2596 79.58576965332031)
 (X_2597 84.78559875488281)
 (X_2598 178.12742614746094)
 (X_2599 165.78160095214844)
 (X_2600 65.6866683959961)
 (X_2601 96.69144439697266)
 (X_2602 35.16956329345703)
 (X_2603 195.9527587890625)
 (X_2604 100.17101287841797)
 (X_2605 63.24568176269531)
 (X_2606 74.38459777832031)
 (X_2607 151.1276397705078)
 (X_2608 146.81773376464844)
 (X_2609 79.45368957519531)
 (X_2610 71.75076293945312)
 (X_2611 34.70771789550781)
 (X_2612 195.9150390625)
 (X_2613 115.64602661132812)
 (X_2614 70.16638946533203)
 (X_2615 88.76811981201172)
 (X_2616 151.14385986328125)
 (X_2617 164.12452697753906)
 (X_2618 73.2497787475586)
 (X_2619 82.02203369140625)
 (X_2620 50.24304962158203)
 (X_2621 209.33827209472656)
 (X_2622 104.0665054321289)
 (X_2623 78.67217254638672)
 (X_2624 82.44432067871094)
 (X_2625 142.444091796875)
 (X_2626 163.5863037109375)
 (X_2627 84.78778839111328)
 (X_2628 74.48274230957031)
 (X_2629 33.056861877441406)
 (X_2630 208.94590759277344)
 (X_2631 96.98381042480469)
 (X_2632 88.56964111328125)
 (X_2633 87.45690155029297)
 (X_2634 117.69120788574219)
 (X_2635 165.31884765625)
 (X_2636 82.57701873779297)
 (X_2637 56.89067077636719)
 (X_2638 45.7708854675293)
 (X_2639 201.1206817626953)
 (X_2640 79.82270812988281)
 (X_2641 80.47991180419922)
 (X_2642 72.88996887207031)
 (X_2643 93.18284606933594)
 (X_2644 147.792236328125)
 (X_2645 71.34492492675781)
 (X_2646 63.321006774902344)
 (X_2647 68.53697967529297)
 (X_2648 198.06594848632812)
 (X_2649 76.6080093383789)
 (X_2650 93.7977066040039)
 (X_2651 86.1666259765625)
 (X_2652 63.322601318359375)
 (X_2653 143.53924560546875)
 (X_2654 78.3550796508789)
 (X_2655 52.868736267089844)
 (X_2656 92.55717468261719)
 (X_2657 189.08648681640625)
 (X_2658 47.144920349121094)
 (X_2659 81.75428771972656)
 (X_2660 84.92657470703125)
 (X_2661 64.18043518066406)
 (X_2662 120.76431274414062)
 (X_2663 55.91558074951172)
 (X_2664 47.98667526245117)
 (X_2665 87.86865234375)
 (X_2666 208.8931427001953)
 (X_2667 70.08882904052734)
 (X_2668 75.29936218261719)
 (X_2669 66.07941436767578)
 (X_2670 63.96247100830078)
 (X_2671 75.77888488769531)
 (X_2672 63.15672302246094)
 (X_2673 46.23736572265625)
 (X_2674 54.75743865966797)
 (X_2675 205.4731903076172)
 (X_2676 46.97048568725586)
 (X_2677 74.03016662597656)
 (X_2678 70.09674072265625)
 (X_2679 46.562705993652344)
 (X_2680 69.87354278564453)
 (X_2681 75.22425842285156)
 (X_2682 63.72039794921875)
 (X_2683 53.84747314453125)
 (X_2684 213.3976593017578)
 (X_2685 58.327247619628906)
 (X_2686 59.429359436035156)
 (X_2687 70.62319946289062)
 (X_2688 36.984291076660156)
 (X_2689 63.96231460571289)
 (X_2690 80.86210632324219)
 (X_2691 59.457923889160156)
 (X_2692 72.85847473144531)
 (X_2693 191.48927307128906)
 (X_2694 45.26782989501953)
 (X_2695 74.8458023071289)
 (X_2696 102.40542602539062)
 (X_2697 45.65275955200195)
 (X_2698 65.06851196289062)
 (X_2699 85.62907409667969)
 (Y_0 434.0)
 (Y_1 1020.0)
 (Y_2 1094.0)
 (Y_3 624.0)
 (Y_4 678.0)
 (Y_5 476.0)
 (Y_6 220.0)
 (Y_7 902.0)
 (Y_8 476.0)
 (Y_9 406.0)
 (Y_10 692.0)
 (Y_11 822.0)
 (Y_12 698.0)
 (Y_13 954.0)
 (Y_14 816.0)
 (Y_15 862.0)
 (Y_16 684.0)
 (Y_17 244.0)
 (Y_18 1036.0)
 (Y_19 378.0)
 (Y_20 474.0)
 (Y_21 310.0)
 (Y_22 736.0)
 (Y_23 590.0)
 (Y_24 438.0)
 (Y_25 942.0)
 (Y_26 458.0)
 (Y_27 214.0)
 (Y_28 566.0)
 (Y_29 80.0)
 (Y_30 270.0)
 (Y_31 380.0)
 (Y_32 678.0)
 (Y_33 1060.0)
 (Y_34 -14.0)
 (Y_35 524.0)
 (Y_36 816.0)
 (Y_37 230.0)
 (Y_38 954.0)
 (Y_39 120.0)
 (Y_40 512.0)
 (Y_41 608.0)
 (Y_42 90.0))
