sat,1.141125
((X_0 53.13900375366211)
 (X_1 69.14997100830078)
 (X_2 88.11775970458984)
 (X_3 61.10770034790039)
 (X_4 78.05810546875)
 (X_5 87.70244598388672)
 (X_6 55.80157470703125)
 (X_7 62.111881256103516)
 (X_8 68.6763687133789)
 (X_9 69.78445434570312)
 (X_10 81.6443862915039)
 (X_11 67.97900390625)
 (X_12 74.3236312866211)
 (X_13 80.56050872802734)
 (X_14 69.14923858642578)
 (X_15 66.40159606933594)
 (X_16 69.33914184570312)
 (X_17 56.55216598510742)
 (X_18 77.82260131835938)
 (X_19 83.71012115478516)
 (X_20 68.46497344970703)
 (X_21 83.26030731201172)
 (X_22 91.54640197753906)
 (X_23 75.6845932006836)
 (X_24 68.57785034179688)
 (X_25 73.55726623535156)
 (X_26 58.70915222167969)
 (X_27 69.56283569335938)
 (X_28 81.64583587646484)
 (X_29 72.06539154052734)
 (X_30 76.67044830322266)
 (X_31 89.96675872802734)
 (X_32 74.35276794433594)
 (X_33 62.606605529785156)
 (X_34 81.94673156738281)
 (X_35 62.24824142456055)
 (X_36 63.46720886230469)
 (X_37 97.46754455566406)
 (X_38 64.05062103271484)
 (X_39 70.48519134521484)
 (X_40 112.447509765625)
 (X_41 71.78538513183594)
 (X_42 54.54108428955078)
 (X_43 107.93595123291016)
 (X_44 66.04582977294922)
 (X_45 70.59285736083984)
 (X_46 144.6759490966797)
 (X_47 75.13105010986328)
 (X_48 72.37569427490234)
 (X_49 152.7362823486328)
 (X_50 86.31217956542969)
 (X_51 52.32619094848633)
 (X_52 160.6198272705078)
 (X_53 95.08102416992188)
 (X_54 65.13136291503906)
 (X_55 172.62265014648438)
 (X_56 80.15856170654297)
 (X_57 75.25990295410156)
 (X_58 181.21157836914062)
 (X_59 96.57734680175781)
 (X_60 60.44535446166992)
 (X_61 195.73736572265625)
 (X_62 121.58040618896484)
 (X_63 70.98023986816406)
 (X_64 164.5760955810547)
 (X_65 79.60094451904297)
 (X_66 77.0771713256836)
 (X_67 168.11196899414062)
 (X_68 98.43333435058594)
 (X_69 66.97863006591797)
 (X_70 192.75962829589844)
 (X_71 148.5736083984375)
 (X_72 74.1869125366211)
 (X_73 111.71485137939453)
 (X_74 71.79641723632812)
 (X_75 79.89379119873047)
 (X_76 118.266845703125)
 (X_77 100.69095611572266)
 (X_78 65.08805084228516)
 (X_79 169.95309448242188)
 (X_80 159.2520294189453)
 (X_81 84.90910339355469)
 (X_82 57.86930847167969)
 (X_83 55.269020080566406)
 (X_84 84.40644836425781)
 (X_85 82.32242584228516)
 (X_86 87.40650939941406)
 (X_87 63.958126068115234)
 (X_88 154.1594696044922)
 (X_89 164.3938446044922)
 (X_90 83.26959991455078)
 (X_91 38.96628189086914)
 (X_92 59.23075485229492)
 (X_93 76.83712768554688)
 (X_94 77.48552703857422)
 (X_95 98.86988067626953)
 (X_96 59.99298858642578)
 (X_97 160.7808380126953)
 (X_98 169.2891082763672)
 (X_99 78.65907287597656)
 (X_100 43.93197250366211)
 (X_101 83.52809143066406)
 (X_102 74.79714965820312)
 (X_103 77.28761291503906)
 (X_104 132.14633178710938)
 (X_105 54.94898223876953)
 (X_106 156.80152893066406)
 (X_107 197.79933166503906)
 (X_108 78.17408752441406)
 (X_109 37.07114028930664)
 (X_110 111.52843475341797)
 (X_111 77.21367645263672)
 (X_112 74.92781829833984)
 (X_113 151.6619873046875)
 (X_114 59.078529357910156)
 (X_115 150.24966430664062)
 (X_116 203.4918975830078)
 (X_117 87.73267364501953)
 (X_118 37.63533020019531)
 (X_119 133.70126342773438)
 (X_120 88.63631439208984)
 (X_121 81.20233917236328)
 (X_122 158.16757202148438)
 (X_123 73.41581726074219)
 (X_124 154.4066162109375)
 (X_125 205.5621337890625)
 (X_126 83.9458236694336)
 (X_127 38.29390335083008)
 (X_128 121.84600067138672)
 (X_129 77.62741088867188)
 (X_130 81.58401489257812)
 (X_131 138.21585083007812)
 (X_132 60.73894500732422)
 (X_133 157.426513671875)
 (X_134 193.86619567871094)
 (X_135 70.3173599243164)
 (X_136 61.77033233642578)
 (X_137 87.0860595703125)
 (X_138 67.94849395751953)
 (X_139 103.74297332763672)
 (X_140 103.96452331542969)
 (X_141 58.85417938232422)
 (X_142 168.4606170654297)
 (X_143 175.6234588623047)
 (X_144 64.1418228149414)
 (X_145 90.07527923583984)
 (X_146 52.23508071899414)
 (X_147 60.41714096069336)
 (X_148 127.58472442626953)
 (X_149 82.01707458496094)
 (X_150 50.38206481933594)
 (X_151 191.8988037109375)
 (X_152 155.98106384277344)
 (X_153 52.64444351196289)
 (X_154 110.05146789550781)
 (X_155 47.23537826538086)
 (X_156 57.17173385620117)
 (X_157 137.95547485351562)
 (X_158 79.95633697509766)
 (X_159 52.55299758911133)
 (X_160 199.31539916992188)
 (X_161 158.2136688232422)
 (X_162 59.04865646362305)
 (X_163 123.11370086669922)
 (X_164 39.44346237182617)
 (X_165 66.2278823852539)
 (X_166 143.74246215820312)
 (X_167 82.02703857421875)
 (X_168 56.617279052734375)
 (X_169 198.40939331054688)
 (X_170 163.96165466308594)
 (X_171 68.9413070678711)
 (X_172 123.76017761230469)
 (X_173 44.016387939453125)
 (X_174 69.3581771850586)
 (X_175 135.82582092285156)
 (X_176 74.33927154541016)
 (X_177 57.834999084472656)
 (X_178 186.7312774658203)
 (X_179 159.1920166015625)
 (X_180 65.20105743408203)
 (X_181 104.5622329711914)
 (X_182 41.442344665527344)
 (X_183 69.79295349121094)
 (X_184 121.7431411743164)
 (X_185 78.21723175048828)
 (X_186 59.928199768066406)
 (X_187 170.0001983642578)
 (X_188 153.29852294921875)
 (X_189 70.94709014892578)
 (X_190 80.10663604736328)
 (X_191 42.44023513793945)
 (X_192 72.57112884521484)
 (X_193 101.4269790649414)
 (X_194 77.07051849365234)
 (X_195 53.088653564453125)
 (X_196 148.80197143554688)
 (X_197 155.66453552246094)
 (X_198 73.91107940673828)
 (X_199 72.69940948486328)
 (X_200 41.96455001831055)
 (X_201 75.06016540527344)
 (X_202 88.15033721923828)
 (X_203 81.12825012207031)
 (X_204 58.68040466308594)
 (X_205 125.61475372314453)
 (X_206 161.8035430908203)
 (X_207 65.49832916259766)
 (X_208 65.69861602783203)
 (X_209 55.049381256103516)
 (X_210 72.47390747070312)
 (X_211 87.0122299194336)
 (X_212 95.30621337890625)
 (X_213 55.99030685424805)
 (X_214 103.04328918457031)
 (X_215 150.9071044921875)
 (X_216 65.47760772705078)
 (X_217 70.16069030761719)
 (X_218 72.25003051757812)
 (X_219 66.22086334228516)
 (X_220 82.7361831665039)
 (X_221 96.16121673583984)
 (X_222 50.36226272583008)
 (X_223 82.11522674560547)
 (X_224 126.62178039550781)
 (X_225 65.94205474853516)
 (X_226 70.65178680419922)
 (X_227 82.88056182861328)
 (X_228 67.82195281982422)
 (X_229 70.96795654296875)
 (X_230 98.3617172241211)
 (X_231 53.842979431152344)
 (X_232 66.04942321777344)
 (X_233 98.29744720458984)
 (X_234 63.22732925415039)
 (X_235 63.643157958984375)
 (X_236 85.46192932128906)
 (X_237 63.11315155029297)
 (X_238 66.37159729003906)
 (X_239 86.96403503417969)
 (X_240 49.712318420410156)
 (X_241 56.41314697265625)
 (X_242 74.145263671875)
 (X_243 62.57042694091797)
 (X_244 59.496490478515625)
 (X_245 70.19808197021484)
 (X_246 61.45006561279297)
 (X_247 61.849090576171875)
 (X_248 82.91361236572266)
 (X_249 47.64250183105469)
 (X_250 49.67768859863281)
 (X_251 65.4507827758789)
 (X_252 79.10238647460938)
 (X_253 53.197357177734375)
 (X_254 67.41829681396484)
 (X_255 80.48167419433594)
 (X_256 59.494476318359375)
 (X_257 74.85515594482422)
 (X_258 68.9504165649414)
 (X_259 48.10639572143555)
 (X_260 59.32587814331055)
 (X_261 84.8865966796875)
 (X_262 51.23392105102539)
 (X_263 62.71990203857422)
 (X_264 86.65192413330078)
 (X_265 61.69409942626953)
 (X_266 64.8041000366211)
 (X_267 70.19440460205078)
 (X_268 44.6917610168457)
 (X_269 49.768646240234375)
 (X_270 86.59293365478516)
 (X_271 76.65448760986328)
 (X_272 90.11687469482422)
 (X_273 80.2301254272461)
 (X_274 80.57962036132812)
 (X_275 88.81377410888672)
 (X_276 69.59333038330078)
 (X_277 66.04531860351562)
 (X_278 71.75113677978516)
 (X_279 92.00009155273438)
 (X_280 86.15203094482422)
 (X_281 68.15680694580078)
 (X_282 84.5279312133789)
 (X_283 88.86233520507812)
 (X_284 74.51295471191406)
 (X_285 78.63883972167969)
 (X_286 66.56995391845703)
 (X_287 62.527442932128906)
 (X_288 85.23731994628906)
 (X_289 87.30223083496094)
 (X_290 71.05745697021484)
 (X_291 79.53974151611328)
 (X_292 84.78409576416016)
 (X_293 77.96585083007812)
 (X_294 64.33409881591797)
 (X_295 70.5655288696289)
 (X_296 58.79304122924805)
 (X_297 74.78771209716797)
 (X_298 93.1930923461914)
 (X_299 68.68408203125)
 (X_300 76.25039672851562)
 (X_301 95.46533203125)
 (X_302 70.77228546142578)
 (X_303 59.712738037109375)
 (X_304 83.34600830078125)
 (X_305 60.82597351074219)
 (X_306 80.94235229492188)
 (X_307 141.75982666015625)
 (X_308 70.27902221679688)
 (X_309 80.76616668701172)
 (X_310 140.54446411132812)
 (X_311 72.8214111328125)
 (X_312 58.50160598754883)
 (X_313 141.57127380371094)
 (X_314 56.528831481933594)
 (X_315 79.15725708007812)
 (X_316 167.14480590820312)
 (X_317 65.09464263916016)
 (X_318 72.96248626708984)
 (X_319 158.54554748535156)
 (X_320 69.30821990966797)
 (X_321 53.70943832397461)
 (X_322 165.00563049316406)
 (X_323 69.46366882324219)
 (X_324 67.1193618774414)
 (X_325 159.8087615966797)
 (X_326 69.57997131347656)
 (X_327 70.918701171875)
 (X_328 161.0760498046875)
 (X_329 88.47606658935547)
 (X_330 53.26528549194336)
 (X_331 182.96876525878906)
 (X_332 101.13912963867188)
 (X_333 63.46761703491211)
 (X_334 126.13935089111328)
 (X_335 78.53731536865234)
 (X_336 64.10844421386719)
 (X_337 134.8477020263672)
 (X_338 98.95020294189453)
 (X_339 52.62937927246094)
 (X_340 172.96868896484375)
 (X_341 131.8801727294922)
 (X_342 60.351131439208984)
 (X_343 73.7002182006836)
 (X_344 74.50189208984375)
 (X_345 63.875736236572266)
 (X_346 93.13555908203125)
 (X_347 97.66282653808594)
 (X_348 55.79167175292969)
 (X_349 150.78109741210938)
 (X_350 148.28961181640625)
 (X_351 71.32868957519531)
 (X_352 46.85305404663086)
 (X_353 70.94827270507812)
 (X_354 70.3237533569336)
 (X_355 81.1448745727539)
 (X_356 98.18807220458984)
 (X_357 55.37539291381836)
 (X_358 160.3777618408203)
 (X_359 163.40609741210938)
 (X_360 75.5798110961914)
 (X_361 36.76076889038086)
 (X_362 73.67494201660156)
 (X_363 75.46865844726562)
 (X_364 79.05657196044922)
 (X_365 105.46070861816406)
 (X_366 57.396053314208984)
 (X_367 157.6322479248047)
 (X_368 175.3845977783203)
 (X_369 78.4603042602539)
 (X_370 40.847530364990234)
 (X_371 85.28158569335938)
 (X_372 74.97264862060547)
 (X_373 79.7560043334961)
 (X_374 136.0343475341797)
 (X_375 58.45186233520508)
 (X_376 158.90428161621094)
 (X_377 201.7080078125)
 (X_378 74.3266372680664)
 (X_379 38.18806076049805)
 (X_380 112.37173461914062)
 (X_381 78.3916244506836)
 (X_382 82.05422973632812)
 (X_383 152.19667053222656)
 (X_384 63.86976623535156)
 (X_385 155.55198669433594)
 (X_386 209.08164978027344)
 (X_387 82.92906951904297)
 (X_388 37.134368896484375)
 (X_389 134.1425323486328)
 (X_390 92.47167205810547)
 (X_391 77.58880615234375)
 (X_392 164.78286743164062)
 (X_393 74.2910385131836)
 (X_394 152.13230895996094)
 (X_395 215.72189331054688)
 (X_396 80.98561096191406)
 (X_397 39.096397399902344)
 (X_398 133.0740509033203)
 (X_399 77.98918914794922)
 (X_400 80.94721984863281)
 (X_401 143.93264770507812)
 (X_402 61.864952087402344)
 (X_403 156.9870147705078)
 (X_404 197.74208068847656)
 (X_405 63.99998092651367)
 (X_406 46.89744186401367)
 (X_407 95.42626953125)
 (X_408 59.29844284057617)
 (X_409 91.48896026611328)
 (X_410 109.90673065185547)
 (X_411 49.84266662597656)
 (X_412 160.119873046875)
 (X_413 174.56741333007812)
 (X_414 51.45502853393555)
 (X_415 72.35554504394531)
 (X_416 50.902835845947266)
 (X_417 58.438236236572266)
 (X_418 118.68132781982422)
 (X_419 83.10143280029297)
 (X_420 44.04899215698242)
 (X_421 177.6356201171875)
 (X_422 154.78060913085938)
 (X_423 60.13621139526367)
 (X_424 110.86322021484375)
 (X_425 42.15201950073242)
 (X_426 58.974090576171875)
 (X_427 150.6197052001953)
 (X_428 77.00476837158203)
 (X_429 49.31816864013672)
 (X_430 198.0208740234375)
 (X_431 158.64682006835938)
 (X_432 56.051944732666016)
 (X_433 139.81289672851562)
 (X_434 41.21518325805664)
 (X_435 55.44806671142578)
 (X_436 169.85035705566406)
 (X_437 79.25477600097656)
 (X_438 44.040592193603516)
 (X_439 211.2842559814453)
 (X_440 160.19778442382812)
 (X_441 55.23434066772461)
 (X_442 140.2429656982422)
 (X_443 37.41848373413086)
 (X_444 55.67721176147461)
 (X_445 156.0509796142578)
 (X_446 77.02400207519531)
 (X_447 53.89897918701172)
 (X_448 198.12147521972656)
 (X_449 158.66270446777344)
 (X_450 58.766178131103516)
 (X_451 134.4400634765625)
 (X_452 41.531070709228516)
 (X_453 61.619049072265625)
 (X_454 141.290771484375)
 (X_455 78.12398529052734)
 (X_456 53.3714485168457)
 (X_457 186.13966369628906)
 (X_458 159.42938232421875)
 (X_459 61.150936126708984)
 (X_460 106.89856719970703)
 (X_461 40.739620208740234)
 (X_462 64.64013671875)
 (X_463 123.37120056152344)
 (X_464 81.3853530883789)
 (X_465 57.95518493652344)
 (X_466 165.7808837890625)
 (X_467 152.0237579345703)
 (X_468 72.10213470458984)
 (X_469 83.81202697753906)
 (X_470 52.41768264770508)
 (X_471 71.02482604980469)
 (X_472 100.71751403808594)
 (X_473 89.9716567993164)
 (X_474 56.64952850341797)
 (X_475 142.7764129638672)
 (X_476 156.56678771972656)
 (X_477 71.17010498046875)
 (X_478 68.82540893554688)
 (X_479 69.80089569091797)
 (X_480 68.65270233154297)
 (X_481 86.20728302001953)
 (X_482 99.88907623291016)
 (X_483 53.443241119384766)
 (X_484 115.9075698852539)
 (X_485 139.31617736816406)
 (X_486 69.36078643798828)
 (X_487 66.2699203491211)
 (X_488 84.11942291259766)
 (X_489 67.802978515625)
 (X_490 81.27297973632812)
 (X_491 98.33548736572266)
 (X_492 58.238182067871094)
 (X_493 97.09131622314453)
 (X_494 110.41217803955078)
 (X_495 69.55815124511719)
 (X_496 67.28947448730469)
 (X_497 94.62953186035156)
 (X_498 73.62852478027344)
 (X_499 74.72311401367188)
 (X_500 101.43663024902344)
 (X_501 58.21491622924805)
 (X_502 72.10279083251953)
 (X_503 84.81240844726562)
 (X_504 66.7952880859375)
 (X_505 67.10525512695312)
 (X_506 95.97016906738281)
 (X_507 72.16732788085938)
 (X_508 67.13697052001953)
 (X_509 94.87507629394531)
 (X_510 54.03913879394531)
 (X_511 57.011497497558594)
 (X_512 74.80697631835938)
 (X_513 62.5240364074707)
 (X_514 60.53903579711914)
 (X_515 97.4258804321289)
 (X_516 67.97502136230469)
 (X_517 68.86241912841797)
 (X_518 96.66021728515625)
 (X_519 50.65790939331055)
 (X_520 57.84504699707031)
 (X_521 70.6456298828125)
 (X_522 65.70037841796875)
 (X_523 68.31044006347656)
 (X_524 84.89862823486328)
 (X_525 66.821044921875)
 (X_526 78.39958190917969)
 (X_527 88.93746948242188)
 (X_528 57.22346115112305)
 (X_529 61.17158126831055)
 (X_530 59.2639274597168)
 (X_531 68.1734848022461)
 (X_532 65.20774841308594)
 (X_533 69.90259552001953)
 (X_534 72.05155181884766)
 (X_535 68.0044937133789)
 (X_536 78.3138198852539)
 (X_537 58.181941986083984)
 (X_538 53.41413497924805)
 (X_539 53.385398864746094)
 (X_540 79.20068359375)
 (X_541 93.09138488769531)
 (X_542 89.81637573242188)
 (X_543 76.0067367553711)
 (X_544 95.82831573486328)
 (X_545 86.73700714111328)
 (X_546 56.601741790771484)
 (X_547 78.10426330566406)
 (X_548 59.59647750854492)
 (X_549 88.17879486083984)
 (X_550 86.39163208007812)
 (X_551 96.80196380615234)
 (X_552 79.6915512084961)
 (X_553 83.17171478271484)
 (X_554 95.45243072509766)
 (X_555 72.57069396972656)
 (X_556 61.75445556640625)
 (X_557 77.96913146972656)
 (X_558 76.84278869628906)
 (X_559 82.4310073852539)
 (X_560 75.7571029663086)
 (X_561 78.06828308105469)
 (X_562 84.66639709472656)
 (X_563 72.36144256591797)
 (X_564 59.89724349975586)
 (X_565 64.49745178222656)
 (X_566 61.73490905761719)
 (X_567 70.12545776367188)
 (X_568 83.1117172241211)
 (X_569 57.675785064697266)
 (X_570 75.39308166503906)
 (X_571 90.20316314697266)
 (X_572 60.45293045043945)
 (X_573 60.26139831542969)
 (X_574 79.16615295410156)
 (X_575 44.51103210449219)
 (X_576 76.437744140625)
 (X_577 132.4464569091797)
 (X_578 50.4632682800293)
 (X_579 77.38888549804688)
 (X_580 136.6300048828125)
 (X_581 52.4738655090332)
 (X_582 59.292049407958984)
 (X_583 129.07879638671875)
 (X_584 36.49006652832031)
 (X_585 81.63362121582031)
 (X_586 145.22103881835938)
 (X_587 46.680419921875)
 (X_588 76.42098236083984)
 (X_589 148.3879852294922)
 (X_590 54.25143814086914)
 (X_591 58.894107818603516)
 (X_592 159.82203674316406)
 (X_593 49.5861701965332)
 (X_594 84.7791976928711)
 (X_595 135.11949157714844)
 (X_596 64.42081451416016)
 (X_597 78.5117416381836)
 (X_598 139.0501251220703)
 (X_599 75.54136657714844)
 (X_600 58.7120361328125)
 (X_601 171.2552947998047)
 (X_602 79.54462432861328)
 (X_603 85.82877349853516)
 (X_604 100.58499908447266)
 (X_605 84.85408782958984)
 (X_606 78.6826171875)
 (X_607 113.931640625)
 (X_608 95.64765930175781)
 (X_609 57.86235809326172)
 (X_610 166.0784912109375)
 (X_611 114.97541809082031)
 (X_612 83.55714416503906)
 (X_613 60.84691619873047)
 (X_614 87.03143310546875)
 (X_615 83.05538940429688)
 (X_616 86.73773956298828)
 (X_617 100.8106460571289)
 (X_618 66.09461212158203)
 (X_619 152.8456573486328)
 (X_620 136.70742797851562)
 (X_621 85.00111389160156)
 (X_622 43.20484161376953)
 (X_623 78.60751342773438)
 (X_624 88.26563262939453)
 (X_625 81.71115112304688)
 (X_626 102.28543853759766)
 (X_627 72.53710174560547)
 (X_628 157.55780029296875)
 (X_629 155.08749389648438)
 (X_630 82.21400451660156)
 (X_631 39.32892990112305)
 (X_632 81.68612670898438)
 (X_633 82.96501922607422)
 (X_634 78.4139175415039)
 (X_635 108.19207000732422)
 (X_636 64.58345794677734)
 (X_637 162.47080993652344)
 (X_638 171.5997314453125)
 (X_639 84.68846130371094)
 (X_640 36.95210266113281)
 (X_641 95.18891906738281)
 (X_642 84.55697631835938)
 (X_643 82.47901153564453)
 (X_644 132.96792602539062)
 (X_645 66.71337890625)
 (X_646 164.6741180419922)
 (X_647 200.08291625976562)
 (X_648 82.7025375366211)
 (X_649 33.94260025024414)
 (X_650 122.4598159790039)
 (X_651 83.2476806640625)
 (X_652 87.18218994140625)
 (X_653 147.22848510742188)
 (X_654 66.14432525634766)
 (X_655 158.2359161376953)
 (X_656 212.03941345214844)
 (X_657 73.82859802246094)
 (X_658 55.53351593017578)
 (X_659 132.40420532226562)
 (X_660 78.06513214111328)
 (X_661 106.02000427246094)
 (X_662 138.20606994628906)
 (X_663 63.91584396362305)
 (X_664 172.87962341308594)
 (X_665 198.59666442871094)
 (X_666 76.24382781982422)
 (X_667 109.87262725830078)
 (X_668 103.39793395996094)
 (X_669 79.70693969726562)
 (X_670 138.3485107421875)
 (X_671 128.15267944335938)
 (X_672 66.44837951660156)
 (X_673 200.55284118652344)
 (X_674 190.41973876953125)
 (X_675 76.93647766113281)
 (X_676 155.4691619873047)
 (X_677 61.78225326538086)
 (X_678 73.862060546875)
 (X_679 167.2858428955078)
 (X_680 97.80097198486328)
 (X_681 59.79930114746094)
 (X_682 220.1013641357422)
 (X_683 165.88540649414062)
 (X_684 75.02323150634766)
 (X_685 177.31124877929688)
 (X_686 44.551422119140625)
 (X_687 69.15271759033203)
 (X_688 196.15298461914062)
 (X_689 80.43425750732422)
 (X_690 55.120697021484375)
 (X_691 237.88368225097656)
 (X_692 157.62806701660156)
 (X_693 63.110206604003906)
 (X_694 196.16017150878906)
 (X_695 44.66514205932617)
 (X_696 56.42271423339844)
 (X_697 209.49327087402344)
 (X_698 80.69659423828125)
 (X_699 44.77595901489258)
 (X_700 242.258056640625)
 (X_701 158.1576690673828)
 (X_702 58.81727600097656)
 (X_703 214.19261169433594)
 (X_704 40.9821891784668)
 (X_705 56.698421478271484)
 (X_706 218.88644409179688)
 (X_707 80.77071380615234)
 (X_708 47.72583770751953)
 (X_709 249.2161102294922)
 (X_710 157.6141815185547)
 (X_711 62.562469482421875)
 (X_712 208.6815185546875)
 (X_713 37.031463623046875)
 (X_714 60.375972747802734)
 (X_715 202.5574951171875)
 (X_716 79.06633758544922)
 (X_717 57.13515090942383)
 (X_718 233.18797302246094)
 (X_719 156.34718322753906)
 (X_720 64.59998321533203)
 (X_721 188.96224975585938)
 (X_722 36.619789123535156)
 (X_723 69.19050598144531)
 (X_724 182.34930419921875)
 (X_725 78.41101837158203)
 (X_726 56.31320571899414)
 (X_727 216.30511474609375)
 (X_728 158.50262451171875)
 (X_729 71.34862518310547)
 (X_730 150.42355346679688)
 (X_731 41.960479736328125)
 (X_732 73.97319030761719)
 (X_733 151.91229248046875)
 (X_734 89.11109924316406)
 (X_735 65.39613342285156)
 (X_736 194.38868713378906)
 (X_737 156.1338653564453)
 (X_738 83.8521728515625)
 (X_739 115.25969696044922)
 (X_740 70.6954116821289)
 (X_741 78.0932846069336)
 (X_742 124.37655639648438)
 (X_743 106.1395263671875)
 (X_744 64.9704818725586)
 (X_745 172.91482543945312)
 (X_746 157.4693603515625)
 (X_747 76.16468811035156)
 (X_748 75.50059509277344)
 (X_749 92.4755859375)
 (X_750 70.46651458740234)
 (X_751 98.7907485961914)
 (X_752 113.31411743164062)
 (X_753 60.6309928894043)
 (X_754 135.91688537597656)
 (X_755 133.12680053710938)
 (X_756 67.63665771484375)
 (X_757 66.25738525390625)
 (X_758 120.34199523925781)
 (X_759 68.51448059082031)
 (X_760 84.70552062988281)
 (X_761 113.97818756103516)
 (X_762 52.915706634521484)
 (X_763 105.85330200195312)
 (X_764 111.170654296875)
 (X_765 69.69918060302734)
 (X_766 67.88849639892578)
 (X_767 101.89947509765625)
 (X_768 66.24169158935547)
 (X_769 74.66276550292969)
 (X_770 95.07666778564453)
 (X_771 58.720706939697266)
 (X_772 83.43714141845703)
 (X_773 69.4066390991211)
 (X_774 67.39246368408203)
 (X_775 64.59737396240234)
 (X_776 89.45223999023438)
 (X_777 67.3548583984375)
 (X_778 66.06999969482422)
 (X_779 85.7490234375)
 (X_780 49.66801071166992)
 (X_781 64.68199157714844)
 (X_782 55.85484313964844)
 (X_783 69.20996856689453)
 (X_784 57.99774932861328)
 (X_785 95.7885513305664)
 (X_786 67.26512908935547)
 (X_787 64.8952865600586)
 (X_788 98.85282897949219)
 (X_789 54.986083984375)
 (X_790 58.91156768798828)
 (X_791 67.95951080322266)
 (X_792 60.48410415649414)
 (X_793 57.764442443847656)
 (X_794 89.71891021728516)
 (X_795 66.94017028808594)
 (X_796 62.96799087524414)
 (X_797 93.887451171875)
 (X_798 53.440731048583984)
 (X_799 56.15564727783203)
 (X_800 70.11882781982422)
 (X_801 58.73761749267578)
 (X_802 52.859004974365234)
 (X_803 85.7704086303711)
 (X_804 66.43106842041016)
 (X_805 64.69601440429688)
 (X_806 95.86805725097656)
 (X_807 54.28436279296875)
 (X_808 52.669559478759766)
 (X_809 69.103271484375)
 (X_810 62.88610076904297)
 (X_811 97.3100814819336)
 (X_812 103.81685638427734)
 (X_813 51.49699401855469)
 (X_814 95.59497833251953)
 (X_815 88.75599670410156)
 (X_816 33.5560302734375)
 (X_817 72.8775634765625)
 (X_818 63.30910110473633)
 (X_819 49.811134338378906)
 (X_820 86.59282684326172)
 (X_821 99.3144760131836)
 (X_822 49.232967376708984)
 (X_823 83.76775360107422)
 (X_824 91.80415344238281)
 (X_825 35.66321563720703)
 (X_826 56.830528259277344)
 (X_827 75.6451644897461)
 (X_828 66.1151123046875)
 (X_829 76.68490600585938)
 (X_830 72.84278869628906)
 (X_831 64.28128814697266)
 (X_832 75.86260986328125)
 (X_833 72.698974609375)
 (X_834 50.01882553100586)
 (X_835 62.15235900878906)
 (X_836 58.09256362915039)
 (X_837 91.15480041503906)
 (X_838 80.30784606933594)
 (X_839 65.14787292480469)
 (X_840 77.708740234375)
 (X_841 91.50447082519531)
 (X_842 65.24315643310547)
 (X_843 60.367454528808594)
 (X_844 86.02902221679688)
 (X_845 51.015289306640625)
 (X_846 69.1634521484375)
 (X_847 114.28536224365234)
 (X_848 81.67852020263672)
 (X_849 72.53158569335938)
 (X_850 122.5624771118164)
 (X_851 80.13117218017578)
 (X_852 55.64661407470703)
 (X_853 128.81607055664062)
 (X_854 59.712982177734375)
 (X_855 80.8503189086914)
 (X_856 123.18050384521484)
 (X_857 83.56117248535156)
 (X_858 91.55890655517578)
 (X_859 133.6909942626953)
 (X_860 80.5586929321289)
 (X_861 73.97423553466797)
 (X_862 158.4466552734375)
 (X_863 57.28749465942383)
 (X_864 110.65763092041016)
 (X_865 117.61900329589844)
 (X_866 69.04866790771484)
 (X_867 101.5650634765625)
 (X_868 127.90608215332031)
 (X_869 76.15301513671875)
 (X_870 80.04257202148438)
 (X_871 171.0450897216797)
 (X_872 61.119163513183594)
 (X_873 99.33599090576172)
 (X_874 87.68292236328125)
 (X_875 76.16133880615234)
 (X_876 93.91337585449219)
 (X_877 105.22259521484375)
 (X_878 88.52054595947266)
 (X_879 70.15068054199219)
 (X_880 162.4507293701172)
 (X_881 93.43220520019531)
 (X_882 83.62517547607422)
 (X_883 54.27240753173828)
 (X_884 86.1535415649414)
 (X_885 83.18421936035156)
 (X_886 80.62010192871094)
 (X_887 103.69527435302734)
 (X_888 57.74773406982422)
 (X_889 155.99005126953125)
 (X_890 119.1374282836914)
 (X_891 83.4898452758789)
 (X_892 43.54111862182617)
 (X_893 93.72785186767578)
 (X_894 86.91888427734375)
 (X_895 83.8498306274414)
 (X_896 105.90436553955078)
 (X_897 58.36772155761719)
 (X_898 165.4937286376953)
 (X_899 138.7122344970703)
 (X_900 72.14543151855469)
 (X_901 37.71065139770508)
 (X_902 87.23249053955078)
 (X_903 72.04647064208984)
 (X_904 82.37367248535156)
 (X_905 105.45922088623047)
 (X_906 49.24910354614258)
 (X_907 169.98948669433594)
 (X_908 154.79945373535156)
 (X_909 71.37415313720703)
 (X_910 41.89162063598633)
 (X_911 85.1279067993164)
 (X_912 76.75360870361328)
 (X_913 94.16612243652344)
 (X_914 110.47628784179688)
 (X_915 56.68383026123047)
 (X_916 172.1695556640625)
 (X_917 175.1511993408203)
 (X_918 80.22359466552734)
 (X_919 78.55924987792969)
 (X_920 86.25404357910156)
 (X_921 79.4300308227539)
 (X_922 130.84925842285156)
 (X_923 108.8317642211914)
 (X_924 56.55821990966797)
 (X_925 199.52969360351562)
 (X_926 170.4117431640625)
 (X_927 79.8445053100586)
 (X_928 130.1213836669922)
 (X_929 75.16558074951172)
 (X_930 68.65857696533203)
 (X_931 176.5572967529297)
 (X_932 90.71533966064453)
 (X_933 53.50377655029297)
 (X_934 227.31199645996094)
 (X_935 163.4357452392578)
 (X_936 73.44983673095703)
 (X_937 209.4886932373047)
 (X_938 50.960018157958984)
 (X_939 74.02014923095703)
 (X_940 212.29031372070312)
 (X_941 85.71861267089844)
 (X_942 61.35000991821289)
 (X_943 254.03627014160156)
 (X_944 161.7543182373047)
 (X_945 76.10382843017578)
 (X_946 234.61380004882812)
 (X_947 41.027198791503906)
 (X_948 78.4319839477539)
 (X_949 229.77760314941406)
 (X_950 83.3254623413086)
 (X_951 65.8196029663086)
 (X_952 251.60174560546875)
 (X_953 157.43482971191406)
 (X_954 85.62350463867188)
 (X_955 211.92059326171875)
 (X_956 42.850852966308594)
 (X_957 73.76892852783203)
 (X_958 224.57989501953125)
 (X_959 81.61063385009766)
 (X_960 62.300872802734375)
 (X_961 245.9536590576172)
 (X_962 158.4269256591797)
 (X_963 61.69335174560547)
 (X_964 193.46170043945312)
 (X_965 42.44567108154297)
 (X_966 60.67671585083008)
 (X_967 214.48622131347656)
 (X_968 79.1551742553711)
 (X_969 48.08873748779297)
 (X_970 239.54238891601562)
 (X_971 159.19625854492188)
 (X_972 64.01657104492188)
 (X_973 194.81053161621094)
 (X_974 39.30951690673828)
 (X_975 65.15155792236328)
 (X_976 212.8274383544922)
 (X_977 80.84300231933594)
 (X_978 54.99982833862305)
 (X_979 244.32382202148438)
 (X_980 161.54930114746094)
 (X_981 72.65910339355469)
 (X_982 208.3454132080078)
 (X_983 34.279537200927734)
 (X_984 74.61109924316406)
 (X_985 216.1233367919922)
 (X_986 82.3228759765625)
 (X_987 62.015281677246094)
 (X_988 248.89358520507812)
 (X_989 155.05775451660156)
 (X_990 73.95670318603516)
 (X_991 194.80606079101562)
 (X_992 42.62643051147461)
 (X_993 75.04668426513672)
 (X_994 193.151123046875)
 (X_995 85.51275634765625)
 (X_996 58.19680404663086)
 (X_997 224.69711303710938)
 (X_998 161.7860565185547)
 (X_999 74.41555786132812)
 (X_1000 154.06253051757812)
 (X_1001 61.3688850402832)
 (X_1002 80.2359848022461)
 (X_1003 154.14593505859375)
 (X_1004 102.7691650390625)
 (X_1005 60.59423828125)
 (X_1006 197.7584991455078)
 (X_1007 154.1807403564453)
 (X_1008 69.99800109863281)
 (X_1009 95.3335189819336)
 (X_1010 96.98506164550781)
 (X_1011 74.8366928100586)
 (X_1012 110.78787994384766)
 (X_1013 119.1475830078125)
 (X_1014 59.42597579956055)
 (X_1015 160.9333953857422)
 (X_1016 146.3809814453125)
 (X_1017 63.50910949707031)
 (X_1018 65.64485931396484)
 (X_1019 110.97589111328125)
 (X_1020 64.92851257324219)
 (X_1021 90.81559753417969)
 (X_1022 112.42388153076172)
 (X_1023 53.195587158203125)
 (X_1024 132.52415466308594)
 (X_1025 111.7346420288086)
 (X_1026 61.20829391479492)
 (X_1027 69.3955078125)
 (X_1028 99.75777435302734)
 (X_1029 62.99040985107422)
 (X_1030 83.34617614746094)
 (X_1031 99.79731750488281)
 (X_1032 47.63050842285156)
 (X_1033 112.3818359375)
 (X_1034 76.5395278930664)
 (X_1035 55.99280548095703)
 (X_1036 64.56694030761719)
 (X_1037 90.18161010742188)
 (X_1038 59.5382080078125)
 (X_1039 78.47870635986328)
 (X_1040 91.38536071777344)
 (X_1041 48.255619049072266)
 (X_1042 89.88099670410156)
 (X_1043 64.69366455078125)
 (X_1044 52.803646087646484)
 (X_1045 61.72465515136719)
 (X_1046 85.6327133178711)
 (X_1047 57.374576568603516)
 (X_1048 68.26004028320312)
 (X_1049 87.76063537597656)
 (X_1050 48.29814147949219)
 (X_1051 70.22425842285156)
 (X_1052 65.27079010009766)
 (X_1053 62.79206466674805)
 (X_1054 56.587249755859375)
 (X_1055 80.68896484375)
 (X_1056 67.09669494628906)
 (X_1057 60.343284606933594)
 (X_1058 86.26060485839844)
 (X_1059 52.24298858642578)
 (X_1060 53.885467529296875)
 (X_1061 65.37433624267578)
 (X_1062 62.16057586669922)
 (X_1063 54.88299560546875)
 (X_1064 76.34526062011719)
 (X_1065 65.54733276367188)
 (X_1066 57.508026123046875)
 (X_1067 85.59477233886719)
 (X_1068 55.325382232666016)
 (X_1069 49.06913757324219)
 (X_1070 64.20683288574219)
 (X_1071 64.26488494873047)
 (X_1072 48.465309143066406)
 (X_1073 73.50033569335938)
 (X_1074 72.39823913574219)
 (X_1075 57.314903259277344)
 (X_1076 84.3864517211914)
 (X_1077 59.14231872558594)
 (X_1078 46.17250442504883)
 (X_1079 61.219844818115234)
 (X_1080 58.362571716308594)
 (X_1081 87.63243103027344)
 (X_1082 102.50879669189453)
 (X_1083 52.6822509765625)
 (X_1084 82.13784790039062)
 (X_1085 88.20863342285156)
 (X_1086 38.31269836425781)
 (X_1087 61.553375244140625)
 (X_1088 65.94866180419922)
 (X_1089 37.585174560546875)
 (X_1090 86.8411865234375)
 (X_1091 82.43131256103516)
 (X_1092 40.87418746948242)
 (X_1093 76.13694763183594)
 (X_1094 76.85247802734375)
 (X_1095 28.56481170654297)
 (X_1096 55.55539321899414)
 (X_1097 58.73067092895508)
 (X_1098 71.5548095703125)
 (X_1099 74.50969696044922)
 (X_1100 67.61445617675781)
 (X_1101 72.27377319335938)
 (X_1102 70.08151245117188)
 (X_1103 70.36456298828125)
 (X_1104 45.82829666137695)
 (X_1105 61.73334884643555)
 (X_1106 50.55171585083008)
 (X_1107 101.49852752685547)
 (X_1108 80.52133178710938)
 (X_1109 76.610595703125)
 (X_1110 76.69872283935547)
 (X_1111 88.25119018554688)
 (X_1112 79.5499267578125)
 (X_1113 56.88523483276367)
 (X_1114 88.14836883544922)
 (X_1115 62.31794357299805)
 (X_1116 76.0643081665039)
 (X_1117 101.9266128540039)
 (X_1118 94.3018569946289)
 (X_1119 62.6214714050293)
 (X_1120 115.02118682861328)
 (X_1121 91.09447479248047)
 (X_1122 49.83717727661133)
 (X_1123 129.0821990966797)
 (X_1124 80.4151840209961)
 (X_1125 76.75887298583984)
 (X_1126 111.72516632080078)
 (X_1127 106.72611236572266)
 (X_1128 78.67445373535156)
 (X_1129 121.56574249267578)
 (X_1130 92.6071548461914)
 (X_1131 59.35606002807617)
 (X_1132 152.0630645751953)
 (X_1133 75.8478775024414)
 (X_1134 103.14411163330078)
 (X_1135 99.24136352539062)
 (X_1136 100.05062103271484)
 (X_1137 100.28584289550781)
 (X_1138 114.37774658203125)
 (X_1139 92.65969848632812)
 (X_1140 82.44266510009766)
 (X_1141 163.48768615722656)
 (X_1142 79.73314666748047)
 (X_1143 96.12579345703125)
 (X_1144 77.8897705078125)
 (X_1145 95.74715423583984)
 (X_1146 94.70579528808594)
 (X_1147 93.00112915039062)
 (X_1148 100.479248046875)
 (X_1149 68.77100372314453)
 (X_1150 164.7174072265625)
 (X_1151 100.48844909667969)
 (X_1152 89.4178466796875)
 (X_1153 45.307106018066406)
 (X_1154 96.49711608886719)
 (X_1155 90.46063995361328)
 (X_1156 80.91895294189453)
 (X_1157 110.53751373291016)
 (X_1158 60.55547332763672)
 (X_1159 155.87484741210938)
 (X_1160 112.23348999023438)
 (X_1161 78.21624755859375)
 (X_1162 43.84131622314453)
 (X_1163 105.98331451416016)
 (X_1164 81.34749603271484)
 (X_1165 85.45614624023438)
 (X_1166 113.93791961669922)
 (X_1167 53.335731506347656)
 (X_1168 166.82472229003906)
 (X_1169 119.31403350830078)
 (X_1170 63.990421295166016)
 (X_1171 45.82896041870117)
 (X_1172 101.76528930664062)
 (X_1173 75.00038146972656)
 (X_1174 88.7651596069336)
 (X_1175 106.89410400390625)
 (X_1176 53.55552673339844)
 (X_1177 171.2430419921875)
 (X_1178 131.4861297607422)
 (X_1179 72.63131713867188)
 (X_1180 66.6227798461914)
 (X_1181 83.80342102050781)
 (X_1182 83.9954833984375)
 (X_1183 123.52335357666016)
 (X_1184 104.4305648803711)
 (X_1185 65.31547546386719)
 (X_1186 195.61009216308594)
 (X_1187 144.01434326171875)
 (X_1188 85.10194396972656)
 (X_1189 117.07374572753906)
 (X_1190 75.1812744140625)
 (X_1191 92.9945068359375)
 (X_1192 162.02621459960938)
 (X_1193 96.43824768066406)
 (X_1194 65.42134857177734)
 (X_1195 227.43389892578125)
 (X_1196 152.85098266601562)
 (X_1197 97.013671875)
 (X_1198 165.14918518066406)
 (X_1199 67.69621276855469)
 (X_1200 85.78145599365234)
 (X_1201 195.77005004882812)
 (X_1202 94.19046020507812)
 (X_1203 62.05573654174805)
 (X_1204 237.3253173828125)
 (X_1205 154.41172790527344)
 (X_1206 91.65010070800781)
 (X_1207 183.2887420654297)
 (X_1208 55.80649185180664)
 (X_1209 89.64320373535156)
 (X_1210 182.5032958984375)
 (X_1211 89.11780548095703)
 (X_1212 67.33135223388672)
 (X_1213 218.98651123046875)
 (X_1214 154.07461547851562)
 (X_1215 86.14271545410156)
 (X_1216 147.92648315429688)
 (X_1217 49.32663345336914)
 (X_1218 81.84056854248047)
 (X_1219 152.30044555664062)
 (X_1220 86.13359832763672)
 (X_1221 62.33232879638672)
 (X_1222 186.12867736816406)
 (X_1223 154.34010314941406)
 (X_1224 68.01717376708984)
 (X_1225 97.14857482910156)
 (X_1226 48.3073616027832)
 (X_1227 69.2651596069336)
 (X_1228 122.06346893310547)
 (X_1229 81.67566680908203)
 (X_1230 54.479522705078125)
 (X_1231 171.0022735595703)
 (X_1232 149.59103393554688)
 (X_1233 66.34011840820312)
 (X_1234 103.92584228515625)
 (X_1235 43.696739196777344)
 (X_1236 63.03009033203125)
 (X_1237 145.28182983398438)
 (X_1238 78.62245178222656)
 (X_1239 53.01268005371094)
 (X_1240 202.70327758789062)
 (X_1241 148.56381225585938)
 (X_1242 70.1224136352539)
 (X_1243 139.24542236328125)
 (X_1244 41.36320495605469)
 (X_1245 67.66666412353516)
 (X_1246 174.997802734375)
 (X_1247 81.26715850830078)
 (X_1248 57.6458625793457)
 (X_1249 224.9229278564453)
 (X_1250 148.92166137695312)
 (X_1251 70.76007843017578)
 (X_1252 175.79779052734375)
 (X_1253 63.334693908691406)
 (X_1254 68.76280212402344)
 (X_1255 193.40953063964844)
 (X_1256 94.50533294677734)
 (X_1257 59.86817932128906)
 (X_1258 231.86521911621094)
 (X_1259 157.84725952148438)
 (X_1260 73.15206146240234)
 (X_1261 154.774169921875)
 (X_1262 81.26187896728516)
 (X_1263 75.01579284667969)
 (X_1264 165.19888305664062)
 (X_1265 108.8878173828125)
 (X_1266 60.94117736816406)
 (X_1267 199.6503448486328)
 (X_1268 162.94134521484375)
 (X_1269 65.88619995117188)
 (X_1270 102.1153564453125)
 (X_1271 101.99609375)
 (X_1272 73.73287963867188)
 (X_1273 110.1700668334961)
 (X_1274 123.8472900390625)
 (X_1275 56.865997314453125)
 (X_1276 164.93563842773438)
 (X_1277 149.13931274414062)
 (X_1278 61.65774917602539)
 (X_1279 59.03738784790039)
 (X_1280 98.3214111328125)
 (X_1281 66.88395690917969)
 (X_1282 90.24064636230469)
 (X_1283 103.58506774902344)
 (X_1284 51.74383544921875)
 (X_1285 153.17074584960938)
 (X_1286 99.76106262207031)
 (X_1287 62.27873229980469)
 (X_1288 56.829193115234375)
 (X_1289 90.23222351074219)
 (X_1290 69.26495361328125)
 (X_1291 90.87317657470703)
 (X_1292 84.57952880859375)
 (X_1293 53.48183822631836)
 (X_1294 140.19175720214844)
 (X_1295 67.03040313720703)
 (X_1296 60.30026626586914)
 (X_1297 64.72232055664062)
 (X_1298 72.95062255859375)
 (X_1299 70.27835845947266)
 (X_1300 86.91508483886719)
 (X_1301 83.88587188720703)
 (X_1302 55.7432975769043)
 (X_1303 122.90679931640625)
 (X_1304 65.41841888427734)
 (X_1305 53.316627502441406)
 (X_1306 60.12015151977539)
 (X_1307 77.18498992919922)
 (X_1308 62.33940505981445)
 (X_1309 73.52279663085938)
 (X_1310 84.00370025634766)
 (X_1311 46.624568939208984)
 (X_1312 93.14899444580078)
 (X_1313 69.15599060058594)
 (X_1314 51.862457275390625)
 (X_1315 61.54907989501953)
 (X_1316 77.9486083984375)
 (X_1317 53.147579193115234)
 (X_1318 68.54595947265625)
 (X_1319 81.0254898071289)
 (X_1320 47.57504653930664)
 (X_1321 71.24674987792969)
 (X_1322 61.00999069213867)
 (X_1323 53.08951950073242)
 (X_1324 58.284305572509766)
 (X_1325 70.78268432617188)
 (X_1326 57.52970504760742)
 (X_1327 66.17062377929688)
 (X_1328 75.23228454589844)
 (X_1329 54.400691986083984)
 (X_1330 59.94572067260742)
 (X_1331 53.052059173583984)
 (X_1332 60.25395965576172)
 (X_1333 62.56382751464844)
 (X_1334 66.84420776367188)
 (X_1335 68.12335968017578)
 (X_1336 61.87379455566406)
 (X_1337 66.74446105957031)
 (X_1338 55.25355911254883)
 (X_1339 59.43674850463867)
 (X_1340 47.32888412475586)
 (X_1341 59.19858169555664)
 (X_1342 59.40934371948242)
 (X_1343 60.038944244384766)
 (X_1344 65.5135269165039)
 (X_1345 62.38628005981445)
 (X_1346 72.34852600097656)
 (X_1347 56.767486572265625)
 (X_1348 55.257713317871094)
 (X_1349 53.73527908325195)
 (X_1350 76.56397247314453)
 (X_1351 78.88282012939453)
 (X_1352 80.4546890258789)
 (X_1353 84.50860595703125)
 (X_1354 80.01978302001953)
 (X_1355 75.4228515625)
 (X_1356 68.83972930908203)
 (X_1357 53.445858001708984)
 (X_1358 61.72252655029297)
 (X_1359 71.03762817382812)
 (X_1360 71.07926177978516)
 (X_1361 71.14340209960938)
 (X_1362 75.0655288696289)
 (X_1363 72.99800872802734)
 (X_1364 70.1497573852539)
 (X_1365 56.22568130493164)
 (X_1366 48.89265441894531)
 (X_1367 54.44383239746094)
 (X_1368 90.62832641601562)
 (X_1369 67.81652069091797)
 (X_1370 68.18034362792969)
 (X_1371 90.96395874023438)
 (X_1372 72.4225845336914)
 (X_1373 67.4494857788086)
 (X_1374 61.19837951660156)
 (X_1375 57.67779541015625)
 (X_1376 46.74897003173828)
 (X_1377 108.82527160644531)
 (X_1378 73.3550033569336)
 (X_1379 67.45975494384766)
 (X_1380 89.20894622802734)
 (X_1381 84.5173568725586)
 (X_1382 76.00927734375)
 (X_1383 65.69576263427734)
 (X_1384 78.90255737304688)
 (X_1385 57.2855339050293)
 (X_1386 90.58006286621094)
 (X_1387 86.49320983886719)
 (X_1388 79.22708892822266)
 (X_1389 72.30992889404297)
 (X_1390 102.85922241210938)
 (X_1391 83.46443176269531)
 (X_1392 51.78523635864258)
 (X_1393 107.0666732788086)
 (X_1394 71.52438354492188)
 (X_1395 82.01911926269531)
 (X_1396 90.90064239501953)
 (X_1397 99.52318572998047)
 (X_1398 64.7859115600586)
 (X_1399 100.29962158203125)
 (X_1400 95.2460708618164)
 (X_1401 46.56627655029297)
 (X_1402 132.54696655273438)
 (X_1403 81.09984588623047)
 (X_1404 90.92010498046875)
 (X_1405 76.75157165527344)
 (X_1406 102.19312286376953)
 (X_1407 86.00877380371094)
 (X_1408 96.44446563720703)
 (X_1409 95.98298645019531)
 (X_1410 69.65430450439453)
 (X_1411 146.93133544921875)
 (X_1412 86.38899993896484)
 (X_1413 91.9029541015625)
 (X_1414 66.28416442871094)
 (X_1415 91.91061401367188)
 (X_1416 89.00316619873047)
 (X_1417 92.83910369873047)
 (X_1418 93.26361846923828)
 (X_1419 65.55039978027344)
 (X_1420 159.77635192871094)
 (X_1421 93.5219955444336)
 (X_1422 83.99825286865234)
 (X_1423 44.711551666259766)
 (X_1424 94.3779067993164)
 (X_1425 87.85319519042969)
 (X_1426 82.669189453125)
 (X_1427 103.12162780761719)
 (X_1428 61.52553176879883)
 (X_1429 158.89312744140625)
 (X_1430 99.56840515136719)
 (X_1431 73.55693817138672)
 (X_1432 39.10956573486328)
 (X_1433 101.09417724609375)
 (X_1434 88.48712921142578)
 (X_1435 80.7040786743164)
 (X_1436 107.21839904785156)
 (X_1437 61.97454833984375)
 (X_1438 163.9402313232422)
 (X_1439 93.63599395751953)
 (X_1440 94.4627685546875)
 (X_1441 48.39061737060547)
 (X_1442 102.81134033203125)
 (X_1443 109.55650329589844)
 (X_1444 95.45917510986328)
 (X_1445 105.83670806884766)
 (X_1446 71.16633605957031)
 (X_1447 177.5447540283203)
 (X_1448 99.22169494628906)
 (X_1449 134.613037109375)
 (X_1450 81.64784240722656)
 (X_1451 98.03533172607422)
 (X_1452 134.18536376953125)
 (X_1453 129.42678833007812)
 (X_1454 106.33016967773438)
 (X_1455 110.37918853759766)
 (X_1456 203.13584899902344)
 (X_1457 117.50261688232422)
 (X_1458 124.0946044921875)
 (X_1459 121.49005126953125)
 (X_1460 90.72234344482422)
 (X_1461 134.6796112060547)
 (X_1462 164.55938720703125)
 (X_1463 103.06365203857422)
 (X_1464 125.7461929321289)
 (X_1465 216.57687377929688)
 (X_1466 135.5612335205078)
 (X_1467 127.98345184326172)
 (X_1468 138.5866241455078)
 (X_1469 95.38482666015625)
 (X_1470 140.98475646972656)
 (X_1471 165.4796905517578)
 (X_1472 108.35597229003906)
 (X_1473 130.83502197265625)
 (X_1474 211.1598663330078)
 (X_1475 142.67385864257812)
 (X_1476 131.8402862548828)
 (X_1477 119.46707153320312)
 (X_1478 85.27971649169922)
 (X_1479 133.37548828125)
 (X_1480 134.88572692871094)
 (X_1481 101.97271728515625)
 (X_1482 120.5927505493164)
 (X_1483 182.60800170898438)
 (X_1484 137.76806640625)
 (X_1485 113.56153869628906)
 (X_1486 79.81842803955078)
 (X_1487 79.60043334960938)
 (X_1488 114.24173736572266)
 (X_1489 105.31592559814453)
 (X_1490 101.94990539550781)
 (X_1491 104.98995971679688)
 (X_1492 161.87213134765625)
 (X_1493 142.3502197265625)
 (X_1494 98.45134735107422)
 (X_1495 67.00457763671875)
 (X_1496 78.8322525024414)
 (X_1497 102.49187469482422)
 (X_1498 115.10324096679688)
 (X_1499 97.64134979248047)
 (X_1500 96.2705078125)
 (X_1501 180.88182067871094)
 (X_1502 143.3557586669922)
 (X_1503 91.94884490966797)
 (X_1504 116.57073211669922)
 (X_1505 71.68389892578125)
 (X_1506 92.19979095458984)
 (X_1507 159.94456481933594)
 (X_1508 100.06624603271484)
 (X_1509 90.46256256103516)
 (X_1510 218.77740478515625)
 (X_1511 143.0089569091797)
 (X_1512 87.10670471191406)
 (X_1513 154.5205535888672)
 (X_1514 82.69823455810547)
 (X_1515 82.87084197998047)
 (X_1516 181.8346405029297)
 (X_1517 113.36022186279297)
 (X_1518 75.05209350585938)
 (X_1519 237.44444274902344)
 (X_1520 142.2113037109375)
 (X_1521 81.54644775390625)
 (X_1522 150.12216186523438)
 (X_1523 104.45061492919922)
 (X_1524 81.60528564453125)
 (X_1525 157.71548461914062)
 (X_1526 109.33566284179688)
 (X_1527 69.83551025390625)
 (X_1528 211.1099090576172)
 (X_1529 127.32276916503906)
 (X_1530 81.46917724609375)
 (X_1531 108.09867858886719)
 (X_1532 108.54863739013672)
 (X_1533 78.19117736816406)
 (X_1534 121.68302917480469)
 (X_1535 101.45084381103516)
 (X_1536 63.29920959472656)
 (X_1537 172.56016540527344)
 (X_1538 110.17875671386719)
 (X_1539 68.52245330810547)
 (X_1540 56.59585952758789)
 (X_1541 95.43650817871094)
 (X_1542 74.41127014160156)
 (X_1543 85.22489166259766)
 (X_1544 93.07140350341797)
 (X_1545 56.81959533691406)
 (X_1546 155.55715942382812)
 (X_1547 91.53328704833984)
 (X_1548 62.88738250732422)
 (X_1549 44.14365005493164)
 (X_1550 75.43204498291016)
 (X_1551 65.28775024414062)
 (X_1552 79.51283264160156)
 (X_1553 81.29348754882812)
 (X_1554 53.254188537597656)
 (X_1555 155.76223754882812)
 (X_1556 68.24760437011719)
 (X_1557 62.49177551269531)
 (X_1558 48.71675491333008)
 (X_1559 72.36524200439453)
 (X_1560 63.753173828125)
 (X_1561 88.39337158203125)
 (X_1562 81.62942504882812)
 (X_1563 51.02348327636719)
 (X_1564 147.66744995117188)
 (X_1565 66.66521453857422)
 (X_1566 58.158897399902344)
 (X_1567 61.35112762451172)
 (X_1568 78.89704132080078)
 (X_1569 63.893856048583984)
 (X_1570 87.1817855834961)
 (X_1571 85.08647155761719)
 (X_1572 54.11066818237305)
 (X_1573 132.5203094482422)
 (X_1574 67.77601623535156)
 (X_1575 60.6651611328125)
 (X_1576 66.42443084716797)
 (X_1577 82.44863891601562)
 (X_1578 66.24794006347656)
 (X_1579 77.19805145263672)
 (X_1580 81.92642211914062)
 (X_1581 55.564517974853516)
 (X_1582 101.96491241455078)
 (X_1583 67.52489471435547)
 (X_1584 59.697532653808594)
 (X_1585 64.06770324707031)
 (X_1586 77.82818603515625)
 (X_1587 59.17854690551758)
 (X_1588 75.46996307373047)
 (X_1589 77.71387481689453)
 (X_1590 50.945411682128906)
 (X_1591 80.5)
 (X_1592 61.92549133300781)
 (X_1593 48.40620422363281)
 (X_1594 64.10574340820312)
 (X_1595 64.57015228271484)
 (X_1596 56.21141815185547)
 (X_1597 77.74635314941406)
 (X_1598 64.89500427246094)
 (X_1599 46.10597229003906)
 (X_1600 70.01976776123047)
 (X_1601 51.70158767700195)
 (X_1602 51.50506591796875)
 (X_1603 65.40617370605469)
 (X_1604 64.74778747558594)
 (X_1605 65.3089370727539)
 (X_1606 70.42520904541016)
 (X_1607 66.80813598632812)
 (X_1608 54.26972961425781)
 (X_1609 59.279178619384766)
 (X_1610 50.671756744384766)
 (X_1611 59.74793243408203)
 (X_1612 57.804725646972656)
 (X_1613 57.946651458740234)
 (X_1614 69.33771514892578)
 (X_1615 61.45191955566406)
 (X_1616 69.86872863769531)
 (X_1617 58.88780212402344)
 (X_1618 51.78187942504883)
 (X_1619 55.023536682128906)
 (X_1620 85.55094146728516)
 (X_1621 79.21807861328125)
 (X_1622 74.40061950683594)
 (X_1623 91.40050506591797)
 (X_1624 83.53250885009766)
 (X_1625 64.24491119384766)
 (X_1626 69.30938720703125)
 (X_1627 63.08135986328125)
 (X_1628 60.8870964050293)
 (X_1629 73.8446044921875)
 (X_1630 69.64060974121094)
 (X_1631 62.814510345458984)
 (X_1632 85.3743896484375)
 (X_1633 76.09522247314453)
 (X_1634 61.70951461791992)
 (X_1635 58.78016662597656)
 (X_1636 52.608551025390625)
 (X_1637 48.52435302734375)
 (X_1638 77.64232635498047)
 (X_1639 69.15095520019531)
 (X_1640 67.79170227050781)
 (X_1641 86.328369140625)
 (X_1642 76.19709777832031)
 (X_1643 66.30538940429688)
 (X_1644 60.06310272216797)
 (X_1645 56.73204803466797)
 (X_1646 54.842872619628906)
 (X_1647 91.8294677734375)
 (X_1648 73.39668273925781)
 (X_1649 70.17442321777344)
 (X_1650 87.79907989501953)
 (X_1651 76.06378173828125)
 (X_1652 73.18194580078125)
 (X_1653 64.28559875488281)
 (X_1654 71.10621643066406)
 (X_1655 55.689048767089844)
 (X_1656 95.62141418457031)
 (X_1657 80.15897369384766)
 (X_1658 83.00239562988281)
 (X_1659 87.65061950683594)
 (X_1660 87.44158172607422)
 (X_1661 81.78031921386719)
 (X_1662 59.175453186035156)
 (X_1663 105.66464233398438)
 (X_1664 69.7458724975586)
 (X_1665 84.77157592773438)
 (X_1666 88.63555908203125)
 (X_1667 89.9579086303711)
 (X_1668 71.36074829101562)
 (X_1669 101.39552307128906)
 (X_1670 84.4159927368164)
 (X_1671 55.67961883544922)
 (X_1672 127.71656036376953)
 (X_1673 70.74442291259766)
 (X_1674 78.04186248779297)
 (X_1675 83.71544647216797)
 (X_1676 82.52479553222656)
 (X_1677 80.33679962158203)
 (X_1678 104.71665954589844)
 (X_1679 82.83547973632812)
 (X_1680 63.776283264160156)
 (X_1681 150.02011108398438)
 (X_1682 71.15139770507812)
 (X_1683 77.82162475585938)
 (X_1684 72.82555389404297)
 (X_1685 74.50473022460938)
 (X_1686 86.47702026367188)
 (X_1687 99.07471466064453)
 (X_1688 72.5267562866211)
 (X_1689 63.24750900268555)
 (X_1690 157.92453002929688)
 (X_1691 74.64607238769531)
 (X_1692 93.86077880859375)
 (X_1693 47.9633674621582)
 (X_1694 79.42758178710938)
 (X_1695 108.17262268066406)
 (X_1696 84.39916229248047)
 (X_1697 79.81885528564453)
 (X_1698 97.23847961425781)
 (X_1699 155.9567108154297)
 (X_1700 69.5887680053711)
 (X_1701 116.18925476074219)
 (X_1702 41.729862213134766)
 (X_1703 80.7627182006836)
 (X_1704 138.20086669921875)
 (X_1705 84.72714233398438)
 (X_1706 84.40157318115234)
 (X_1707 139.2333221435547)
 (X_1708 163.54360961914062)
 (X_1709 63.3382568359375)
 (X_1710 195.93263244628906)
 (X_1711 54.443214416503906)
 (X_1712 79.5500259399414)
 (X_1713 202.69529724121094)
 (X_1714 100.70643615722656)
 (X_1715 81.44427490234375)
 (X_1716 188.73147583007812)
 (X_1717 181.69349670410156)
 (X_1718 66.12007904052734)
 (X_1719 235.26828002929688)
 (X_1720 89.60987091064453)
 (X_1721 87.66184997558594)
 (X_1722 212.44595336914062)
 (X_1723 134.23130798339844)
 (X_1724 88.90899658203125)
 (X_1725 204.32875061035156)
 (X_1726 203.776123046875)
 (X_1727 84.17321014404297)
 (X_1728 190.868896484375)
 (X_1729 111.18201446533203)
 (X_1730 81.75607299804688)
 (X_1731 177.17898559570312)
 (X_1732 151.3643035888672)
 (X_1733 85.04402160644531)
 (X_1734 193.89691162109375)
 (X_1735 199.93678283691406)
 (X_1736 88.74137878417969)
 (X_1737 124.30703735351562)
 (X_1738 122.1655044555664)
 (X_1739 74.46725463867188)
 (X_1740 144.30870056152344)
 (X_1741 156.14764404296875)
 (X_1742 83.83706665039062)
 (X_1743 166.9047088623047)
 (X_1744 203.2326202392578)
 (X_1745 89.98800659179688)
 (X_1746 94.34242248535156)
 (X_1747 109.35847473144531)
 (X_1748 72.1915283203125)
 (X_1749 123.07850646972656)
 (X_1750 130.5869903564453)
 (X_1751 78.56919860839844)
 (X_1752 144.3426971435547)
 (X_1753 179.37832641601562)
 (X_1754 81.39585876464844)
 (X_1755 84.58120727539062)
 (X_1756 99.04232788085938)
 (X_1757 69.46894836425781)
 (X_1758 111.60618591308594)
 (X_1759 113.519287109375)
 (X_1760 80.69196319580078)
 (X_1761 139.13494873046875)
 (X_1762 178.00311279296875)
 (X_1763 92.18667602539062)
 (X_1764 84.05024719238281)
 (X_1765 98.26383209228516)
 (X_1766 77.4856185913086)
 (X_1767 110.5712661743164)
 (X_1768 134.51101684570312)
 (X_1769 89.21383666992188)
 (X_1770 136.42843627929688)
 (X_1771 196.93507385253906)
 (X_1772 95.79977416992188)
 (X_1773 87.1480484008789)
 (X_1774 118.21142578125)
 (X_1775 87.94461059570312)
 (X_1776 101.83448028564453)
 (X_1777 148.50250244140625)
 (X_1778 93.2707748413086)
 (X_1779 127.75086975097656)
 (X_1780 211.5428466796875)
 (X_1781 104.70834350585938)
 (X_1782 87.89022064208984)
 (X_1783 102.66961669921875)
 (X_1784 94.50110626220703)
 (X_1785 99.91064453125)
 (X_1786 131.4075164794922)
 (X_1787 101.06428527832031)
 (X_1788 113.27030944824219)
 (X_1789 192.97596740722656)
 (X_1790 92.08344268798828)
 (X_1791 81.92603302001953)
 (X_1792 63.36225128173828)
 (X_1793 90.02708435058594)
 (X_1794 95.47042846679688)
 (X_1795 99.21282958984375)
 (X_1796 92.26860809326172)
 (X_1797 100.21522521972656)
 (X_1798 165.04896545410156)
 (X_1799 76.16678619384766)
 (X_1800 86.06645202636719)
 (X_1801 46.78350830078125)
 (X_1802 82.70387268066406)
 (X_1803 90.63565063476562)
 (X_1804 83.92807006835938)
 (X_1805 78.71061706542969)
 (X_1806 84.21322631835938)
 (X_1807 155.87249755859375)
 (X_1808 65.60680389404297)
 (X_1809 87.64122772216797)
 (X_1810 37.228878021240234)
 (X_1811 70.2571029663086)
 (X_1812 84.6175308227539)
 (X_1813 78.01948547363281)
 (X_1814 69.9747085571289)
 (X_1815 74.92320251464844)
 (X_1816 151.8046112060547)
 (X_1817 57.0902099609375)
 (X_1818 75.00694274902344)
 (X_1819 37.334529876708984)
 (X_1820 61.144187927246094)
 (X_1821 74.21231842041016)
 (X_1822 78.68291473388672)
 (X_1823 70.09484100341797)
 (X_1824 63.687171936035156)
 (X_1825 152.28781127929688)
 (X_1826 56.65128707885742)
 (X_1827 68.61592864990234)
 (X_1828 49.765464782714844)
 (X_1829 70.74114990234375)
 (X_1830 71.79265594482422)
 (X_1831 87.88512420654297)
 (X_1832 71.87196350097656)
 (X_1833 55.56037521362305)
 (X_1834 151.72572326660156)
 (X_1835 63.66120910644531)
 (X_1836 60.637489318847656)
 (X_1837 66.71466064453125)
 (X_1838 73.16016387939453)
 (X_1839 64.17242431640625)
 (X_1840 88.19084930419922)
 (X_1841 77.95531463623047)
 (X_1842 52.67357635498047)
 (X_1843 137.0355224609375)
 (X_1844 59.095516204833984)
 (X_1845 60.41161346435547)
 (X_1846 76.49713134765625)
 (X_1847 68.01316833496094)
 (X_1848 63.021026611328125)
 (X_1849 94.24836730957031)
 (X_1850 75.68587493896484)
 (X_1851 51.683311462402344)
 (X_1852 115.7500228881836)
 (X_1853 60.12662887573242)
 (X_1854 60.01905822753906)
 (X_1855 77.57807159423828)
 (X_1856 65.20145416259766)
 (X_1857 59.769657135009766)
 (X_1858 90.23992919921875)
 (X_1859 73.92587280273438)
 (X_1860 57.80754470825195)
 (X_1861 92.57522583007812)
 (X_1862 60.29267120361328)
 (X_1863 54.00546646118164)
 (X_1864 81.78482818603516)
 (X_1865 64.62576293945312)
 (X_1866 56.73357391357422)
 (X_1867 83.3584976196289)
 (X_1868 67.57320404052734)
 (X_1869 53.88288879394531)
 (X_1870 73.40579223632812)
 (X_1871 59.48314666748047)
 (X_1872 54.59206008911133)
 (X_1873 71.62557983398438)
 (X_1874 62.422359466552734)
 (X_1875 63.87117004394531)
 (X_1876 69.44068145751953)
 (X_1877 65.76040649414062)
 (X_1878 51.37467956542969)
 (X_1879 58.01972198486328)
 (X_1880 51.49541473388672)
 (X_1881 54.60297775268555)
 (X_1882 56.89515686035156)
 (X_1883 53.30226135253906)
 (X_1884 60.8884391784668)
 (X_1885 61.55799102783203)
 (X_1886 62.405906677246094)
 (X_1887 56.18977355957031)
 (X_1888 49.66286849975586)
 (X_1889 49.181129455566406)
 (X_1890 85.58578491210938)
 (X_1891 71.9619140625)
 (X_1892 57.94337844848633)
 (X_1893 73.48600769042969)
 (X_1894 75.91719818115234)
 (X_1895 60.04178237915039)
 (X_1896 51.71941375732422)
 (X_1897 59.53486633300781)
 (X_1898 49.37971878051758)
 (X_1899 68.86181640625)
 (X_1900 64.71623229980469)
 (X_1901 56.02550506591797)
 (X_1902 72.71611022949219)
 (X_1903 67.84463500976562)
 (X_1904 60.48164367675781)
 (X_1905 49.16680145263672)
 (X_1906 50.06816864013672)
 (X_1907 53.006832122802734)
 (X_1908 74.07393646240234)
 (X_1909 64.65339660644531)
 (X_1910 61.18893814086914)
 (X_1911 79.31372833251953)
 (X_1912 70.05296325683594)
 (X_1913 68.27876281738281)
 (X_1914 58.01366424560547)
 (X_1915 55.53457260131836)
 (X_1916 62.58824920654297)
 (X_1917 86.26783752441406)
 (X_1918 63.114295959472656)
 (X_1919 70.446533203125)
 (X_1920 88.137451171875)
 (X_1921 76.1880111694336)
 (X_1922 72.5916748046875)
 (X_1923 62.97779083251953)
 (X_1924 70.74432373046875)
 (X_1925 74.22613525390625)
 (X_1926 94.55256652832031)
 (X_1927 85.3028793334961)
 (X_1928 84.14108276367188)
 (X_1929 93.00240325927734)
 (X_1930 95.509521484375)
 (X_1931 88.29843139648438)
 (X_1932 62.649139404296875)
 (X_1933 107.47769927978516)
 (X_1934 84.43531036376953)
 (X_1935 82.32340240478516)
 (X_1936 93.31990814208984)
 (X_1937 97.4395980834961)
 (X_1938 83.61845397949219)
 (X_1939 98.20394897460938)
 (X_1940 109.07709503173828)
 (X_1941 62.91880416870117)
 (X_1942 126.0168685913086)
 (X_1943 97.8420181274414)
 (X_1944 47.94100570678711)
 (X_1945 85.07996368408203)
 (X_1946 114.37106323242188)
 (X_1947 69.46833038330078)
 (X_1948 103.78107452392578)
 (X_1949 120.06352996826172)
 (X_1950 51.88741683959961)
 (X_1951 145.60948181152344)
 (X_1952 99.22225189208984)
 (X_1953 102.37348175048828)
 (X_1954 75.28986358642578)
 (X_1955 116.46844482421875)
 (X_1956 120.94275665283203)
 (X_1957 99.75056457519531)
 (X_1958 118.50112915039062)
 (X_1959 106.62005615234375)
 (X_1960 159.4039764404297)
 (X_1961 102.54784393310547)
 (X_1962 179.4064178466797)
 (X_1963 55.46295928955078)
 (X_1964 112.08295440673828)
 (X_1965 178.08370971679688)
 (X_1966 86.21484375)
 (X_1967 117.10992431640625)
 (X_1968 193.5730743408203)
 (X_1969 160.80288696289062)
 (X_1970 103.33651733398438)
 (X_1971 233.91461181640625)
 (X_1972 40.29435348510742)
 (X_1973 113.15234375)
 (X_1974 217.18359375)
 (X_1975 80.34847259521484)
 (X_1976 115.29517364501953)
 (X_1977 250.23583984375)
 (X_1978 166.84967041015625)
 (X_1979 102.06990051269531)
 (X_1980 201.71812438964844)
 (X_1981 49.142154693603516)
 (X_1982 116.11846160888672)
 (X_1983 183.4198760986328)
 (X_1984 101.07803344726562)
 (X_1985 114.4756088256836)
 (X_1986 206.90843200683594)
 (X_1987 180.98561096191406)
 (X_1988 99.2872314453125)
 (X_1989 105.6136245727539)
 (X_1990 84.61003875732422)
 (X_1991 105.98332214355469)
 (X_1992 117.7557373046875)
 (X_1993 132.80538940429688)
 (X_1994 103.50714874267578)
 (X_1995 149.10289001464844)
 (X_1996 206.67047119140625)
 (X_1997 98.17570495605469)
 (X_1998 76.29873657226562)
 (X_1999 109.78233337402344)
 (X_2000 102.76921081542969)
 (X_2001 97.85637664794922)
 (X_2002 149.14239501953125)
 (X_2003 94.72764587402344)
 (X_2004 140.68450927734375)
 (X_2005 209.09820556640625)
 (X_2006 88.98262023925781)
 (X_2007 44.297332763671875)
 (X_2008 128.46437072753906)
 (X_2009 96.56431579589844)
 (X_2010 79.51528930664062)
 (X_2011 151.93038940429688)
 (X_2012 87.84969329833984)
 (X_2013 131.33815002441406)
 (X_2014 197.05149841308594)
 (X_2015 79.41346740722656)
 (X_2016 48.40242385864258)
 (X_2017 121.26899719238281)
 (X_2018 88.38246154785156)
 (X_2019 81.76348876953125)
 (X_2020 133.7347412109375)
 (X_2021 87.60108947753906)
 (X_2022 144.48590087890625)
 (X_2023 180.02963256835938)
 (X_2024 82.57888793945312)
 (X_2025 40.27222442626953)
 (X_2026 90.76162719726562)
 (X_2027 89.5888671875)
 (X_2028 76.27291107177734)
 (X_2029 111.16264343261719)
 (X_2030 88.58367156982422)
 (X_2031 143.69052124023438)
 (X_2032 164.905029296875)
 (X_2033 88.06322479248047)
 (X_2034 46.2608528137207)
 (X_2035 61.41563034057617)
 (X_2036 102.47960662841797)
 (X_2037 83.03130340576172)
 (X_2038 98.86719512939453)
 (X_2039 98.00653076171875)
 (X_2040 151.26602172851562)
 (X_2041 154.48046875)
 (X_2042 95.90536499023438)
 (X_2043 52.26828384399414)
 (X_2044 53.127586364746094)
 (X_2045 107.18901062011719)
 (X_2046 86.55640411376953)
 (X_2047 87.5374755859375)
 (X_2048 108.5951919555664)
 (X_2049 149.14535522460938)
 (X_2050 160.07481384277344)
 (X_2051 100.88328552246094)
 (X_2052 62.86580276489258)
 (X_2053 47.69736862182617)
 (X_2054 111.19236755371094)
 (X_2055 95.94857788085938)
 (X_2056 80.4343032836914)
 (X_2057 112.66534423828125)
 (X_2058 135.3039093017578)
 (X_2059 157.54928588867188)
 (X_2060 101.15823364257812)
 (X_2061 73.1951904296875)
 (X_2062 40.172306060791016)
 (X_2063 113.49392700195312)
 (X_2064 92.15489959716797)
 (X_2065 76.11363220214844)
 (X_2066 117.09928894042969)
 (X_2067 126.08326721191406)
 (X_2068 155.10195922851562)
 (X_2069 104.1234130859375)
 (X_2070 74.82514953613281)
 (X_2071 36.92604446411133)
 (X_2072 112.1021957397461)
 (X_2073 90.35285186767578)
 (X_2074 80.76880645751953)
 (X_2075 120.95082092285156)
 (X_2076 102.75146484375)
 (X_2077 155.0319366455078)
 (X_2078 110.45764923095703)
 (X_2079 78.60525512695312)
 (X_2080 35.53047561645508)
 (X_2081 109.37228393554688)
 (X_2082 87.39591217041016)
 (X_2083 80.72328186035156)
 (X_2084 109.8499755859375)
 (X_2085 91.99227905273438)
 (X_2086 158.29257202148438)
 (X_2087 102.16432189941406)
 (X_2088 87.94893646240234)
 (X_2089 38.45402908325195)
 (X_2090 104.085693359375)
 (X_2091 83.98919677734375)
 (X_2092 77.52245330810547)
 (X_2093 104.38162994384766)
 (X_2094 77.83976745605469)
 (X_2095 156.75601196289062)
 (X_2096 92.82540893554688)
 (X_2097 79.72850036621094)
 (X_2098 49.335811614990234)
 (X_2099 103.629638671875)
 (X_2100 68.97550964355469)
 (X_2101 84.26382446289062)
 (X_2102 103.5327377319336)
 (X_2103 60.99201202392578)
 (X_2104 147.79269409179688)
 (X_2105 91.5390625)
 (X_2106 60.17796325683594)
 (X_2107 64.45472717285156)
 (X_2108 100.05886840820312)
 (X_2109 61.72080612182617)
 (X_2110 88.853759765625)
 (X_2111 103.4084243774414)
 (X_2112 45.04920959472656)
 (X_2113 138.67324829101562)
 (X_2114 92.66403198242188)
 (X_2115 58.64028549194336)
 (X_2116 72.15975952148438)
 (X_2117 100.4749526977539)
 (X_2118 60.442413330078125)
 (X_2119 90.7419204711914)
 (X_2120 97.29000091552734)
 (X_2121 49.89863586425781)
 (X_2122 112.17916870117188)
 (X_2123 88.5406265258789)
 (X_2124 62.99513244628906)
 (X_2125 79.13801574707031)
 (X_2126 93.68452453613281)
 (X_2127 60.30708312988281)
 (X_2128 90.9559326171875)
 (X_2129 94.53083038330078)
 (X_2130 53.329524993896484)
 (X_2131 91.19456481933594)
 (X_2132 86.43736267089844)
 (X_2133 57.70512390136719)
 (X_2134 71.74797058105469)
 (X_2135 87.53898620605469)
 (X_2136 62.49990463256836)
 (X_2137 77.48780822753906)
 (X_2138 87.21729278564453)
 (X_2139 53.66477584838867)
 (X_2140 64.5671615600586)
 (X_2141 82.77523040771484)
 (X_2142 57.08080291748047)
 (X_2143 60.043033599853516)
 (X_2144 83.31969451904297)
 (X_2145 59.503318786621094)
 (X_2146 67.67150115966797)
 (X_2147 87.87042999267578)
 (X_2148 57.144317626953125)
 (X_2149 60.481788635253906)
 (X_2150 77.024169921875)
 (X_2151 62.763893127441406)
 (X_2152 55.72498321533203)
 (X_2153 86.66864013671875)
 (X_2154 61.367393493652344)
 (X_2155 64.80897521972656)
 (X_2156 87.02497100830078)
 (X_2157 52.754451751708984)
 (X_2158 59.35347366333008)
 (X_2159 77.85061645507812)
 (X_2160 85.90428924560547)
 (X_2161 74.45973205566406)
 (X_2162 84.88358306884766)
 (X_2163 80.58700561523438)
 (X_2164 71.36366271972656)
 (X_2165 85.27556610107422)
 (X_2166 53.3385009765625)
 (X_2167 53.22871780395508)
 (X_2168 80.19895935058594)
 (X_2169 79.68338012695312)
 (X_2170 75.4256591796875)
 (X_2171 77.79283905029297)
 (X_2172 85.3953628540039)
 (X_2173 72.01266479492188)
 (X_2174 75.85852813720703)
 (X_2175 65.59672546386719)
 (X_2176 56.524436950683594)
 (X_2177 75.61387634277344)
 (X_2178 84.361083984375)
 (X_2179 68.32080078125)
 (X_2180 113.74505615234375)
 (X_2181 99.35633087158203)
 (X_2182 70.90635681152344)
 (X_2183 104.87601470947266)
 (X_2184 78.89994812011719)
 (X_2185 57.98747634887695)
 (X_2186 111.07424926757812)
 (X_2187 98.37556457519531)
 (X_2188 65.50723266601562)
 (X_2189 155.9855194091797)
 (X_2190 104.0304946899414)
 (X_2191 79.80855560302734)
 (X_2192 148.6524658203125)
 (X_2193 83.13447570800781)
 (X_2194 70.49676513671875)
 (X_2195 156.93988037109375)
 (X_2196 88.3416748046875)
 (X_2197 86.0721435546875)
 (X_2198 187.53805541992188)
 (X_2199 95.63485717773438)
 (X_2200 91.79559326171875)
 (X_2201 161.2190704345703)
 (X_2202 73.75882720947266)
 (X_2203 91.3337631225586)
 (X_2204 168.08895874023438)
 (X_2205 90.58618927001953)
 (X_2206 87.53491973876953)
 (X_2207 208.19271850585938)
 (X_2208 99.97638702392578)
 (X_2209 94.7968978881836)
 (X_2210 164.0020751953125)
 (X_2211 81.51419830322266)
 (X_2212 119.29759979248047)
 (X_2213 163.6839599609375)
 (X_2214 114.20169067382812)
 (X_2215 81.46279907226562)
 (X_2216 212.71994018554688)
 (X_2217 132.80673217773438)
 (X_2218 99.67725372314453)
 (X_2219 163.9976348876953)
 (X_2220 123.66461181640625)
 (X_2221 141.3455352783203)
 (X_2222 149.2407989501953)
 (X_2223 172.28138732910156)
 (X_2224 75.99557495117188)
 (X_2225 218.1365509033203)
 (X_2226 182.46852111816406)
 (X_2227 104.14866638183594)
 (X_2228 159.09017944335938)
 (X_2229 193.03070068359375)
 (X_2230 161.9132537841797)
 (X_2231 154.15463256835938)
 (X_2232 213.8763427734375)
 (X_2233 63.869224548339844)
 (X_2234 220.5988006591797)
 (X_2235 207.4959259033203)
 (X_2236 92.79566192626953)
 (X_2237 159.13307189941406)
 (X_2238 227.86965942382812)
 (X_2239 160.4092254638672)
 (X_2240 153.4764404296875)
 (X_2241 163.04254150390625)
 (X_2242 40.256744384765625)
 (X_2243 222.9830780029297)
 (X_2244 157.7925262451172)
 (X_2245 85.49581146240234)
 (X_2246 159.5755157470703)
 (X_2247 186.48944091796875)
 (X_2248 159.16159057617188)
 (X_2249 154.4529571533203)
 (X_2250 89.33210754394531)
 (X_2251 50.430728912353516)
 (X_2252 223.99143981933594)
 (X_2253 99.57382202148438)
 (X_2254 96.5857162475586)
 (X_2255 153.18077087402344)
 (X_2256 153.4853973388672)
 (X_2257 176.9656219482422)
 (X_2258 154.05203247070312)
 (X_2259 45.917945861816406)
 (X_2260 82.95669555664062)
 (X_2261 221.7981719970703)
 (X_2262 82.6876449584961)
 (X_2263 131.4393310546875)
 (X_2264 152.37864685058594)
 (X_2265 147.361328125)
 (X_2266 199.936279296875)
 (X_2267 150.8852081298828)
 (X_2268 38.42186737060547)
 (X_2269 111.82168579101562)
 (X_2270 217.98995971679688)
 (X_2271 79.94664001464844)
 (X_2272 150.4153289794922)
 (X_2273 151.3285675048828)
 (X_2274 150.32501220703125)
 (X_2275 204.53599548339844)
 (X_2276 148.56613159179688)
 (X_2277 36.89957046508789)
 (X_2278 122.2177963256836)
 (X_2279 213.43675231933594)
 (X_2280 76.13605499267578)
 (X_2281 152.28384399414062)
 (X_2282 149.0131072998047)
 (X_2283 150.609130859375)
 (X_2284 198.14881896972656)
 (X_2285 148.27003479003906)
 (X_2286 39.7095947265625)
 (X_2287 118.40007781982422)
 (X_2288 214.15919494628906)
 (X_2289 77.9477310180664)
 (X_2290 134.1112518310547)
 (X_2291 147.4596710205078)
 (X_2292 147.64901733398438)
 (X_2293 186.00979614257812)
 (X_2294 143.3480224609375)
 (X_2295 37.240169525146484)
 (X_2296 86.07254028320312)
 (X_2297 209.69857788085938)
 (X_2298 73.06299591064453)
 (X_2299 103.3171157836914)
 (X_2300 147.7982940673828)
 (X_2301 145.1047821044922)
 (X_2302 163.83609008789062)
 (X_2303 146.0633544921875)
 (X_2304 36.87198257446289)
 (X_2305 51.99576187133789)
 (X_2306 208.5951690673828)
 (X_2307 74.07136535644531)
 (X_2308 86.58375549316406)
 (X_2309 148.6060791015625)
 (X_2310 147.17742919921875)
 (X_2311 151.3861541748047)
 (X_2312 150.82736206054688)
 (X_2313 40.97837829589844)
 (X_2314 43.5174560546875)
 (X_2315 211.12835693359375)
 (X_2316 80.32164764404297)
 (X_2317 80.33009338378906)
 (X_2318 149.2180633544922)
 (X_2319 147.86260986328125)
 (X_2320 153.1855926513672)
 (X_2321 145.5646514892578)
 (X_2322 54.71035385131836)
 (X_2323 40.91317367553711)
 (X_2324 209.58470153808594)
 (X_2325 88.99519348144531)
 (X_2326 80.81890106201172)
 (X_2327 148.67515563964844)
 (X_2328 146.96852111816406)
 (X_2329 151.79022216796875)
 (X_2330 150.73626708984375)
 (X_2331 68.5653076171875)
 (X_2332 39.34744644165039)
 (X_2333 218.56387329101562)
 (X_2334 98.88206481933594)
 (X_2335 80.0074462890625)
 (X_2336 155.32574462890625)
 (X_2337 142.7437286376953)
 (X_2338 154.5526123046875)
 (X_2339 155.18716430664062)
 (X_2340 68.81163787841797)
 (X_2341 36.9154052734375)
 (X_2342 220.0568389892578)
 (X_2343 94.20938110351562)
 (X_2344 78.04308319091797)
 (X_2345 156.57852172851562)
 (X_2346 127.88450622558594)
 (X_2347 157.3130340576172)
 (X_2348 162.10977172851562)
 (X_2349 70.18971252441406)
 (X_2350 36.661678314208984)
 (X_2351 222.28079223632812)
 (X_2352 90.13267517089844)
 (X_2353 78.84908294677734)
 (X_2354 157.68685913085938)
 (X_2355 110.12163543701172)
 (X_2356 156.5865936279297)
 (X_2357 156.06263732910156)
 (X_2358 76.2424087524414)
 (X_2359 38.05550765991211)
 (X_2360 219.77389526367188)
 (X_2361 86.4275894165039)
 (X_2362 79.61128997802734)
 (X_2363 157.9209747314453)
 (X_2364 93.72492218017578)
 (X_2365 153.05795288085938)
 (X_2366 154.49769592285156)
 (X_2367 78.79900360107422)
 (X_2368 46.13175582885742)
 (X_2369 216.36842346191406)
 (X_2370 73.78687286376953)
 (X_2371 84.7977294921875)
 (X_2372 151.02658081054688)
 (X_2373 70.26219177246094)
 (X_2374 147.1280975341797)
 (X_2375 148.60159301757812)
 (X_2376 64.87567138671875)
 (X_2377 66.6202621459961)
 (X_2378 222.47169494628906)
 (X_2379 66.6472396850586)
 (X_2380 94.87689208984375)
 (X_2381 150.68756103515625)
 (X_2382 60.96478271484375)
 (X_2383 133.7528076171875)
 (X_2384 151.09759521484375)
 (X_2385 55.07030487060547)
 (X_2386 75.96087646484375)
 (X_2387 216.1041717529297)
 (X_2388 54.84050750732422)
 (X_2389 90.30165100097656)
 (X_2390 152.246337890625)
 (X_2391 50.400970458984375)
 (X_2392 112.97823333740234)
 (X_2393 150.94265747070312)
 (X_2394 57.41452407836914)
 (X_2395 73.94268798828125)
 (X_2396 209.536376953125)
 (X_2397 62.65382385253906)
 (X_2398 83.0782241821289)
 (X_2399 146.23687744140625)
 (X_2400 54.56294631958008)
 (X_2401 81.02837371826172)
 (X_2402 146.6901397705078)
 (X_2403 56.644466400146484)
 (X_2404 59.850399017333984)
 (X_2405 211.79705810546875)
 (X_2406 60.39300537109375)
 (X_2407 62.7252197265625)
 (X_2408 146.09014892578125)
 (X_2409 51.229820251464844)
 (X_2410 53.774085998535156)
 (X_2411 145.10989379882812)
 (X_2412 60.805198669433594)
 (X_2413 56.29093551635742)
 (X_2414 205.3746795654297)
 (X_2415 64.9845962524414)
 (X_2416 59.75947952270508)
 (X_2417 145.55352783203125)
 (X_2418 53.251564025878906)
 (X_2419 52.65510559082031)
 (X_2420 138.55398559570312)
 (X_2421 60.67877960205078)
 (X_2422 58.60296630859375)
 (X_2423 195.8762664794922)
 (X_2424 61.59477996826172)
 (X_2425 58.280120849609375)
 (X_2426 143.70973205566406)
 (X_2427 56.224361419677734)
 (X_2428 51.97654724121094)
 (X_2429 130.3995361328125)
 (X_2430 70.89793395996094)
 (X_2431 76.14197540283203)
 (X_2432 70.53585052490234)
 (X_2433 74.9895248413086)
 (X_2434 69.41789245605469)
 (X_2435 72.89266204833984)
 (X_2436 53.34952163696289)
 (X_2437 52.41009521484375)
 (X_2438 72.95844268798828)
 (X_2439 72.03605651855469)
 (X_2440 79.79373168945312)
 (X_2441 84.67340087890625)
 (X_2442 82.92800903320312)
 (X_2443 75.22044372558594)
 (X_2444 80.65066528320312)
 (X_2445 62.41615295410156)
 (X_2446 57.61515426635742)
 (X_2447 83.38188171386719)
 (X_2448 76.54095458984375)
 (X_2449 74.3140869140625)
 (X_2450 110.16544342041016)
 (X_2451 91.60108947753906)
 (X_2452 74.28266906738281)
 (X_2453 103.06114196777344)
 (X_2454 75.6441421508789)
 (X_2455 55.22597122192383)
 (X_2456 104.4190673828125)
 (X_2457 85.22086334228516)
 (X_2458 73.2489242553711)
 (X_2459 143.331298828125)
 (X_2460 89.99905395507812)
 (X_2461 77.40843200683594)
 (X_2462 117.5200424194336)
 (X_2463 80.7513198852539)
 (X_2464 66.45115661621094)
 (X_2465 117.97010040283203)
 (X_2466 84.90109252929688)
 (X_2467 74.42414093017578)
 (X_2468 168.1240234375)
 (X_2469 101.34288024902344)
 (X_2470 77.48944091796875)
 (X_2471 109.84152221679688)
 (X_2472 83.67005920410156)
 (X_2473 80.51599884033203)
 (X_2474 106.11764526367188)
 (X_2475 121.5713882446289)
 (X_2476 73.18389129638672)
 (X_2477 184.03311157226562)
 (X_2478 136.7333526611328)
 (X_2479 85.49848937988281)
 (X_2480 87.91963195800781)
 (X_2481 138.17005920410156)
 (X_2482 107.91270446777344)
 (X_2483 79.38468170166016)
 (X_2484 177.31024169921875)
 (X_2485 75.91969299316406)
 (X_2486 191.11007690429688)
 (X_2487 184.71165466308594)
 (X_2488 94.27970123291016)
 (X_2489 74.01097106933594)
 (X_2490 194.8444366455078)
 (X_2491 135.34112548828125)
 (X_2492 70.35212707519531)
 (X_2493 206.22219848632812)
 (X_2494 80.76202392578125)
 (X_2495 199.28155517578125)
 (X_2496 205.65216064453125)
 (X_2497 101.09703826904297)
 (X_2498 74.9432601928711)
 (X_2499 219.76576232910156)
 (X_2500 154.84759521484375)
 (X_2501 71.81008911132812)
 (X_2502 170.79660034179688)
 (X_2503 71.04732513427734)
 (X_2504 197.90403747558594)
 (X_2505 160.75119018554688)
 (X_2506 98.91014862060547)
 (X_2507 75.60903930664062)
 (X_2508 197.76141357421875)
 (X_2509 163.31631469726562)
 (X_2510 70.71550750732422)
 (X_2511 85.7874755859375)
 (X_2512 47.68706512451172)
 (X_2513 203.43856811523438)
 (X_2514 105.68864440917969)
 (X_2515 86.3946762084961)
 (X_2516 71.77411651611328)
 (X_2517 159.54428100585938)
 (X_2518 159.1536407470703)
 (X_2519 72.47057342529297)
 (X_2520 40.13651657104492)
 (X_2521 49.55057144165039)
 (X_2522 203.193115234375)
 (X_2523 80.23910522460938)
 (X_2524 98.80027770996094)
 (X_2525 73.43663787841797)
 (X_2526 154.8898468017578)
 (X_2527 172.0016326904297)
 (X_2528 71.8740234375)
 (X_2529 35.258121490478516)
 (X_2530 80.4652328491211)
 (X_2531 204.024169921875)
 (X_2532 76.96491241455078)
 (X_2533 128.32406616210938)
 (X_2534 73.90737915039062)
 (X_2535 156.82000732421875)
 (X_2536 190.2588653564453)
 (X_2537 67.9726333618164)
 (X_2538 36.74272918701172)
 (X_2539 109.75914764404297)
 (X_2540 196.15652465820312)
 (X_2541 76.3010025024414)
 (X_2542 148.47569274902344)
 (X_2543 72.46849822998047)
 (X_2544 157.67295837402344)
 (X_2545 197.25621032714844)
 (X_2546 72.23717498779297)
 (X_2547 39.001312255859375)
 (X_2548 118.20415496826172)
 (X_2549 194.7653045654297)
 (X_2550 80.95919036865234)
 (X_2551 149.6193084716797)
 (X_2552 74.48809814453125)
 (X_2553 153.93809509277344)
 (X_2554 198.77774047851562)
 (X_2555 71.44976806640625)
 (X_2556 40.66184616088867)
 (X_2557 117.56208801269531)
 (X_2558 201.5582733154297)
 (X_2559 83.41995239257812)
 (X_2560 137.25538635253906)
 (X_2561 76.1630630493164)
 (X_2562 155.58009338378906)
 (X_2563 184.57339477539062)
 (X_2564 70.33250427246094)
 (X_2565 48.483909606933594)
 (X_2566 83.5170669555664)
 (X_2567 197.91586303710938)
 (X_2568 88.5163803100586)
 (X_2569 106.44647979736328)
 (X_2570 72.5030288696289)
 (X_2571 151.87396240234375)
 (X_2572 167.95330810546875)
 (X_2573 73.0201416015625)
 (X_2574 63.29114532470703)
 (X_2575 49.95383834838867)
 (X_2576 192.12652587890625)
 (X_2577 103.09723663330078)
 (X_2578 82.3358154296875)
 (X_2579 69.34727478027344)
 (X_2580 170.14822387695312)
 (X_2581 152.42562866210938)
 (X_2582 70.9802017211914)
 (X_2583 76.93559265136719)
 (X_2584 42.95025634765625)
 (X_2585 193.74537658691406)
 (X_2586 106.90926361083984)
 (X_2587 81.70584106445312)
 (X_2588 73.83233642578125)
 (X_2589 175.0130615234375)
 (X_2590 152.91024780273438)
 (X_2591 68.10950469970703)
 (X_2592 91.73091888427734)
 (X_2593 43.01945877075195)
 (X_2594 195.46925354003906)
 (X_2595 119.86306762695312)
 (X_2596 75.80418395996094)
 (X_2597 74.59396362304688)
 (X_2598 176.64376831054688)
 (X_2599 150.2811737060547)
 (X_2600 67.90763854980469)
 (X_2601 86.89813232421875)
 (X_2602 42.638607025146484)
 (X_2603 201.666015625)
 (X_2604 111.70399475097656)
 (X_2605 74.2878646850586)
 (X_2606 77.90523529052734)
 (X_2607 160.41995239257812)
 (X_2608 156.525634765625)
 (X_2609 70.30104064941406)
 (X_2610 81.09839630126953)
 (X_2611 42.30408477783203)
 (X_2612 202.4032745361328)
 (X_2613 105.72319030761719)
 (X_2614 75.7681655883789)
 (X_2615 73.4466323852539)
 (X_2616 150.98605346679688)
 (X_2617 154.33676147460938)
 (X_2618 75.64242553710938)
 (X_2619 71.95349884033203)
 (X_2620 39.27574157714844)
 (X_2621 202.41493225097656)
 (X_2622 94.37812805175781)
 (X_2623 79.78177642822266)
 (X_2624 78.8909683227539)
 (X_2625 130.020263671875)
 (X_2626 155.5888671875)
 (X_2627 73.53108978271484)
 (X_2628 70.1398696899414)
 (X_2629 36.06950759887695)
 (X_2630 201.2632293701172)
 (X_2631 86.13238525390625)
 (X_2632 79.9604721069336)
 (X_2633 76.42213439941406)
 (X_2634 112.90386962890625)
 (X_2635 157.66647338867188)
 (X_2636 73.15188598632812)
 (X_2637 72.41187286376953)
 (X_2638 51.286041259765625)
 (X_2639 203.06719970703125)
 (X_2640 81.1105728149414)
 (X_2641 87.54209899902344)
 (X_2642 72.94723510742188)
 (X_2643 89.28616333007812)
 (X_2644 152.52059936523438)
 (X_2645 70.1821060180664)
 (X_2646 69.2289810180664)
 (X_2647 72.91908264160156)
 (X_2648 201.81394958496094)
 (X_2649 76.1994400024414)
 (X_2650 99.99393463134766)
 (X_2651 71.28218841552734)
 (X_2652 68.9408950805664)
 (X_2653 137.1575469970703)
 (X_2654 71.85842895507812)
 (X_2655 53.50657653808594)
 (X_2656 78.66097259521484)
 (X_2657 196.7072296142578)
 (X_2658 62.098182678222656)
 (X_2659 91.05108642578125)
 (X_2660 73.88231658935547)
 (X_2661 52.699440002441406)
 (X_2662 109.14125061035156)
 (X_2663 67.66764068603516)
 (X_2664 60.489234924316406)
 (X_2665 75.92640686035156)
 (X_2666 197.951416015625)
 (X_2667 65.43367767333984)
 (X_2668 82.46929168701172)
 (X_2669 76.91002655029297)
 (X_2670 57.95198059082031)
 (X_2671 81.56629943847656)
 (X_2672 72.40179443359375)
 (X_2673 60.713592529296875)
 (X_2674 53.79395294189453)
 (X_2675 200.06777954101562)
 (X_2676 59.0615119934082)
 (X_2677 65.8580322265625)
 (X_2678 73.84173583984375)
 (X_2679 50.07771301269531)
 (X_2680 61.5060920715332)
 (X_2681 72.25238800048828)
 (X_2682 51.23612594604492)
 (X_2683 57.002506256103516)
 (X_2684 200.00613403320312)
 (X_2685 61.03143310546875)
 (X_2686 66.74788665771484)
 (X_2687 81.344482421875)
 (X_2688 47.17924880981445)
 (X_2689 63.45259094238281)
 (X_2690 77.14617919921875)
 (X_2691 49.242523193359375)
 (X_2692 65.26443481445312)
 (X_2693 201.0782470703125)
 (X_2694 56.81488800048828)
 (X_2695 61.9906005859375)
 (X_2696 93.60131072998047)
 (X_2697 51.055938720703125)
 (X_2698 59.34782409667969)
 (X_2699 91.58350372314453)
 (Y_0 506.0)
 (Y_1 1084.0)
 (Y_2 1022.0)
 (Y_3 700.0)
 (Y_4 462.0)
 (Y_5 520.0)
 (Y_6 180.0)
 (Y_7 690.0)
 (Y_8 536.0)
 (Y_9 482.0)
 (Y_10 692.0)
 (Y_11 750.0)
 (Y_12 654.0)
 (Y_13 958.0)
 (Y_14 676.0)
 (Y_15 930.0)
 (Y_16 772.0)
 (Y_17 108.0)
 (Y_18 936.0)
 (Y_19 498.0)
 (Y_20 454.0)
 (Y_21 178.0)
 (Y_22 868.0)
 (Y_23 626.0)
 (Y_24 594.0)
 (Y_25 982.0)
 (Y_26 562.0)
 (Y_27 238.0)
 (Y_28 642.0)
 (Y_29 208.0)
 (Y_30 362.0)
 (Y_31 544.0)
 (Y_32 670.0)
 (Y_33 984.0)
 (Y_34 86.0)
 (Y_35 500.0)
 (Y_36 828.0)
 (Y_37 138.0)
 (Y_38 1034.0)
 (Y_39 192.0)
 (Y_40 616.0)
 (Y_41 528.0)
 (Y_42 70.0))
