sat,1.617039
((X_0 51.99113464355469)
 (X_1 72.46240234375)
 (X_2 90.77755737304688)
 (X_3 62.24549865722656)
 (X_4 76.46527099609375)
 (X_5 87.13201141357422)
 (X_6 54.37229919433594)
 (X_7 60.57089614868164)
 (X_8 71.49717712402344)
 (X_9 70.02902221679688)
 (X_10 79.23804473876953)
 (X_11 65.04669952392578)
 (X_12 75.54010772705078)
 (X_13 82.92032623291016)
 (X_14 69.67115020751953)
 (X_15 67.17288208007812)
 (X_16 67.3281021118164)
 (X_17 59.54965591430664)
 (X_18 77.19451141357422)
 (X_19 85.20442199707031)
 (X_20 68.43595123291016)
 (X_21 81.76451110839844)
 (X_22 88.27291107177734)
 (X_23 73.47611236572266)
 (X_24 69.78285217285156)
 (X_25 74.26128387451172)
 (X_26 57.95002746582031)
 (X_27 71.90196228027344)
 (X_28 83.162353515625)
 (X_29 73.27336883544922)
 (X_30 75.59313201904297)
 (X_31 91.69258880615234)
 (X_32 76.91609191894531)
 (X_33 60.717227935791016)
 (X_34 80.18519592285156)
 (X_35 63.66412353515625)
 (X_36 64.67503356933594)
 (X_37 99.5499267578125)
 (X_38 65.63268280029297)
 (X_39 68.41490936279297)
 (X_40 112.48664855957031)
 (X_41 72.89891815185547)
 (X_42 52.45610809326172)
 (X_43 108.865966796875)
 (X_44 67.95885467529297)
 (X_45 67.47826385498047)
 (X_46 142.20370483398438)
 (X_47 77.14889526367188)
 (X_48 73.1661605834961)
 (X_49 155.58477783203125)
 (X_50 86.13261413574219)
 (X_51 53.582725524902344)
 (X_52 160.65020751953125)
 (X_53 96.37263488769531)
 (X_54 68.57880401611328)
 (X_55 172.62098693847656)
 (X_56 79.3836669921875)
 (X_57 76.66382598876953)
 (X_58 180.40318298339844)
 (X_59 94.57762145996094)
 (X_60 57.544918060302734)
 (X_61 197.10897827148438)
 (X_62 120.38690185546875)
 (X_63 72.18212890625)
 (X_64 162.3190155029297)
 (X_65 81.71865844726562)
 (X_66 80.36705017089844)
 (X_67 166.6239776611328)
 (X_68 99.04911804199219)
 (X_69 66.10359954833984)
 (X_70 195.09603881835938)
 (X_71 146.89120483398438)
 (X_72 76.70270538330078)
 (X_73 113.86388397216797)
 (X_74 72.09231567382812)
 (X_75 80.932373046875)
 (X_76 115.6458740234375)
 (X_77 99.4721450805664)
 (X_78 66.74368286132812)
 (X_79 166.77154541015625)
 (X_80 160.48829650878906)
 (X_81 86.50711822509766)
 (X_82 56.08940505981445)
 (X_83 56.910804748535156)
 (X_84 81.8692398071289)
 (X_85 82.24468994140625)
 (X_86 89.47180938720703)
 (X_87 64.59268951416016)
 (X_88 155.30995178222656)
 (X_89 161.0404052734375)
 (X_90 86.78166961669922)
 (X_91 38.1492805480957)
 (X_92 57.37241744995117)
 (X_93 79.35566711425781)
 (X_94 80.39754486083984)
 (X_95 96.25200653076172)
 (X_96 60.65883255004883)
 (X_97 158.98199462890625)
 (X_98 170.2860870361328)
 (X_99 78.42821502685547)
 (X_100 41.67703628540039)
 (X_101 84.23280334472656)
 (X_102 76.3182601928711)
 (X_103 77.53619384765625)
 (X_104 130.67156982421875)
 (X_105 56.60923767089844)
 (X_106 156.74961853027344)
 (X_107 197.97462463378906)
 (X_108 77.23577880859375)
 (X_109 38.336483001708984)
 (X_110 112.37477111816406)
 (X_111 77.30188751220703)
 (X_112 76.80794525146484)
 (X_113 151.1839599609375)
 (X_114 60.10792922973633)
 (X_115 152.3857879638672)
 (X_116 204.58653259277344)
 (X_117 86.82320404052734)
 (X_118 38.56149673461914)
 (X_119 130.2458953857422)
 (X_120 91.40501403808594)
 (X_121 78.05059051513672)
 (X_122 156.1680450439453)
 (X_123 71.84332275390625)
 (X_124 155.7196807861328)
 (X_125 207.73240661621094)
 (X_126 81.53549194335938)
 (X_127 40.46443557739258)
 (X_128 123.83920288085938)
 (X_129 78.90746307373047)
 (X_130 80.44551086425781)
 (X_131 140.04638671875)
 (X_132 58.850162506103516)
 (X_133 155.30760192871094)
 (X_134 194.75062561035156)
 (X_135 71.72449493408203)
 (X_136 61.62308120727539)
 (X_137 87.98482513427734)
 (X_138 68.05927276611328)
 (X_139 101.7581787109375)
 (X_140 106.56851196289062)
 (X_141 55.93772888183594)
 (X_142 169.74606323242188)
 (X_143 172.09735107421875)
 (X_144 62.332218170166016)
 (X_145 90.49779510498047)
 (X_146 49.817264556884766)
 (X_147 62.9873046875)
 (X_148 125.27092742919922)
 (X_149 82.68981170654297)
 (X_150 52.07403564453125)
 (X_151 188.34909057617188)
 (X_152 155.22557067871094)
 (X_153 54.700416564941406)
 (X_154 109.1864242553711)
 (X_155 44.24934768676758)
 (X_156 59.49686050415039)
 (X_157 138.7455291748047)
 (X_158 80.00056457519531)
 (X_159 49.545616149902344)
 (X_160 198.0777130126953)
 (X_161 156.04208374023438)
 (X_162 58.60282516479492)
 (X_163 122.73896026611328)
 (X_164 42.5667610168457)
 (X_165 67.04423522949219)
 (X_166 145.56983947753906)
 (X_167 80.05845642089844)
 (X_168 56.93316650390625)
 (X_169 196.2744903564453)
 (X_170 160.05178833007812)
 (X_171 67.26262664794922)
 (X_172 121.93832397460938)
 (X_173 41.232391357421875)
 (X_174 71.15010070800781)
 (X_175 138.92591857910156)
 (X_176 77.62823486328125)
 (X_177 59.63766860961914)
 (X_178 186.43533325195312)
 (X_179 161.16326904296875)
 (X_180 68.82618713378906)
 (X_181 102.64920806884766)
 (X_182 40.653221130371094)
 (X_183 71.19358825683594)
 (X_184 120.15991973876953)
 (X_185 77.59385681152344)
 (X_186 57.88823699951172)
 (X_187 172.609619140625)
 (X_188 153.84664916992188)
 (X_189 69.72325134277344)
 (X_190 82.8370132446289)
 (X_191 39.172996520996094)
 (X_192 71.632568359375)
 (X_193 103.37969207763672)
 (X_194 79.13885498046875)
 (X_195 55.01416015625)
 (X_196 148.04554748535156)
 (X_197 157.1282958984375)
 (X_198 70.59558868408203)
 (X_199 70.8006591796875)
 (X_200 42.1272087097168)
 (X_201 74.84019470214844)
 (X_202 91.57011413574219)
 (X_203 83.56111145019531)
 (X_204 58.89506912231445)
 (X_205 125.368408203125)
 (X_206 158.18077087402344)
 (X_207 68.71943664550781)
 (X_208 68.98493957519531)
 (X_209 58.27292251586914)
 (X_210 69.8264389038086)
 (X_211 85.463623046875)
 (X_212 96.85768127441406)
 (X_213 55.979515075683594)
 (X_214 103.11605072021484)
 (X_215 150.70901489257812)
 (X_216 66.88311767578125)
 (X_217 71.4893798828125)
 (X_218 75.48921203613281)
 (X_219 65.81269073486328)
 (X_220 80.56459045410156)
 (X_221 98.60167694091797)
 (X_222 52.04317855834961)
 (X_223 84.9750747680664)
 (X_224 127.85082244873047)
 (X_225 64.32887268066406)
 (X_226 68.17274475097656)
 (X_227 84.01644134521484)
 (X_228 64.21392822265625)
 (X_229 71.42579650878906)
 (X_230 95.5308609008789)
 (X_231 51.81105422973633)
 (X_232 64.75324249267578)
 (X_233 97.94414520263672)
 (X_234 61.64645004272461)
 (X_235 63.986900329589844)
 (X_236 82.04630279541016)
 (X_237 65.98677062988281)
 (X_238 64.40276336669922)
 (X_239 83.6574935913086)
 (X_240 50.11585235595703)
 (X_241 55.296085357666016)
 (X_242 72.86013793945312)
 (X_243 61.65623092651367)
 (X_244 57.85570526123047)
 (X_245 72.01628875732422)
 (X_246 63.552310943603516)
 (X_247 60.99785232543945)
 (X_248 83.38739776611328)
 (X_249 47.07960510253906)
 (X_250 50.436729431152344)
 (X_251 66.94763946533203)
 (X_252 77.2991943359375)
 (X_253 55.70803451538086)
 (X_254 66.51720428466797)
 (X_255 77.90251922607422)
 (X_256 60.81281661987305)
 (X_257 76.65349578857422)
 (X_258 66.9200439453125)
 (X_259 48.90446090698242)
 (X_260 58.2914924621582)
 (X_261 86.77061462402344)
 (X_262 51.27560806274414)
 (X_263 62.911624908447266)
 (X_264 84.86206817626953)
 (X_265 58.23178482055664)
 (X_266 66.32091522216797)
 (X_267 72.35344696044922)
 (X_268 46.871856689453125)
 (X_269 52.4591064453125)
 (X_270 85.37183380126953)
 (X_271 77.27974700927734)
 (X_272 90.72557830810547)
 (X_273 83.36077117919922)
 (X_274 81.77396392822266)
 (X_275 88.0677490234375)
 (X_276 71.2348861694336)
 (X_277 66.6689224243164)
 (X_278 69.17996215820312)
 (X_279 92.67680358886719)
 (X_280 87.30504608154297)
 (X_281 67.4459457397461)
 (X_282 85.52275848388672)
 (X_283 85.1900634765625)
 (X_284 73.72563171386719)
 (X_285 77.2162094116211)
 (X_286 66.3486099243164)
 (X_287 61.150333404541016)
 (X_288 85.49724578857422)
 (X_289 88.99723815917969)
 (X_290 69.16716766357422)
 (X_291 78.97978973388672)
 (X_292 87.93531799316406)
 (X_293 75.70720672607422)
 (X_294 64.8558349609375)
 (X_295 68.7608642578125)
 (X_296 61.75379180908203)
 (X_297 73.9206771850586)
 (X_298 92.34576416015625)
 (X_299 71.22616577148438)
 (X_300 78.89224243164062)
 (X_301 95.85820007324219)
 (X_302 73.08894348144531)
 (X_303 60.273311614990234)
 (X_304 81.04483795166016)
 (X_305 59.777610778808594)
 (X_306 78.29778289794922)
 (X_307 143.45021057128906)
 (X_308 67.68209075927734)
 (X_309 78.81298828125)
 (X_310 141.55288696289062)
 (X_311 70.82713317871094)
 (X_312 60.28588104248047)
 (X_313 140.06106567382812)
 (X_314 58.82838439941406)
 (X_315 78.02755737304688)
 (X_316 164.1151580810547)
 (X_317 63.24312973022461)
 (X_318 73.16275787353516)
 (X_319 158.2247314453125)
 (X_320 68.7183609008789)
 (X_321 54.497379302978516)
 (X_322 168.3769989013672)
 (X_323 70.48633575439453)
 (X_324 67.26702117919922)
 (X_325 159.08029174804688)
 (X_326 72.18070983886719)
 (X_327 69.53543853759766)
 (X_328 161.6986846923828)
 (X_329 86.67833709716797)
 (X_330 51.86189270019531)
 (X_331 182.99722290039062)
 (X_332 102.68279266357422)
 (X_333 62.44544982910156)
 (X_334 125.15293884277344)
 (X_335 78.48915100097656)
 (X_336 66.54533386230469)
 (X_337 133.99691772460938)
 (X_338 98.75113677978516)
 (X_339 51.49238967895508)
 (X_340 174.18458557128906)
 (X_341 130.75259399414062)
 (X_342 61.639862060546875)
 (X_343 75.78974914550781)
 (X_344 75.50460052490234)
 (X_345 65.23851013183594)
 (X_346 92.48929595947266)
 (X_347 99.2474136352539)
 (X_348 52.851768493652344)
 (X_349 153.41339111328125)
 (X_350 149.95428466796875)
 (X_351 69.6513442993164)
 (X_352 49.630828857421875)
 (X_353 71.1794662475586)
 (X_354 68.52347564697266)
 (X_355 79.0444564819336)
 (X_356 96.94570922851562)
 (X_357 53.361976623535156)
 (X_358 157.26853942871094)
 (X_359 163.6775360107422)
 (X_360 75.0810317993164)
 (X_361 38.652320861816406)
 (X_362 70.35381317138672)
 (X_363 73.28034973144531)
 (X_364 78.71824645996094)
 (X_365 102.56324005126953)
 (X_366 57.07832717895508)
 (X_367 158.7715301513672)
 (X_368 173.29290771484375)
 (X_369 75.78759765625)
 (X_370 39.278812408447266)
 (X_371 86.82613372802734)
 (X_372 76.17843627929688)
 (X_373 79.06585693359375)
 (X_374 134.3132781982422)
 (X_375 58.930091857910156)
 (X_376 158.37428283691406)
 (X_377 200.0576171875)
 (X_378 73.0422134399414)
 (X_379 39.19203186035156)
 (X_380 113.71549987792969)
 (X_381 79.41606140136719)
 (X_382 80.45465087890625)
 (X_383 152.0238800048828)
 (X_384 60.172218322753906)
 (X_385 154.90670776367188)
 (X_386 211.5807647705078)
 (X_387 83.50863647460938)
 (X_388 36.47010040283203)
 (X_389 136.10377502441406)
 (X_390 90.27693176269531)
 (X_391 79.16092681884766)
 (X_392 161.822998046875)
 (X_393 71.48193359375)
 (X_394 152.231201171875)
 (X_395 213.1907501220703)
 (X_396 82.552978515625)
 (X_397 38.899044036865234)
 (X_398 130.84156799316406)
 (X_399 78.26409912109375)
 (X_400 80.78214263916016)
 (X_401 143.8516387939453)
 (X_402 61.66768264770508)
 (X_403 154.6122283935547)
 (X_404 199.66053771972656)
 (X_405 63.78163528442383)
 (X_406 46.98154067993164)
 (X_407 94.619873046875)
 (X_408 58.93653869628906)
 (X_409 92.34391784667969)
 (X_410 107.9703598022461)
 (X_411 46.53422164916992)
 (X_412 160.1156463623047)
 (X_413 176.37957763671875)
 (X_414 50.39680862426758)
 (X_415 72.4421157836914)
 (X_416 52.309566497802734)
 (X_417 56.4084587097168)
 (X_418 119.01331329345703)
 (X_419 82.48475646972656)
 (X_420 45.110557556152344)
 (X_421 179.957763671875)
 (X_422 157.0000762939453)
 (X_423 59.07008743286133)
 (X_424 111.94084167480469)
 (X_425 42.94350051879883)
 (X_426 61.916080474853516)
 (X_427 152.8176727294922)
 (X_428 78.15577697753906)
 (X_429 47.415184020996094)
 (X_430 200.15382385253906)
 (X_431 157.02748107910156)
 (X_432 58.287147521972656)
 (X_433 141.70437622070312)
 (X_434 41.1584587097168)
 (X_435 56.7286376953125)
 (X_436 172.3501739501953)
 (X_437 80.5697250366211)
 (X_438 46.73456573486328)
 (X_439 212.6386260986328)
 (X_440 163.9451904296875)
 (X_441 53.127647399902344)
 (X_442 142.72872924804688)
 (X_443 40.45452880859375)
 (X_444 58.49653244018555)
 (X_445 158.01243591308594)
 (X_446 78.17208099365234)
 (X_447 50.09268569946289)
 (X_448 198.94091796875)
 (X_449 161.06784057617188)
 (X_450 56.50477981567383)
 (X_451 131.9023895263672)
 (X_452 41.11392593383789)
 (X_453 60.42597961425781)
 (X_454 143.95066833496094)
 (X_455 80.12694549560547)
 (X_456 52.301963806152344)
 (X_457 187.74366760253906)
 (X_458 157.04124450683594)
 (X_459 62.99830627441406)
 (X_460 105.55370330810547)
 (X_461 42.638427734375)
 (X_462 66.64705657958984)
 (X_463 122.19615173339844)
 (X_464 80.53533172607422)
 (X_465 55.14805221557617)
 (X_466 167.41973876953125)
 (X_467 154.12437438964844)
 (X_468 70.21736145019531)
 (X_469 82.39046478271484)
 (X_470 55.34199142456055)
 (X_471 72.47704315185547)
 (X_472 102.97888946533203)
 (X_473 90.4874267578125)
 (X_474 56.009613037109375)
 (X_475 144.75816345214844)
 (X_476 157.9569854736328)
 (X_477 69.42726135253906)
 (X_478 68.87207794189453)
 (X_479 68.11888885498047)
 (X_480 68.85847473144531)
 (X_481 86.75336456298828)
 (X_482 98.01336669921875)
 (X_483 56.26792907714844)
 (X_484 118.28369140625)
 (X_485 138.33872985839844)
 (X_486 70.43614959716797)
 (X_487 66.80873107910156)
 (X_488 82.51326751708984)
 (X_489 68.73570251464844)
 (X_490 81.57967376708984)
 (X_491 100.29331970214844)
 (X_492 56.27957534790039)
 (X_493 96.46585845947266)
 (X_494 112.22566986083984)
 (X_495 70.82963562011719)
 (X_496 69.93255615234375)
 (X_497 91.32608795166016)
 (X_498 71.78748321533203)
 (X_499 75.50389862060547)
 (X_500 99.03952026367188)
 (X_501 59.70458221435547)
 (X_502 71.44664764404297)
 (X_503 85.12220001220703)
 (X_504 67.35041809082031)
 (X_505 67.72864532470703)
 (X_506 93.47728729248047)
 (X_507 69.02244567871094)
 (X_508 66.31507873535156)
 (X_509 95.77561950683594)
 (X_510 56.0319709777832)
 (X_511 59.722259521484375)
 (X_512 72.94174194335938)
 (X_513 63.56071853637695)
 (X_514 60.61143493652344)
 (X_515 99.11045837402344)
 (X_516 66.05626678466797)
 (X_517 68.83522033691406)
 (X_518 98.70526885986328)
 (X_519 51.32090377807617)
 (X_520 58.629817962646484)
 (X_521 69.734619140625)
 (X_522 66.181396484375)
 (X_523 69.13233184814453)
 (X_524 86.26961517333984)
 (X_525 68.93827819824219)
 (X_526 75.963623046875)
 (X_527 86.63139343261719)
 (X_528 58.127716064453125)
 (X_529 64.03840637207031)
 (X_530 59.68351745605469)
 (X_531 66.97858428955078)
 (X_532 66.08893585205078)
 (X_533 70.52912902832031)
 (X_534 71.57757568359375)
 (X_535 68.42853546142578)
 (X_536 76.50453186035156)
 (X_537 59.96900177001953)
 (X_538 54.82314682006836)
 (X_539 54.87119674682617)
 (X_540 82.70250701904297)
 (X_541 90.41720581054688)
 (X_542 88.56114196777344)
 (X_543 73.15770721435547)
 (X_544 96.66439819335938)
 (X_545 84.67179870605469)
 (X_546 55.451602935791016)
 (X_547 78.01954650878906)
 (X_548 61.47892761230469)
 (X_549 86.65631866455078)
 (X_550 84.23957061767578)
 (X_551 97.5008773803711)
 (X_552 82.06026458740234)
 (X_553 86.64900207519531)
 (X_554 94.74754333496094)
 (X_555 70.77923583984375)
 (X_556 60.62838363647461)
 (X_557 75.2679214477539)
 (X_558 78.99141693115234)
 (X_559 79.04190826416016)
 (X_560 74.36842346191406)
 (X_561 77.27930450439453)
 (X_562 83.77973175048828)
 (X_563 73.18347930908203)
 (X_564 62.51642608642578)
 (X_565 63.677093505859375)
 (X_566 59.42832946777344)
 (X_567 73.84458923339844)
 (X_568 84.85867309570312)
 (X_569 56.09855270385742)
 (X_570 76.67797088623047)
 (X_571 90.46957397460938)
 (X_572 59.83637237548828)
 (X_573 60.61719512939453)
 (X_574 79.9010009765625)
 (X_575 45.00577926635742)
 (X_576 75.73321533203125)
 (X_577 129.73800659179688)
 (X_578 49.73521041870117)
 (X_579 78.29224395751953)
 (X_580 134.24349975585938)
 (X_581 53.28290939331055)
 (X_582 60.46897888183594)
 (X_583 132.63096618652344)
 (X_584 36.84010696411133)
 (X_585 80.36361694335938)
 (X_586 146.09165954589844)
 (X_587 46.93138122558594)
 (X_588 79.59860229492188)
 (X_589 147.53578186035156)
 (X_590 54.02413558959961)
 (X_591 60.927310943603516)
 (X_592 161.8875274658203)
 (X_593 46.642940521240234)
 (X_594 87.4923324584961)
 (X_595 133.2537078857422)
 (X_596 65.03620910644531)
 (X_597 79.7166519165039)
 (X_598 141.03196716308594)
 (X_599 77.05296325683594)
 (X_600 60.649906158447266)
 (X_601 174.57763671875)
 (X_602 82.44252014160156)
 (X_603 83.89459991455078)
 (X_604 98.58940124511719)
 (X_605 81.40337371826172)
 (X_606 77.03001403808594)
 (X_607 113.25598907470703)
 (X_608 95.1861343383789)
 (X_609 55.6756706237793)
 (X_610 167.6332550048828)
 (X_611 111.9329605102539)
 (X_612 82.98076629638672)
 (X_613 57.53200912475586)
 (X_614 86.6624984741211)
 (X_615 85.12759399414062)
 (X_616 84.34447479248047)
 (X_617 100.25025939941406)
 (X_618 67.99833679199219)
 (X_619 151.35574340820312)
 (X_620 134.9451141357422)
 (X_621 84.52680206298828)
 (X_622 45.185157775878906)
 (X_623 81.88130950927734)
 (X_624 88.90301513671875)
 (X_625 80.4325942993164)
 (X_626 101.90809631347656)
 (X_627 72.26383209228516)
 (X_628 158.61834716796875)
 (X_629 155.8090362548828)
 (X_630 81.62445068359375)
 (X_631 37.15766525268555)
 (X_632 81.10678100585938)
 (X_633 83.87769317626953)
 (X_634 79.09004211425781)
 (X_635 110.51940155029297)
 (X_636 64.48660278320312)
 (X_637 160.7830352783203)
 (X_638 172.3450164794922)
 (X_639 84.26117706298828)
 (X_640 37.28451156616211)
 (X_641 96.53807830810547)
 (X_642 83.46147918701172)
 (X_643 83.2715072631836)
 (X_644 133.95387268066406)
 (X_645 63.6077880859375)
 (X_646 161.6987762451172)
 (X_647 197.3464813232422)
 (X_648 80.46070861816406)
 (X_649 36.77941131591797)
 (X_650 123.57526397705078)
 (X_651 81.26161193847656)
 (X_652 85.64362335205078)
 (X_653 150.5058135986328)
 (X_654 65.66169738769531)
 (X_655 156.93429565429688)
 (X_656 211.05020141601562)
 (X_657 74.81942749023438)
 (X_658 55.97783660888672)
 (X_659 130.71859741210938)
 (X_660 81.99868774414062)
 (X_661 106.21179962158203)
 (X_662 140.11355590820312)
 (X_663 65.51338195800781)
 (X_664 173.99769592285156)
 (X_665 200.15478515625)
 (X_666 75.46175384521484)
 (X_667 107.80423736572266)
 (X_668 101.7765884399414)
 (X_669 77.02699279785156)
 (X_670 135.2906951904297)
 (X_671 127.85234069824219)
 (X_672 63.1126594543457)
 (X_673 197.6905059814453)
 (X_674 188.62161254882812)
 (X_675 76.0361557006836)
 (X_676 152.0117645263672)
 (X_677 63.76576232910156)
 (X_678 73.35535430908203)
 (X_679 170.8568878173828)
 (X_680 99.27732849121094)
 (X_681 60.33900833129883)
 (X_682 222.18898010253906)
 (X_683 167.2774658203125)
 (X_684 78.8143310546875)
 (X_685 180.2057647705078)
 (X_686 44.517452239990234)
 (X_687 71.79312133789062)
 (X_688 196.33448791503906)
 (X_689 79.0169677734375)
 (X_690 55.85407257080078)
 (X_691 237.76593017578125)
 (X_692 154.55294799804688)
 (X_693 63.273338317871094)
 (X_694 197.83209228515625)
 (X_695 41.03774642944336)
 (X_696 59.88932800292969)
 (X_697 210.28770446777344)
 (X_698 79.90823364257812)
 (X_699 43.96775436401367)
 (X_700 241.87037658691406)
 (X_701 158.97732543945312)
 (X_702 56.42878723144531)
 (X_703 212.57298278808594)
 (X_704 41.27785110473633)
 (X_705 55.922386169433594)
 (X_706 219.87562561035156)
 (X_707 80.16322326660156)
 (X_708 46.25799560546875)
 (X_709 246.4307861328125)
 (X_710 159.3389434814453)
 (X_711 62.799564361572266)
 (X_712 209.60401916503906)
 (X_713 40.833065032958984)
 (X_714 62.136287689208984)
 (X_715 203.63246154785156)
 (X_716 80.87123107910156)
 (X_717 55.718448638916016)
 (X_718 234.7633056640625)
 (X_719 158.65032958984375)
 (X_720 63.3314323425293)
 (X_721 185.84259033203125)
 (X_722 38.73435592651367)
 (X_723 66.91541290283203)
 (X_724 182.19052124023438)
 (X_725 79.62142181396484)
 (X_726 57.502845764160156)
 (X_727 217.97909545898438)
 (X_728 157.8094024658203)
 (X_729 69.8265151977539)
 (X_730 150.4134521484375)
 (X_731 42.195125579833984)
 (X_732 75.80252075195312)
 (X_733 154.21517944335938)
 (X_734 86.64610290527344)
 (X_735 64.31519317626953)
 (X_736 196.38565063476562)
 (X_737 154.7908172607422)
 (X_738 81.17230987548828)
 (X_739 113.21479034423828)
 (X_740 70.68144226074219)
 (X_741 80.41860961914062)
 (X_742 125.09420013427734)
 (X_743 103.112548828125)
 (X_744 65.49729919433594)
 (X_745 170.48953247070312)
 (X_746 157.7415008544922)
 (X_747 74.2557144165039)
 (X_748 78.69644927978516)
 (X_749 94.30199432373047)
 (X_750 73.46747589111328)
 (X_751 95.45001983642578)
 (X_752 112.62890625)
 (X_753 60.64377212524414)
 (X_754 133.91592407226562)
 (X_755 136.0395050048828)
 (X_756 67.44967651367188)
 (X_757 66.55569458007812)
 (X_758 117.09810638427734)
 (X_759 67.01174926757812)
 (X_760 82.6795883178711)
 (X_761 113.73143768310547)
 (X_762 55.74607849121094)
 (X_763 103.33193969726562)
 (X_764 110.6751708984375)
 (X_765 68.8240966796875)
 (X_766 67.54986572265625)
 (X_767 103.71945190429688)
 (X_768 68.83638763427734)
 (X_769 76.91969299316406)
 (X_770 96.15837097167969)
 (X_771 55.34284973144531)
 (X_772 81.60047149658203)
 (X_773 71.0946044921875)
 (X_774 64.67438507080078)
 (X_775 65.53236389160156)
 (X_776 90.56605529785156)
 (X_777 67.94986724853516)
 (X_778 67.56806182861328)
 (X_779 86.44804382324219)
 (X_780 52.81718444824219)
 (X_781 63.21334457397461)
 (X_782 58.726139068603516)
 (X_783 67.11011505126953)
 (X_784 59.05112838745117)
 (X_785 96.93721771240234)
 (X_786 66.90240478515625)
 (X_787 67.751708984375)
 (X_788 99.1109619140625)
 (X_789 53.259178161621094)
 (X_790 59.68385314941406)
 (X_791 68.94037628173828)
 (X_792 61.14961624145508)
 (X_793 57.991580963134766)
 (X_794 89.58555603027344)
 (X_795 64.68762969970703)
 (X_796 65.3311767578125)
 (X_797 95.54539489746094)
 (X_798 53.460662841796875)
 (X_799 57.36671447753906)
 (X_800 69.45561981201172)
 (X_801 60.63727951049805)
 (X_802 55.35884094238281)
 (X_803 87.0372543334961)
 (X_804 68.62390899658203)
 (X_805 61.08534240722656)
 (X_806 93.53759002685547)
 (X_807 57.48106002807617)
 (X_808 51.3671875)
 (X_809 68.23976135253906)
 (X_810 63.271690368652344)
 (X_811 94.4735107421875)
 (X_812 103.22354125976562)
 (X_813 53.357933044433594)
 (X_814 92.8257064819336)
 (X_815 89.82637023925781)
 (X_816 31.62816047668457)
 (X_817 71.59187316894531)
 (X_818 62.73308181762695)
 (X_819 52.02376937866211)
 (X_820 85.16032409667969)
 (X_821 102.68641662597656)
 (X_822 50.11329650878906)
 (X_823 83.36268615722656)
 (X_824 94.79999542236328)
 (X_825 37.96066665649414)
 (X_826 59.86882019042969)
 (X_827 72.40442657470703)
 (X_828 66.69414520263672)
 (X_829 75.4744644165039)
 (X_830 75.78680419921875)
 (X_831 65.10770416259766)
 (X_832 76.93989562988281)
 (X_833 72.76875305175781)
 (X_834 50.34262466430664)
 (X_835 60.53219223022461)
 (X_836 58.177730560302734)
 (X_837 88.35582733154297)
 (X_838 81.89533996582031)
 (X_839 65.1224594116211)
 (X_840 77.38249969482422)
 (X_841 90.83853912353516)
 (X_842 68.3509521484375)
 (X_843 63.578609466552734)
 (X_844 83.24172973632812)
 (X_845 53.61415100097656)
 (X_846 70.69752502441406)
 (X_847 113.38285064697266)
 (X_848 79.35787963867188)
 (X_849 70.86414337158203)
 (X_850 124.04356384277344)
 (X_851 77.64080047607422)
 (X_852 53.619659423828125)
 (X_853 128.16937255859375)
 (X_854 57.214515686035156)
 (X_855 80.80859375)
 (X_856 126.97515106201172)
 (X_857 83.94380950927734)
 (X_858 88.16527557373047)
 (X_859 136.7225799560547)
 (X_860 80.40509033203125)
 (X_861 71.318115234375)
 (X_862 160.46826171875)
 (X_863 57.43386459350586)
 (X_864 108.6424331665039)
 (X_865 117.43985748291016)
 (X_866 70.06766510009766)
 (X_867 101.40135955810547)
 (X_868 127.83463287353516)
 (X_869 74.82051086425781)
 (X_870 82.93431854248047)
 (X_871 171.622314453125)
 (X_872 60.592037200927734)
 (X_873 99.46952056884766)
 (X_874 86.81399536132812)
 (X_875 77.91271209716797)
 (X_876 94.87454223632812)
 (X_877 103.2255859375)
 (X_878 86.42347717285156)
 (X_879 70.64725494384766)
 (X_880 163.78567504882812)
 (X_881 93.82240295410156)
 (X_882 81.765625)
 (X_883 52.606422424316406)
 (X_884 88.42044830322266)
 (X_885 84.62977600097656)
 (X_886 83.92804718017578)
 (X_887 101.46709442138672)
 (X_888 57.824031829833984)
 (X_889 154.8433074951172)
 (X_890 122.70565795898438)
 (X_891 83.6319580078125)
 (X_892 45.40842819213867)
 (X_893 91.9925765991211)
 (X_894 87.92510986328125)
 (X_895 82.1303482055664)
 (X_896 104.82817840576172)
 (X_897 60.3433837890625)
 (X_898 162.1606903076172)
 (X_899 136.1215057373047)
 (X_900 69.7771224975586)
 (X_901 38.76093673706055)
 (X_902 86.04371643066406)
 (X_903 74.64191436767578)
 (X_904 82.00483703613281)
 (X_905 105.85523986816406)
 (X_906 52.59804153442383)
 (X_907 166.6256866455078)
 (X_908 156.48806762695312)
 (X_909 70.88619232177734)
 (X_910 44.10260009765625)
 (X_911 85.30268096923828)
 (X_912 76.49808502197266)
 (X_913 95.02015686035156)
 (X_914 113.57293701171875)
 (X_915 57.758644104003906)
 (X_916 173.80384826660156)
 (X_917 172.7006378173828)
 (X_918 80.72660827636719)
 (X_919 77.12108612060547)
 (X_920 84.23611450195312)
 (X_921 78.98381042480469)
 (X_922 130.53355407714844)
 (X_923 107.2228012084961)
 (X_924 58.11849594116211)
 (X_925 198.03070068359375)
 (X_926 170.39442443847656)
 (X_927 76.17469024658203)
 (X_928 133.85943603515625)
 (X_929 75.2068099975586)
 (X_930 68.75067138671875)
 (X_931 175.01681518554688)
 (X_932 92.68500518798828)
 (X_933 53.73595428466797)
 (X_934 230.61256408691406)
 (X_935 160.0677032470703)
 (X_936 73.3221664428711)
 (X_937 208.31021118164062)
 (X_938 53.33386993408203)
 (X_939 73.71424102783203)
 (X_940 215.5988311767578)
 (X_941 87.20736694335938)
 (X_942 61.159759521484375)
 (X_943 251.2351837158203)
 (X_944 160.15167236328125)
 (X_945 78.10746002197266)
 (X_946 233.64866638183594)
 (X_947 40.67721176147461)
 (X_948 78.38526916503906)
 (X_949 229.35707092285156)
 (X_950 81.29131317138672)
 (X_951 63.669532775878906)
 (X_952 252.4529571533203)
 (X_953 156.88543701171875)
 (X_954 82.21845245361328)
 (X_955 213.49862670898438)
 (X_956 42.274234771728516)
 (X_957 74.7314453125)
 (X_958 222.78416442871094)
 (X_959 81.03426361083984)
 (X_960 62.93943786621094)
 (X_961 243.56097412109375)
 (X_962 156.00303649902344)
 (X_963 60.61167907714844)
 (X_964 195.41494750976562)
 (X_965 42.49506378173828)
 (X_966 57.025638580322266)
 (X_967 214.96533203125)
 (X_968 81.40699768066406)
 (X_969 50.92351531982422)
 (X_970 236.04673767089844)
 (X_971 157.84780883789062)
 (X_972 63.375335693359375)
 (X_973 192.3170166015625)
 (X_974 40.35313415527344)
 (X_975 65.82498931884766)
 (X_976 215.04214477539062)
 (X_977 80.61737823486328)
 (X_978 54.215824127197266)
 (X_979 241.24534606933594)
 (X_980 158.75494384765625)
 (X_981 70.91873931884766)
 (X_982 205.0377197265625)
 (X_983 36.06183624267578)
 (X_984 72.98368072509766)
 (X_985 215.10128784179688)
 (X_986 81.84478759765625)
 (X_987 59.33613586425781)
 (X_988 246.14828491210938)
 (X_989 157.91964721679688)
 (X_990 73.9049301147461)
 (X_991 191.08029174804688)
 (X_992 41.15456008911133)
 (X_993 76.0193099975586)
 (X_994 194.0268096923828)
 (X_995 86.96662902832031)
 (X_996 60.76984405517578)
 (X_997 224.47425842285156)
 (X_998 158.31094360351562)
 (X_999 71.39950561523438)
 (X_1000 156.96385192871094)
 (X_1001 61.645713806152344)
 (X_1002 78.82427215576172)
 (X_1003 157.63096618652344)
 (X_1004 102.93836975097656)
 (X_1005 62.83567428588867)
 (X_1006 197.31983947753906)
 (X_1007 155.15103149414062)
 (X_1008 69.18263244628906)
 (X_1009 93.6828842163086)
 (X_1010 98.13235473632812)
 (X_1011 71.96587371826172)
 (X_1012 110.20002746582031)
 (X_1013 116.18331909179688)
 (X_1014 58.12239074707031)
 (X_1015 159.1277313232422)
 (X_1016 146.5961456298828)
 (X_1017 65.31331634521484)
 (X_1018 66.73651885986328)
 (X_1019 110.2308349609375)
 (X_1020 65.4197998046875)
 (X_1021 91.5032958984375)
 (X_1022 111.13449096679688)
 (X_1023 53.37641906738281)
 (X_1024 131.63107299804688)
 (X_1025 112.14186096191406)
 (X_1026 60.74732208251953)
 (X_1027 67.6676025390625)
 (X_1028 97.8878173828125)
 (X_1029 60.709571838378906)
 (X_1030 85.1430435180664)
 (X_1031 97.92820739746094)
 (X_1032 47.269779205322266)
 (X_1033 114.84235382080078)
 (X_1034 78.80684661865234)
 (X_1035 58.512935638427734)
 (X_1036 64.73690032958984)
 (X_1037 90.3657455444336)
 (X_1038 62.701839447021484)
 (X_1039 76.19355773925781)
 (X_1040 89.38981628417969)
 (X_1041 46.908878326416016)
 (X_1042 89.83906555175781)
 (X_1043 62.90083694458008)
 (X_1044 52.02909469604492)
 (X_1045 60.15296173095703)
 (X_1046 85.28683471679688)
 (X_1047 59.455345153808594)
 (X_1048 65.27758026123047)
 (X_1049 86.21411895751953)
 (X_1050 46.253944396972656)
 (X_1051 68.07412719726562)
 (X_1052 62.83521270751953)
 (X_1053 61.66328048706055)
 (X_1054 57.73469924926758)
 (X_1055 82.11949920654297)
 (X_1056 65.23438262939453)
 (X_1057 60.328147888183594)
 (X_1058 87.73008728027344)
 (X_1059 55.42947769165039)
 (X_1060 55.192378997802734)
 (X_1061 65.95793151855469)
 (X_1062 63.6163330078125)
 (X_1063 55.2625617980957)
 (X_1064 78.9974136352539)
 (X_1065 67.53135681152344)
 (X_1066 60.798927307128906)
 (X_1067 86.67657470703125)
 (X_1068 56.56415939331055)
 (X_1069 50.74769592285156)
 (X_1070 64.19422912597656)
 (X_1071 62.57515335083008)
 (X_1072 48.79895782470703)
 (X_1073 75.72257232666016)
 (X_1074 70.3013687133789)
 (X_1075 58.55249786376953)
 (X_1076 85.47037506103516)
 (X_1077 57.765743255615234)
 (X_1078 47.91581344604492)
 (X_1079 63.701087951660156)
 (X_1080 56.59027099609375)
 (X_1081 89.44962310791016)
 (X_1082 104.34198760986328)
 (X_1083 51.98568344116211)
 (X_1084 84.4518814086914)
 (X_1085 89.53314208984375)
 (X_1086 37.199275970458984)
 (X_1087 58.71505355834961)
 (X_1088 67.00180053710938)
 (X_1089 36.902137756347656)
 (X_1090 84.26263427734375)
 (X_1091 85.97264099121094)
 (X_1092 39.373291015625)
 (X_1093 78.8412094116211)
 (X_1094 79.47998046875)
 (X_1095 26.651451110839844)
 (X_1096 56.13874816894531)
 (X_1097 58.34751892089844)
 (X_1098 73.92947387695312)
 (X_1099 72.39778137207031)
 (X_1100 70.86576843261719)
 (X_1101 70.90235900878906)
 (X_1102 72.97239685058594)
 (X_1103 69.74254608154297)
 (X_1104 46.52341079711914)
 (X_1105 61.79265213012695)
 (X_1106 53.19712829589844)
 (X_1107 103.4498062133789)
 (X_1108 79.56201171875)
 (X_1109 74.70893096923828)
 (X_1110 79.62545013427734)
 (X_1111 90.34371185302734)
 (X_1112 76.8289794921875)
 (X_1113 57.15845489501953)
 (X_1114 90.76508331298828)
 (X_1115 62.792118072509766)
 (X_1116 73.35028076171875)
 (X_1117 103.82830047607422)
 (X_1118 96.82588195800781)
 (X_1119 61.892635345458984)
 (X_1120 113.77220916748047)
 (X_1121 92.80777740478516)
 (X_1122 48.69926071166992)
 (X_1123 127.32545471191406)
 (X_1124 80.56853485107422)
 (X_1125 77.69523620605469)
 (X_1126 111.77128601074219)
 (X_1127 104.48225402832031)
 (X_1128 79.29215240478516)
 (X_1129 124.50870513916016)
 (X_1130 94.54264068603516)
 (X_1131 62.979637145996094)
 (X_1132 155.6468963623047)
 (X_1133 78.70050811767578)
 (X_1134 104.69231414794922)
 (X_1135 98.55516815185547)
 (X_1136 99.59530639648438)
 (X_1137 100.76819610595703)
 (X_1138 112.64923858642578)
 (X_1139 95.82955932617188)
 (X_1140 79.48924255371094)
 (X_1141 161.70713806152344)
 (X_1142 81.79409790039062)
 (X_1143 96.01488494873047)
 (X_1144 74.64744567871094)
 (X_1145 93.98284149169922)
 (X_1146 95.89094543457031)
 (X_1147 95.73344421386719)
 (X_1148 98.61544799804688)
 (X_1149 70.49909210205078)
 (X_1150 163.8228302001953)
 (X_1151 98.41648864746094)
 (X_1152 87.62123107910156)
 (X_1153 48.513427734375)
 (X_1154 96.19935607910156)
 (X_1155 90.60029602050781)
 (X_1156 79.7105712890625)
 (X_1157 108.47108459472656)
 (X_1158 60.56816864013672)
 (X_1159 157.65150451660156)
 (X_1160 110.53657531738281)
 (X_1161 78.91637420654297)
 (X_1162 43.00685501098633)
 (X_1163 104.61661529541016)
 (X_1164 82.8451919555664)
 (X_1165 83.74883270263672)
 (X_1166 112.16790008544922)
 (X_1167 52.03538131713867)
 (X_1168 165.49517822265625)
 (X_1169 118.09224700927734)
 (X_1170 64.44134521484375)
 (X_1171 42.88340377807617)
 (X_1172 99.26453399658203)
 (X_1173 73.30950927734375)
 (X_1174 89.33599853515625)
 (X_1175 106.19913482666016)
 (X_1176 50.92115020751953)
 (X_1177 172.80703735351562)
 (X_1178 133.0568084716797)
 (X_1179 69.46168518066406)
 (X_1180 68.99429321289062)
 (X_1181 83.2445297241211)
 (X_1182 82.60270690917969)
 (X_1183 121.41619873046875)
 (X_1184 101.59620666503906)
 (X_1185 63.987403869628906)
 (X_1186 196.01556396484375)
 (X_1187 143.9816131591797)
 (X_1188 86.30944061279297)
 (X_1189 116.93031311035156)
 (X_1190 76.81117248535156)
 (X_1191 89.3555908203125)
 (X_1192 162.79957580566406)
 (X_1193 99.66909790039062)
 (X_1194 64.25580596923828)
 (X_1195 226.69691467285156)
 (X_1196 153.5639190673828)
 (X_1197 94.1678695678711)
 (X_1198 163.75746154785156)
 (X_1199 70.82356262207031)
 (X_1200 83.78005981445312)
 (X_1201 194.25730895996094)
 (X_1202 94.61842346191406)
 (X_1203 61.58232498168945)
 (X_1204 237.50997924804688)
 (X_1205 154.0680694580078)
 (X_1206 93.39556121826172)
 (X_1207 184.66966247558594)
 (X_1208 56.22895050048828)
 (X_1209 87.28328704833984)
 (X_1210 184.97479248046875)
 (X_1211 88.76029205322266)
 (X_1212 67.81249237060547)
 (X_1213 216.91958618164062)
 (X_1214 151.45008850097656)
 (X_1215 84.3046875)
 (X_1216 150.59796142578125)
 (X_1217 48.441402435302734)
 (X_1218 82.8294448852539)
 (X_1219 149.28021240234375)
 (X_1220 84.4365463256836)
 (X_1221 64.57107543945312)
 (X_1222 188.08108520507812)
 (X_1223 154.69781494140625)
 (X_1224 68.23523712158203)
 (X_1225 94.96575927734375)
 (X_1226 46.120094299316406)
 (X_1227 67.685791015625)
 (X_1228 125.19815063476562)
 (X_1229 81.43475341796875)
 (X_1230 53.41120147705078)
 (X_1231 172.86288452148438)
 (X_1232 152.16172790527344)
 (X_1233 63.26624298095703)
 (X_1234 106.08332061767578)
 (X_1235 43.89725112915039)
 (X_1236 62.20561599731445)
 (X_1237 144.75326538085938)
 (X_1238 81.90026092529297)
 (X_1239 56.06035232543945)
 (X_1240 200.54226684570312)
 (X_1241 151.66204833984375)
 (X_1242 68.7690658569336)
 (X_1243 138.78431701660156)
 (X_1244 43.559112548828125)
 (X_1245 66.59272003173828)
 (X_1246 176.42636108398438)
 (X_1247 82.85932159423828)
 (X_1248 55.063663482666016)
 (X_1249 223.79913330078125)
 (X_1250 150.0119171142578)
 (X_1251 69.34029388427734)
 (X_1252 174.24937438964844)
 (X_1253 64.99954223632812)
 (X_1254 70.26780700683594)
 (X_1255 193.18739318847656)
 (X_1256 94.73922729492188)
 (X_1257 58.758243560791016)
 (X_1258 232.260986328125)
 (X_1259 157.13290405273438)
 (X_1260 71.20793914794922)
 (X_1261 152.4071807861328)
 (X_1262 83.2529525756836)
 (X_1263 75.83042907714844)
 (X_1264 163.5848846435547)
 (X_1265 108.9728775024414)
 (X_1266 58.07571029663086)
 (X_1267 199.33383178710938)
 (X_1268 159.53395080566406)
 (X_1269 67.97257232666016)
 (X_1270 100.4556655883789)
 (X_1271 104.25274658203125)
 (X_1272 73.9363784790039)
 (X_1273 113.62796020507812)
 (X_1274 124.156005859375)
 (X_1275 57.87530517578125)
 (X_1276 163.66758728027344)
 (X_1277 147.22984313964844)
 (X_1278 63.38511657714844)
 (X_1279 61.44012451171875)
 (X_1280 100.08096313476562)
 (X_1281 67.06598663330078)
 (X_1282 90.20745086669922)
 (X_1283 103.6241455078125)
 (X_1284 52.63136291503906)
 (X_1285 155.401123046875)
 (X_1286 98.51507568359375)
 (X_1287 62.26762390136719)
 (X_1288 55.24250411987305)
 (X_1289 89.48307800292969)
 (X_1290 67.73512268066406)
 (X_1291 90.78501892089844)
 (X_1292 85.34645080566406)
 (X_1293 52.08066177368164)
 (X_1294 143.6798858642578)
 (X_1295 69.25640869140625)
 (X_1296 63.53316879272461)
 (X_1297 64.26778411865234)
 (X_1298 74.0302963256836)
 (X_1299 68.15401458740234)
 (X_1300 85.6851806640625)
 (X_1301 85.39755249023438)
 (X_1302 52.9123649597168)
 (X_1303 124.11715698242188)
 (X_1304 65.29942321777344)
 (X_1305 55.69474411010742)
 (X_1306 60.9429931640625)
 (X_1307 77.44942474365234)
 (X_1308 59.771080017089844)
 (X_1309 75.66777038574219)
 (X_1310 86.3551025390625)
 (X_1311 46.614078521728516)
 (X_1312 95.70975494384766)
 (X_1313 70.25078582763672)
 (X_1314 50.5855827331543)
 (X_1315 59.72654724121094)
 (X_1316 75.39043426513672)
 (X_1317 55.63611602783203)
 (X_1318 66.08011627197266)
 (X_1319 81.872802734375)
 (X_1320 45.59058380126953)
 (X_1321 72.37246704101562)
 (X_1322 63.530879974365234)
 (X_1323 53.52949142456055)
 (X_1324 59.84104919433594)
 (X_1325 68.76642608642578)
 (X_1326 60.30546569824219)
 (X_1327 63.1212272644043)
 (X_1328 73.70922088623047)
 (X_1329 53.30026626586914)
 (X_1330 61.35861587524414)
 (X_1331 51.47344970703125)
 (X_1332 60.97023391723633)
 (X_1333 60.20224380493164)
 (X_1334 64.13838958740234)
 (X_1335 67.5222396850586)
 (X_1336 63.3486442565918)
 (X_1337 69.52864074707031)
 (X_1338 57.826690673828125)
 (X_1339 58.187870025634766)
 (X_1340 50.425941467285156)
 (X_1341 60.87959289550781)
 (X_1342 56.426353454589844)
 (X_1343 60.71531295776367)
 (X_1344 68.37921142578125)
 (X_1345 63.68428421020508)
 (X_1346 71.75691986083984)
 (X_1347 56.39937973022461)
 (X_1348 54.159698486328125)
 (X_1349 52.41989517211914)
 (X_1350 79.18172454833984)
 (X_1351 77.68296813964844)
 (X_1352 78.09950256347656)
 (X_1353 85.19988250732422)
 (X_1354 78.50439453125)
 (X_1355 75.61467742919922)
 (X_1356 65.99510192871094)
 (X_1357 54.26453399658203)
 (X_1358 62.38313293457031)
 (X_1359 70.66082763671875)
 (X_1360 73.42015075683594)
 (X_1361 71.94879150390625)
 (X_1362 76.2072525024414)
 (X_1363 71.014404296875)
 (X_1364 68.09951782226562)
 (X_1365 55.67536544799805)
 (X_1366 49.98400115966797)
 (X_1367 51.702880859375)
 (X_1368 91.87519073486328)
 (X_1369 68.8825912475586)
 (X_1370 67.30509948730469)
 (X_1371 88.72981262207031)
 (X_1372 70.63652801513672)
 (X_1373 67.6073226928711)
 (X_1374 63.828304290771484)
 (X_1375 56.08881759643555)
 (X_1376 49.99105453491211)
 (X_1377 111.74258422851562)
 (X_1378 72.22439575195312)
 (X_1379 67.64442443847656)
 (X_1380 90.37248992919922)
 (X_1381 82.81232452392578)
 (X_1382 73.0042495727539)
 (X_1383 65.64582824707031)
 (X_1384 78.7489242553711)
 (X_1385 55.05803680419922)
 (X_1386 91.06156921386719)
 (X_1387 89.49019622802734)
 (X_1388 81.7433853149414)
 (X_1389 71.1117935180664)
 (X_1390 99.63568878173828)
 (X_1391 86.62042999267578)
 (X_1392 49.98677444458008)
 (X_1393 109.96101379394531)
 (X_1394 70.93396759033203)
 (X_1395 81.29497528076172)
 (X_1396 90.42100524902344)
 (X_1397 97.1197509765625)
 (X_1398 63.25527572631836)
 (X_1399 103.11543273925781)
 (X_1400 97.31400299072266)
 (X_1401 48.32299041748047)
 (X_1402 135.26602172851562)
 (X_1403 82.351806640625)
 (X_1404 90.46123504638672)
 (X_1405 79.26018524169922)
 (X_1406 104.67292785644531)
 (X_1407 83.1302261352539)
 (X_1408 97.66960144042969)
 (X_1409 97.21517944335938)
 (X_1410 68.81867980957031)
 (X_1411 149.9237060546875)
 (X_1412 89.80437469482422)
 (X_1413 88.5607681274414)
 (X_1414 65.72746276855469)
 (X_1415 92.27978515625)
 (X_1416 88.60440826416016)
 (X_1417 91.49188995361328)
 (X_1418 90.59477996826172)
 (X_1419 66.92234802246094)
 (X_1420 158.24729919433594)
 (X_1421 94.75342559814453)
 (X_1422 85.45568084716797)
 (X_1423 46.64634704589844)
 (X_1424 92.27632904052734)
 (X_1425 90.58729553222656)
 (X_1426 81.71078491210938)
 (X_1427 103.6532974243164)
 (X_1428 62.646366119384766)
 (X_1429 158.4339599609375)
 (X_1430 98.40895080566406)
 (X_1431 75.34657287597656)
 (X_1432 41.74599075317383)
 (X_1433 100.56529235839844)
 (X_1434 87.94926452636719)
 (X_1435 83.71353149414062)
 (X_1436 105.51025390625)
 (X_1437 59.12805938720703)
 (X_1438 165.7791748046875)
 (X_1439 92.69831848144531)
 (X_1440 95.68269348144531)
 (X_1441 50.789554595947266)
 (X_1442 99.03787231445312)
 (X_1443 108.81622314453125)
 (X_1444 96.42658233642578)
 (X_1445 102.08748626708984)
 (X_1446 72.41727447509766)
 (X_1447 179.62120056152344)
 (X_1448 100.64850616455078)
 (X_1449 137.6963348388672)
 (X_1450 83.87680053710938)
 (X_1451 97.53450775146484)
 (X_1452 135.25924682617188)
 (X_1453 132.05845642089844)
 (X_1454 107.6712646484375)
 (X_1455 107.78423309326172)
 (X_1456 204.6865234375)
 (X_1457 120.54148864746094)
 (X_1458 126.65484619140625)
 (X_1459 123.6505355834961)
 (X_1460 91.55670166015625)
 (X_1461 132.467529296875)
 (X_1462 165.78677368164062)
 (X_1463 104.66352844238281)
 (X_1464 126.91949462890625)
 (X_1465 217.6949462890625)
 (X_1466 137.9885711669922)
 (X_1467 124.53683471679688)
 (X_1468 138.27334594726562)
 (X_1469 93.13499450683594)
 (X_1470 138.41368103027344)
 (X_1471 168.62135314941406)
 (X_1472 107.64606475830078)
 (X_1473 129.17796325683594)
 (X_1474 212.1553497314453)
 (X_1475 141.17628479003906)
 (X_1476 130.7044219970703)
 (X_1477 121.9111557006836)
 (X_1478 83.55009460449219)
 (X_1479 133.38766479492188)
 (X_1480 134.77572631835938)
 (X_1481 101.77633666992188)
 (X_1482 119.61534881591797)
 (X_1483 181.63140869140625)
 (X_1484 135.72564697265625)
 (X_1485 115.98594665527344)
 (X_1486 82.22905731201172)
 (X_1487 78.3580322265625)
 (X_1488 114.6099624633789)
 (X_1489 102.96878814697266)
 (X_1490 99.17485809326172)
 (X_1491 105.34562683105469)
 (X_1492 164.5168914794922)
 (X_1493 141.2869873046875)
 (X_1494 96.82179260253906)
 (X_1495 66.03816986083984)
 (X_1496 76.01191711425781)
 (X_1497 101.79480743408203)
 (X_1498 116.69489288330078)
 (X_1499 99.27481842041016)
 (X_1500 98.33550262451172)
 (X_1501 178.39920043945312)
 (X_1502 144.850830078125)
 (X_1503 93.13097381591797)
 (X_1504 117.57059478759766)
 (X_1505 71.54454040527344)
 (X_1506 95.0380859375)
 (X_1507 157.42308044433594)
 (X_1508 103.02006530761719)
 (X_1509 93.5549087524414)
 (X_1510 216.9110565185547)
 (X_1511 142.86868286132812)
 (X_1512 87.13381958007812)
 (X_1513 157.00091552734375)
 (X_1514 82.17208099365234)
 (X_1515 84.02886199951172)
 (X_1516 181.5445098876953)
 (X_1517 114.33268737792969)
 (X_1518 77.54689025878906)
 (X_1519 237.21353149414062)
 (X_1520 142.85594177246094)
 (X_1521 84.79570007324219)
 (X_1522 153.77828979492188)
 (X_1523 106.9942626953125)
 (X_1524 80.82420349121094)
 (X_1525 159.55479431152344)
 (X_1526 109.32312774658203)
 (X_1527 68.71092224121094)
 (X_1528 214.61456298828125)
 (X_1529 124.16563415527344)
 (X_1530 81.94953918457031)
 (X_1531 108.20220184326172)
 (X_1532 109.16434478759766)
 (X_1533 78.72979736328125)
 (X_1534 120.0764389038086)
 (X_1535 104.7576675415039)
 (X_1536 63.6548957824707)
 (X_1537 174.81776428222656)
 (X_1538 109.009521484375)
 (X_1539 71.198486328125)
 (X_1540 55.08647537231445)
 (X_1541 96.11066436767578)
 (X_1542 72.96753692626953)
 (X_1543 87.50469970703125)
 (X_1544 91.12928771972656)
 (X_1545 56.28425598144531)
 (X_1546 152.3851776123047)
 (X_1547 89.71856689453125)
 (X_1548 64.8060302734375)
 (X_1549 41.87186813354492)
 (X_1550 76.77879333496094)
 (X_1551 68.59123229980469)
 (X_1552 80.2966079711914)
 (X_1553 78.45848846435547)
 (X_1554 53.85792541503906)
 (X_1555 155.95001220703125)
 (X_1556 70.7929916381836)
 (X_1557 60.43525314331055)
 (X_1558 49.1924934387207)
 (X_1559 73.49174499511719)
 (X_1560 66.11296844482422)
 (X_1561 88.10208129882812)
 (X_1562 78.28128814697266)
 (X_1563 50.98954391479492)
 (X_1564 148.573486328125)
 (X_1565 63.641544342041016)
 (X_1566 60.348838806152344)
 (X_1567 62.533634185791016)
 (X_1568 78.11885833740234)
 (X_1569 65.98869323730469)
 (X_1570 88.4151382446289)
 (X_1571 83.79698944091797)
 (X_1572 51.537818908691406)
 (X_1573 131.39234924316406)
 (X_1574 65.18083190917969)
 (X_1575 61.34497833251953)
 (X_1576 63.57090377807617)
 (X_1577 79.15056610107422)
 (X_1578 63.13158416748047)
 (X_1579 78.70146179199219)
 (X_1580 83.35057830810547)
 (X_1581 55.60367965698242)
 (X_1582 100.62621307373047)
 (X_1583 68.65280151367188)
 (X_1584 58.85527420043945)
 (X_1585 66.26299285888672)
 (X_1586 75.32941436767578)
 (X_1587 57.951454162597656)
 (X_1588 74.98744201660156)
 (X_1589 78.89793395996094)
 (X_1590 50.310420989990234)
 (X_1591 77.56645202636719)
 (X_1592 63.19762420654297)
 (X_1593 49.69458770751953)
 (X_1594 67.97715759277344)
 (X_1595 64.95419311523438)
 (X_1596 55.6021728515625)
 (X_1597 75.7240219116211)
 (X_1598 67.63846588134766)
 (X_1599 49.25248718261719)
 (X_1600 67.91622924804688)
 (X_1601 52.884193420410156)
 (X_1602 52.22854232788086)
 (X_1603 66.37881469726562)
 (X_1604 62.452972412109375)
 (X_1605 63.29457473754883)
 (X_1606 73.24385833740234)
 (X_1607 64.8922348022461)
 (X_1608 54.98433303833008)
 (X_1609 61.95432662963867)
 (X_1610 51.027503967285156)
 (X_1611 58.113555908203125)
 (X_1612 57.9147834777832)
 (X_1613 60.54460144042969)
 (X_1614 67.1868667602539)
 (X_1615 62.41878890991211)
 (X_1616 68.07678985595703)
 (X_1617 57.90699005126953)
 (X_1618 52.287452697753906)
 (X_1619 53.25459289550781)
 (X_1620 82.17980194091797)
 (X_1621 81.90364837646484)
 (X_1622 73.40322875976562)
 (X_1623 91.85208129882812)
 (X_1624 82.55601501464844)
 (X_1625 65.98836517333984)
 (X_1626 69.9755859375)
 (X_1627 60.7834358215332)
 (X_1628 58.9329833984375)
 (X_1629 74.27269744873047)
 (X_1630 71.13494110107422)
 (X_1631 64.17977905273438)
 (X_1632 85.20838928222656)
 (X_1633 75.11058044433594)
 (X_1634 61.818729400634766)
 (X_1635 61.39119338989258)
 (X_1636 52.156490325927734)
 (X_1637 49.73165512084961)
 (X_1638 76.49998474121094)
 (X_1639 71.0828628540039)
 (X_1640 68.07185363769531)
 (X_1641 84.27948760986328)
 (X_1642 76.77197265625)
 (X_1643 66.11837005615234)
 (X_1644 62.11318588256836)
 (X_1645 58.907005310058594)
 (X_1646 51.69425964355469)
 (X_1647 91.7932357788086)
 (X_1648 73.4161376953125)
 (X_1649 70.51205444335938)
 (X_1650 88.31080627441406)
 (X_1651 77.50846099853516)
 (X_1652 71.76265716552734)
 (X_1653 64.30519104003906)
 (X_1654 72.06887817382812)
 (X_1655 56.544639587402344)
 (X_1656 93.00041961669922)
 (X_1657 82.45095825195312)
 (X_1658 81.75286865234375)
 (X_1659 85.78814697265625)
 (X_1660 89.80548858642578)
 (X_1661 82.11563873291016)
 (X_1662 58.38425827026367)
 (X_1663 103.45877075195312)
 (X_1664 68.0378189086914)
 (X_1665 82.02770233154297)
 (X_1666 89.87958526611328)
 (X_1667 86.7069091796875)
 (X_1668 73.76838684082031)
 (X_1669 98.02122497558594)
 (X_1670 86.31670379638672)
 (X_1671 56.41017532348633)
 (X_1672 129.84544372558594)
 (X_1673 73.61613464355469)
 (X_1674 80.97611236572266)
 (X_1675 85.59626770019531)
 (X_1676 83.96543884277344)
 (X_1677 77.67618560791016)
 (X_1678 103.68208312988281)
 (X_1679 83.72938537597656)
 (X_1680 61.25363540649414)
 (X_1681 149.97850036621094)
 (X_1682 71.78176879882812)
 (X_1683 79.09412384033203)
 (X_1684 71.07738494873047)
 (X_1685 76.1949234008789)
 (X_1686 84.61585998535156)
 (X_1687 97.40982055664062)
 (X_1688 75.67221069335938)
 (X_1689 61.87948989868164)
 (X_1690 160.83628845214844)
 (X_1691 72.38362884521484)
 (X_1692 92.81510925292969)
 (X_1693 49.189186096191406)
 (X_1694 78.7973403930664)
 (X_1695 106.90584564208984)
 (X_1696 82.2666244506836)
 (X_1697 80.38980102539062)
 (X_1698 95.0513916015625)
 (X_1699 157.8950958251953)
 (X_1700 69.49085998535156)
 (X_1701 117.2127685546875)
 (X_1702 38.47056198120117)
 (X_1703 79.82257080078125)
 (X_1704 136.3252716064453)
 (X_1705 82.82283782958984)
 (X_1706 82.09489440917969)
 (X_1707 137.40081787109375)
 (X_1708 163.02902221679688)
 (X_1709 60.38199234008789)
 (X_1710 195.557373046875)
 (X_1711 54.14445877075195)
 (X_1712 82.20597076416016)
 (X_1713 204.46566772460938)
 (X_1714 101.25788879394531)
 (X_1715 83.86868286132812)
 (X_1716 188.62474060058594)
 (X_1717 181.1343231201172)
 (X_1718 67.48102569580078)
 (X_1719 235.35533142089844)
 (X_1720 87.83812713623047)
 (X_1721 87.9626235961914)
 (X_1722 213.88336181640625)
 (X_1723 135.28073120117188)
 (X_1724 89.52716064453125)
 (X_1725 204.0006866455078)
 (X_1726 204.18429565429688)
 (X_1727 82.7524185180664)
 (X_1728 187.03671264648438)
 (X_1729 110.69829559326172)
 (X_1730 80.1946792602539)
 (X_1731 175.59036254882812)
 (X_1732 149.29884338378906)
 (X_1733 84.6279296875)
 (X_1734 193.20989990234375)
 (X_1735 200.52955627441406)
 (X_1736 90.57362365722656)
 (X_1737 124.73726654052734)
 (X_1738 124.3954086303711)
 (X_1739 77.35856628417969)
 (X_1740 143.06454467773438)
 (X_1741 153.1798095703125)
 (X_1742 81.76670837402344)
 (X_1743 164.12261962890625)
 (X_1744 201.75096130371094)
 (X_1745 88.7143325805664)
 (X_1746 94.83323669433594)
 (X_1747 112.20071411132812)
 (X_1748 71.70084381103516)
 (X_1749 121.23210144042969)
 (X_1750 128.60226440429688)
 (X_1751 76.0284423828125)
 (X_1752 144.97344970703125)
 (X_1753 180.6517791748047)
 (X_1754 81.71471405029297)
 (X_1755 85.50013732910156)
 (X_1756 99.01219940185547)
 (X_1757 72.28204345703125)
 (X_1758 112.31120300292969)
 (X_1759 116.86272430419922)
 (X_1760 78.1412124633789)
 (X_1761 141.34100341796875)
 (X_1762 177.05029296875)
 (X_1763 89.11421966552734)
 (X_1764 86.17565155029297)
 (X_1765 98.42725372314453)
 (X_1766 79.99427795410156)
 (X_1767 107.15437316894531)
 (X_1768 131.87440490722656)
 (X_1769 86.10567474365234)
 (X_1770 137.71963500976562)
 (X_1771 193.09934997558594)
 (X_1772 98.91646575927734)
 (X_1773 84.17053985595703)
 (X_1774 118.7301025390625)
 (X_1775 86.11005401611328)
 (X_1776 102.06300354003906)
 (X_1777 147.5918731689453)
 (X_1778 95.10102081298828)
 (X_1779 128.7175750732422)
 (X_1780 210.4913787841797)
 (X_1781 102.39533233642578)
 (X_1782 84.98057556152344)
 (X_1783 102.67448425292969)
 (X_1784 92.0169906616211)
 (X_1785 98.55152893066406)
 (X_1786 130.3024139404297)
 (X_1787 101.2347412109375)
 (X_1788 114.7505874633789)
 (X_1789 195.77687072753906)
 (X_1790 95.38843536376953)
 (X_1791 83.95069885253906)
 (X_1792 66.43834686279297)
 (X_1793 91.94601440429688)
 (X_1794 95.8327407836914)
 (X_1795 99.46173095703125)
 (X_1796 92.9459228515625)
 (X_1797 100.80509185791016)
 (X_1798 166.2695770263672)
 (X_1799 77.4251937866211)
 (X_1800 85.09690856933594)
 (X_1801 49.16917037963867)
 (X_1802 81.3246841430664)
 (X_1803 90.34817504882812)
 (X_1804 85.79251861572266)
 (X_1805 80.62199401855469)
 (X_1806 84.823486328125)
 (X_1807 155.99609375)
 (X_1808 64.87645721435547)
 (X_1809 85.85174560546875)
 (X_1810 39.93326950073242)
 (X_1811 68.0735092163086)
 (X_1812 83.45970916748047)
 (X_1813 78.84076690673828)
 (X_1814 68.63990783691406)
 (X_1815 72.31926727294922)
 (X_1816 153.43284606933594)
 (X_1817 56.813819885253906)
 (X_1818 76.22342681884766)
 (X_1819 38.832672119140625)
 (X_1820 63.26689910888672)
 (X_1821 76.27700805664062)
 (X_1822 77.40775299072266)
 (X_1823 69.11341857910156)
 (X_1824 61.85456848144531)
 (X_1825 154.4901123046875)
 (X_1826 57.006492614746094)
 (X_1827 70.804443359375)
 (X_1828 49.729270935058594)
 (X_1829 68.00347900390625)
 (X_1830 70.59431457519531)
 (X_1831 86.88604736328125)
 (X_1832 74.2708740234375)
 (X_1833 54.50482177734375)
 (X_1834 150.1719207763672)
 (X_1835 61.69184494018555)
 (X_1836 58.37702941894531)
 (X_1837 65.49458312988281)
 (X_1838 72.45726776123047)
 (X_1839 63.84770584106445)
 (X_1840 90.30955505371094)
 (X_1841 75.54145050048828)
 (X_1842 50.79719924926758)
 (X_1843 135.52479553222656)
 (X_1844 60.17092514038086)
 (X_1845 58.38330841064453)
 (X_1846 75.58837127685547)
 (X_1847 71.3062515258789)
 (X_1848 61.28472900390625)
 (X_1849 92.8563232421875)
 (X_1850 72.24327850341797)
 (X_1851 54.19972610473633)
 (X_1852 114.70416259765625)
 (X_1853 59.70765686035156)
 (X_1854 58.75027084350586)
 (X_1855 80.25061798095703)
 (X_1856 66.42056274414062)
 (X_1857 61.52375793457031)
 (X_1858 89.82611083984375)
 (X_1859 70.95991516113281)
 (X_1860 55.25605392456055)
 (X_1861 93.10973358154297)
 (X_1862 61.00386047363281)
 (X_1863 54.66190719604492)
 (X_1864 83.91246795654297)
 (X_1865 64.88327026367188)
 (X_1866 59.74626541137695)
 (X_1867 84.19445037841797)
 (X_1868 65.86307525634766)
 (X_1869 54.66225051879883)
 (X_1870 74.63042449951172)
 (X_1871 57.67783737182617)
 (X_1872 55.44215774536133)
 (X_1873 69.26805877685547)
 (X_1874 60.96010208129883)
 (X_1875 61.975467681884766)
 (X_1876 69.09880065917969)
 (X_1877 62.55803298950195)
 (X_1878 53.631229400634766)
 (X_1879 58.71015548706055)
 (X_1880 51.74843215942383)
 (X_1881 56.51205825805664)
 (X_1882 58.418800354003906)
 (X_1883 54.46678161621094)
 (X_1884 62.24116516113281)
 (X_1885 62.26500701904297)
 (X_1886 60.712745666503906)
 (X_1887 54.84123611450195)
 (X_1888 51.78120422363281)
 (X_1889 48.5585823059082)
 (X_1890 82.05960845947266)
 (X_1891 71.94327545166016)
 (X_1892 57.166629791259766)
 (X_1893 75.68904876708984)
 (X_1894 76.01667022705078)
 (X_1895 59.94561767578125)
 (X_1896 52.75144577026367)
 (X_1897 57.9282112121582)
 (X_1898 51.72008514404297)
 (X_1899 69.91226959228516)
 (X_1900 65.3779525756836)
 (X_1901 59.28992462158203)
 (X_1902 73.90428924560547)
 (X_1903 69.22893524169922)
 (X_1904 59.7060432434082)
 (X_1905 50.5479621887207)
 (X_1906 50.09267807006836)
 (X_1907 53.14732360839844)
 (X_1908 73.55307006835938)
 (X_1909 61.78982162475586)
 (X_1910 64.03461456298828)
 (X_1911 82.66151428222656)
 (X_1912 67.9344253540039)
 (X_1913 66.02130126953125)
 (X_1914 59.06058120727539)
 (X_1915 54.07384490966797)
 (X_1916 60.94951629638672)
 (X_1917 86.4082260131836)
 (X_1918 65.57269287109375)
 (X_1919 70.40636444091797)
 (X_1920 87.849365234375)
 (X_1921 74.98792266845703)
 (X_1922 75.24954986572266)
 (X_1923 63.912322998046875)
 (X_1924 72.32398986816406)
 (X_1925 72.9498062133789)
 (X_1926 93.25605773925781)
 (X_1927 86.7649917602539)
 (X_1928 84.38172149658203)
 (X_1929 91.01504516601562)
 (X_1930 93.25387573242188)
 (X_1931 89.76705169677734)
 (X_1932 64.7879638671875)
 (X_1933 107.26217651367188)
 (X_1934 86.39250183105469)
 (X_1935 85.66925811767578)
 (X_1936 92.13379669189453)
 (X_1937 99.68762969970703)
 (X_1938 84.8966064453125)
 (X_1939 99.59528350830078)
 (X_1940 107.8047103881836)
 (X_1941 62.41231155395508)
 (X_1942 128.7523193359375)
 (X_1943 95.39850616455078)
 (X_1944 49.85356140136719)
 (X_1945 86.19100952148438)
 (X_1946 112.42825317382812)
 (X_1947 68.19314575195312)
 (X_1948 103.32577514648438)
 (X_1949 118.94447326660156)
 (X_1950 53.75497817993164)
 (X_1951 147.73196411132812)
 (X_1952 101.32506561279297)
 (X_1953 101.9878921508789)
 (X_1954 75.16063690185547)
 (X_1955 113.12444305419922)
 (X_1956 118.15019226074219)
 (X_1957 99.75045776367188)
 (X_1958 118.17938995361328)
 (X_1959 108.66801452636719)
 (X_1960 162.45220947265625)
 (X_1961 104.62245178222656)
 (X_1962 178.99693298339844)
 (X_1963 54.739295959472656)
 (X_1964 111.20338439941406)
 (X_1965 179.4962615966797)
 (X_1966 86.58270263671875)
 (X_1967 115.60981750488281)
 (X_1968 191.0392608642578)
 (X_1969 159.81446838378906)
 (X_1970 102.15969848632812)
 (X_1971 236.57992553710938)
 (X_1972 38.13778305053711)
 (X_1973 114.75299072265625)
 (X_1974 219.32565307617188)
 (X_1975 81.22439575195312)
 (X_1976 114.46090698242188)
 (X_1977 251.5460205078125)
 (X_1978 163.7189483642578)
 (X_1979 100.16065216064453)
 (X_1980 198.47872924804688)
 (X_1981 49.352115631103516)
 (X_1982 115.34815216064453)
 (X_1983 181.3697967529297)
 (X_1984 100.5748062133789)
 (X_1985 113.82624816894531)
 (X_1986 206.3034210205078)
 (X_1987 177.48106384277344)
 (X_1988 102.85842895507812)
 (X_1989 106.35848999023438)
 (X_1990 85.15823364257812)
 (X_1991 107.45391845703125)
 (X_1992 120.22291564941406)
 (X_1993 135.18673706054688)
 (X_1994 105.91007232666016)
 (X_1995 150.42440795898438)
 (X_1996 203.0443115234375)
 (X_1997 95.1379165649414)
 (X_1998 75.50875091552734)
 (X_1999 112.2665786743164)
 (X_2000 101.07723999023438)
 (X_2001 100.62330627441406)
 (X_2002 151.92469787597656)
 (X_2003 97.89237213134766)
 (X_2004 142.541259765625)
 (X_2005 207.2451629638672)
 (X_2006 88.03276062011719)
 (X_2007 47.64493942260742)
 (X_2008 126.54609680175781)
 (X_2009 93.61181640625)
 (X_2010 80.93888092041016)
 (X_2011 152.58697509765625)
 (X_2012 89.03252410888672)
 (X_2013 132.3161163330078)
 (X_2014 200.5466766357422)
 (X_2015 80.78335571289062)
 (X_2016 46.541019439697266)
 (X_2017 122.99475860595703)
 (X_2018 88.53187561035156)
 (X_2019 83.60875701904297)
 (X_2020 135.4352569580078)
 (X_2021 87.00405883789062)
 (X_2022 144.5513916015625)
 (X_2023 183.5233154296875)
 (X_2024 79.78263854980469)
 (X_2025 41.11882019042969)
 (X_2026 93.4708480834961)
 (X_2027 92.2682876586914)
 (X_2028 77.59748077392578)
 (X_2029 109.8050765991211)
 (X_2030 91.86109161376953)
 (X_2031 145.26473999023438)
 (X_2032 161.1708221435547)
 (X_2033 86.17115020751953)
 (X_2034 46.650306701660156)
 (X_2035 64.40554809570312)
 (X_2036 99.54400634765625)
 (X_2037 82.51229858398438)
 (X_2038 96.72703552246094)
 (X_2039 99.34083557128906)
 (X_2040 150.9959716796875)
 (X_2041 157.1419219970703)
 (X_2042 94.70857238769531)
 (X_2043 52.64048385620117)
 (X_2044 52.25225067138672)
 (X_2045 106.05836486816406)
 (X_2046 88.79060363769531)
 (X_2047 87.51331329345703)
 (X_2048 108.6217269897461)
 (X_2049 147.5186004638672)
 (X_2050 157.87374877929688)
 (X_2051 99.40512084960938)
 (X_2052 60.80370330810547)
 (X_2053 45.5778694152832)
 (X_2054 110.27700805664062)
 (X_2055 92.46109771728516)
 (X_2056 81.0250244140625)
 (X_2057 115.01837158203125)
 (X_2058 138.47547912597656)
 (X_2059 156.9484100341797)
 (X_2060 102.9709243774414)
 (X_2061 71.23224639892578)
 (X_2062 38.43709945678711)
 (X_2063 114.0078125)
 (X_2064 94.01596069335938)
 (X_2065 78.34133911132812)
 (X_2066 119.11383056640625)
 (X_2067 123.13196563720703)
 (X_2068 154.43431091308594)
 (X_2069 106.31847381591797)
 (X_2070 74.66073608398438)
 (X_2071 36.32868957519531)
 (X_2072 115.13452911376953)
 (X_2073 90.41104125976562)
 (X_2074 77.96695709228516)
 (X_2075 118.20829772949219)
 (X_2076 103.48969268798828)
 (X_2077 156.384033203125)
 (X_2078 111.36093139648438)
 (X_2079 79.89512634277344)
 (X_2080 38.36042785644531)
 (X_2081 110.72114562988281)
 (X_2082 90.58662414550781)
 (X_2083 78.9725112915039)
 (X_2084 110.400146484375)
 (X_2085 92.32659149169922)
 (X_2086 158.95382690429688)
 (X_2087 99.18281555175781)
 (X_2088 88.18058776855469)
 (X_2089 38.62901306152344)
 (X_2090 103.84758758544922)
 (X_2091 86.2197036743164)
 (X_2092 80.64884948730469)
 (X_2093 105.14253997802734)
 (X_2094 79.44606018066406)
 (X_2095 155.78016662597656)
 (X_2096 91.50888061523438)
 (X_2097 79.92450714111328)
 (X_2098 48.997413635253906)
 (X_2099 102.6850814819336)
 (X_2100 71.69761657714844)
 (X_2101 86.17183685302734)
 (X_2102 105.39588165283203)
 (X_2103 60.514949798583984)
 (X_2104 149.80853271484375)
 (X_2105 91.47481536865234)
 (X_2106 59.15739440917969)
 (X_2107 63.518558502197266)
 (X_2108 102.15611267089844)
 (X_2109 59.903499603271484)
 (X_2110 90.85891723632812)
 (X_2111 101.90230560302734)
 (X_2112 46.18791198730469)
 (X_2113 136.73255920410156)
 (X_2114 92.41400909423828)
 (X_2115 58.801292419433594)
 (X_2116 74.9430923461914)
 (X_2117 100.27196502685547)
 (X_2118 60.35098648071289)
 (X_2119 91.28118133544922)
 (X_2120 98.31672668457031)
 (X_2121 52.898399353027344)
 (X_2122 115.5981674194336)
 (X_2123 89.75187683105469)
 (X_2124 60.63391876220703)
 (X_2125 79.27664184570312)
 (X_2126 94.93745422363281)
 (X_2127 60.17005157470703)
 (X_2128 88.41148376464844)
 (X_2129 93.3456802368164)
 (X_2130 55.958702087402344)
 (X_2131 89.5015869140625)
 (X_2132 87.37041473388672)
 (X_2133 57.342655181884766)
 (X_2134 71.59976959228516)
 (X_2135 88.57044982910156)
 (X_2136 60.79401397705078)
 (X_2137 75.53717803955078)
 (X_2138 89.31575775146484)
 (X_2139 54.278709411621094)
 (X_2140 66.47917175292969)
 (X_2141 83.47274017333984)
 (X_2142 57.01595687866211)
 (X_2143 62.13113021850586)
 (X_2144 84.73322296142578)
 (X_2145 61.66646194458008)
 (X_2146 65.62670135498047)
 (X_2147 86.25657653808594)
 (X_2148 55.128231048583984)
 (X_2149 57.18450164794922)
 (X_2150 75.70735931396484)
 (X_2151 60.80339050292969)
 (X_2152 57.54454803466797)
 (X_2153 86.05937194824219)
 (X_2154 62.541866302490234)
 (X_2155 64.42940521240234)
 (X_2156 90.28248596191406)
 (X_2157 53.0819206237793)
 (X_2158 58.54042053222656)
 (X_2159 78.80967712402344)
 (X_2160 82.0059814453125)
 (X_2161 72.61199188232422)
 (X_2162 82.8902359008789)
 (X_2163 81.91304779052734)
 (X_2164 68.7369155883789)
 (X_2165 83.61933898925781)
 (X_2166 55.634342193603516)
 (X_2167 54.28921127319336)
 (X_2168 80.92874145507812)
 (X_2169 78.66783905029297)
 (X_2170 74.53253173828125)
 (X_2171 77.73323059082031)
 (X_2172 86.81244659423828)
 (X_2173 72.655517578125)
 (X_2174 75.00957489013672)
 (X_2175 63.141868591308594)
 (X_2176 59.07673645019531)
 (X_2177 76.73946380615234)
 (X_2178 87.26679992675781)
 (X_2179 66.18741607666016)
 (X_2180 110.63349914550781)
 (X_2181 96.37361907958984)
 (X_2182 68.83785247802734)
 (X_2183 107.2291030883789)
 (X_2184 78.0053939819336)
 (X_2185 56.61094665527344)
 (X_2186 110.49717712402344)
 (X_2187 97.9677963256836)
 (X_2188 68.80316925048828)
 (X_2189 157.7681884765625)
 (X_2190 102.52088165283203)
 (X_2191 77.56491088867188)
 (X_2192 149.19476318359375)
 (X_2193 81.54253387451172)
 (X_2194 69.56819152832031)
 (X_2195 156.6696319580078)
 (X_2196 89.2255630493164)
 (X_2197 85.9226303100586)
 (X_2198 188.3202362060547)
 (X_2199 95.38410949707031)
 (X_2200 91.09662628173828)
 (X_2201 162.96762084960938)
 (X_2202 70.64773559570312)
 (X_2203 93.36150360107422)
 (X_2204 170.03102111816406)
 (X_2205 92.24576568603516)
 (X_2206 84.06792449951172)
 (X_2207 209.47430419921875)
 (X_2208 100.97405242919922)
 (X_2209 91.4184341430664)
 (X_2210 166.413330078125)
 (X_2211 83.74769592285156)
 (X_2212 116.56522369384766)
 (X_2213 162.94192504882812)
 (X_2214 113.57373046875)
 (X_2215 80.77469635009766)
 (X_2216 214.83908081054688)
 (X_2217 129.22764587402344)
 (X_2218 97.92532348632812)
 (X_2219 162.8038787841797)
 (X_2220 124.9202651977539)
 (X_2221 142.0740966796875)
 (X_2222 151.40504455566406)
 (X_2223 173.75584411621094)
 (X_2224 78.15724182128906)
 (X_2225 217.35043334960938)
 (X_2226 179.42640686035156)
 (X_2227 101.9590072631836)
 (X_2228 158.08908081054688)
 (X_2229 195.74221801757812)
 (X_2230 160.1463623046875)
 (X_2231 153.2255401611328)
 (X_2232 216.57765197753906)
 (X_2233 61.82261657714844)
 (X_2234 220.71278381347656)
 (X_2235 206.68516540527344)
 (X_2236 91.26251983642578)
 (X_2237 159.94065856933594)
 (X_2238 226.3865966796875)
 (X_2239 160.00389099121094)
 (X_2240 156.06149291992188)
 (X_2241 164.76681518554688)
 (X_2242 42.126338958740234)
 (X_2243 222.8270263671875)
 (X_2244 158.26768493652344)
 (X_2245 84.64130401611328)
 (X_2246 157.935302734375)
 (X_2247 186.18016052246094)
 (X_2248 159.175537109375)
 (X_2249 155.68869018554688)
 (X_2250 90.04617309570312)
 (X_2251 50.56151580810547)
 (X_2252 222.9526824951172)
 (X_2253 100.06156158447266)
 (X_2254 99.26802062988281)
 (X_2255 154.21339416503906)
 (X_2256 151.19210815429688)
 (X_2257 173.1032257080078)
 (X_2258 153.87033081054688)
 (X_2259 45.575843811035156)
 (X_2260 85.13325500488281)
 (X_2261 220.85089111328125)
 (X_2262 81.07620239257812)
 (X_2263 133.85874938964844)
 (X_2264 151.6215362548828)
 (X_2265 147.57667541503906)
 (X_2266 201.16989135742188)
 (X_2267 150.08572387695312)
 (X_2268 35.1100959777832)
 (X_2269 110.81718444824219)
 (X_2270 216.07423400878906)
 (X_2271 77.04183959960938)
 (X_2272 150.73098754882812)
 (X_2273 149.90733337402344)
 (X_2274 148.47950744628906)
 (X_2275 201.71829223632812)
 (X_2276 147.92262268066406)
 (X_2277 39.17578887939453)
 (X_2278 122.16197204589844)
 (X_2279 214.947265625)
 (X_2280 78.51551055908203)
 (X_2281 152.9403076171875)
 (X_2282 148.54086303710938)
 (X_2283 150.48992919921875)
 (X_2284 199.4856414794922)
 (X_2285 145.29672241210938)
 (X_2286 38.23625946044922)
 (X_2287 120.51860046386719)
 (X_2288 213.98593139648438)
 (X_2289 77.51422882080078)
 (X_2290 135.345703125)
 (X_2291 148.28346252441406)
 (X_2292 148.50462341308594)
 (X_2293 185.0012664794922)
 (X_2294 145.816162109375)
 (X_2295 37.29106140136719)
 (X_2296 87.57113647460938)
 (X_2297 211.39816284179688)
 (X_2298 76.99333953857422)
 (X_2299 104.33517456054688)
 (X_2300 148.58229064941406)
 (X_2301 147.4096221923828)
 (X_2302 164.1507110595703)
 (X_2303 146.1473388671875)
 (X_2304 35.11688995361328)
 (X_2305 52.7781982421875)
 (X_2306 210.49978637695312)
 (X_2307 77.02299499511719)
 (X_2308 86.49537658691406)
 (X_2309 148.77626037597656)
 (X_2310 147.3392333984375)
 (X_2311 154.72109985351562)
 (X_2312 148.05551147460938)
 (X_2313 41.18351364135742)
 (X_2314 45.75312805175781)
 (X_2315 209.73406982421875)
 (X_2316 79.41938781738281)
 (X_2317 81.953857421875)
 (X_2318 149.38845825195312)
 (X_2319 148.97386169433594)
 (X_2320 153.40444946289062)
 (X_2321 148.21945190429688)
 (X_2322 54.003509521484375)
 (X_2323 43.578487396240234)
 (X_2324 210.07908630371094)
 (X_2325 87.85672760009766)
 (X_2326 79.5325927734375)
 (X_2327 151.0449981689453)
 (X_2328 145.532470703125)
 (X_2329 154.75936889648438)
 (X_2330 149.29420471191406)
 (X_2331 69.80964660644531)
 (X_2332 40.076351165771484)
 (X_2333 215.6777801513672)
 (X_2334 96.11404418945312)
 (X_2335 79.73458099365234)
 (X_2336 155.8455047607422)
 (X_2337 141.09500122070312)
 (X_2338 154.18727111816406)
 (X_2339 152.11172485351562)
 (X_2340 69.842529296875)
 (X_2341 38.91279983520508)
 (X_2342 219.2283172607422)
 (X_2343 93.313232421875)
 (X_2344 76.052001953125)
 (X_2345 157.03244018554688)
 (X_2346 127.7147216796875)
 (X_2347 155.98471069335938)
 (X_2348 161.2806396484375)
 (X_2349 69.983642578125)
 (X_2350 36.42909240722656)
 (X_2351 221.21438598632812)
 (X_2352 88.09041595458984)
 (X_2353 77.0988540649414)
 (X_2354 159.26336669921875)
 (X_2355 110.06299591064453)
 (X_2356 156.0196075439453)
 (X_2357 158.7407684326172)
 (X_2358 78.96504211425781)
 (X_2359 38.738677978515625)
 (X_2360 218.67539978027344)
 (X_2361 85.72207641601562)
 (X_2362 80.3510513305664)
 (X_2363 155.31544494628906)
 (X_2364 93.06507110595703)
 (X_2365 153.2064971923828)
 (X_2366 152.8346710205078)
 (X_2367 76.17301940917969)
 (X_2368 48.610191345214844)
 (X_2369 217.8145751953125)
 (X_2370 75.35968780517578)
 (X_2371 87.76475524902344)
 (X_2372 153.38522338867188)
 (X_2373 73.12576293945312)
 (X_2374 147.47689819335938)
 (X_2375 150.96176147460938)
 (X_2376 65.5609130859375)
 (X_2377 65.39759063720703)
 (X_2378 220.3111114501953)
 (X_2379 66.93941497802734)
 (X_2380 93.09663391113281)
 (X_2381 151.67892456054688)
 (X_2382 59.14921951293945)
 (X_2383 134.9832763671875)
 (X_2384 150.19093322753906)
 (X_2385 53.188697814941406)
 (X_2386 75.74111938476562)
 (X_2387 215.8904571533203)
 (X_2388 55.24364471435547)
 (X_2389 91.04568481445312)
 (X_2390 150.0009307861328)
 (X_2391 50.133548736572266)
 (X_2392 110.73845672607422)
 (X_2393 149.0892333984375)
 (X_2394 54.831539154052734)
 (X_2395 75.09629821777344)
 (X_2396 210.6055145263672)
 (X_2397 60.013511657714844)
 (X_2398 82.87504577636719)
 (X_2399 147.48614501953125)
 (X_2400 52.689422607421875)
 (X_2401 82.92607879638672)
 (X_2402 149.8108673095703)
 (X_2403 57.284427642822266)
 (X_2404 57.894554138183594)
 (X_2405 208.6242218017578)
 (X_2406 60.69550704956055)
 (X_2407 65.99960327148438)
 (X_2408 147.5837860107422)
 (X_2409 51.87963104248047)
 (X_2410 55.15766906738281)
 (X_2411 146.20057678222656)
 (X_2412 59.035194396972656)
 (X_2413 55.670692443847656)
 (X_2414 204.513916015625)
 (X_2415 63.694210052490234)
 (X_2416 60.52945327758789)
 (X_2417 143.3203125)
 (X_2418 53.372493743896484)
 (X_2419 54.67552185058594)
 (X_2420 136.11346435546875)
 (X_2421 59.92039489746094)
 (X_2422 57.091278076171875)
 (X_2423 196.86558532714844)
 (X_2424 63.605926513671875)
 (X_2425 59.20440673828125)
 (X_2426 142.2807159423828)
 (X_2427 53.814151763916016)
 (X_2428 53.57005310058594)
 (X_2429 129.478759765625)
 (X_2430 68.19782257080078)
 (X_2431 77.88700103759766)
 (X_2432 72.03649139404297)
 (X_2433 74.94131469726562)
 (X_2434 69.72400665283203)
 (X_2435 74.64791107177734)
 (X_2436 53.54744338989258)
 (X_2437 52.41050338745117)
 (X_2438 71.8268051147461)
 (X_2439 70.96611022949219)
 (X_2440 80.72006225585938)
 (X_2441 82.5743179321289)
 (X_2442 81.54683685302734)
 (X_2443 76.83922576904297)
 (X_2444 82.95063018798828)
 (X_2445 62.20059585571289)
 (X_2446 59.72351837158203)
 (X_2447 84.20623779296875)
 (X_2448 78.85833740234375)
 (X_2449 73.92355346679688)
 (X_2450 112.40257263183594)
 (X_2451 89.17910766601562)
 (X_2452 72.16481018066406)
 (X_2453 103.4007339477539)
 (X_2454 76.43042755126953)
 (X_2455 58.704280853271484)
 (X_2456 105.71583557128906)
 (X_2457 83.60387420654297)
 (X_2458 71.66926574707031)
 (X_2459 145.9429473876953)
 (X_2460 92.2251205444336)
 (X_2461 76.12271881103516)
 (X_2462 118.08085632324219)
 (X_2463 79.52650451660156)
 (X_2464 66.6500244140625)
 (X_2465 119.56181335449219)
 (X_2466 85.55225372314453)
 (X_2467 74.98025512695312)
 (X_2468 170.8905792236328)
 (X_2469 99.6729736328125)
 (X_2470 79.02021026611328)
 (X_2471 108.48843383789062)
 (X_2472 83.53252410888672)
 (X_2473 77.93171691894531)
 (X_2474 105.88324737548828)
 (X_2475 121.9520034790039)
 (X_2476 76.95460510253906)
 (X_2477 184.31349182128906)
 (X_2478 137.6728973388672)
 (X_2479 84.01012420654297)
 (X_2480 88.30056762695312)
 (X_2481 139.89425659179688)
 (X_2482 106.38165283203125)
 (X_2483 80.30140686035156)
 (X_2484 178.08224487304688)
 (X_2485 76.13846588134766)
 (X_2486 192.10086059570312)
 (X_2487 184.36013793945312)
 (X_2488 93.4287338256836)
 (X_2489 76.61402893066406)
 (X_2490 196.44773864746094)
 (X_2491 132.05239868164062)
 (X_2492 68.13546752929688)
 (X_2493 206.80332946777344)
 (X_2494 79.80101776123047)
 (X_2495 199.3191680908203)
 (X_2496 203.0284881591797)
 (X_2497 102.60991668701172)
 (X_2498 72.50955200195312)
 (X_2499 220.7919464111328)
 (X_2500 156.74684143066406)
 (X_2501 69.1978988647461)
 (X_2502 171.51133728027344)
 (X_2503 70.3517074584961)
 (X_2504 200.7356719970703)
 (X_2505 161.4382781982422)
 (X_2506 96.57049560546875)
 (X_2507 72.77462768554688)
 (X_2508 195.71527099609375)
 (X_2509 162.04208374023438)
 (X_2510 70.87084197998047)
 (X_2511 84.2446517944336)
 (X_2512 46.43875503540039)
 (X_2513 202.95018005371094)
 (X_2514 102.94072723388672)
 (X_2515 85.61909484863281)
 (X_2516 74.55763244628906)
 (X_2517 159.0147247314453)
 (X_2518 158.6369171142578)
 (X_2519 70.1793212890625)
 (X_2520 43.09413146972656)
 (X_2521 50.18170166015625)
 (X_2522 202.22018432617188)
 (X_2523 82.9594497680664)
 (X_2524 97.4589614868164)
 (X_2525 73.94245147705078)
 (X_2526 152.84698486328125)
 (X_2527 170.0257568359375)
 (X_2528 70.07174682617188)
 (X_2529 37.578880310058594)
 (X_2530 79.32405853271484)
 (X_2531 201.18975830078125)
 (X_2532 77.60332489013672)
 (X_2533 126.64041900634766)
 (X_2534 72.74764251708984)
 (X_2535 153.5078887939453)
 (X_2536 191.4861602783203)
 (X_2537 69.66969299316406)
 (X_2538 37.708980560302734)
 (X_2539 106.92974853515625)
 (X_2540 198.3863525390625)
 (X_2541 77.00530242919922)
 (X_2542 148.93661499023438)
 (X_2543 74.87812042236328)
 (X_2544 154.44073486328125)
 (X_2545 197.1455535888672)
 (X_2546 71.15377807617188)
 (X_2547 38.63563537597656)
 (X_2548 121.98219299316406)
 (X_2549 194.70648193359375)
 (X_2550 79.2645034790039)
 (X_2551 151.95428466796875)
 (X_2552 73.56761932373047)
 (X_2553 153.91078186035156)
 (X_2554 199.7137451171875)
 (X_2555 70.80097961425781)
 (X_2556 43.929710388183594)
 (X_2557 117.35154724121094)
 (X_2558 199.08642578125)
 (X_2559 82.0072021484375)
 (X_2560 135.26210021972656)
 (X_2561 73.01113891601562)
 (X_2562 153.98971557617188)
 (X_2563 185.0092010498047)
 (X_2564 70.25553131103516)
 (X_2565 50.274784088134766)
 (X_2566 85.44195556640625)
 (X_2567 196.5227813720703)
 (X_2568 88.79084014892578)
 (X_2569 104.57575225830078)
 (X_2570 72.08763885498047)
 (X_2571 154.2176971435547)
 (X_2572 168.0565643310547)
 (X_2573 71.76678466796875)
 (X_2574 63.392333984375)
 (X_2575 49.18681335449219)
 (X_2576 191.35792541503906)
 (X_2577 102.73762512207031)
 (X_2578 83.8025131225586)
 (X_2579 71.06280517578125)
 (X_2580 167.34352111816406)
 (X_2581 152.06736755371094)
 (X_2582 70.53133392333984)
 (X_2583 76.81932067871094)
 (X_2584 44.878299713134766)
 (X_2585 192.84524536132812)
 (X_2586 108.34202575683594)
 (X_2587 79.79716491699219)
 (X_2588 73.40369415283203)
 (X_2589 175.74464416503906)
 (X_2590 150.8665008544922)
 (X_2591 70.07099914550781)
 (X_2592 92.6292495727539)
 (X_2593 42.636775970458984)
 (X_2594 196.5701446533203)
 (X_2595 119.48731231689453)
 (X_2596 75.8048324584961)
 (X_2597 74.97538757324219)
 (X_2598 175.2288055419922)
 (X_2599 152.60557556152344)
 (X_2600 69.96353912353516)
 (X_2601 89.0405044555664)
 (X_2602 42.06690979003906)
 (X_2603 198.8162841796875)
 (X_2604 112.55924224853516)
 (X_2605 77.8061752319336)
 (X_2606 74.37200927734375)
 (X_2607 163.95172119140625)
 (X_2608 155.9658966064453)
 (X_2609 71.63472747802734)
 (X_2610 81.84717559814453)
 (X_2611 39.99844741821289)
 (X_2612 200.72108459472656)
 (X_2613 102.2514419555664)
 (X_2614 78.49211883544922)
 (X_2615 75.53619384765625)
 (X_2616 153.2417755126953)
 (X_2617 154.1275177001953)
 (X_2618 73.89802551269531)
 (X_2619 69.73160552978516)
 (X_2620 40.23305130004883)
 (X_2621 201.18467712402344)
 (X_2622 93.46369171142578)
 (X_2623 79.34558868408203)
 (X_2624 77.6143798828125)
 (X_2625 130.3134002685547)
 (X_2626 158.8989715576172)
 (X_2627 75.4250717163086)
 (X_2628 68.79755401611328)
 (X_2629 39.89381408691406)
 (X_2630 200.85606384277344)
 (X_2631 87.76625061035156)
 (X_2632 81.12922668457031)
 (X_2633 76.08584594726562)
 (X_2634 110.16043853759766)
 (X_2635 156.80787658691406)
 (X_2636 72.88165283203125)
 (X_2637 69.10714721679688)
 (X_2638 50.31033706665039)
 (X_2639 201.02590942382812)
 (X_2640 83.32554626464844)
 (X_2641 89.36997985839844)
 (X_2642 75.07881164550781)
 (X_2643 89.86522674560547)
 (X_2644 151.52369689941406)
 (X_2645 73.66310119628906)
 (X_2646 71.58333587646484)
 (X_2647 69.70946502685547)
 (X_2648 201.41404724121094)
 (X_2649 74.56587982177734)
 (X_2650 97.92444610595703)
 (X_2651 71.3350830078125)
 (X_2652 71.27818298339844)
 (X_2653 137.47113037109375)
 (X_2654 71.8631362915039)
 (X_2655 55.17411804199219)
 (X_2656 79.40196228027344)
 (X_2657 198.68307495117188)
 (X_2658 59.30479049682617)
 (X_2659 94.11585235595703)
 (X_2660 73.65731048583984)
 (X_2661 54.21242141723633)
 (X_2662 110.09121704101562)
 (X_2663 70.15867614746094)
 (X_2664 58.00350570678711)
 (X_2665 78.12564086914062)
 (X_2666 197.51663208007812)
 (X_2667 65.98576354980469)
 (X_2668 84.0058364868164)
 (X_2669 74.55574035644531)
 (X_2670 58.58631896972656)
 (X_2671 83.92742156982422)
 (X_2672 71.93155670166016)
 (X_2673 58.5714225769043)
 (X_2674 53.700767517089844)
 (X_2675 197.03067016601562)
 (X_2676 61.709007263183594)
 (X_2677 67.22488403320312)
 (X_2678 75.87767028808594)
 (X_2679 49.69242858886719)
 (X_2680 60.30805206298828)
 (X_2681 70.7443618774414)
 (X_2682 53.669708251953125)
 (X_2683 56.93865203857422)
 (X_2684 199.84730529785156)
 (X_2685 59.7021484375)
 (X_2686 67.74038696289062)
 (X_2687 80.04232025146484)
 (X_2688 49.5521240234375)
 (X_2689 64.84644317626953)
 (X_2690 79.81758880615234)
 (X_2691 50.53358840942383)
 (X_2692 63.39263916015625)
 (X_2693 201.639404296875)
 (X_2694 59.12044143676758)
 (X_2695 63.39458084106445)
 (X_2696 92.46638488769531)
 (X_2697 48.70195770263672)
 (X_2698 57.481834411621094)
 (X_2699 90.15288543701172)
 (Y_0 518.0)
 (Y_1 1120.0)
 (Y_2 1058.0)
 (Y_3 704.0)
 (Y_4 390.0)
 (Y_5 524.0)
 (Y_6 256.0)
 (Y_7 702.0)
 (Y_8 516.0)
 (Y_9 442.0)
 (Y_10 720.0)
 (Y_11 726.0)
 (Y_12 686.0)
 (Y_13 914.0)
 (Y_14 748.0)
 (Y_15 938.0)
 (Y_16 700.0)
 (Y_17 48.0)
 (Y_18 932.0)
 (Y_19 398.0)
 (Y_20 462.0)
 (Y_21 158.0)
 (Y_22 868.0)
 (Y_23 694.0)
 (Y_24 526.0)
 (Y_25 994.0)
 (Y_26 598.0)
 (Y_27 294.0)
 (Y_28 658.0)
 (Y_29 152.0)
 (Y_30 358.0)
 (Y_31 556.0)
 (Y_32 638.0)
 (Y_33 976.0)
 (Y_34 122.0)
 (Y_35 488.0)
 (Y_36 772.0)
 (Y_37 246.0)
 (Y_38 1042.0)
 (Y_39 184.0)
 (Y_40 572.0)
 (Y_41 576.0)
 (Y_42 146.0))
