sat,0.986874
((X_0 195.20468139648438)
 (X_1 185.7357940673828)
 (X_2 176.8614044189453)
 (X_3 202.2806854248047)
 (X_4 191.65626525878906)
 (X_5 185.47669982910156)
 (X_6 218.99107360839844)
 (X_7 203.96243286132812)
 (X_8 189.34283447265625)
 (X_9 187.24081420898438)
 (X_10 185.167236328125)
 (X_11 174.11383056640625)
 (X_12 206.6158447265625)
 (X_13 198.12637329101562)
 (X_14 185.90542602539062)
 (X_15 220.967041015625)
 (X_16 207.16314697265625)
 (X_17 192.4258270263672)
 (X_18 194.73854064941406)
 (X_19 182.2018280029297)
 (X_20 174.74356079101562)
 (X_21 199.65025329589844)
 (X_22 194.45071411132812)
 (X_23 186.4616241455078)
 (X_24 213.15843200683594)
 (X_25 198.4967041015625)
 (X_26 199.2758331298828)
 (X_27 185.28782653808594)
 (X_28 178.8920440673828)
 (X_29 179.92965698242188)
 (X_30 200.9456024169922)
 (X_31 192.74761962890625)
 (X_32 184.3008270263672)
 (X_33 214.13125610351562)
 (X_34 205.66696166992188)
 (X_35 196.1485137939453)
 (X_36 190.072998046875)
 (X_37 177.03363037109375)
 (X_38 169.5260772705078)
 (X_39 202.3506317138672)
 (X_40 192.9846649169922)
 (X_41 182.6964569091797)
 (X_42 210.16314697265625)
 (X_43 207.9845733642578)
 (X_44 194.43685913085938)
 (X_45 187.48916625976562)
 (X_46 184.22433471679688)
 (X_47 166.3701934814453)
 (X_48 199.22784423828125)
 (X_49 194.98757934570312)
 (X_50 177.38038635253906)
 (X_51 212.56065368652344)
 (X_52 205.3366241455078)
 (X_53 198.43519592285156)
 (X_54 190.28961181640625)
 (X_55 163.71536254882812)
 (X_56 117.46617126464844)
 (X_57 199.3882293701172)
 (X_58 183.10682678222656)
 (X_59 152.9416961669922)
 (X_60 203.27508544921875)
 (X_61 194.4242401123047)
 (X_62 174.0046844482422)
 (X_63 188.7764434814453)
 (X_64 100.44245147705078)
 (X_65 16.938852310180664)
 (X_66 200.5966796875)
 (X_67 124.77581024169922)
 (X_68 59.90343475341797)
 (X_69 206.45596313476562)
 (X_70 137.5157012939453)
 (X_71 69.99018096923828)
 (X_72 186.5137481689453)
 (X_73 29.027225494384766)
 (X_74 19.228878021240234)
 (X_75 194.46588134765625)
 (X_76 39.35427474975586)
 (X_77 14.155771255493164)
 (X_78 209.97625732421875)
 (X_79 51.64427947998047)
 (X_80 26.860658645629883)
 (X_81 181.5774688720703)
 (X_82 15.616645812988281)
 (X_83 23.176403045654297)
 (X_84 191.25022888183594)
 (X_85 9.015355110168457)
 (X_86 9.873360633850098)
 (X_87 206.8363494873047)
 (X_88 16.599010467529297)
 (X_89 19.739078521728516)
 (X_90 182.4354705810547)
 (X_91 16.054370880126953)
 (X_92 19.740127563476562)
 (X_93 192.97067260742188)
 (X_94 13.40147590637207)
 (X_95 14.886435508728027)
 (X_96 204.5933837890625)
 (X_97 18.14623260498047)
 (X_98 12.880118370056152)
 (X_99 191.46957397460938)
 (X_100 25.701824188232422)
 (X_101 20.55121612548828)
 (X_102 196.61715698242188)
 (X_103 17.373083114624023)
 (X_104 18.797828674316406)
 (X_105 207.75253295898438)
 (X_106 23.56789779663086)
 (X_107 25.656719207763672)
 (X_108 188.31356811523438)
 (X_109 25.242706298828125)
 (X_110 21.166677474975586)
 (X_111 194.4122314453125)
 (X_112 25.016162872314453)
 (X_113 19.308584213256836)
 (X_114 211.40298461914062)
 (X_115 30.763713836669922)
 (X_116 28.847354888916016)
 (X_117 185.4540557861328)
 (X_118 24.02306365966797)
 (X_119 25.48757553100586)
 (X_120 192.56625366210938)
 (X_121 30.303781509399414)
 (X_122 23.60816192626953)
 (X_123 212.22216796875)
 (X_124 30.4626522064209)
 (X_125 26.301748275756836)
 (X_126 190.99026489257812)
 (X_127 27.866682052612305)
 (X_128 27.809762954711914)
 (X_129 195.1382598876953)
 (X_130 25.194753646850586)
 (X_131 26.22142791748047)
 (X_132 205.7982177734375)
 (X_133 27.778648376464844)
 (X_134 32.98681640625)
 (X_135 185.89691162109375)
 (X_136 25.02591896057129)
 (X_137 24.383262634277344)
 (X_138 189.81369018554688)
 (X_139 30.755245208740234)
 (X_140 26.417537689208984)
 (X_141 207.56436157226562)
 (X_142 31.590106964111328)
 (X_143 22.448427200317383)
 (X_144 191.56158447265625)
 (X_145 27.47808074951172)
 (X_146 15.807931900024414)
 (X_147 196.51007080078125)
 (X_148 32.53582000732422)
 (X_149 23.792049407958984)
 (X_150 203.1349334716797)
 (X_151 37.24195098876953)
 (X_152 28.95265769958496)
 (X_153 187.49708557128906)
 (X_154 32.27113342285156)
 (X_155 25.6517276763916)
 (X_156 194.74786376953125)
 (X_157 23.461585998535156)
 (X_158 25.68032455444336)
 (X_159 202.9664306640625)
 (X_160 34.210060119628906)
 (X_161 27.356395721435547)
 (X_162 188.81365966796875)
 (X_163 23.378890991210938)
 (X_164 19.019357681274414)
 (X_165 194.73011779785156)
 (X_166 27.821001052856445)
 (X_167 23.417861938476562)
 (X_168 206.59744262695312)
 (X_169 32.5184326171875)
 (X_170 30.289207458496094)
 (X_171 183.8717498779297)
 (X_172 22.79798698425293)
 (X_173 22.54839324951172)
 (X_174 192.45697021484375)
 (X_175 24.292247772216797)
 (X_176 18.0465145111084)
 (X_177 204.06112670898438)
 (X_178 27.69154930114746)
 (X_179 23.463966369628906)
 (X_180 182.7772979736328)
 (X_181 26.328899383544922)
 (X_182 26.408489227294922)
 (X_183 193.6801300048828)
 (X_184 27.01743507385254)
 (X_185 18.979055404663086)
 (X_186 196.98931884765625)
 (X_187 26.537031173706055)
 (X_188 27.11383819580078)
 (X_189 182.85675048828125)
 (X_190 20.739437103271484)
 (X_191 19.51559829711914)
 (X_192 186.93209838867188)
 (X_193 16.064525604248047)
 (X_194 21.39871597290039)
 (X_195 196.20608520507812)
 (X_196 26.189002990722656)
 (X_197 25.347623825073242)
 (X_198 183.81703186035156)
 (X_199 14.416345596313477)
 (X_200 21.599205017089844)
 (X_201 190.9626922607422)
 (X_202 14.007610321044922)
 (X_203 19.781749725341797)
 (X_204 193.12417602539062)
 (X_205 17.018295288085938)
 (X_206 22.497419357299805)
 (X_207 178.2224884033203)
 (X_208 16.82057762145996)
 (X_209 22.236339569091797)
 (X_210 182.06175231933594)
 (X_211 15.31622314453125)
 (X_212 14.893247604370117)
 (X_213 199.58111572265625)
 (X_214 13.092010498046875)
 (X_215 19.41043472290039)
 (X_216 181.65310668945312)
 (X_217 42.346046447753906)
 (X_218 22.769804000854492)
 (X_219 181.85922241210938)
 (X_220 26.958707809448242)
 (X_221 9.209434509277344)
 (X_222 194.0791778564453)
 (X_223 12.406925201416016)
 (X_224 7.804276943206787)
 (X_225 181.600341796875)
 (X_226 100.44227600097656)
 (X_227 55.698909759521484)
 (X_228 182.35415649414062)
 (X_229 85.17378234863281)
 (X_230 32.86891174316406)
 (X_231 202.74679565429688)
 (X_232 59.34841537475586)
 (X_233 21.4064998626709)
 (X_234 180.3076629638672)
 (X_235 168.4174346923828)
 (X_236 146.8382110595703)
 (X_237 183.40541076660156)
 (X_238 149.86265563964844)
 (X_239 124.08761596679688)
 (X_240 196.69810485839844)
 (X_241 141.47042846679688)
 (X_242 119.56822204589844)
 (X_243 169.24888610839844)
 (X_244 158.67977905273438)
 (X_245 162.1974639892578)
 (X_246 184.63682556152344)
 (X_247 170.8006134033203)
 (X_248 166.6927490234375)
 (X_249 194.51272583007812)
 (X_250 176.6803436279297)
 (X_251 175.9419708251953)
 (X_252 181.15826416015625)
 (X_253 155.44664001464844)
 (X_254 159.75607299804688)
 (X_255 185.37525939941406)
 (X_256 164.5966796875)
 (X_257 164.83033752441406)
 (X_258 194.61940002441406)
 (X_259 178.63221740722656)
 (X_260 179.6175537109375)
 (X_261 181.24124145507812)
 (X_262 153.958984375)
 (X_263 164.90142822265625)
 (X_264 181.99758911132812)
 (X_265 162.27517700195312)
 (X_266 171.75608825683594)
 (X_267 197.13804626464844)
 (X_268 171.84158325195312)
 (X_269 181.64175415039062)
 (X_270 189.61111450195312)
 (X_271 192.96365356445312)
 (X_272 171.96063232421875)
 (X_273 199.12045288085938)
 (X_274 195.7449493408203)
 (X_275 185.26675415039062)
 (X_276 208.99429321289062)
 (X_277 197.32159423828125)
 (X_278 187.81202697753906)
 (X_279 190.3942413330078)
 (X_280 182.1514892578125)
 (X_281 167.6947479248047)
 (X_282 197.80064392089844)
 (X_283 191.8505859375)
 (X_284 185.9611053466797)
 (X_285 212.61708068847656)
 (X_286 201.67559814453125)
 (X_287 194.31690979003906)
 (X_288 192.74923706054688)
 (X_289 178.91453552246094)
 (X_290 169.83151245117188)
 (X_291 202.91319274902344)
 (X_292 187.28448486328125)
 (X_293 177.4517364501953)
 (X_294 214.67550659179688)
 (X_295 202.51373291015625)
 (X_296 192.24472045898438)
 (X_297 186.33885192871094)
 (X_298 181.56671142578125)
 (X_299 173.966064453125)
 (X_300 199.74798583984375)
 (X_301 195.2560577392578)
 (X_302 177.62693786621094)
 (X_303 208.92674255371094)
 (X_304 199.28240966796875)
 (X_305 185.85023498535156)
 (X_306 192.32443237304688)
 (X_307 180.2825164794922)
 (X_308 172.49607849121094)
 (X_309 198.23214721679688)
 (X_310 186.78001403808594)
 (X_311 179.45054626464844)
 (X_312 211.22451782226562)
 (X_313 201.3460693359375)
 (X_314 194.17532348632812)
 (X_315 189.68443298339844)
 (X_316 177.43685913085938)
 (X_317 171.94053649902344)
 (X_318 194.77716064453125)
 (X_319 187.99221801757812)
 (X_320 179.55926513671875)
 (X_321 212.6776885986328)
 (X_322 209.2540740966797)
 (X_323 195.76324462890625)
 (X_324 188.81224060058594)
 (X_325 138.9186553955078)
 (X_326 139.9901123046875)
 (X_327 201.05079650878906)
 (X_328 164.0386199951172)
 (X_329 177.82098388671875)
 (X_330 205.767333984375)
 (X_331 196.7718963623047)
 (X_332 189.039794921875)
 (X_333 184.6575469970703)
 (X_334 29.70681381225586)
 (X_335 59.31830978393555)
 (X_336 195.56582641601562)
 (X_337 66.0432357788086)
 (X_338 101.71088409423828)
 (X_339 212.64065551757812)
 (X_340 75.01273345947266)
 (X_341 139.9024658203125)
 (X_342 185.76034545898438)
 (X_343 15.667707443237305)
 (X_344 18.03763198852539)
 (X_345 198.06968688964844)
 (X_346 15.86772632598877)
 (X_347 25.37653350830078)
 (X_348 210.0970458984375)
 (X_349 21.78585433959961)
 (X_350 51.10411834716797)
 (X_351 187.7958221435547)
 (X_352 14.27997875213623)
 (X_353 14.433748245239258)
 (X_354 190.70455932617188)
 (X_355 12.470273971557617)
 (X_356 17.643348693847656)
 (X_357 207.2732391357422)
 (X_358 13.248614311218262)
 (X_359 14.325725555419922)
 (X_360 181.31393432617188)
 (X_361 25.549633026123047)
 (X_362 21.861127853393555)
 (X_363 195.83982849121094)
 (X_364 15.480240821838379)
 (X_365 11.425518035888672)
 (X_366 211.66525268554688)
 (X_367 19.254039764404297)
 (X_368 11.995903015136719)
 (X_369 189.34597778320312)
 (X_370 28.16660499572754)
 (X_371 20.553707122802734)
 (X_372 196.4320831298828)
 (X_373 21.836200714111328)
 (X_374 21.62661361694336)
 (X_375 204.028564453125)
 (X_376 25.731096267700195)
 (X_377 21.525318145751953)
 (X_378 188.19241333007812)
 (X_379 30.54041862487793)
 (X_380 29.773727416992188)
 (X_381 191.08648681640625)
 (X_382 25.761531829833984)
 (X_383 22.190776824951172)
 (X_384 203.72537231445312)
 (X_385 30.00420379638672)
 (X_386 27.81989860534668)
 (X_387 181.3851776123047)
 (X_388 25.685409545898438)
 (X_389 21.896146774291992)
 (X_390 195.85281372070312)
 (X_391 21.300472259521484)
 (X_392 22.7450008392334)
 (X_393 206.91015625)
 (X_394 31.23052978515625)
 (X_395 32.156044006347656)
 (X_396 187.5807647705078)
 (X_397 24.11920928955078)
 (X_398 28.82422637939453)
 (X_399 192.7353515625)
 (X_400 27.30582046508789)
 (X_401 26.982694625854492)
 (X_402 201.60313415527344)
 (X_403 25.37415313720703)
 (X_404 29.280261993408203)
 (X_405 187.89370727539062)
 (X_406 22.60738182067871)
 (X_407 25.016311645507812)
 (X_408 190.97781372070312)
 (X_409 20.12066078186035)
 (X_410 25.50217056274414)
 (X_411 202.4608917236328)
 (X_412 23.072153091430664)
 (X_413 25.14461326599121)
 (X_414 183.52537536621094)
 (X_415 29.04649543762207)
 (X_416 26.023929595947266)
 (X_417 191.56224060058594)
 (X_418 18.622846603393555)
 (X_419 30.410789489746094)
 (X_420 204.04132080078125)
 (X_421 25.270042419433594)
 (X_422 28.578044891357422)
 (X_423 185.4503936767578)
 (X_424 26.396419525146484)
 (X_425 20.57817840576172)
 (X_426 187.88685607910156)
 (X_427 27.63224983215332)
 (X_428 30.272212982177734)
 (X_429 200.1271514892578)
 (X_430 25.38150978088379)
 (X_431 27.694799423217773)
 (X_432 184.15687561035156)
 (X_433 30.063800811767578)
 (X_434 26.041187286376953)
 (X_435 188.16830444335938)
 (X_436 22.047306060791016)
 (X_437 26.480960845947266)
 (X_438 202.95050048828125)
 (X_439 29.969501495361328)
 (X_440 33.97844314575195)
 (X_441 184.460693359375)
 (X_442 23.63531494140625)
 (X_443 22.367223739624023)
 (X_444 188.70611572265625)
 (X_445 23.626708984375)
 (X_446 30.184646606445312)
 (X_447 200.67135620117188)
 (X_448 19.286109924316406)
 (X_449 35.831912994384766)
 (X_450 185.9755096435547)
 (X_451 24.587642669677734)
 (X_452 29.020156860351562)
 (X_453 191.3004150390625)
 (X_454 14.701482772827148)
 (X_455 24.173072814941406)
 (X_456 193.1356964111328)
 (X_457 19.58641242980957)
 (X_458 31.364063262939453)
 (X_459 185.61233520507812)
 (X_460 26.028553009033203)
 (X_461 21.478490829467773)
 (X_462 189.06224060058594)
 (X_463 17.451549530029297)
 (X_464 23.28573989868164)
 (X_465 195.5541229248047)
 (X_466 20.431211471557617)
 (X_467 20.025259017944336)
 (X_468 183.97537231445312)
 (X_469 15.535268783569336)
 (X_470 16.171817779541016)
 (X_471 188.80697631835938)
 (X_472 14.748832702636719)
 (X_473 11.403949737548828)
 (X_474 195.12533569335938)
 (X_475 24.269393920898438)
 (X_476 10.350388526916504)
 (X_477 177.79164123535156)
 (X_478 16.816978454589844)
 (X_479 18.92313003540039)
 (X_480 183.53872680664062)
 (X_481 13.756614685058594)
 (X_482 12.065756797790527)
 (X_483 202.53892517089844)
 (X_484 18.680017471313477)
 (X_485 11.004497528076172)
 (X_486 178.02606201171875)
 (X_487 25.999052047729492)
 (X_488 34.89176559448242)
 (X_489 185.765869140625)
 (X_490 11.765914916992188)
 (X_491 19.34758758544922)
 (X_492 197.92489624023438)
 (X_493 7.20558500289917)
 (X_494 15.957677841186523)
 (X_495 175.09881591796875)
 (X_496 52.35955047607422)
 (X_497 86.39214324951172)
 (X_498 184.2321319580078)
 (X_499 33.379180908203125)
 (X_500 68.625732421875)
 (X_501 197.66299438476562)
 (X_502 10.172639846801758)
 (X_503 45.568607330322266)
 (X_504 176.1001434326172)
 (X_505 153.67807006835938)
 (X_506 158.70953369140625)
 (X_507 186.19589233398438)
 (X_508 119.81546020507812)
 (X_509 151.5408172607422)
 (X_510 200.0682373046875)
 (X_511 102.92930603027344)
 (X_512 150.08203125)
 (X_513 179.21221923828125)
 (X_514 159.47525024414062)
 (X_515 157.4515380859375)
 (X_516 179.9306182861328)
 (X_517 164.08718872070312)
 (X_518 169.7860565185547)
 (X_519 199.9627227783203)
 (X_520 166.20071411132812)
 (X_521 176.82138061523438)
 (X_522 174.00465393066406)
 (X_523 142.24295043945312)
 (X_524 153.80442810058594)
 (X_525 178.40484619140625)
 (X_526 160.16452026367188)
 (X_527 173.58763122558594)
 (X_528 190.93971252441406)
 (X_529 174.03079223632812)
 (X_530 179.66529846191406)
 (X_531 175.60475158691406)
 (X_532 146.06195068359375)
 (X_533 160.489990234375)
 (X_534 178.03103637695312)
 (X_535 154.4574737548828)
 (X_536 166.9395294189453)
 (X_537 191.21607971191406)
 (X_538 159.99505615234375)
 (X_539 178.05088806152344)
 (X_540 193.9840545654297)
 (X_541 188.50033569335938)
 (X_542 172.18858337402344)
 (X_543 203.25975036621094)
 (X_544 193.8424530029297)
 (X_545 184.95143127441406)
 (X_546 211.6077423095703)
 (X_547 207.66368103027344)
 (X_548 185.05593872070312)
 (X_549 195.3111572265625)
 (X_550 182.28269958496094)
 (X_551 175.48269653320312)
 (X_552 201.85256958007812)
 (X_553 195.05963134765625)
 (X_554 178.9174346923828)
 (X_555 206.16746520996094)
 (X_556 203.60806274414062)
 (X_557 190.71327209472656)
 (X_558 189.89138793945312)
 (X_559 178.92486572265625)
 (X_560 165.79302978515625)
 (X_561 199.95338439941406)
 (X_562 191.48233032226562)
 (X_563 182.7949981689453)
 (X_564 211.11074829101562)
 (X_565 198.22152709960938)
 (X_566 188.40850830078125)
 (X_567 188.3465118408203)
 (X_568 177.77749633789062)
 (X_569 167.78143310546875)
 (X_570 202.50616455078125)
 (X_571 191.6011505126953)
 (X_572 178.52268981933594)
 (X_573 212.09202575683594)
 (X_574 197.7565460205078)
 (X_575 190.79054260253906)
 (X_576 186.34988403320312)
 (X_577 178.19711303710938)
 (X_578 165.02699279785156)
 (X_579 200.15283203125)
 (X_580 186.4373779296875)
 (X_581 182.10604858398438)
 (X_582 206.93650817871094)
 (X_583 197.93826293945312)
 (X_584 189.89491271972656)
 (X_585 188.81361389160156)
 (X_586 168.52267456054688)
 (X_587 171.25230407714844)
 (X_588 198.09396362304688)
 (X_589 194.0640411376953)
 (X_590 182.21951293945312)
 (X_591 209.1142578125)
 (X_592 211.5181121826172)
 (X_593 185.4155731201172)
 (X_594 187.6312255859375)
 (X_595 104.60445404052734)
 (X_596 158.02171325683594)
 (X_597 197.8814697265625)
 (X_598 137.56236267089844)
 (X_599 171.31410217285156)
 (X_600 211.5137939453125)
 (X_601 170.2696533203125)
 (X_602 190.6299591064453)
 (X_603 184.10723876953125)
 (X_604 9.843932151794434)
 (X_605 126.94549560546875)
 (X_606 195.17263793945312)
 (X_607 28.86623764038086)
 (X_608 161.0657196044922)
 (X_609 216.53948974609375)
 (X_610 43.184600830078125)
 (X_611 194.08322143554688)
 (X_612 185.01287841796875)
 (X_613 15.588932991027832)
 (X_614 31.119461059570312)
 (X_615 202.57669067382812)
 (X_616 8.729021072387695)
 (X_617 71.02342987060547)
 (X_618 210.09829711914062)
 (X_619 18.094207763671875)
 (X_620 106.53153991699219)
 (X_621 182.36790466308594)
 (X_622 16.93128204345703)
 (X_623 6.2349042892456055)
 (X_624 193.3372802734375)
 (X_625 17.55251693725586)
 (X_626 15.878527641296387)
 (X_627 204.93905639648438)
 (X_628 11.335981369018555)
 (X_629 29.602705001831055)
 (X_630 187.83949279785156)
 (X_631 20.07694435119629)
 (X_632 19.48750877380371)
 (X_633 196.7174835205078)
 (X_634 22.883251190185547)
 (X_635 8.939983367919922)
 (X_636 207.29408264160156)
 (X_637 21.331096649169922)
 (X_638 14.735589981079102)
 (X_639 188.50181579589844)
 (X_640 16.227235794067383)
 (X_641 23.944839477539062)
 (X_642 195.40005493164062)
 (X_643 14.517768859863281)
 (X_644 9.658432006835938)
 (X_645 200.45547485351562)
 (X_646 18.180065155029297)
 (X_647 13.458431243896484)
 (X_648 184.9717559814453)
 (X_649 15.626288414001465)
 (X_650 20.155824661254883)
 (X_651 190.50643920898438)
 (X_652 10.738629341125488)
 (X_653 19.07114028930664)
 (X_654 201.32144165039062)
 (X_655 20.13671112060547)
 (X_656 14.317288398742676)
 (X_657 185.3398895263672)
 (X_658 21.902111053466797)
 (X_659 23.775840759277344)
 (X_660 199.7520751953125)
 (X_661 18.771183013916016)
 (X_662 23.290788650512695)
 (X_663 204.51576232910156)
 (X_664 21.1975040435791)
 (X_665 20.7976016998291)
 (X_666 190.28733825683594)
 (X_667 13.902097702026367)
 (X_668 23.90199851989746)
 (X_669 197.58575439453125)
 (X_670 17.89291763305664)
 (X_671 21.446809768676758)
 (X_672 207.02845764160156)
 (X_673 26.80289077758789)
 (X_674 26.182199478149414)
 (X_675 187.42453002929688)
 (X_676 19.391937255859375)
 (X_677 28.245594024658203)
 (X_678 186.8888702392578)
 (X_679 9.367141723632812)
 (X_680 20.688091278076172)
 (X_681 203.48568725585938)
 (X_682 17.058414459228516)
 (X_683 28.599536895751953)
 (X_684 182.83604431152344)
 (X_685 11.503104209899902)
 (X_686 21.799312591552734)
 (X_687 190.1990966796875)
 (X_688 18.632654190063477)
 (X_689 23.709335327148438)
 (X_690 203.10275268554688)
 (X_691 19.77138328552246)
 (X_692 32.85985565185547)
 (X_693 177.89720153808594)
 (X_694 22.614456176757812)
 (X_695 23.058704376220703)
 (X_696 188.93643188476562)
 (X_697 20.183412551879883)
 (X_698 22.985286712646484)
 (X_699 203.34458923339844)
 (X_700 19.933439254760742)
 (X_701 26.81435203552246)
 (X_702 174.13217163085938)
 (X_703 21.20580291748047)
 (X_704 27.152362823486328)
 (X_705 194.20306396484375)
 (X_706 20.461458206176758)
 (X_707 23.005176544189453)
 (X_708 198.70974731445312)
 (X_709 23.165647506713867)
 (X_710 27.166893005371094)
 (X_711 184.8448486328125)
 (X_712 11.51284122467041)
 (X_713 28.280284881591797)
 (X_714 189.643798828125)
 (X_715 12.743151664733887)
 (X_716 22.861894607543945)
 (X_717 202.96644592285156)
 (X_718 18.08757972717285)
 (X_719 28.443084716796875)
 (X_720 183.7491455078125)
 (X_721 8.794251441955566)
 (X_722 18.492464065551758)
 (X_723 185.939697265625)
 (X_724 14.261604309082031)
 (X_725 17.859237670898438)
 (X_726 200.28988647460938)
 (X_727 13.187274932861328)
 (X_728 20.6856689453125)
 (X_729 181.75999450683594)
 (X_730 12.590295791625977)
 (X_731 21.236587524414062)
 (X_732 184.05740356445312)
 (X_733 18.851558685302734)
 (X_734 14.680102348327637)
 (X_735 191.96804809570312)
 (X_736 12.155685424804688)
 (X_737 18.894779205322266)
 (X_738 179.943603515625)
 (X_739 21.416837692260742)
 (X_740 17.75393295288086)
 (X_741 185.58738708496094)
 (X_742 20.0062313079834)
 (X_743 10.172856330871582)
 (X_744 201.51901245117188)
 (X_745 24.491344451904297)
 (X_746 16.868709564208984)
 (X_747 180.15972900390625)
 (X_748 19.056013107299805)
 (X_749 27.176538467407227)
 (X_750 179.6883087158203)
 (X_751 14.40538215637207)
 (X_752 11.682421684265137)
 (X_753 199.18707275390625)
 (X_754 15.863533973693848)
 (X_755 3.7973179817199707)
 (X_756 173.15089416503906)
 (X_757 14.27163314819336)
 (X_758 68.46168518066406)
 (X_759 187.25332641601562)
 (X_760 10.173553466796875)
 (X_761 47.43223571777344)
 (X_762 198.486083984375)
 (X_763 9.055937767028809)
 (X_764 31.84967613220215)
 (X_765 178.0259246826172)
 (X_766 44.34728240966797)
 (X_767 145.49319458007812)
 (X_768 179.2538604736328)
 (X_769 17.298709869384766)
 (X_770 127.25936889648438)
 (X_771 197.54449462890625)
 (X_772 19.79976463317871)
 (X_773 118.0062026977539)
 (X_774 175.20533752441406)
 (X_775 114.95650482177734)
 (X_776 159.0969696044922)
 (X_777 186.27560424804688)
 (X_778 88.23226928710938)
 (X_779 169.13418579101562)
 (X_780 191.391845703125)
 (X_781 69.4591293334961)
 (X_782 166.98899841308594)
 (X_783 178.94671630859375)
 (X_784 158.45143127441406)
 (X_785 158.7114715576172)
 (X_786 179.5475311279297)
 (X_787 168.96705627441406)
 (X_788 171.27511596679688)
 (X_789 191.79637145996094)
 (X_790 159.874267578125)
 (X_791 180.13381958007812)
 (X_792 173.0607452392578)
 (X_793 163.6507110595703)
 (X_794 159.9254150390625)
 (X_795 181.54885864257812)
 (X_796 169.12228393554688)
 (X_797 168.10218811035156)
 (X_798 188.08103942871094)
 (X_799 187.1438446044922)
 (X_800 177.11517333984375)
 (X_801 168.95053100585938)
 (X_802 163.46426391601562)
 (X_803 157.4991455078125)
 (X_804 181.42819213867188)
 (X_805 177.61036682128906)
 (X_806 170.3571319580078)
 (X_807 196.0244903564453)
 (X_808 190.380126953125)
 (X_809 170.0901641845703)
 (X_810 188.16635131835938)
 (X_811 175.14926147460938)
 (X_812 167.70835876464844)
 (X_813 194.26577758789062)
 (X_814 191.3916015625)
 (X_815 181.60824584960938)
 (X_816 207.27920532226562)
 (X_817 202.35336303710938)
 (X_818 187.0861053466797)
 (X_819 187.57896423339844)
 (X_820 177.1781768798828)
 (X_821 172.89453125)
 (X_822 197.0146484375)
 (X_823 193.05731201171875)
 (X_824 178.87269592285156)
 (X_825 206.17520141601562)
 (X_826 204.5051727294922)
 (X_827 182.02166748046875)
 (X_828 188.0033721923828)
 (X_829 185.68690490722656)
 (X_830 166.31947326660156)
 (X_831 196.61160278320312)
 (X_832 188.99832153320312)
 (X_833 181.0646514892578)
 (X_834 208.95986938476562)
 (X_835 205.51541137695312)
 (X_836 184.763427734375)
 (X_837 186.27392578125)
 (X_838 179.12124633789062)
 (X_839 166.79849243164062)
 (X_840 195.32363891601562)
 (X_841 194.8521728515625)
 (X_842 174.862548828125)
 (X_843 211.5945587158203)
 (X_844 194.93592834472656)
 (X_845 182.78134155273438)
 (X_846 186.68463134765625)
 (X_847 181.906982421875)
 (X_848 165.359619140625)
 (X_849 199.6163787841797)
 (X_850 191.57472229003906)
 (X_851 179.05828857421875)
 (X_852 207.45657348632812)
 (X_853 202.68252563476562)
 (X_854 186.39500427246094)
 (X_855 186.29454040527344)
 (X_856 156.01675415039062)
 (X_857 161.77420043945312)
 (X_858 199.99652099609375)
 (X_859 185.29554748535156)
 (X_860 174.8743133544922)
 (X_861 209.79861450195312)
 (X_862 211.720947265625)
 (X_863 176.94032287597656)
 (X_864 180.9452667236328)
 (X_865 76.70250701904297)
 (X_866 160.2978973388672)
 (X_867 198.58599853515625)
 (X_868 97.67469024658203)
 (X_869 174.105712890625)
 (X_870 206.2474822998047)
 (X_871 156.5486602783203)
 (X_872 183.59996032714844)
 (X_873 188.46243286132812)
 (X_874 19.370685577392578)
 (X_875 151.3929901123047)
 (X_876 193.4834442138672)
 (X_877 18.162921905517578)
 (X_878 170.17469787597656)
 (X_879 203.80130004882812)
 (X_880 40.185279846191406)
 (X_881 194.2168731689453)
 (X_882 177.00245666503906)
 (X_883 16.172969818115234)
 (X_884 112.1277084350586)
 (X_885 196.2826690673828)
 (X_886 9.965662002563477)
 (X_887 146.8805389404297)
 (X_888 209.84829711914062)
 (X_889 14.30994987487793)
 (X_890 164.53587341308594)
 (X_891 177.62606811523438)
 (X_892 18.147197723388672)
 (X_893 37.369956970214844)
 (X_894 189.3500213623047)
 (X_895 14.492789268493652)
 (X_896 67.2631607055664)
 (X_897 200.31265258789062)
 (X_898 24.601238250732422)
 (X_899 96.71681213378906)
 (X_900 185.5835418701172)
 (X_901 26.419158935546875)
 (X_902 3.928131580352783)
 (X_903 192.97605895996094)
 (X_904 22.005592346191406)
 (X_905 18.070009231567383)
 (X_906 209.4371795654297)
 (X_907 33.30393600463867)
 (X_908 31.344383239746094)
 (X_909 180.8799591064453)
 (X_910 21.52008056640625)
 (X_911 17.39454460144043)
 (X_912 189.6057891845703)
 (X_913 14.515013694763184)
 (X_914 11.05548095703125)
 (X_915 204.5177001953125)
 (X_916 30.677291870117188)
 (X_917 17.352367401123047)
 (X_918 178.79124450683594)
 (X_919 17.22022247314453)
 (X_920 20.089929580688477)
 (X_921 189.5630645751953)
 (X_922 13.832197189331055)
 (X_923 14.760873794555664)
 (X_924 205.6409454345703)
 (X_925 21.80522918701172)
 (X_926 10.031707763671875)
 (X_927 189.63070678710938)
 (X_928 18.036396026611328)
 (X_929 17.736217498779297)
 (X_930 193.7727813720703)
 (X_931 20.181251525878906)
 (X_932 9.706330299377441)
 (X_933 210.59442138671875)
 (X_934 20.519306182861328)
 (X_935 11.007938385009766)
 (X_936 189.01004028320312)
 (X_937 16.050559997558594)
 (X_938 22.109867095947266)
 (X_939 197.1036376953125)
 (X_940 17.65856170654297)
 (X_941 10.728999137878418)
 (X_942 206.22430419921875)
 (X_943 23.550498962402344)
 (X_944 19.473285675048828)
 (X_945 183.57752990722656)
 (X_946 25.389204025268555)
 (X_947 18.632841110229492)
 (X_948 196.23638916015625)
 (X_949 19.84084701538086)
 (X_950 12.766802787780762)
 (X_951 197.11280822753906)
 (X_952 21.482988357543945)
 (X_953 15.131546974182129)
 (X_954 180.52503967285156)
 (X_955 19.124967575073242)
 (X_956 19.30170249938965)
 (X_957 189.73287963867188)
 (X_958 12.123044967651367)
 (X_959 21.943111419677734)
 (X_960 198.1677703857422)
 (X_961 20.845060348510742)
 (X_962 23.60582160949707)
 (X_963 181.86798095703125)
 (X_964 11.42255973815918)
 (X_965 24.396230697631836)
 (X_966 188.52284240722656)
 (X_967 20.50428009033203)
 (X_968 12.394505500793457)
 (X_969 200.7635040283203)
 (X_970 15.554079055786133)
 (X_971 18.618635177612305)
 (X_972 186.56997680664062)
 (X_973 12.136905670166016)
 (X_974 24.68515396118164)
 (X_975 186.6922607421875)
 (X_976 22.617965698242188)
 (X_977 18.402080535888672)
 (X_978 195.5647430419922)
 (X_979 27.299800872802734)
 (X_980 20.33306121826172)
 (X_981 179.46563720703125)
 (X_982 15.201923370361328)
 (X_983 20.59520721435547)
 (X_984 185.21839904785156)
 (X_985 13.974559783935547)
 (X_986 8.218985557556152)
 (X_987 195.16351318359375)
 (X_988 26.015459060668945)
 (X_989 15.799562454223633)
 (X_990 180.4463348388672)
 (X_991 12.81238842010498)
 (X_992 19.226806640625)
 (X_993 185.27520751953125)
 (X_994 24.29604721069336)
 (X_995 16.438594818115234)
 (X_996 200.82948303222656)
 (X_997 22.479084014892578)
 (X_998 11.328624725341797)
 (X_999 180.84112548828125)
 (X_1000 17.397981643676758)
 (X_1001 18.562685012817383)
 (X_1002 190.47349548339844)
 (X_1003 14.552452087402344)
 (X_1004 10.127650260925293)
 (X_1005 191.97911071777344)
 (X_1006 21.228055953979492)
 (X_1007 17.245149612426758)
 (X_1008 181.0531005859375)
 (X_1009 26.353097915649414)
 (X_1010 20.267316818237305)
 (X_1011 190.6138916015625)
 (X_1012 20.689434051513672)
 (X_1013 12.196163177490234)
 (X_1014 200.478271484375)
 (X_1015 24.401935577392578)
 (X_1016 16.63266372680664)
 (X_1017 180.7156982421875)
 (X_1018 25.010421752929688)
 (X_1019 62.18901824951172)
 (X_1020 191.34124755859375)
 (X_1021 22.49744415283203)
 (X_1022 40.295318603515625)
 (X_1023 200.1074676513672)
 (X_1024 19.64153289794922)
 (X_1025 20.192611694335938)
 (X_1026 180.30467224121094)
 (X_1027 20.61362075805664)
 (X_1028 129.86593627929688)
 (X_1029 183.54205322265625)
 (X_1030 11.234434127807617)
 (X_1031 122.36724853515625)
 (X_1032 193.30462646484375)
 (X_1033 13.51681137084961)
 (X_1034 102.4786605834961)
 (X_1035 178.00634765625)
 (X_1036 34.045379638671875)
 (X_1037 164.0962677001953)
 (X_1038 188.68724060058594)
 (X_1039 8.002521514892578)
 (X_1040 157.96646118164062)
 (X_1041 192.69137573242188)
 (X_1042 10.525079727172852)
 (X_1043 168.02830505371094)
 (X_1044 175.40231323242188)
 (X_1045 85.97042846679688)
 (X_1046 159.66415405273438)
 (X_1047 184.99966430664062)
 (X_1048 59.49231719970703)
 (X_1049 166.11663818359375)
 (X_1050 201.67332458496094)
 (X_1051 32.27381134033203)
 (X_1052 170.0429229736328)
 (X_1053 167.53248596191406)
 (X_1054 156.9841766357422)
 (X_1055 154.53680419921875)
 (X_1056 182.58636474609375)
 (X_1057 152.02403259277344)
 (X_1058 164.23403930664062)
 (X_1059 192.70233154296875)
 (X_1060 130.5712890625)
 (X_1061 173.3962860107422)
 (X_1062 171.5043182373047)
 (X_1063 160.0022735595703)
 (X_1064 159.23594665527344)
 (X_1065 185.28651428222656)
 (X_1066 174.108642578125)
 (X_1067 163.65997314453125)
 (X_1068 192.7024688720703)
 (X_1069 187.3330078125)
 (X_1070 177.56924438476562)
 (X_1071 169.51583862304688)
 (X_1072 157.70960998535156)
 (X_1073 157.6337127685547)
 (X_1074 179.10137939453125)
 (X_1075 167.54173278808594)
 (X_1076 169.70310974121094)
 (X_1077 189.82400512695312)
 (X_1078 180.17218017578125)
 (X_1079 172.8396759033203)
 (X_1080 183.63320922851562)
 (X_1081 178.49969482421875)
 (X_1082 162.70846557617188)
 (X_1083 199.0341033935547)
 (X_1084 189.67117309570312)
 (X_1085 165.16990661621094)
 (X_1086 207.6623077392578)
 (X_1087 203.01876831054688)
 (X_1088 168.01425170898438)
 (X_1089 187.06948852539062)
 (X_1090 179.76840209960938)
 (X_1091 160.22129821777344)
 (X_1092 195.58848571777344)
 (X_1093 186.824462890625)
 (X_1094 171.4261016845703)
 (X_1095 207.66488647460938)
 (X_1096 199.4819793701172)
 (X_1097 173.18344116210938)
 (X_1098 187.1463623046875)
 (X_1099 177.2534637451172)
 (X_1100 176.29336547851562)
 (X_1101 200.33457946777344)
 (X_1102 192.20242309570312)
 (X_1103 174.8976593017578)
 (X_1104 202.90821838378906)
 (X_1105 194.77261352539062)
 (X_1106 174.7062530517578)
 (X_1107 184.48629760742188)
 (X_1108 185.45782470703125)
 (X_1109 176.9261932373047)
 (X_1110 195.36228942871094)
 (X_1111 193.45603942871094)
 (X_1112 174.80657958984375)
 (X_1113 204.9139862060547)
 (X_1114 202.95936584472656)
 (X_1115 184.72433471679688)
 (X_1116 178.76922607421875)
 (X_1117 170.55613708496094)
 (X_1118 177.28643798828125)
 (X_1119 199.17666625976562)
 (X_1120 194.37081909179688)
 (X_1121 174.98362731933594)
 (X_1122 210.63922119140625)
 (X_1123 203.63766479492188)
 (X_1124 187.8997802734375)
 (X_1125 186.28765869140625)
 (X_1126 129.9434814453125)
 (X_1127 173.26300048828125)
 (X_1128 197.0594024658203)
 (X_1129 163.60247802734375)
 (X_1130 170.11573791503906)
 (X_1131 203.97817993164062)
 (X_1132 183.38906860351562)
 (X_1133 182.19131469726562)
 (X_1134 184.00811767578125)
 (X_1135 59.70936965942383)
 (X_1136 169.83140563964844)
 (X_1137 192.65753173828125)
 (X_1138 78.9466552734375)
 (X_1139 175.85025024414062)
 (X_1140 205.32730102539062)
 (X_1141 111.05438232421875)
 (X_1142 188.1055450439453)
 (X_1143 176.97705078125)
 (X_1144 18.796001434326172)
 (X_1145 164.1016082763672)
 (X_1146 188.61911010742188)
 (X_1147 18.24815559387207)
 (X_1148 173.16761779785156)
 (X_1149 201.45240783691406)
 (X_1150 29.882282257080078)
 (X_1151 190.85089111328125)
 (X_1152 180.64793395996094)
 (X_1153 20.564165115356445)
 (X_1154 154.20091247558594)
 (X_1155 195.06915283203125)
 (X_1156 9.616422653198242)
 (X_1157 164.0999298095703)
 (X_1158 210.805419921875)
 (X_1159 18.68707847595215)
 (X_1160 188.8925018310547)
 (X_1161 186.45974731445312)
 (X_1162 22.05428695678711)
 (X_1163 116.31880187988281)
 (X_1164 186.29103088378906)
 (X_1165 15.128894805908203)
 (X_1166 149.15394592285156)
 (X_1167 203.38111877441406)
 (X_1168 22.209552764892578)
 (X_1169 169.9011688232422)
 (X_1170 185.91110229492188)
 (X_1171 28.665843963623047)
 (X_1172 48.21376419067383)
 (X_1173 192.4259490966797)
 (X_1174 30.610332489013672)
 (X_1175 70.76383972167969)
 (X_1176 206.2738037109375)
 (X_1177 34.098628997802734)
 (X_1178 111.4033203125)
 (X_1179 186.08070373535156)
 (X_1180 27.67382049560547)
 (X_1181 20.1024227142334)
 (X_1182 196.36773681640625)
 (X_1183 27.408153533935547)
 (X_1184 20.740259170532227)
 (X_1185 208.87510681152344)
 (X_1186 35.80653381347656)
 (X_1187 33.2534065246582)
 (X_1188 187.37139892578125)
 (X_1189 15.007225036621094)
 (X_1190 16.320323944091797)
 (X_1191 187.95965576171875)
 (X_1192 16.923480987548828)
 (X_1193 15.617148399353027)
 (X_1194 206.68438720703125)
 (X_1195 27.02216339111328)
 (X_1196 17.81727409362793)
 (X_1197 187.73277282714844)
 (X_1198 17.960552215576172)
 (X_1199 21.359939575195312)
 (X_1200 194.3643035888672)
 (X_1201 17.645492553710938)
 (X_1202 8.638627052307129)
 (X_1203 207.13829040527344)
 (X_1204 20.795997619628906)
 (X_1205 16.007537841796875)
 (X_1206 171.69586181640625)
 (X_1207 17.761432647705078)
 (X_1208 16.130413055419922)
 (X_1209 190.515625)
 (X_1210 14.870118141174316)
 (X_1211 12.663826942443848)
 (X_1212 195.5164794921875)
 (X_1213 17.187877655029297)
 (X_1214 16.979095458984375)
 (X_1215 97.53376007080078)
 (X_1216 29.298011779785156)
 (X_1217 14.815585136413574)
 (X_1218 131.01242065429688)
 (X_1219 21.064289093017578)
 (X_1220 10.443259239196777)
 (X_1221 142.4838104248047)
 (X_1222 20.997629165649414)
 (X_1223 15.86580753326416)
 (X_1224 79.455078125)
 (X_1225 18.014915466308594)
 (X_1226 20.352378845214844)
 (X_1227 95.35728454589844)
 (X_1228 13.903430938720703)
 (X_1229 8.597787857055664)
 (X_1230 97.61866760253906)
 (X_1231 20.22209358215332)
 (X_1232 13.987038612365723)
 (X_1233 138.75331115722656)
 (X_1234 11.775110244750977)
 (X_1235 15.477294921875)
 (X_1236 126.3854751586914)
 (X_1237 15.976934432983398)
 (X_1238 6.05322265625)
 (X_1239 115.10970306396484)
 (X_1240 19.928436279296875)
 (X_1241 15.492508888244629)
 (X_1242 194.97439575195312)
 (X_1243 17.530282974243164)
 (X_1244 12.810457229614258)
 (X_1245 171.72979736328125)
 (X_1246 21.086816787719727)
 (X_1247 8.268939971923828)
 (X_1248 172.6085968017578)
 (X_1249 23.38939666748047)
 (X_1250 11.096038818359375)
 (X_1251 186.28640747070312)
 (X_1252 18.657573699951172)
 (X_1253 12.23731803894043)
 (X_1254 192.87179565429688)
 (X_1255 16.59979248046875)
 (X_1256 13.905078887939453)
 (X_1257 199.4111785888672)
 (X_1258 19.311199188232422)
 (X_1259 11.394919395446777)
 (X_1260 177.92984008789062)
 (X_1261 12.82712173461914)
 (X_1262 8.833449363708496)
 (X_1263 183.32981872558594)
 (X_1264 18.512859344482422)
 (X_1265 9.662668228149414)
 (X_1266 200.6484375)
 (X_1267 21.072742462158203)
 (X_1268 15.842995643615723)
 (X_1269 175.2984619140625)
 (X_1270 14.862306594848633)
 (X_1271 26.43375015258789)
 (X_1272 184.035400390625)
 (X_1273 19.236705780029297)
 (X_1274 20.06935691833496)
 (X_1275 194.56515502929688)
 (X_1276 25.917726516723633)
 (X_1277 11.069343566894531)
 (X_1278 173.46157836914062)
 (X_1279 28.438297271728516)
 (X_1280 61.938777923583984)
 (X_1281 188.1876983642578)
 (X_1282 25.805156707763672)
 (X_1283 44.281105041503906)
 (X_1284 191.20130920410156)
 (X_1285 21.95210838317871)
 (X_1286 32.55870819091797)
 (X_1287 174.28843688964844)
 (X_1288 25.03667640686035)
 (X_1289 129.33920288085938)
 (X_1290 182.22927856445312)
 (X_1291 17.06060218811035)
 (X_1292 123.86659240722656)
 (X_1293 199.00283813476562)
 (X_1294 26.564882278442383)
 (X_1295 110.01165771484375)
 (X_1296 173.45388793945312)
 (X_1297 21.991737365722656)
 (X_1298 156.2606964111328)
 (X_1299 182.58688354492188)
 (X_1300 17.085037231445312)
 (X_1301 155.06399536132812)
 (X_1302 201.7078399658203)
 (X_1303 14.472963333129883)
 (X_1304 159.97901916503906)
 (X_1305 178.10858154296875)
 (X_1306 22.646835327148438)
 (X_1307 158.22303771972656)
 (X_1308 183.2355194091797)
 (X_1309 10.53850269317627)
 (X_1310 162.20526123046875)
 (X_1311 193.4369659423828)
 (X_1312 15.466474533081055)
 (X_1313 168.97671508789062)
 (X_1314 166.45388793945312)
 (X_1315 57.38081359863281)
 (X_1316 156.716552734375)
 (X_1317 188.61288452148438)
 (X_1318 42.11447525024414)
 (X_1319 165.34033203125)
 (X_1320 196.72250366210938)
 (X_1321 6.706723213195801)
 (X_1322 175.95684814453125)
 (X_1323 170.61842346191406)
 (X_1324 139.70547485351562)
 (X_1325 156.2423553466797)
 (X_1326 182.30337524414062)
 (X_1327 142.32391357421875)
 (X_1328 165.86471557617188)
 (X_1329 191.82884216308594)
 (X_1330 123.54986572265625)
 (X_1331 169.40869140625)
 (X_1332 169.5680694580078)
 (X_1333 163.82325744628906)
 (X_1334 159.38531494140625)
 (X_1335 185.54795837402344)
 (X_1336 172.89126586914062)
 (X_1337 170.36830139160156)
 (X_1338 194.05699157714844)
 (X_1339 185.16744995117188)
 (X_1340 166.34158325195312)
 (X_1341 164.66543579101562)
 (X_1342 160.62808227539062)
 (X_1343 153.2710723876953)
 (X_1344 181.2951202392578)
 (X_1345 176.6782684326172)
 (X_1346 167.51600646972656)
 (X_1347 183.37713623046875)
 (X_1348 187.09759521484375)
 (X_1349 175.86573791503906)
 (X_1350 191.7564697265625)
 (X_1351 182.27630615234375)
 (X_1352 66.61089324951172)
 (X_1353 200.34219360351562)
 (X_1354 188.3297576904297)
 (X_1355 62.140777587890625)
 (X_1356 212.10887145996094)
 (X_1357 206.44981384277344)
 (X_1358 60.64471435546875)
 (X_1359 190.98878479003906)
 (X_1360 176.22706604003906)
 (X_1361 71.61226654052734)
 (X_1362 198.36459350585938)
 (X_1363 185.58349609375)
 (X_1364 70.92356872558594)
 (X_1365 205.18081665039062)
 (X_1366 196.59153747558594)
 (X_1367 66.251708984375)
 (X_1368 185.6562042236328)
 (X_1369 175.73960876464844)
 (X_1370 88.06073760986328)
 (X_1371 196.65524291992188)
 (X_1372 191.83078002929688)
 (X_1373 73.36387634277344)
 (X_1374 201.99456787109375)
 (X_1375 201.80587768554688)
 (X_1376 68.88330078125)
 (X_1377 180.59962463378906)
 (X_1378 173.1114044189453)
 (X_1379 121.10797882080078)
 (X_1380 194.12181091308594)
 (X_1381 191.7653350830078)
 (X_1382 99.01933288574219)
 (X_1383 204.48915100097656)
 (X_1384 196.072509765625)
 (X_1385 100.47347259521484)
 (X_1386 180.82887268066406)
 (X_1387 166.05039978027344)
 (X_1388 123.42488098144531)
 (X_1389 197.64122009277344)
 (X_1390 188.27032470703125)
 (X_1391 112.2741470336914)
 (X_1392 206.8902587890625)
 (X_1393 203.3909912109375)
 (X_1394 109.08744812011719)
 (X_1395 187.88629150390625)
 (X_1396 112.72648620605469)
 (X_1397 119.59575653076172)
 (X_1398 190.44070434570312)
 (X_1399 174.04600524902344)
 (X_1400 114.5738525390625)
 (X_1401 205.5105438232422)
 (X_1402 187.19891357421875)
 (X_1403 119.34052276611328)
 (X_1404 178.90414428710938)
 (X_1405 42.095420837402344)
 (X_1406 110.67574310302734)
 (X_1407 189.53880310058594)
 (X_1408 66.86490631103516)
 (X_1409 113.19757080078125)
 (X_1410 201.159912109375)
 (X_1411 87.54071807861328)
 (X_1412 118.53020477294922)
 (X_1413 174.8811492919922)
 (X_1414 18.02894401550293)
 (X_1415 126.93270874023438)
 (X_1416 192.91233825683594)
 (X_1417 12.46695327758789)
 (X_1418 115.33499908447266)
 (X_1419 207.26132202148438)
 (X_1420 17.854698181152344)
 (X_1421 121.7643814086914)
 (X_1422 179.75482177734375)
 (X_1423 22.401765823364258)
 (X_1424 124.16947937011719)
 (X_1425 191.81114196777344)
 (X_1426 13.868471145629883)
 (X_1427 121.25704193115234)
 (X_1428 207.94100952148438)
 (X_1429 18.31849479675293)
 (X_1430 124.15374755859375)
 (X_1431 176.10922241210938)
 (X_1432 25.486448287963867)
 (X_1433 117.09642791748047)
 (X_1434 190.4362335205078)
 (X_1435 21.064252853393555)
 (X_1436 126.6550064086914)
 (X_1437 200.15089416503906)
 (X_1438 23.66159439086914)
 (X_1439 123.19661712646484)
 (X_1440 182.84291076660156)
 (X_1441 32.36615753173828)
 (X_1442 98.0580062866211)
 (X_1443 191.1000518798828)
 (X_1444 31.475757598876953)
 (X_1445 124.85781860351562)
 (X_1446 203.0349578857422)
 (X_1447 32.30063247680664)
 (X_1448 135.96697998046875)
 (X_1449 178.9534149169922)
 (X_1450 23.368160247802734)
 (X_1451 48.45408630371094)
 (X_1452 186.6019744873047)
 (X_1453 22.109556198120117)
 (X_1454 75.21430969238281)
 (X_1455 196.35165405273438)
 (X_1456 31.483417510986328)
 (X_1457 79.80341339111328)
 (X_1458 149.49832153320312)
 (X_1459 17.182910919189453)
 (X_1460 29.78247833251953)
 (X_1461 164.1661834716797)
 (X_1462 16.811166763305664)
 (X_1463 28.88672637939453)
 (X_1464 177.68185424804688)
 (X_1465 21.032543182373047)
 (X_1466 32.386573791503906)
 (X_1467 117.85662078857422)
 (X_1468 10.481941223144531)
 (X_1469 19.21725082397461)
 (X_1470 127.67203521728516)
 (X_1471 21.57303810119629)
 (X_1472 14.085676193237305)
 (X_1473 146.31622314453125)
 (X_1474 21.31734848022461)
 (X_1475 22.21276092529297)
 (X_1476 91.39236450195312)
 (X_1477 14.890565872192383)
 (X_1478 21.67837905883789)
 (X_1479 95.93155670166016)
 (X_1480 14.611431121826172)
 (X_1481 15.358305931091309)
 (X_1482 112.20260620117188)
 (X_1483 20.48731231689453)
 (X_1484 21.224288940429688)
 (X_1485 46.105899810791016)
 (X_1486 24.69719696044922)
 (X_1487 23.956472396850586)
 (X_1488 62.73694610595703)
 (X_1489 16.753555297851562)
 (X_1490 16.469337463378906)
 (X_1491 72.99122619628906)
 (X_1492 20.386043548583984)
 (X_1493 16.086528778076172)
 (X_1494 28.159542083740234)
 (X_1495 15.137009620666504)
 (X_1496 23.196319580078125)
 (X_1497 30.31207275390625)
 (X_1498 19.718713760375977)
 (X_1499 11.036284446716309)
 (X_1500 16.101594924926758)
 (X_1501 24.857440948486328)
 (X_1502 19.802947998046875)
 (X_1503 62.604618072509766)
 (X_1504 17.694793701171875)
 (X_1505 13.65101432800293)
 (X_1506 52.74888229370117)
 (X_1507 20.944744110107422)
 (X_1508 16.43478775024414)
 (X_1509 24.357500076293945)
 (X_1510 18.937742233276367)
 (X_1511 19.421415328979492)
 (X_1512 108.38611602783203)
 (X_1513 17.904212951660156)
 (X_1514 15.064112663269043)
 (X_1515 91.42173767089844)
 (X_1516 15.856042861938477)
 (X_1517 15.552607536315918)
 (X_1518 78.77157592773438)
 (X_1519 26.009525299072266)
 (X_1520 16.18109893798828)
 (X_1521 141.02371215820312)
 (X_1522 19.227039337158203)
 (X_1523 16.66979217529297)
 (X_1524 124.01302337646484)
 (X_1525 20.153369903564453)
 (X_1526 18.403053283691406)
 (X_1527 128.11898803710938)
 (X_1528 15.480691909790039)
 (X_1529 27.97003936767578)
 (X_1530 171.2152099609375)
 (X_1531 15.72060489654541)
 (X_1532 31.69548797607422)
 (X_1533 152.16419982910156)
 (X_1534 23.963424682617188)
 (X_1535 43.6365966796875)
 (X_1536 166.5896453857422)
 (X_1537 21.022884368896484)
 (X_1538 55.48693084716797)
 (X_1539 183.73326110839844)
 (X_1540 10.433550834655762)
 (X_1541 85.57421112060547)
 (X_1542 181.49139404296875)
 (X_1543 17.04021453857422)
 (X_1544 76.63069152832031)
 (X_1545 183.62326049804688)
 (X_1546 16.735536575317383)
 (X_1547 76.42781829833984)
 (X_1548 174.79083251953125)
 (X_1549 22.114789962768555)
 (X_1550 146.55043029785156)
 (X_1551 184.30322265625)
 (X_1552 23.12849235534668)
 (X_1553 133.92312622070312)
 (X_1554 188.504150390625)
 (X_1555 24.118764877319336)
 (X_1556 124.49626922607422)
 (X_1557 170.28025817871094)
 (X_1558 19.616268157958984)
 (X_1559 161.99722290039062)
 (X_1560 183.98001098632812)
 (X_1561 21.0834903717041)
 (X_1562 159.83206176757812)
 (X_1563 192.26181030273438)
 (X_1564 21.573230743408203)
 (X_1565 168.56015014648438)
 (X_1566 172.34909057617188)
 (X_1567 21.402299880981445)
 (X_1568 160.96641540527344)
 (X_1569 181.00677490234375)
 (X_1570 17.184200286865234)
 (X_1571 166.00343322753906)
 (X_1572 189.7093963623047)
 (X_1573 21.607803344726562)
 (X_1574 170.4560089111328)
 (X_1575 170.1292724609375)
 (X_1576 21.266719818115234)
 (X_1577 160.43576049804688)
 (X_1578 187.3186798095703)
 (X_1579 14.857484817504883)
 (X_1580 162.23460388183594)
 (X_1581 194.7163848876953)
 (X_1582 8.86921215057373)
 (X_1583 167.72195434570312)
 (X_1584 174.52215576171875)
 (X_1585 45.709712982177734)
 (X_1586 153.74708557128906)
 (X_1587 181.93145751953125)
 (X_1588 33.11894226074219)
 (X_1589 160.2778778076172)
 (X_1590 196.3095245361328)
 (X_1591 12.149320602416992)
 (X_1592 168.7923583984375)
 (X_1593 175.02516174316406)
 (X_1594 138.9829559326172)
 (X_1595 150.92633056640625)
 (X_1596 184.02810668945312)
 (X_1597 133.46749877929688)
 (X_1598 159.39427185058594)
 (X_1599 192.55691528320312)
 (X_1600 114.29231262207031)
 (X_1601 168.53431701660156)
 (X_1602 167.5962371826172)
 (X_1603 168.9124755859375)
 (X_1604 157.65821838378906)
 (X_1605 185.1080322265625)
 (X_1606 174.70550537109375)
 (X_1607 162.672607421875)
 (X_1608 187.6804656982422)
 (X_1609 182.34768676757812)
 (X_1610 168.35328674316406)
 (X_1611 173.9445343017578)
 (X_1612 161.16818237304688)
 (X_1613 152.3820037841797)
 (X_1614 182.41969299316406)
 (X_1615 176.82894897460938)
 (X_1616 159.78433227539062)
 (X_1617 188.96583557128906)
 (X_1618 180.2729949951172)
 (X_1619 172.04754638671875)
 (X_1620 187.23806762695312)
 (X_1621 185.63796997070312)
 (X_1622 25.89967155456543)
 (X_1623 197.467041015625)
 (X_1624 185.0166015625)
 (X_1625 20.048107147216797)
 (X_1626 213.519287109375)
 (X_1627 200.884521484375)
 (X_1628 16.839900970458984)
 (X_1629 182.93182373046875)
 (X_1630 177.8755340576172)
 (X_1631 24.165271759033203)
 (X_1632 198.32525634765625)
 (X_1633 187.1837921142578)
 (X_1634 17.800586700439453)
 (X_1635 204.1712188720703)
 (X_1636 200.72691345214844)
 (X_1637 21.793529510498047)
 (X_1638 184.70362854003906)
 (X_1639 179.94557189941406)
 (X_1640 23.02677345275879)
 (X_1641 193.02047729492188)
 (X_1642 183.92236328125)
 (X_1643 25.549728393554688)
 (X_1644 210.5301513671875)
 (X_1645 198.87539672851562)
 (X_1646 25.429725646972656)
 (X_1647 184.42974853515625)
 (X_1648 179.6516876220703)
 (X_1649 26.95966339111328)
 (X_1650 200.3972625732422)
 (X_1651 186.12904357910156)
 (X_1652 25.716970443725586)
 (X_1653 207.20733642578125)
 (X_1654 194.40545654296875)
 (X_1655 19.86027717590332)
 (X_1656 184.59107971191406)
 (X_1657 164.8277587890625)
 (X_1658 27.082168579101562)
 (X_1659 191.9917755126953)
 (X_1660 179.25840759277344)
 (X_1661 24.56598663330078)
 (X_1662 200.1341094970703)
 (X_1663 199.767578125)
 (X_1664 22.756492614746094)
 (X_1665 190.41140747070312)
 (X_1666 101.4080581665039)
 (X_1667 23.95757484436035)
 (X_1668 196.462158203125)
 (X_1669 169.228515625)
 (X_1670 23.846750259399414)
 (X_1671 207.61997985839844)
 (X_1672 184.555419921875)
 (X_1673 28.1968994140625)
 (X_1674 181.1056365966797)
 (X_1675 40.80891799926758)
 (X_1676 25.084163665771484)
 (X_1677 193.1490478515625)
 (X_1678 69.83114624023438)
 (X_1679 27.52587127685547)
 (X_1680 210.81407165527344)
 (X_1681 90.89554595947266)
 (X_1682 22.731584548950195)
 (X_1683 180.7544708251953)
 (X_1684 25.588693618774414)
 (X_1685 24.18506622314453)
 (X_1686 192.6318817138672)
 (X_1687 15.119771957397461)
 (X_1688 23.62531280517578)
 (X_1689 208.7697296142578)
 (X_1690 25.33993148803711)
 (X_1691 20.713237762451172)
 (X_1692 180.13043212890625)
 (X_1693 25.20783805847168)
 (X_1694 34.82242965698242)
 (X_1695 193.69732666015625)
 (X_1696 15.526578903198242)
 (X_1697 26.44190216064453)
 (X_1698 204.30380249023438)
 (X_1699 16.88149070739746)
 (X_1700 24.29785919189453)
 (X_1701 180.99009704589844)
 (X_1702 27.484582901000977)
 (X_1703 34.82965850830078)
 (X_1704 184.8535614013672)
 (X_1705 23.913908004760742)
 (X_1706 29.779460906982422)
 (X_1707 208.6946258544922)
 (X_1708 30.13776397705078)
 (X_1709 24.362930297851562)
 (X_1710 153.4275360107422)
 (X_1711 28.361711502075195)
 (X_1712 29.174501419067383)
 (X_1713 160.62081909179688)
 (X_1714 31.727401733398438)
 (X_1715 36.43871307373047)
 (X_1716 197.8464813232422)
 (X_1717 31.870616912841797)
 (X_1718 27.74041748046875)
 (X_1719 111.39382934570312)
 (X_1720 26.56253433227539)
 (X_1721 35.346038818359375)
 (X_1722 125.62919616699219)
 (X_1723 24.66413688659668)
 (X_1724 37.48480224609375)
 (X_1725 131.10755920410156)
 (X_1726 35.77681350708008)
 (X_1727 43.22833251953125)
 (X_1728 53.6330680847168)
 (X_1729 12.860655784606934)
 (X_1730 29.64531135559082)
 (X_1731 59.437198638916016)
 (X_1732 19.439451217651367)
 (X_1733 28.436195373535156)
 (X_1734 63.93350601196289)
 (X_1735 22.803241729736328)
 (X_1736 34.271461486816406)
 (X_1737 26.47612953186035)
 (X_1738 12.884084701538086)
 (X_1739 16.050989151000977)
 (X_1740 28.05018424987793)
 (X_1741 20.96375274658203)
 (X_1742 21.65152931213379)
 (X_1743 31.578184127807617)
 (X_1744 15.427286148071289)
 (X_1745 23.226348876953125)
 (X_1746 18.381797790527344)
 (X_1747 11.174579620361328)
 (X_1748 17.035900115966797)
 (X_1749 20.75136947631836)
 (X_1750 11.293155670166016)
 (X_1751 17.787378311157227)
 (X_1752 18.495649337768555)
 (X_1753 18.395183563232422)
 (X_1754 19.04936981201172)
 (X_1755 20.435260772705078)
 (X_1756 20.92816734313965)
 (X_1757 22.258804321289062)
 (X_1758 17.32190704345703)
 (X_1759 18.25083351135254)
 (X_1760 20.58367156982422)
 (X_1761 19.480514526367188)
 (X_1762 24.833606719970703)
 (X_1763 23.787811279296875)
 (X_1764 20.016157150268555)
 (X_1765 21.733619689941406)
 (X_1766 15.466562271118164)
 (X_1767 13.605810165405273)
 (X_1768 20.627803802490234)
 (X_1769 20.41928482055664)
 (X_1770 14.5216064453125)
 (X_1771 30.51774024963379)
 (X_1772 26.240577697753906)
 (X_1773 22.566577911376953)
 (X_1774 17.406452178955078)
 (X_1775 14.385910987854004)
 (X_1776 19.878307342529297)
 (X_1777 11.23797607421875)
 (X_1778 14.213348388671875)
 (X_1779 17.102771759033203)
 (X_1780 19.806154251098633)
 (X_1781 18.202611923217773)
 (X_1782 22.70256233215332)
 (X_1783 22.168106079101562)
 (X_1784 21.463287353515625)
 (X_1785 10.502254486083984)
 (X_1786 22.261119842529297)
 (X_1787 23.598567962646484)
 (X_1788 13.111681938171387)
 (X_1789 31.663448333740234)
 (X_1790 28.006736755371094)
 (X_1791 42.06095504760742)
 (X_1792 20.379833221435547)
 (X_1793 32.17442321777344)
 (X_1794 31.234989166259766)
 (X_1795 12.026517868041992)
 (X_1796 29.927661895751953)
 (X_1797 25.980541229248047)
 (X_1798 14.100284576416016)
 (X_1799 30.76299476623535)
 (X_1800 66.00208282470703)
 (X_1801 16.241464614868164)
 (X_1802 64.53407287597656)
 (X_1803 51.67225646972656)
 (X_1804 17.232858657836914)
 (X_1805 61.87063217163086)
 (X_1806 37.255802154541016)
 (X_1807 24.28207778930664)
 (X_1808 70.62001037597656)
 (X_1809 115.38945007324219)
 (X_1810 18.709003448486328)
 (X_1811 94.74357604980469)
 (X_1812 109.81082916259766)
 (X_1813 11.771780014038086)
 (X_1814 89.05337524414062)
 (X_1815 81.00191497802734)
 (X_1816 16.542098999023438)
 (X_1817 95.52864074707031)
 (X_1818 153.48721313476562)
 (X_1819 28.415576934814453)
 (X_1820 112.16671752929688)
 (X_1821 156.9408416748047)
 (X_1822 21.479736328125)
 (X_1823 106.51335906982422)
 (X_1824 161.4980926513672)
 (X_1825 25.008594512939453)
 (X_1826 114.92717742919922)
 (X_1827 181.48858642578125)
 (X_1828 25.524499893188477)
 (X_1829 116.02874755859375)
 (X_1830 182.42523193359375)
 (X_1831 20.840927124023438)
 (X_1832 111.32282257080078)
 (X_1833 186.4490509033203)
 (X_1834 24.325145721435547)
 (X_1835 114.70203399658203)
 (X_1836 178.91566467285156)
 (X_1837 22.580434799194336)
 (X_1838 121.52938079833984)
 (X_1839 179.5382080078125)
 (X_1840 13.022062301635742)
 (X_1841 117.81468200683594)
 (X_1842 188.63697814941406)
 (X_1843 21.22421646118164)
 (X_1844 117.82357025146484)
 (X_1845 169.03143310546875)
 (X_1846 20.728124618530273)
 (X_1847 123.04598999023438)
 (X_1848 181.11993408203125)
 (X_1849 16.757720947265625)
 (X_1850 117.52043151855469)
 (X_1851 197.3738250732422)
 (X_1852 18.809085845947266)
 (X_1853 131.07989501953125)
 (X_1854 172.66481018066406)
 (X_1855 46.033199310302734)
 (X_1856 131.97288513183594)
 (X_1857 176.70272827148438)
 (X_1858 27.12792205810547)
 (X_1859 132.01766967773438)
 (X_1860 197.6279296875)
 (X_1861 9.735145568847656)
 (X_1862 133.16775512695312)
 (X_1863 169.38003540039062)
 (X_1864 134.78372192382812)
 (X_1865 150.0858917236328)
 (X_1866 184.22886657714844)
 (X_1867 128.94944763183594)
 (X_1868 143.6103973388672)
 (X_1869 190.66195678710938)
 (X_1870 116.5608139038086)
 (X_1871 143.70834350585938)
 (X_1872 170.8162384033203)
 (X_1873 167.23388671875)
 (X_1874 153.04905700683594)
 (X_1875 181.3097686767578)
 (X_1876 174.55235290527344)
 (X_1877 150.44598388671875)
 (X_1878 196.8212890625)
 (X_1879 178.89508056640625)
 (X_1880 155.51976013183594)
 (X_1881 169.45358276367188)
 (X_1882 163.4008026123047)
 (X_1883 148.85147094726562)
 (X_1884 175.91380310058594)
 (X_1885 167.52586364746094)
 (X_1886 149.10992431640625)
 (X_1887 193.5947265625)
 (X_1888 181.2961883544922)
 (X_1889 159.1821746826172)
 (X_1890 176.39430236816406)
 (X_1891 181.67208862304688)
 (X_1892 21.16679573059082)
 (X_1893 177.16107177734375)
 (X_1894 186.04078674316406)
 (X_1895 19.899145126342773)
 (X_1896 190.00894165039062)
 (X_1897 196.16920471191406)
 (X_1898 19.814640045166016)
 (X_1899 177.53382873535156)
 (X_1900 171.37901306152344)
 (X_1901 15.38525104522705)
 (X_1902 186.1810760498047)
 (X_1903 188.88690185546875)
 (X_1904 15.659900665283203)
 (X_1905 197.3099822998047)
 (X_1906 194.3091278076172)
 (X_1907 21.11151123046875)
 (X_1908 169.007568359375)
 (X_1909 177.0613250732422)
 (X_1910 20.30252456665039)
 (X_1911 181.1266326904297)
 (X_1912 185.13352966308594)
 (X_1913 14.847487449645996)
 (X_1914 191.49758911132812)
 (X_1915 198.74325561523438)
 (X_1916 23.978343963623047)
 (X_1917 177.3187255859375)
 (X_1918 173.9703369140625)
 (X_1919 19.750144958496094)
 (X_1920 190.65853881835938)
 (X_1921 189.14108276367188)
 (X_1922 16.00120735168457)
 (X_1923 190.87753295898438)
 (X_1924 199.25099182128906)
 (X_1925 16.919567108154297)
 (X_1926 176.20936584472656)
 (X_1927 170.63229370117188)
 (X_1928 23.938514709472656)
 (X_1929 192.49066162109375)
 (X_1930 191.7080535888672)
 (X_1931 18.398700714111328)
 (X_1932 198.0135498046875)
 (X_1933 196.2003631591797)
 (X_1934 17.881187438964844)
 (X_1935 179.36705017089844)
 (X_1936 115.54035186767578)
 (X_1937 20.52127456665039)
 (X_1938 192.75062561035156)
 (X_1939 167.6859130859375)
 (X_1940 22.67671775817871)
 (X_1941 199.04623413085938)
 (X_1942 193.4742889404297)
 (X_1943 26.951370239257812)
 (X_1944 173.46047973632812)
 (X_1945 37.33790588378906)
 (X_1946 21.062862396240234)
 (X_1947 186.15383911132812)
 (X_1948 65.76680755615234)
 (X_1949 25.715757369995117)
 (X_1950 198.7456817626953)
 (X_1951 112.49624633789062)
 (X_1952 20.698213577270508)
 (X_1953 171.00721740722656)
 (X_1954 20.087329864501953)
 (X_1955 20.24628448486328)
 (X_1956 189.58517456054688)
 (X_1957 19.312522888183594)
 (X_1958 25.891380310058594)
 (X_1959 197.53321838378906)
 (X_1960 30.73089599609375)
 (X_1961 23.39571189880371)
 (X_1962 169.5962677001953)
 (X_1963 26.192203521728516)
 (X_1964 19.990060806274414)
 (X_1965 189.31884765625)
 (X_1966 16.72515296936035)
 (X_1967 22.893768310546875)
 (X_1968 215.88330078125)
 (X_1969 18.458724975585938)
 (X_1970 25.857574462890625)
 (X_1971 125.89228820800781)
 (X_1972 22.465900421142578)
 (X_1973 16.19706153869629)
 (X_1974 145.4333953857422)
 (X_1975 26.478866577148438)
 (X_1976 24.342485427856445)
 (X_1977 180.9322052001953)
 (X_1978 21.108808517456055)
 (X_1979 17.222400665283203)
 (X_1980 52.44860076904297)
 (X_1981 24.141986846923828)
 (X_1982 22.38129997253418)
 (X_1983 70.54293823242188)
 (X_1984 28.74755096435547)
 (X_1985 22.709562301635742)
 (X_1986 84.24958038330078)
 (X_1987 30.43549346923828)
 (X_1988 21.07855796813965)
 (X_1989 19.971519470214844)
 (X_1990 29.95211410522461)
 (X_1991 19.732845306396484)
 (X_1992 30.187047958374023)
 (X_1993 30.428348541259766)
 (X_1994 22.355716705322266)
 (X_1995 33.1114616394043)
 (X_1996 33.844322204589844)
 (X_1997 19.379013061523438)
 (X_1998 14.58009147644043)
 (X_1999 15.989801406860352)
 (X_2000 15.50590705871582)
 (X_2001 11.553426742553711)
 (X_2002 18.427623748779297)
 (X_2003 22.556507110595703)
 (X_2004 16.491777420043945)
 (X_2005 22.654136657714844)
 (X_2006 18.090124130249023)
 (X_2007 17.089839935302734)
 (X_2008 15.982177734375)
 (X_2009 15.689474105834961)
 (X_2010 17.041696548461914)
 (X_2011 16.360698699951172)
 (X_2012 18.889986038208008)
 (X_2013 14.237239837646484)
 (X_2014 15.457372665405273)
 (X_2015 26.26937484741211)
 (X_2016 17.90399169921875)
 (X_2017 14.281986236572266)
 (X_2018 16.71843147277832)
 (X_2019 12.622810363769531)
 (X_2020 16.769731521606445)
 (X_2021 24.65226173400879)
 (X_2022 18.22045135498047)
 (X_2023 24.706314086914062)
 (X_2024 26.37548065185547)
 (X_2025 14.893170356750488)
 (X_2026 22.958797454833984)
 (X_2027 14.851764678955078)
 (X_2028 15.68952465057373)
 (X_2029 16.975364685058594)
 (X_2030 13.762035369873047)
 (X_2031 12.339353561401367)
 (X_2032 23.583959579467773)
 (X_2033 19.038928985595703)
 (X_2034 23.49429702758789)
 (X_2035 21.050025939941406)
 (X_2036 13.337705612182617)
 (X_2037 11.120808601379395)
 (X_2038 24.562646865844727)
 (X_2039 21.253761291503906)
 (X_2040 18.158885955810547)
 (X_2041 22.59256362915039)
 (X_2042 16.47085952758789)
 (X_2043 13.589004516601562)
 (X_2044 10.368901252746582)
 (X_2045 20.032211303710938)
 (X_2046 14.400060653686523)
 (X_2047 17.96419906616211)
 (X_2048 18.081619262695312)
 (X_2049 17.611370086669922)
 (X_2050 17.551671981811523)
 (X_2051 18.416107177734375)
 (X_2052 23.873729705810547)
 (X_2053 23.590938568115234)
 (X_2054 18.926074981689453)
 (X_2055 11.369894027709961)
 (X_2056 22.31325340270996)
 (X_2057 16.754335403442383)
 (X_2058 12.805500984191895)
 (X_2059 31.1309814453125)
 (X_2060 17.631519317626953)
 (X_2061 19.914077758789062)
 (X_2062 14.531001091003418)
 (X_2063 26.156940460205078)
 (X_2064 8.824676513671875)
 (X_2065 12.464609146118164)
 (X_2066 26.059131622314453)
 (X_2067 15.080403327941895)
 (X_2068 20.43850326538086)
 (X_2069 23.324607849121094)
 (X_2070 22.117977142333984)
 (X_2071 23.970386505126953)
 (X_2072 33.62205505371094)
 (X_2073 17.029443740844727)
 (X_2074 20.531192779541016)
 (X_2075 25.80486297607422)
 (X_2076 9.891277313232422)
 (X_2077 26.626562118530273)
 (X_2078 22.67813491821289)
 (X_2079 36.36579513549805)
 (X_2080 13.72059440612793)
 (X_2081 24.684762954711914)
 (X_2082 24.458919525146484)
 (X_2083 18.86029624938965)
 (X_2084 25.808055877685547)
 (X_2085 7.770695209503174)
 (X_2086 23.875022888183594)
 (X_2087 30.778812408447266)
 (X_2088 79.58724975585938)
 (X_2089 27.12474250793457)
 (X_2090 29.99872398376465)
 (X_2091 70.52372741699219)
 (X_2092 16.615812301635742)
 (X_2093 29.695228576660156)
 (X_2094 49.88574981689453)
 (X_2095 22.418655395507812)
 (X_2096 32.879947662353516)
 (X_2097 139.94815063476562)
 (X_2098 26.480972290039062)
 (X_2099 30.67926788330078)
 (X_2100 120.30516815185547)
 (X_2101 19.112266540527344)
 (X_2102 26.216888427734375)
 (X_2103 114.23038482666016)
 (X_2104 19.924043655395508)
 (X_2105 27.898662567138672)
 (X_2106 179.22824096679688)
 (X_2107 18.002548217773438)
 (X_2108 28.09686279296875)
 (X_2109 175.87200927734375)
 (X_2110 13.472504615783691)
 (X_2111 25.138437271118164)
 (X_2112 177.5130157470703)
 (X_2113 11.065445899963379)
 (X_2114 25.2406005859375)
 (X_2115 173.75387573242188)
 (X_2116 25.327716827392578)
 (X_2117 37.87525177001953)
 (X_2118 181.7348175048828)
 (X_2119 10.21645736694336)
 (X_2120 35.429542541503906)
 (X_2121 197.6854248046875)
 (X_2122 13.717995643615723)
 (X_2123 30.922151565551758)
 (X_2124 164.77102661132812)
 (X_2125 57.42082214355469)
 (X_2126 44.21964645385742)
 (X_2127 179.76083374023438)
 (X_2128 34.53103256225586)
 (X_2129 43.85042953491211)
 (X_2130 191.15650939941406)
 (X_2131 13.113357543945312)
 (X_2132 32.206275939941406)
 (X_2133 172.75399780273438)
 (X_2134 141.6072998046875)
 (X_2135 54.94811248779297)
 (X_2136 175.48377990722656)
 (X_2137 134.427978515625)
 (X_2138 50.829654693603516)
 (X_2139 189.72447204589844)
 (X_2140 116.90776062011719)
 (X_2141 38.20133972167969)
 (X_2142 165.80271911621094)
 (X_2143 165.3114013671875)
 (X_2144 60.290435791015625)
 (X_2145 182.75515747070312)
 (X_2146 167.37762451171875)
 (X_2147 62.91259002685547)
 (X_2148 190.47657775878906)
 (X_2149 177.49656677246094)
 (X_2150 48.81800842285156)
 (X_2151 170.97825622558594)
 (X_2152 161.47999572753906)
 (X_2153 64.19398498535156)
 (X_2154 181.3046112060547)
 (X_2155 165.89341735839844)
 (X_2156 73.0276107788086)
 (X_2157 191.60638427734375)
 (X_2158 183.77517700195312)
 (X_2159 56.540626525878906)
 (X_2160 171.56675720214844)
 (X_2161 179.8516082763672)
 (X_2162 16.537904739379883)
 (X_2163 178.6063995361328)
 (X_2164 182.6583251953125)
 (X_2165 18.892627716064453)
 (X_2166 191.70252990722656)
 (X_2167 194.77259826660156)
 (X_2168 14.084759712219238)
 (X_2169 160.69129943847656)
 (X_2170 177.96975708007812)
 (X_2171 14.631258010864258)
 (X_2172 179.61825561523438)
 (X_2173 188.5312042236328)
 (X_2174 19.681303024291992)
 (X_2175 188.4744415283203)
 (X_2176 198.7555389404297)
 (X_2177 21.615570068359375)
 (X_2178 160.31216430664062)
 (X_2179 174.50985717773438)
 (X_2180 15.339442253112793)
 (X_2181 180.55764770507812)
 (X_2182 190.00070190429688)
 (X_2183 20.699600219726562)
 (X_2184 182.8352813720703)
 (X_2185 198.50794982910156)
 (X_2186 23.751113891601562)
 (X_2187 164.42813110351562)
 (X_2188 178.32484436035156)
 (X_2189 22.553386688232422)
 (X_2190 177.84092712402344)
 (X_2191 181.53704833984375)
 (X_2192 21.64977264404297)
 (X_2193 186.15541076660156)
 (X_2194 195.7045135498047)
 (X_2195 20.79253578186035)
 (X_2196 165.2605743408203)
 (X_2197 163.3326416015625)
 (X_2198 17.560352325439453)
 (X_2199 167.63693237304688)
 (X_2200 184.89306640625)
 (X_2201 16.475635528564453)
 (X_2202 181.31089782714844)
 (X_2203 199.98403930664062)
 (X_2204 18.172956466674805)
 (X_2205 162.67372131347656)
 (X_2206 124.38004302978516)
 (X_2207 23.118614196777344)
 (X_2208 168.88034057617188)
 (X_2209 179.77261352539062)
 (X_2210 13.581599235534668)
 (X_2211 180.19151306152344)
 (X_2212 202.31533813476562)
 (X_2213 18.852632522583008)
 (X_2214 154.85635375976562)
 (X_2215 57.87932586669922)
 (X_2216 13.972538948059082)
 (X_2217 180.93560791015625)
 (X_2218 87.10165405273438)
 (X_2219 13.848817825317383)
 (X_2220 183.848876953125)
 (X_2221 144.9058380126953)
 (X_2222 16.383893966674805)
 (X_2223 160.43496704101562)
 (X_2224 22.352672576904297)
 (X_2225 22.83724021911621)
 (X_2226 181.4203643798828)
 (X_2227 24.1810302734375)
 (X_2228 15.255356788635254)
 (X_2229 204.37538146972656)
 (X_2230 37.16120910644531)
 (X_2231 15.981864929199219)
 (X_2232 112.13731384277344)
 (X_2233 19.51472282409668)
 (X_2234 19.668899536132812)
 (X_2235 138.1602783203125)
 (X_2236 17.501413345336914)
 (X_2237 15.551567077636719)
 (X_2238 174.2461700439453)
 (X_2239 15.543931007385254)
 (X_2240 16.761075973510742)
 (X_2241 50.60111999511719)
 (X_2242 25.749309539794922)
 (X_2243 15.082843780517578)
 (X_2244 65.70811462402344)
 (X_2245 22.75377655029297)
 (X_2246 21.89272689819336)
 (X_2247 100.15872192382812)
 (X_2248 17.11699867248535)
 (X_2249 19.625289916992188)
 (X_2250 16.862218856811523)
 (X_2251 24.372751235961914)
 (X_2252 24.127033233642578)
 (X_2253 28.506317138671875)
 (X_2254 30.233219146728516)
 (X_2255 19.55516242980957)
 (X_2256 22.19683074951172)
 (X_2257 30.393482208251953)
 (X_2258 19.066238403320312)
 (X_2259 19.025249481201172)
 (X_2260 25.427452087402344)
 (X_2261 14.369573593139648)
 (X_2262 11.042683601379395)
 (X_2263 27.24744987487793)
 (X_2264 16.915679931640625)
 (X_2265 9.5144624710083)
 (X_2266 33.569725036621094)
 (X_2267 19.35635757446289)
 (X_2268 21.516864776611328)
 (X_2269 15.863731384277344)
 (X_2270 18.365083694458008)
 (X_2271 12.213794708251953)
 (X_2272 18.203632354736328)
 (X_2273 19.331769943237305)
 (X_2274 14.884592056274414)
 (X_2275 22.537479400634766)
 (X_2276 24.070144653320312)
 (X_2277 23.597248077392578)
 (X_2278 14.301774024963379)
 (X_2279 14.845039367675781)
 (X_2280 17.808589935302734)
 (X_2281 22.85420799255371)
 (X_2282 16.862979888916016)
 (X_2283 14.723922729492188)
 (X_2284 20.221574783325195)
 (X_2285 18.78096580505371)
 (X_2286 19.660114288330078)
 (X_2287 20.20121192932129)
 (X_2288 15.116162300109863)
 (X_2289 17.52102279663086)
 (X_2290 12.346955299377441)
 (X_2291 15.609210014343262)
 (X_2292 22.455711364746094)
 (X_2293 15.51081657409668)
 (X_2294 19.72237777709961)
 (X_2295 25.71030044555664)
 (X_2296 19.782487869262695)
 (X_2297 17.42351531982422)
 (X_2298 19.55423355102539)
 (X_2299 21.67511749267578)
 (X_2300 15.8493070602417)
 (X_2301 17.46443748474121)
 (X_2302 18.3961181640625)
 (X_2303 22.02918243408203)
 (X_2304 20.969425201416016)
 (X_2305 19.456100463867188)
 (X_2306 20.700815200805664)
 (X_2307 18.539417266845703)
 (X_2308 19.979551315307617)
 (X_2309 22.210853576660156)
 (X_2310 21.75037384033203)
 (X_2311 17.67136001586914)
 (X_2312 19.86256217956543)
 (X_2313 21.0990047454834)
 (X_2314 11.586533546447754)
 (X_2315 14.50261116027832)
 (X_2316 20.98597526550293)
 (X_2317 13.10619831085205)
 (X_2318 19.050457000732422)
 (X_2319 21.016775131225586)
 (X_2320 21.68679428100586)
 (X_2321 22.841978073120117)
 (X_2322 21.572620391845703)
 (X_2323 17.383981704711914)
 (X_2324 21.23821258544922)
 (X_2325 18.56235122680664)
 (X_2326 17.76470947265625)
 (X_2327 13.49074935913086)
 (X_2328 25.39838409423828)
 (X_2329 25.425695419311523)
 (X_2330 14.139968872070312)
 (X_2331 18.958253860473633)
 (X_2332 18.42414093017578)
 (X_2333 17.74634552001953)
 (X_2334 16.566072463989258)
 (X_2335 17.53472328186035)
 (X_2336 19.169639587402344)
 (X_2337 21.373863220214844)
 (X_2338 15.410548210144043)
 (X_2339 22.90679359436035)
 (X_2340 15.724869728088379)
 (X_2341 14.966391563415527)
 (X_2342 16.29983901977539)
 (X_2343 10.469202041625977)
 (X_2344 16.91550064086914)
 (X_2345 23.94096565246582)
 (X_2346 18.20831871032715)
 (X_2347 19.870986938476562)
 (X_2348 17.26719093322754)
 (X_2349 17.21731185913086)
 (X_2350 21.209163665771484)
 (X_2351 20.508331298828125)
 (X_2352 9.785924911499023)
 (X_2353 14.502686500549316)
 (X_2354 24.273311614990234)
 (X_2355 14.1497802734375)
 (X_2356 10.358294486999512)
 (X_2357 24.895627975463867)
 (X_2358 20.193973541259766)
 (X_2359 20.721723556518555)
 (X_2360 22.472461700439453)
 (X_2361 20.462064743041992)
 (X_2362 24.046966552734375)
 (X_2363 21.712230682373047)
 (X_2364 1.3730257749557495)
 (X_2365 22.504125595092773)
 (X_2366 15.76038646697998)
 (X_2367 66.91647338867188)
 (X_2368 25.911251068115234)
 (X_2369 18.938716888427734)
 (X_2370 53.1502685546875)
 (X_2371 15.044447898864746)
 (X_2372 18.028478622436523)
 (X_2373 42.25856399536133)
 (X_2374 18.332805633544922)
 (X_2375 18.387481689453125)
 (X_2376 144.55929565429688)
 (X_2377 21.141010284423828)
 (X_2378 20.414037704467773)
 (X_2379 119.6942367553711)
 (X_2380 8.414395332336426)
 (X_2381 22.838138580322266)
 (X_2382 122.4420166015625)
 (X_2383 14.022891998291016)
 (X_2384 16.863183975219727)
 (X_2385 184.97616577148438)
 (X_2386 26.11094856262207)
 (X_2387 21.41446876525879)
 (X_2388 171.06968688964844)
 (X_2389 12.817977905273438)
 (X_2390 20.804113388061523)
 (X_2391 182.060546875)
 (X_2392 11.561335563659668)
 (X_2393 18.94424057006836)
 (X_2394 174.2977294921875)
 (X_2395 75.15560913085938)
 (X_2396 19.197723388671875)
 (X_2397 179.86508178710938)
 (X_2398 56.96894454956055)
 (X_2399 20.131839752197266)
 (X_2400 185.36026000976562)
 (X_2401 35.24666213989258)
 (X_2402 22.107025146484375)
 (X_2403 165.65213012695312)
 (X_2404 146.735595703125)
 (X_2405 20.71151351928711)
 (X_2406 181.43783569335938)
 (X_2407 149.13018798828125)
 (X_2408 23.522686004638672)
 (X_2409 194.74440002441406)
 (X_2410 135.92666625976562)
 (X_2411 16.543256759643555)
 (X_2412 166.62428283691406)
 (X_2413 164.98536682128906)
 (X_2414 17.669921875)
 (X_2415 180.2803955078125)
 (X_2416 169.04312133789062)
 (X_2417 16.224903106689453)
 (X_2418 188.3003692626953)
 (X_2419 179.43238830566406)
 (X_2420 13.23970890045166)
 (X_2421 170.0677032470703)
 (X_2422 159.376953125)
 (X_2423 24.57868194580078)
 (X_2424 182.7913818359375)
 (X_2425 176.73472595214844)
 (X_2426 23.921642303466797)
 (X_2427 186.18905639648438)
 (X_2428 180.5821990966797)
 (X_2429 18.083816528320312)
 (X_2430 180.49720764160156)
 (X_2431 175.39857482910156)
 (X_2432 18.159889221191406)
 (X_2433 195.83348083496094)
 (X_2434 188.8350067138672)
 (X_2435 19.01184844970703)
 (X_2436 209.20217895507812)
 (X_2437 199.88619995117188)
 (X_2438 14.398979187011719)
 (X_2439 181.326416015625)
 (X_2440 174.9905548095703)
 (X_2441 11.766468048095703)
 (X_2442 192.15553283691406)
 (X_2443 189.89820861816406)
 (X_2444 12.668810844421387)
 (X_2445 204.66802978515625)
 (X_2446 196.79110717773438)
 (X_2447 23.223400115966797)
 (X_2448 180.37881469726562)
 (X_2449 176.86805725097656)
 (X_2450 16.380260467529297)
 (X_2451 187.50668334960938)
 (X_2452 183.392822265625)
 (X_2453 16.176654815673828)
 (X_2454 197.4956512451172)
 (X_2455 200.17611694335938)
 (X_2456 17.289541244506836)
 (X_2457 178.11196899414062)
 (X_2458 172.48519897460938)
 (X_2459 17.49274444580078)
 (X_2460 189.77027893066406)
 (X_2461 179.66810607910156)
 (X_2462 16.995927810668945)
 (X_2463 202.01393127441406)
 (X_2464 198.994384765625)
 (X_2465 20.801877975463867)
 (X_2466 178.2965850830078)
 (X_2467 166.9510955810547)
 (X_2468 19.43795394897461)
 (X_2469 189.1326446533203)
 (X_2470 183.9329833984375)
 (X_2471 11.131760597229004)
 (X_2472 204.44036865234375)
 (X_2473 196.5723114013672)
 (X_2474 14.001687049865723)
 (X_2475 170.524658203125)
 (X_2476 151.70188903808594)
 (X_2477 13.17259407043457)
 (X_2478 180.96031188964844)
 (X_2479 183.45968627929688)
 (X_2480 18.02145767211914)
 (X_2481 198.92578125)
 (X_2482 199.61705017089844)
 (X_2483 16.315271377563477)
 (X_2484 168.1190185546875)
 (X_2485 99.83370971679688)
 (X_2486 17.726552963256836)
 (X_2487 176.89947509765625)
 (X_2488 124.64957427978516)
 (X_2489 20.715137481689453)
 (X_2490 196.38934326171875)
 (X_2491 169.15097045898438)
 (X_2492 13.149679183959961)
 (X_2493 140.83009338378906)
 (X_2494 8.458366394042969)
 (X_2495 19.754718780517578)
 (X_2496 158.80711364746094)
 (X_2497 33.897438049316406)
 (X_2498 17.924774169921875)
 (X_2499 194.99407958984375)
 (X_2500 43.7713623046875)
 (X_2501 17.404556274414062)
 (X_2502 54.156436920166016)
 (X_2503 14.970708847045898)
 (X_2504 13.211420059204102)
 (X_2505 78.96837615966797)
 (X_2506 11.476607322692871)
 (X_2507 16.78292465209961)
 (X_2508 102.28887939453125)
 (X_2509 13.085786819458008)
 (X_2510 19.344459533691406)
 (X_2511 21.65488052368164)
 (X_2512 18.704757690429688)
 (X_2513 21.682270050048828)
 (X_2514 25.076797485351562)
 (X_2515 11.702106475830078)
 (X_2516 19.761852264404297)
 (X_2517 21.900169372558594)
 (X_2518 22.630596160888672)
 (X_2519 19.37462043762207)
 (X_2520 13.847408294677734)
 (X_2521 27.7581787109375)
 (X_2522 18.30801010131836)
 (X_2523 8.044079780578613)
 (X_2524 20.64765167236328)
 (X_2525 12.981891632080078)
 (X_2526 10.950474739074707)
 (X_2527 26.33993911743164)
 (X_2528 20.758249282836914)
 (X_2529 15.157174110412598)
 (X_2530 24.887529373168945)
 (X_2531 20.028778076171875)
 (X_2532 15.004220962524414)
 (X_2533 22.24578094482422)
 (X_2534 22.73885726928711)
 (X_2535 15.554380416870117)
 (X_2536 25.581552505493164)
 (X_2537 17.40268325805664)
 (X_2538 27.99706268310547)
 (X_2539 11.365087509155273)
 (X_2540 15.917709350585938)
 (X_2541 10.790797233581543)
 (X_2542 19.812267303466797)
 (X_2543 22.536516189575195)
 (X_2544 13.393183708190918)
 (X_2545 22.088762283325195)
 (X_2546 20.145362854003906)
 (X_2547 22.841562271118164)
 (X_2548 13.23890495300293)
 (X_2549 20.368087768554688)
 (X_2550 17.308576583862305)
 (X_2551 21.28947639465332)
 (X_2552 19.194782257080078)
 (X_2553 21.34658432006836)
 (X_2554 17.59947967529297)
 (X_2555 15.321759223937988)
 (X_2556 24.597517013549805)
 (X_2557 22.990840911865234)
 (X_2558 22.12419891357422)
 (X_2559 26.607070922851562)
 (X_2560 22.821107864379883)
 (X_2561 16.530696868896484)
 (X_2562 32.84186935424805)
 (X_2563 26.34223747253418)
 (X_2564 21.395030975341797)
 (X_2565 25.806394577026367)
 (X_2566 12.126014709472656)
 (X_2567 15.577492713928223)
 (X_2568 23.670766830444336)
 (X_2569 12.633402824401855)
 (X_2570 15.03293228149414)
 (X_2571 31.42841911315918)
 (X_2572 16.426355361938477)
 (X_2573 22.624286651611328)
 (X_2574 26.018558502197266)
 (X_2575 17.185054779052734)
 (X_2576 18.21519660949707)
 (X_2577 30.162521362304688)
 (X_2578 13.131685256958008)
 (X_2579 24.76582908630371)
 (X_2580 26.930540084838867)
 (X_2581 18.615676879882812)
 (X_2582 18.9401912689209)
 (X_2583 28.88688850402832)
 (X_2584 22.72061538696289)
 (X_2585 19.87553596496582)
 (X_2586 21.645606994628906)
 (X_2587 20.95996856689453)
 (X_2588 15.770269393920898)
 (X_2589 35.26350784301758)
 (X_2590 21.60068130493164)
 (X_2591 18.49270248413086)
 (X_2592 22.891063690185547)
 (X_2593 20.70368766784668)
 (X_2594 15.288129806518555)
 (X_2595 21.389480590820312)
 (X_2596 23.76416015625)
 (X_2597 19.68598747253418)
 (X_2598 30.12220001220703)
 (X_2599 33.53120803833008)
 (X_2600 18.495044708251953)
 (X_2601 20.715255737304688)
 (X_2602 14.854251861572266)
 (X_2603 13.365880966186523)
 (X_2604 17.792213439941406)
 (X_2605 16.996257781982422)
 (X_2606 17.863800048828125)
 (X_2607 28.061887741088867)
 (X_2608 19.080883026123047)
 (X_2609 24.799335479736328)
 (X_2610 17.22479820251465)
 (X_2611 14.835044860839844)
 (X_2612 14.895634651184082)
 (X_2613 21.577354431152344)
 (X_2614 16.384876251220703)
 (X_2615 22.45856475830078)
 (X_2616 22.73311996459961)
 (X_2617 19.366451263427734)
 (X_2618 18.667835235595703)
 (X_2619 12.217473983764648)
 (X_2620 20.745054244995117)
 (X_2621 21.628929138183594)
 (X_2622 17.94042205810547)
 (X_2623 12.280683517456055)
 (X_2624 16.826828002929688)
 (X_2625 15.30032730102539)
 (X_2626 20.870962142944336)
 (X_2627 19.88581657409668)
 (X_2628 20.706157684326172)
 (X_2629 27.90045928955078)
 (X_2630 18.225339889526367)
 (X_2631 10.889896392822266)
 (X_2632 15.040369987487793)
 (X_2633 23.438762664794922)
 (X_2634 14.812158584594727)
 (X_2635 28.60641098022461)
 (X_2636 21.951745986938477)
 (X_2637 28.558319091796875)
 (X_2638 20.89825439453125)
 (X_2639 16.86980628967285)
 (X_2640 13.173803329467773)
 (X_2641 15.295379638671875)
 (X_2642 14.605386734008789)
 (X_2643 6.780496120452881)
 (X_2644 20.36465835571289)
 (X_2645 23.7200870513916)
 (X_2646 84.29854583740234)
 (X_2647 15.541601181030273)
 (X_2648 17.695030212402344)
 (X_2649 56.332061767578125)
 (X_2650 12.293638229370117)
 (X_2651 16.659072875976562)
 (X_2652 39.01289367675781)
 (X_2653 9.518078804016113)
 (X_2654 21.308029174804688)
 (X_2655 144.1230926513672)
 (X_2656 41.11967849731445)
 (X_2657 20.505306243896484)
 (X_2658 135.76454162597656)
 (X_2659 20.625843048095703)
 (X_2660 16.127601623535156)
 (X_2661 133.0744171142578)
 (X_2662 17.372970581054688)
 (X_2663 19.441438674926758)
 (X_2664 170.4459228515625)
 (X_2665 112.07218933105469)
 (X_2666 17.859899520874023)
 (X_2667 177.07508850097656)
 (X_2668 78.14991760253906)
 (X_2669 20.25797462463379)
 (X_2670 189.84207153320312)
 (X_2671 69.517333984375)
 (X_2672 25.897254943847656)
 (X_2673 165.0765838623047)
 (X_2674 157.8520050048828)
 (X_2675 22.42797088623047)
 (X_2676 179.0470428466797)
 (X_2677 162.42897033691406)
 (X_2678 19.979902267456055)
 (X_2679 194.81317138671875)
 (X_2680 151.64161682128906)
 (X_2681 18.90574836730957)
 (X_2682 170.183837890625)
 (X_2683 159.99989318847656)
 (X_2684 24.721912384033203)
 (X_2685 179.41180419921875)
 (X_2686 174.79690551757812)
 (X_2687 20.020164489746094)
 (X_2688 189.96121215820312)
 (X_2689 180.1070098876953)
 (X_2690 18.428667068481445)
 (X_2691 166.49046325683594)
 (X_2692 162.44056701660156)
 (X_2693 26.725955963134766)
 (X_2694 171.81552124023438)
 (X_2695 176.1982421875)
 (X_2696 25.665569305419922)
 (X_2697 191.77542114257812)
 (X_2698 177.5913543701172)
 (X_2699 25.166614532470703)
 (Y_0 806.0)
 (Y_1 920.0)
 (Y_2 698.0)
 (Y_3 720.0)
 (Y_4 882.0)
 (Y_5 512.0)
 (Y_6 344.0)
 (Y_7 430.0)
 (Y_8 712.0)
 (Y_9 310.0)
 (Y_10 508.0)
 (Y_11 830.0)
 (Y_12 974.0)
 (Y_13 746.0)
 (Y_14 660.0)
 (Y_15 882.0)
 (Y_16 -100.0)
 (Y_17 1100.0)
 (Y_18 1060.0)
 (Y_19 654.0)
 (Y_20 1006.0)
 (Y_21 458.0)
 (Y_22 1088.0)
 (Y_23 774.0)
 (Y_24 502.0)
 (Y_25 890.0)
 (Y_26 1090.0)
 (Y_27 822.0)
 (Y_28 1230.0)
 (Y_29 384.0)
 (Y_30 834.0)
 (Y_31 664.0)
 (Y_32 962.0)
 (Y_33 528.0)
 (Y_34 410.0)
 (Y_35 124.0)
 (Y_36 448.0)
 (Y_37 -566.0)
 (Y_38 574.0)
 (Y_39 256.0)
 (Y_40 276.0)
 (Y_41 596.0)
 (Y_42 478.0))
