sat,0.976916
((X_0 53.847957611083984)
 (X_1 73.16012573242188)
 (X_2 87.80342864990234)
 (X_3 58.272274017333984)
 (X_4 77.36228942871094)
 (X_5 82.81439208984375)
 (X_6 54.13313293457031)
 (X_7 62.69621276855469)
 (X_8 70.43843841552734)
 (X_9 68.17919921875)
 (X_10 81.17295837402344)
 (X_11 62.18367385864258)
 (X_12 80.16041564941406)
 (X_13 85.28539276123047)
 (X_14 66.04364776611328)
 (X_15 64.3790512084961)
 (X_16 70.38371276855469)
 (X_17 57.83108901977539)
 (X_18 80.43592834472656)
 (X_19 87.97172546386719)
 (X_20 67.31385040283203)
 (X_21 80.5787353515625)
 (X_22 86.9627456665039)
 (X_23 69.4322509765625)
 (X_24 70.02406311035156)
 (X_25 69.68041229248047)
 (X_26 57.18010711669922)
 (X_27 74.87531280517578)
 (X_28 83.0608901977539)
 (X_29 73.96612548828125)
 (X_30 70.91412353515625)
 (X_31 96.98872375488281)
 (X_32 77.08747100830078)
 (X_33 59.04520034790039)
 (X_34 82.1142807006836)
 (X_35 63.150367736816406)
 (X_36 64.50825500488281)
 (X_37 95.02252197265625)
 (X_38 62.38763427734375)
 (X_39 73.2923583984375)
 (X_40 108.93528747558594)
 (X_41 73.49507141113281)
 (X_42 55.84473419189453)
 (X_43 112.94237518310547)
 (X_44 62.63092041015625)
 (X_45 71.11837768554688)
 (X_46 138.7654266357422)
 (X_47 76.71562194824219)
 (X_48 74.9588851928711)
 (X_49 154.08126831054688)
 (X_50 90.64398956298828)
 (X_51 48.03255844116211)
 (X_52 156.97756958007812)
 (X_53 96.78318786621094)
 (X_54 67.52788543701172)
 (X_55 167.09475708007812)
 (X_56 83.13909912109375)
 (X_57 74.43900299072266)
 (X_58 176.6383819580078)
 (X_59 91.14960479736328)
 (X_60 60.52249526977539)
 (X_61 195.7644805908203)
 (X_62 116.5435791015625)
 (X_63 72.73196411132812)
 (X_64 166.16749572753906)
 (X_65 79.06673431396484)
 (X_66 83.9262924194336)
 (X_67 162.86041259765625)
 (X_68 96.47494506835938)
 (X_69 62.68223571777344)
 (X_70 190.66400146484375)
 (X_71 148.36033630371094)
 (X_72 71.33300018310547)
 (X_73 111.29131317138672)
 (X_74 73.03224182128906)
 (X_75 78.63912200927734)
 (X_76 117.33688354492188)
 (X_77 102.60623931884766)
 (X_78 69.58771514892578)
 (X_79 168.45387268066406)
 (X_80 160.00344848632812)
 (X_81 82.96463012695312)
 (X_82 60.78086853027344)
 (X_83 54.92112731933594)
 (X_84 79.49970245361328)
 (X_85 79.53881072998047)
 (X_86 87.33026123046875)
 (X_87 67.65303039550781)
 (X_88 160.24293518066406)
 (X_89 166.4092254638672)
 (X_90 88.741943359375)
 (X_91 38.56678009033203)
 (X_92 59.139129638671875)
 (X_93 78.8965835571289)
 (X_94 78.1636734008789)
 (X_95 101.6363525390625)
 (X_96 58.23809051513672)
 (X_97 161.14547729492188)
 (X_98 169.19436645507812)
 (X_99 78.79974365234375)
 (X_100 40.885032653808594)
 (X_101 86.12139892578125)
 (X_102 78.99734497070312)
 (X_103 76.3238525390625)
 (X_104 125.0146713256836)
 (X_105 52.09794998168945)
 (X_106 153.62074279785156)
 (X_107 194.23956298828125)
 (X_108 81.80464172363281)
 (X_109 38.22303771972656)
 (X_110 115.5494613647461)
 (X_111 80.64532470703125)
 (X_112 72.92628479003906)
 (X_113 154.44857788085938)
 (X_114 60.16870880126953)
 (X_115 148.94625854492188)
 (X_116 207.86502075195312)
 (X_117 82.15780639648438)
 (X_118 40.23918151855469)
 (X_119 134.78453063964844)
 (X_120 93.76029205322266)
 (X_121 76.34446716308594)
 (X_122 158.4310760498047)
 (X_123 72.91438293457031)
 (X_124 159.97169494628906)
 (X_125 204.64328002929688)
 (X_126 84.31816864013672)
 (X_127 39.418739318847656)
 (X_128 127.30206298828125)
 (X_129 80.03175354003906)
 (X_130 78.6203384399414)
 (X_131 137.1721954345703)
 (X_132 56.06611633300781)
 (X_133 156.70826721191406)
 (X_134 191.2932891845703)
 (X_135 70.35308074951172)
 (X_136 66.54175567626953)
 (X_137 91.18927001953125)
 (X_138 68.1337661743164)
 (X_139 100.78936004638672)
 (X_140 109.75536346435547)
 (X_141 60.66133117675781)
 (X_142 170.32200622558594)
 (X_143 177.62335205078125)
 (X_144 66.82472229003906)
 (X_145 94.0564193725586)
 (X_146 47.075462341308594)
 (X_147 59.31435012817383)
 (X_148 129.0398712158203)
 (X_149 83.58009338378906)
 (X_150 49.405555725097656)
 (X_151 185.01669311523438)
 (X_152 158.5855712890625)
 (X_153 55.235694885253906)
 (X_154 111.52689361572266)
 (X_155 49.00190734863281)
 (X_156 56.60244369506836)
 (X_157 136.13723754882812)
 (X_158 78.88928985595703)
 (X_159 50.38516616821289)
 (X_160 195.88739013671875)
 (X_161 158.74807739257812)
 (X_162 54.23290252685547)
 (X_163 121.91213989257812)
 (X_164 43.907081604003906)
 (X_165 70.92716217041016)
 (X_166 149.8428192138672)
 (X_167 80.03486633300781)
 (X_168 56.941165924072266)
 (X_169 196.4995574951172)
 (X_170 158.83399963378906)
 (X_171 63.71280288696289)
 (X_172 125.34668731689453)
 (X_173 46.765228271484375)
 (X_174 71.20435333251953)
 (X_175 137.29519653320312)
 (X_176 78.72621154785156)
 (X_177 63.69529724121094)
 (X_178 182.55738830566406)
 (X_179 156.92282104492188)
 (X_180 63.65840530395508)
 (X_181 99.21649169921875)
 (X_182 35.48533630371094)
 (X_183 75.74352264404297)
 (X_184 120.77596282958984)
 (X_185 75.54141998291016)
 (X_186 60.86063766479492)
 (X_187 170.12710571289062)
 (X_188 153.10372924804688)
 (X_189 68.38148498535156)
 (X_190 87.00911712646484)
 (X_191 35.090511322021484)
 (X_192 74.01988983154297)
 (X_193 101.28263854980469)
 (X_194 82.1133041381836)
 (X_195 54.57628631591797)
 (X_196 147.0487518310547)
 (X_197 157.47918701171875)
 (X_198 73.84710693359375)
 (X_199 73.21953582763672)
 (X_200 39.38656234741211)
 (X_201 72.27310180664062)
 (X_202 88.1740493774414)
 (X_203 83.09642791748047)
 (X_204 57.79697036743164)
 (X_205 126.60624694824219)
 (X_206 159.70396423339844)
 (X_207 68.3359375)
 (X_208 68.99172973632812)
 (X_209 55.11211013793945)
 (X_210 69.31146240234375)
 (X_211 88.17469024658203)
 (X_212 100.75053405761719)
 (X_213 51.74296951293945)
 (X_214 108.758544921875)
 (X_215 148.53134155273438)
 (X_216 68.67648315429688)
 (X_217 76.64604949951172)
 (X_218 77.06124877929688)
 (X_219 66.20350646972656)
 (X_220 77.88673400878906)
 (X_221 101.63461303710938)
 (X_222 57.89874267578125)
 (X_223 82.46685028076172)
 (X_224 130.64202880859375)
 (X_225 60.98939514160156)
 (X_226 64.4134750366211)
 (X_227 80.46448516845703)
 (X_228 61.368675231933594)
 (X_229 71.1920166015625)
 (X_230 97.00935363769531)
 (X_231 50.12879943847656)
 (X_232 68.5810317993164)
 (X_233 100.46568298339844)
 (X_234 62.14786911010742)
 (X_235 66.55656433105469)
 (X_236 83.6383056640625)
 (X_237 69.48615264892578)
 (X_238 63.71195983886719)
 (X_239 80.27854919433594)
 (X_240 51.38850402832031)
 (X_241 50.563751220703125)
 (X_242 75.95634460449219)
 (X_243 65.67515563964844)
 (X_244 56.13833236694336)
 (X_245 72.69593811035156)
 (X_246 62.17313003540039)
 (X_247 59.269832611083984)
 (X_248 84.98335266113281)
 (X_249 44.31306457519531)
 (X_250 49.4332275390625)
 (X_251 68.45211029052734)
 (X_252 78.59829711914062)
 (X_253 55.1866455078125)
 (X_254 64.2485580444336)
 (X_255 80.28825378417969)
 (X_256 59.32703399658203)
 (X_257 81.35140228271484)
 (X_258 69.70336151123047)
 (X_259 49.231685638427734)
 (X_260 55.65860366821289)
 (X_261 84.11408996582031)
 (X_262 51.06834411621094)
 (X_263 63.558040618896484)
 (X_264 86.4398422241211)
 (X_265 54.510711669921875)
 (X_266 62.27827453613281)
 (X_267 74.3147964477539)
 (X_268 45.5159912109375)
 (X_269 50.39714431762695)
 (X_270 88.39118957519531)
 (X_271 75.72541809082031)
 (X_272 88.29620361328125)
 (X_273 86.34869384765625)
 (X_274 85.4052734375)
 (X_275 84.2891616821289)
 (X_276 70.1120834350586)
 (X_277 61.05154037475586)
 (X_278 68.46147155761719)
 (X_279 96.37664794921875)
 (X_280 85.66089630126953)
 (X_281 70.82781219482422)
 (X_282 81.7331771850586)
 (X_283 83.39789581298828)
 (X_284 75.79460906982422)
 (X_285 76.11112976074219)
 (X_286 69.38654327392578)
 (X_287 65.43524932861328)
 (X_288 85.47674560546875)
 (X_289 93.92308044433594)
 (X_290 64.89418029785156)
 (X_291 83.59925842285156)
 (X_292 87.68818664550781)
 (X_293 71.59967041015625)
 (X_294 61.54119110107422)
 (X_295 72.63841247558594)
 (X_296 62.15366744995117)
 (X_297 77.86193084716797)
 (X_298 96.99816131591797)
 (X_299 74.8801040649414)
 (X_300 74.85948944091797)
 (X_301 90.87532806396484)
 (X_302 68.76525115966797)
 (X_303 56.44818878173828)
 (X_304 86.4885025024414)
 (X_305 62.40320587158203)
 (X_306 78.02593231201172)
 (X_307 147.30899047851562)
 (X_308 70.33712768554688)
 (X_309 83.54273986816406)
 (X_310 137.88259887695312)
 (X_311 71.95699310302734)
 (X_312 59.41671371459961)
 (X_313 140.29678344726562)
 (X_314 61.3441162109375)
 (X_315 75.6431655883789)
 (X_316 169.0849609375)
 (X_317 60.09123992919922)
 (X_318 71.77180480957031)
 (X_319 160.49295043945312)
 (X_320 67.27446746826172)
 (X_321 52.95996856689453)
 (X_322 170.85226440429688)
 (X_323 75.29703521728516)
 (X_324 66.75399017333984)
 (X_325 163.10614013671875)
 (X_326 71.65023803710938)
 (X_327 67.02591705322266)
 (X_328 156.4860076904297)
 (X_329 81.73129272460938)
 (X_330 49.38151168823242)
 (X_331 187.57054138183594)
 (X_332 106.50057983398438)
 (X_333 57.40874099731445)
 (X_334 124.65925598144531)
 (X_335 80.44244384765625)
 (X_336 64.22249603271484)
 (X_337 128.59161376953125)
 (X_338 97.99517059326172)
 (X_339 48.067413330078125)
 (X_340 173.00656127929688)
 (X_341 135.4608917236328)
 (X_342 57.65904998779297)
 (X_343 76.27143096923828)
 (X_344 76.83580017089844)
 (X_345 65.30683898925781)
 (X_346 95.8447265625)
 (X_347 98.22130584716797)
 (X_348 49.59005355834961)
 (X_349 156.2440185546875)
 (X_350 146.48716735839844)
 (X_351 71.46744537353516)
 (X_352 52.908164978027344)
 (X_353 66.66593933105469)
 (X_354 64.97058868408203)
 (X_355 82.89559173583984)
 (X_356 92.6207504272461)
 (X_357 53.42424011230469)
 (X_358 158.81326293945312)
 (X_359 165.28631591796875)
 (X_360 80.3058090209961)
 (X_361 35.336456298828125)
 (X_362 68.27247619628906)
 (X_363 68.21454620361328)
 (X_364 83.72586059570312)
 (X_365 98.03022003173828)
 (X_366 57.691287994384766)
 (X_367 162.423828125)
 (X_368 174.2748565673828)
 (X_369 75.5143814086914)
 (X_370 41.07244110107422)
 (X_371 91.8560791015625)
 (X_372 79.3744888305664)
 (X_373 83.52509307861328)
 (X_374 133.5894317626953)
 (X_375 55.05522918701172)
 (X_376 162.1455841064453)
 (X_377 203.54269409179688)
 (X_378 71.38070678710938)
 (X_379 41.142982482910156)
 (X_380 108.84233856201172)
 (X_381 74.59374237060547)
 (X_382 79.04350280761719)
 (X_383 156.84217834472656)
 (X_384 62.908477783203125)
 (X_385 150.20697021484375)
 (X_386 208.4139862060547)
 (X_387 88.57061767578125)
 (X_388 33.65531539916992)
 (X_389 139.3259735107422)
 (X_390 89.78050994873047)
 (X_391 82.28046417236328)
 (X_392 157.9967041015625)
 (X_393 74.73802947998047)
 (X_394 157.63990783691406)
 (X_395 217.31051635742188)
 (X_396 85.5450210571289)
 (X_397 38.9339485168457)
 (X_398 132.71319580078125)
 (X_399 74.83673858642578)
 (X_400 77.75676727294922)
 (X_401 148.57508850097656)
 (X_402 58.20848846435547)
 (X_403 154.86134338378906)
 (X_404 196.212890625)
 (X_405 67.14906311035156)
 (X_406 45.07620620727539)
 (X_407 90.6521224975586)
 (X_408 62.06459045410156)
 (X_409 90.91324615478516)
 (X_410 108.95769500732422)
 (X_411 47.824951171875)
 (X_412 157.16140747070312)
 (X_413 172.95458984375)
 (X_414 55.128055572509766)
 (X_415 74.03483581542969)
 (X_416 47.045291900634766)
 (X_417 58.578731536865234)
 (X_418 118.26136016845703)
 (X_419 78.45232391357422)
 (X_420 43.235595703125)
 (X_421 182.92327880859375)
 (X_422 159.06532287597656)
 (X_423 59.071922302246094)
 (X_424 108.4439468383789)
 (X_425 40.18233871459961)
 (X_426 65.7712173461914)
 (X_427 155.8830108642578)
 (X_428 77.73583984375)
 (X_429 48.35696029663086)
 (X_430 197.13087463378906)
 (X_431 153.6019287109375)
 (X_432 57.948463439941406)
 (X_433 139.699951171875)
 (X_434 46.73638153076172)
 (X_435 59.16089630126953)
 (X_436 169.82302856445312)
 (X_437 79.19340515136719)
 (X_438 45.10941696166992)
 (X_439 214.30288696289062)
 (X_440 160.45596313476562)
 (X_441 53.326904296875)
 (X_442 138.7156524658203)
 (X_443 39.339881896972656)
 (X_444 61.174381256103516)
 (X_445 160.91299438476562)
 (X_446 79.55440521240234)
 (X_447 53.9039421081543)
 (X_448 199.50601196289062)
 (X_449 156.9058837890625)
 (X_450 59.00918960571289)
 (X_451 130.01123046875)
 (X_452 36.031280517578125)
 (X_453 59.67222213745117)
 (X_454 143.1868438720703)
 (X_455 78.45233154296875)
 (X_456 47.398887634277344)
 (X_457 185.57119750976562)
 (X_458 161.200439453125)
 (X_459 61.679039001464844)
 (X_460 108.20421600341797)
 (X_461 39.972991943359375)
 (X_462 63.099369049072266)
 (X_463 120.93603515625)
 (X_464 78.01807403564453)
 (X_465 54.5323600769043)
 (X_466 170.9593505859375)
 (X_467 151.03323364257812)
 (X_468 73.60639953613281)
 (X_469 78.17919921875)
 (X_470 57.61454772949219)
 (X_471 76.09017181396484)
 (X_472 103.20164489746094)
 (X_473 88.48290252685547)
 (X_474 53.176395416259766)
 (X_475 140.83523559570312)
 (X_476 155.426025390625)
 (X_477 67.86836242675781)
 (X_478 71.4325942993164)
 (X_479 73.24004364013672)
 (X_480 65.96110534667969)
 (X_481 88.9429702758789)
 (X_482 99.91848754882812)
 (X_483 56.26637649536133)
 (X_484 120.02027130126953)
 (X_485 137.3645477294922)
 (X_486 72.56124877929688)
 (X_487 70.52741241455078)
 (X_488 84.79195404052734)
 (X_489 73.326904296875)
 (X_490 82.15483093261719)
 (X_491 101.82931518554688)
 (X_492 55.03984069824219)
 (X_493 93.29242706298828)
 (X_494 108.91802215576172)
 (X_495 71.43362426757812)
 (X_496 70.09435272216797)
 (X_497 89.20893859863281)
 (X_498 75.1348648071289)
 (X_499 75.65060424804688)
 (X_500 97.03160095214844)
 (X_501 61.09972381591797)
 (X_502 76.80349731445312)
 (X_503 85.10811614990234)
 (X_504 72.19573211669922)
 (X_505 69.21176147460938)
 (X_506 90.70438385009766)
 (X_507 71.17481994628906)
 (X_508 63.219852447509766)
 (X_509 98.05487060546875)
 (X_510 51.557830810546875)
 (X_511 62.768272399902344)
 (X_512 69.99004364013672)
 (X_513 63.659141540527344)
 (X_514 58.135902404785156)
 (X_515 96.83063507080078)
 (X_516 68.54566192626953)
 (X_517 64.7214584350586)
 (X_518 97.61991882324219)
 (X_519 50.1711311340332)
 (X_520 57.48293685913086)
 (X_521 65.01806640625)
 (X_522 61.751338958740234)
 (X_523 64.90725708007812)
 (X_524 82.04737091064453)
 (X_525 72.53975677490234)
 (X_526 78.4677505493164)
 (X_527 87.71959686279297)
 (X_528 57.2425422668457)
 (X_529 59.883697509765625)
 (X_530 60.14179992675781)
 (X_531 65.19317626953125)
 (X_532 68.79755401611328)
 (X_533 74.85318756103516)
 (X_534 69.59273529052734)
 (X_535 66.08670806884766)
 (X_536 80.04680633544922)
 (X_537 57.44395065307617)
 (X_538 53.83168029785156)
 (X_539 57.13912582397461)
 (X_540 80.35308074951172)
 (X_541 92.86051940917969)
 (X_542 84.71025085449219)
 (X_543 73.3718032836914)
 (X_544 98.58624267578125)
 (X_545 83.21758270263672)
 (X_546 52.846839904785156)
 (X_547 76.0772933959961)
 (X_548 57.54423522949219)
 (X_549 83.99159240722656)
 (X_550 85.0627212524414)
 (X_551 98.02555847167969)
 (X_552 80.47381591796875)
 (X_553 85.46951293945312)
 (X_554 93.62808227539062)
 (X_555 72.39374542236328)
 (X_556 60.33838653564453)
 (X_557 77.353759765625)
 (X_558 81.35965728759766)
 (X_559 79.39737701416016)
 (X_560 76.84832763671875)
 (X_561 78.73277282714844)
 (X_562 83.54952239990234)
 (X_563 69.13014221191406)
 (X_564 57.14704895019531)
 (X_565 62.52467727661133)
 (X_566 59.12888717651367)
 (X_567 75.55884552001953)
 (X_568 88.88092803955078)
 (X_569 60.03725051879883)
 (X_570 80.44511413574219)
 (X_571 86.58438873291016)
 (X_572 61.2801399230957)
 (X_573 63.75320053100586)
 (X_574 83.91006469726562)
 (X_575 48.85865020751953)
 (X_576 76.09469604492188)
 (X_577 126.89962005615234)
 (X_578 52.62492370605469)
 (X_579 78.68440246582031)
 (X_580 130.19940185546875)
 (X_581 57.58717346191406)
 (X_582 64.07496643066406)
 (X_583 131.6361083984375)
 (X_584 36.2637939453125)
 (X_585 81.5317153930664)
 (X_586 143.50628662109375)
 (X_587 46.648372650146484)
 (X_588 82.47843170166016)
 (X_589 147.9857635498047)
 (X_590 55.3826904296875)
 (X_591 65.48211669921875)
 (X_592 162.52989196777344)
 (X_593 45.22178649902344)
 (X_594 85.48172760009766)
 (X_595 133.14498901367188)
 (X_596 66.39820098876953)
 (X_597 79.55532836914062)
 (X_598 139.55667114257812)
 (X_599 81.05982971191406)
 (X_600 62.94118118286133)
 (X_601 172.65606689453125)
 (X_602 82.47838592529297)
 (X_603 79.23047637939453)
 (X_604 100.92990112304688)
 (X_605 82.36756134033203)
 (X_606 78.64930725097656)
 (X_607 115.37034606933594)
 (X_608 99.42416381835938)
 (X_609 60.60762023925781)
 (X_610 164.67466735839844)
 (X_611 109.54106903076172)
 (X_612 85.97107696533203)
 (X_613 59.119422912597656)
 (X_614 86.68302917480469)
 (X_615 81.41475677490234)
 (X_616 85.91057586669922)
 (X_617 97.67674255371094)
 (X_618 69.89167022705078)
 (X_619 150.042724609375)
 (X_620 139.8773193359375)
 (X_621 85.46621704101562)
 (X_622 40.70647048950195)
 (X_623 78.63529205322266)
 (X_624 93.97779083251953)
 (X_625 80.2396240234375)
 (X_626 101.77916717529297)
 (X_627 69.87007904052734)
 (X_628 155.52362060546875)
 (X_629 154.17660522460938)
 (X_630 79.95442199707031)
 (X_631 34.79501724243164)
 (X_632 77.94657135009766)
 (X_633 84.67784118652344)
 (X_634 75.12932586669922)
 (X_635 111.7560806274414)
 (X_636 59.5102424621582)
 (X_637 159.59849548339844)
 (X_638 171.51705932617188)
 (X_639 89.86302185058594)
 (X_640 40.14387130737305)
 (X_641 96.09730529785156)
 (X_642 79.72885131835938)
 (X_643 81.6299057006836)
 (X_644 133.81008911132812)
 (X_645 63.4640998840332)
 (X_646 161.70664978027344)
 (X_647 194.28903198242188)
 (X_648 78.785888671875)
 (X_649 31.7929630279541)
 (X_650 122.12577056884766)
 (X_651 86.17950439453125)
 (X_652 87.42333221435547)
 (X_653 153.3408966064453)
 (X_654 63.35078048706055)
 (X_655 152.9615020751953)
 (X_656 213.22267150878906)
 (X_657 70.39213562011719)
 (X_658 55.2486572265625)
 (X_659 126.76461791992188)
 (X_660 82.89021301269531)
 (X_661 103.86914825439453)
 (X_662 143.01307678222656)
 (X_663 60.053653717041016)
 (X_664 177.53086853027344)
 (X_665 202.5031280517578)
 (X_666 70.31917572021484)
 (X_667 109.62677001953125)
 (X_668 105.28759002685547)
 (X_669 77.08116149902344)
 (X_670 139.61473083496094)
 (X_671 123.46400451660156)
 (X_672 59.82643127441406)
 (X_673 199.7809295654297)
 (X_674 185.43408203125)
 (X_675 71.61181640625)
 (X_676 152.07901000976562)
 (X_677 66.7237777709961)
 (X_678 77.83338928222656)
 (X_679 173.10934448242188)
 (X_680 94.00630950927734)
 (X_681 63.12187957763672)
 (X_682 219.66372680664062)
 (X_683 172.03138732910156)
 (X_684 77.58790588378906)
 (X_685 180.35174560546875)
 (X_686 40.64471435546875)
 (X_687 70.19993591308594)
 (X_688 192.10633850097656)
 (X_689 78.54905700683594)
 (X_690 52.460262298583984)
 (X_691 234.6270294189453)
 (X_692 158.42462158203125)
 (X_693 63.154605865478516)
 (X_694 194.57591247558594)
 (X_695 46.42482376098633)
 (X_696 61.084312438964844)
 (X_697 207.44847106933594)
 (X_698 80.41616821289062)
 (X_699 46.42779541015625)
 (X_700 243.76425170898438)
 (X_701 162.62686157226562)
 (X_702 56.96083068847656)
 (X_703 212.960205078125)
 (X_704 37.98650360107422)
 (X_705 56.639644622802734)
 (X_706 219.22608947753906)
 (X_707 75.80493927001953)
 (X_708 48.779117584228516)
 (X_709 242.23602294921875)
 (X_710 162.1995391845703)
 (X_711 61.741233825683594)
 (X_712 210.59307861328125)
 (X_713 35.878238677978516)
 (X_714 58.651363372802734)
 (X_715 202.83956909179688)
 (X_716 76.61695861816406)
 (X_717 53.24184036254883)
 (X_718 236.0048828125)
 (X_719 162.8528594970703)
 (X_720 66.40097045898438)
 (X_721 183.5329132080078)
 (X_722 34.45209503173828)
 (X_723 64.72805786132812)
 (X_724 182.80325317382812)
 (X_725 76.60224914550781)
 (X_726 55.294010162353516)
 (X_727 219.8480987548828)
 (X_728 157.97433471679688)
 (X_729 66.43843841552734)
 (X_730 152.18942260742188)
 (X_731 47.67433547973633)
 (X_732 76.8270263671875)
 (X_733 154.31488037109375)
 (X_734 89.47035217285156)
 (X_735 61.91692352294922)
 (X_736 200.04971313476562)
 (X_737 158.58413696289062)
 (X_738 79.19923400878906)
 (X_739 108.93241119384766)
 (X_740 65.7804946899414)
 (X_741 80.12800598144531)
 (X_742 130.98204040527344)
 (X_743 102.53169250488281)
 (X_744 61.54102325439453)
 (X_745 166.92633056640625)
 (X_746 154.22940063476562)
 (X_747 74.88761901855469)
 (X_748 80.73876190185547)
 (X_749 95.7888412475586)
 (X_750 76.82439422607422)
 (X_751 98.96292114257812)
 (X_752 114.91259765625)
 (X_753 60.350616455078125)
 (X_754 132.47853088378906)
 (X_755 131.74403381347656)
 (X_756 70.62507629394531)
 (X_757 63.5993537902832)
 (X_758 116.39640808105469)
 (X_759 72.41627502441406)
 (X_760 77.8930892944336)
 (X_761 108.98851776123047)
 (X_762 53.670799255371094)
 (X_763 107.67064666748047)
 (X_764 105.47834014892578)
 (X_765 66.23861694335938)
 (X_766 68.88084411621094)
 (X_767 104.07294464111328)
 (X_768 72.79991912841797)
 (X_769 72.12152099609375)
 (X_770 101.44799041748047)
 (X_771 51.270965576171875)
 (X_772 84.23658752441406)
 (X_773 71.06800079345703)
 (X_774 62.66926956176758)
 (X_775 66.97904205322266)
 (X_776 95.1666030883789)
 (X_777 65.70220947265625)
 (X_778 71.7070083618164)
 (X_779 82.62335205078125)
 (X_780 52.11682891845703)
 (X_781 64.74775695800781)
 (X_782 57.62353515625)
 (X_783 71.71218872070312)
 (X_784 58.86368179321289)
 (X_785 98.33405303955078)
 (X_786 71.18931579589844)
 (X_787 68.67575073242188)
 (X_788 96.23820495605469)
 (X_789 51.312068939208984)
 (X_790 63.569671630859375)
 (X_791 72.11040496826172)
 (X_792 63.27958679199219)
 (X_793 54.58765411376953)
 (X_794 88.7255859375)
 (X_795 63.744102478027344)
 (X_796 61.35946273803711)
 (X_797 99.73062133789062)
 (X_798 56.44465255737305)
 (X_799 60.0206413269043)
 (X_800 64.92025756835938)
 (X_801 60.760440826416016)
 (X_802 58.776302337646484)
 (X_803 91.38951110839844)
 (X_804 72.81221008300781)
 (X_805 62.43004608154297)
 (X_806 93.56696319580078)
 (X_807 52.515968322753906)
 (X_808 47.7703742980957)
 (X_809 71.80435180664062)
 (X_810 58.25503921508789)
 (X_811 99.53349304199219)
 (X_812 100.64366149902344)
 (X_813 50.024681091308594)
 (X_814 96.70584106445312)
 (X_815 84.2113037109375)
 (X_816 35.630435943603516)
 (X_817 68.2474136352539)
 (X_818 63.551063537597656)
 (X_819 55.376747131347656)
 (X_820 83.1818618774414)
 (X_821 100.95429229736328)
 (X_822 52.66865921020508)
 (X_823 85.30280303955078)
 (X_824 90.55640411376953)
 (X_825 32.62152099609375)
 (X_826 54.42373275756836)
 (X_827 68.01532745361328)
 (X_828 62.66545867919922)
 (X_829 74.31663513183594)
 (X_830 74.75098419189453)
 (X_831 66.641845703125)
 (X_832 73.94773864746094)
 (X_833 69.52863311767578)
 (X_834 50.92802429199219)
 (X_835 57.94475555419922)
 (X_836 59.273868560791016)
 (X_837 87.31023406982422)
 (X_838 78.22992706298828)
 (X_839 68.52071380615234)
 (X_840 80.4316177368164)
 (X_841 88.9073715209961)
 (X_842 69.85234832763672)
 (X_843 60.7697639465332)
 (X_844 87.90484619140625)
 (X_845 50.66511535644531)
 (X_846 65.149169921875)
 (X_847 117.60255432128906)
 (X_848 79.89344787597656)
 (X_849 74.52922058105469)
 (X_850 127.87773895263672)
 (X_851 76.93851470947266)
 (X_852 58.333335876464844)
 (X_853 124.80751037597656)
 (X_854 62.39173126220703)
 (X_855 80.5495834350586)
 (X_856 127.2775650024414)
 (X_857 88.00325775146484)
 (X_858 84.28411865234375)
 (X_859 139.721435546875)
 (X_860 78.46891784667969)
 (X_861 72.28556823730469)
 (X_862 165.9778594970703)
 (X_863 59.87179946899414)
 (X_864 112.27823638916016)
 (X_865 113.02210235595703)
 (X_866 67.8034439086914)
 (X_867 101.80201721191406)
 (X_868 131.70404052734375)
 (X_869 73.52845764160156)
 (X_870 79.31787872314453)
 (X_871 169.1042938232422)
 (X_872 64.52467346191406)
 (X_873 102.83304595947266)
 (X_874 81.99264526367188)
 (X_875 78.86639404296875)
 (X_876 94.39653778076172)
 (X_877 104.69526672363281)
 (X_878 82.1247329711914)
 (X_879 67.9588623046875)
 (X_880 164.9723358154297)
 (X_881 93.65745544433594)
 (X_882 77.90377044677734)
 (X_883 48.1247444152832)
 (X_884 86.37060546875)
 (X_885 83.5360336303711)
 (X_886 82.30856323242188)
 (X_887 105.25708770751953)
 (X_888 55.78651428222656)
 (X_889 152.23460388183594)
 (X_890 121.27825164794922)
 (X_891 82.88091278076172)
 (X_892 43.517799377441406)
 (X_893 86.87091827392578)
 (X_894 90.59413146972656)
 (X_895 79.80717468261719)
 (X_896 108.07913970947266)
 (X_897 55.002689361572266)
 (X_898 161.33143615722656)
 (X_899 135.98812866210938)
 (X_900 66.491455078125)
 (X_901 40.38761520385742)
 (X_902 91.53103637695312)
 (X_903 69.45020294189453)
 (X_904 79.68669891357422)
 (X_905 101.09759521484375)
 (X_906 50.713172912597656)
 (X_907 164.2661895751953)
 (X_908 154.74412536621094)
 (X_909 67.09410095214844)
 (X_910 47.20304870605469)
 (X_911 84.15399932861328)
 (X_912 78.47486877441406)
 (X_913 92.83507537841797)
 (X_914 110.1587142944336)
 (X_915 55.82548522949219)
 (X_916 174.08456420898438)
 (X_917 174.52105712890625)
 (X_918 75.26824188232422)
 (X_919 73.71458435058594)
 (X_920 89.72625732421875)
 (X_921 77.43766021728516)
 (X_922 130.18995666503906)
 (X_923 106.51936340332031)
 (X_924 55.8712272644043)
 (X_925 197.08184814453125)
 (X_926 168.93699645996094)
 (X_927 74.70331573486328)
 (X_928 135.05825805664062)
 (X_929 71.87689208984375)
 (X_930 69.60839080810547)
 (X_931 178.15939331054688)
 (X_932 94.0512924194336)
 (X_933 49.76227569580078)
 (X_934 226.09402465820312)
 (X_935 160.37216186523438)
 (X_936 75.06160736083984)
 (X_937 211.99610900878906)
 (X_938 55.10435485839844)
 (X_939 71.52313232421875)
 (X_940 216.26109313964844)
 (X_941 87.49430847167969)
 (X_942 63.218936920166016)
 (X_943 248.19314575195312)
 (X_944 157.75390625)
 (X_945 81.16976928710938)
 (X_946 236.7156982421875)
 (X_947 44.19288635253906)
 (X_948 81.8152084350586)
 (X_949 231.2917022705078)
 (X_950 84.98971557617188)
 (X_951 66.31026458740234)
 (X_952 254.48876953125)
 (X_953 152.6398468017578)
 (X_954 86.57292175292969)
 (X_955 216.39598083496094)
 (X_956 47.626121520996094)
 (X_957 73.19068145751953)
 (X_958 224.2499542236328)
 (X_959 84.9223861694336)
 (X_960 57.391090393066406)
 (X_961 246.119384765625)
 (X_962 160.1707305908203)
 (X_963 56.325191497802734)
 (X_964 194.69332885742188)
 (X_965 42.34843826293945)
 (X_966 56.31612014770508)
 (X_967 218.6464080810547)
 (X_968 79.78117370605469)
 (X_969 48.824649810791016)
 (X_970 237.04161071777344)
 (X_971 153.41537475585938)
 (X_972 62.038387298583984)
 (X_973 192.3318328857422)
 (X_974 44.4599609375)
 (X_975 66.56867218017578)
 (X_976 216.98716735839844)
 (X_977 77.6152572631836)
 (X_978 58.155181884765625)
 (X_979 240.6194610595703)
 (X_980 160.01873779296875)
 (X_981 73.76541137695312)
 (X_982 203.9024200439453)
 (X_983 34.76435852050781)
 (X_984 77.78523254394531)
 (X_985 220.27359008789062)
 (X_986 80.34375)
 (X_987 57.83783721923828)
 (X_988 247.57737731933594)
 (X_989 155.93800354003906)
 (X_990 69.83761596679688)
 (X_991 190.6551971435547)
 (X_992 38.37185287475586)
 (X_993 77.3050537109375)
 (X_994 195.49948120117188)
 (X_995 89.802490234375)
 (X_996 64.71102142333984)
 (X_997 220.2738037109375)
 (X_998 157.73973083496094)
 (X_999 74.74132537841797)
 (X_1000 157.22457885742188)
 (X_1001 58.21759796142578)
 (X_1002 81.68000030517578)
 (X_1003 154.2828369140625)
 (X_1004 106.85858917236328)
 (X_1005 60.94016647338867)
 (X_1006 198.0721893310547)
 (X_1007 159.7989959716797)
 (X_1008 68.39813232421875)
 (X_1009 98.4886245727539)
 (X_1010 100.71885681152344)
 (X_1011 73.72274017333984)
 (X_1012 110.03568267822266)
 (X_1013 117.56615447998047)
 (X_1014 60.66945266723633)
 (X_1015 163.1256561279297)
 (X_1016 141.9932403564453)
 (X_1017 70.81131744384766)
 (X_1018 68.90674591064453)
 (X_1019 106.75765991210938)
 (X_1020 70.75003051757812)
 (X_1021 90.00390625)
 (X_1022 107.42149353027344)
 (X_1023 53.142032623291016)
 (X_1024 128.78953552246094)
 (X_1025 110.77664184570312)
 (X_1026 58.32585906982422)
 (X_1027 62.031349182128906)
 (X_1028 96.12864685058594)
 (X_1029 56.636566162109375)
 (X_1030 85.99870300292969)
 (X_1031 94.72469329833984)
 (X_1032 46.48548126220703)
 (X_1033 115.52228546142578)
 (X_1034 76.58330535888672)
 (X_1035 57.93131637573242)
 (X_1036 61.838260650634766)
 (X_1037 89.95600128173828)
 (X_1038 61.70220947265625)
 (X_1039 76.34917449951172)
 (X_1040 94.74225616455078)
 (X_1041 50.70412826538086)
 (X_1042 86.8934097290039)
 (X_1043 65.17251586914062)
 (X_1044 57.886566162109375)
 (X_1045 64.18441009521484)
 (X_1046 83.61474609375)
 (X_1047 59.9271125793457)
 (X_1048 66.10615539550781)
 (X_1049 88.79498291015625)
 (X_1050 49.77113342285156)
 (X_1051 66.36305236816406)
 (X_1052 63.89208984375)
 (X_1053 60.86756896972656)
 (X_1054 55.13935089111328)
 (X_1055 83.22949981689453)
 (X_1056 65.28436279296875)
 (X_1057 61.65431213378906)
 (X_1058 91.11900329589844)
 (X_1059 53.038597106933594)
 (X_1060 57.57090759277344)
 (X_1061 69.13211059570312)
 (X_1062 59.92612838745117)
 (X_1063 50.43339157104492)
 (X_1064 82.71696472167969)
 (X_1065 63.94188690185547)
 (X_1066 58.4276123046875)
 (X_1067 90.02005004882812)
 (X_1068 53.556793212890625)
 (X_1069 51.262168884277344)
 (X_1070 60.456634521484375)
 (X_1071 60.381874084472656)
 (X_1072 44.191097259521484)
 (X_1073 78.34442901611328)
 (X_1074 68.17588806152344)
 (X_1075 56.354679107666016)
 (X_1076 88.18592071533203)
 (X_1077 57.688236236572266)
 (X_1078 48.571903228759766)
 (X_1079 62.32337951660156)
 (X_1080 59.8941764831543)
 (X_1081 94.08821105957031)
 (X_1082 107.32340240478516)
 (X_1083 51.89243698120117)
 (X_1084 79.99006652832031)
 (X_1085 85.22442626953125)
 (X_1086 32.39936065673828)
 (X_1087 55.069400787353516)
 (X_1088 64.80599975585938)
 (X_1089 37.25334548950195)
 (X_1090 84.3869400024414)
 (X_1091 81.44898986816406)
 (X_1092 36.02857208251953)
 (X_1093 81.65018463134766)
 (X_1094 77.2861557006836)
 (X_1095 29.77803611755371)
 (X_1096 56.314430236816406)
 (X_1097 58.04649353027344)
 (X_1098 77.19622802734375)
 (X_1099 71.4439697265625)
 (X_1100 72.61528778076172)
 (X_1101 66.73703002929688)
 (X_1102 68.46997833251953)
 (X_1103 74.87222290039062)
 (X_1104 42.68205261230469)
 (X_1105 64.7511978149414)
 (X_1106 51.337520599365234)
 (X_1107 98.92472076416016)
 (X_1108 81.5203628540039)
 (X_1109 77.31293487548828)
 (X_1110 76.46334075927734)
 (X_1111 87.7800064086914)
 (X_1112 72.51107025146484)
 (X_1113 54.260353088378906)
 (X_1114 90.85379028320312)
 (X_1115 66.31124877929688)
 (X_1116 71.45332336425781)
 (X_1117 106.2568130493164)
 (X_1118 98.13945770263672)
 (X_1119 66.96366882324219)
 (X_1120 110.58104705810547)
 (X_1121 90.44493103027344)
 (X_1122 48.01253128051758)
 (X_1123 122.9139175415039)
 (X_1124 82.14693450927734)
 (X_1125 79.03861999511719)
 (X_1126 112.9845962524414)
 (X_1127 102.71971130371094)
 (X_1128 82.46525573730469)
 (X_1129 128.61221313476562)
 (X_1130 91.4385986328125)
 (X_1131 66.88314819335938)
 (X_1132 157.40960693359375)
 (X_1133 82.46749114990234)
 (X_1134 103.89556121826172)
 (X_1135 99.38630676269531)
 (X_1136 102.11277770996094)
 (X_1137 102.62765502929688)
 (X_1138 115.73797607421875)
 (X_1139 95.56822204589844)
 (X_1140 75.58523559570312)
 (X_1141 161.34820556640625)
 (X_1142 79.13874816894531)
 (X_1143 99.62440490722656)
 (X_1144 72.99348449707031)
 (X_1145 93.2978744506836)
 (X_1146 94.69129943847656)
 (X_1147 95.87335968017578)
 (X_1148 97.54749298095703)
 (X_1149 65.77276611328125)
 (X_1150 167.4957733154297)
 (X_1151 103.44200897216797)
 (X_1152 90.96126556396484)
 (X_1153 49.579002380371094)
 (X_1154 95.34736633300781)
 (X_1155 86.38798522949219)
 (X_1156 75.19457244873047)
 (X_1157 108.12313842773438)
 (X_1158 64.10742950439453)
 (X_1159 153.80960083007812)
 (X_1160 114.82642364501953)
 (X_1161 77.489990234375)
 (X_1162 44.741424560546875)
 (X_1163 105.26472473144531)
 (X_1164 80.40044403076172)
 (X_1165 81.30620574951172)
 (X_1166 110.60533142089844)
 (X_1167 48.02688217163086)
 (X_1168 169.8351593017578)
 (X_1169 116.81741333007812)
 (X_1170 67.72012329101562)
 (X_1171 44.588157653808594)
 (X_1172 95.16911315917969)
 (X_1173 70.77840423583984)
 (X_1174 91.99712371826172)
 (X_1175 105.80487060546875)
 (X_1176 47.49618148803711)
 (X_1177 168.9027862548828)
 (X_1178 129.70668029785156)
 (X_1179 74.19976043701172)
 (X_1180 67.36595153808594)
 (X_1181 84.66334533691406)
 (X_1182 77.9527816772461)
 (X_1183 118.7939682006836)
 (X_1184 103.91310119628906)
 (X_1185 58.136146545410156)
 (X_1186 199.83871459960938)
 (X_1187 146.77774047851562)
 (X_1188 83.02049255371094)
 (X_1189 116.3401107788086)
 (X_1190 74.7092514038086)
 (X_1191 92.21115112304688)
 (X_1192 161.15672302246094)
 (X_1193 97.27042388916016)
 (X_1194 66.1065902709961)
 (X_1195 228.45668029785156)
 (X_1196 156.28184509277344)
 (X_1197 90.6690902709961)
 (X_1198 161.0706024169922)
 (X_1199 72.63632202148438)
 (X_1200 80.21867370605469)
 (X_1201 197.4131622314453)
 (X_1202 99.09878540039062)
 (X_1203 65.95978546142578)
 (X_1204 241.12208557128906)
 (X_1205 156.5735626220703)
 (X_1206 97.58677673339844)
 (X_1207 186.00428771972656)
 (X_1208 61.71261215209961)
 (X_1209 89.46134948730469)
 (X_1210 184.4490966796875)
 (X_1211 85.82420349121094)
 (X_1212 64.99120330810547)
 (X_1213 214.02481079101562)
 (X_1214 152.29446411132812)
 (X_1215 83.23383331298828)
 (X_1216 151.8370361328125)
 (X_1217 53.56758117675781)
 (X_1218 84.1927261352539)
 (X_1219 154.69189453125)
 (X_1220 83.73479461669922)
 (X_1221 68.6290283203125)
 (X_1222 186.34194946289062)
 (X_1223 155.9176788330078)
 (X_1224 70.7069320678711)
 (X_1225 90.60863494873047)
 (X_1226 48.35097885131836)
 (X_1227 66.67240905761719)
 (X_1228 121.99708557128906)
 (X_1229 83.62381744384766)
 (X_1230 58.24701690673828)
 (X_1231 174.3560791015625)
 (X_1232 154.2659912109375)
 (X_1233 63.53786849975586)
 (X_1234 103.45121002197266)
 (X_1235 38.0432243347168)
 (X_1236 62.76496505737305)
 (X_1237 149.77955627441406)
 (X_1238 79.85966491699219)
 (X_1239 60.27056121826172)
 (X_1240 201.400146484375)
 (X_1241 147.21165466308594)
 (X_1242 68.1839370727539)
 (X_1243 138.27203369140625)
 (X_1244 42.21775817871094)
 (X_1245 71.53926086425781)
 (X_1246 172.32180786132812)
 (X_1247 86.86748504638672)
 (X_1248 54.28501892089844)
 (X_1249 227.98968505859375)
 (X_1250 146.77919006347656)
 (X_1251 73.90495300292969)
 (X_1252 174.56912231445312)
 (X_1253 67.9764404296875)
 (X_1254 70.53950500488281)
 (X_1255 191.70098876953125)
 (X_1256 97.6313247680664)
 (X_1257 53.62596130371094)
 (X_1258 234.07525634765625)
 (X_1259 156.10983276367188)
 (X_1260 75.19721221923828)
 (X_1261 152.2703094482422)
 (X_1262 83.06575775146484)
 (X_1263 71.77556610107422)
 (X_1264 163.91868591308594)
 (X_1265 108.6436538696289)
 (X_1266 54.39996337890625)
 (X_1267 200.53549194335938)
 (X_1268 161.57757568359375)
 (X_1269 65.58970642089844)
 (X_1270 104.50526428222656)
 (X_1271 100.36153411865234)
 (X_1272 76.30088806152344)
 (X_1273 113.9576187133789)
 (X_1274 126.98738098144531)
 (X_1275 53.08213806152344)
 (X_1276 163.87408447265625)
 (X_1277 150.80877685546875)
 (X_1278 65.25483703613281)
 (X_1279 62.12709426879883)
 (X_1280 99.95205688476562)
 (X_1281 69.0953369140625)
 (X_1282 94.1998291015625)
 (X_1283 100.94143676757812)
 (X_1284 54.078670501708984)
 (X_1285 158.59890747070312)
 (X_1286 95.81671905517578)
 (X_1287 63.12378692626953)
 (X_1288 50.0367431640625)
 (X_1289 92.4653091430664)
 (X_1290 68.28052520751953)
 (X_1291 93.94538879394531)
 (X_1292 81.4568862915039)
 (X_1293 53.64518737792969)
 (X_1294 147.52146911621094)
 (X_1295 72.0548324584961)
 (X_1296 67.79322814941406)
 (X_1297 62.1856689453125)
 (X_1298 70.69808197021484)
 (X_1299 71.71823120117188)
 (X_1300 81.33460235595703)
 (X_1301 88.27650451660156)
 (X_1302 54.090728759765625)
 (X_1303 125.95864868164062)
 (X_1304 68.93692016601562)
 (X_1305 52.45899963378906)
 (X_1306 60.19322204589844)
 (X_1307 80.9420166015625)
 (X_1308 61.7154655456543)
 (X_1309 72.77093505859375)
 (X_1310 89.70659637451172)
 (X_1311 49.268497467041016)
 (X_1312 94.8431396484375)
 (X_1313 67.36578369140625)
 (X_1314 49.87776565551758)
 (X_1315 62.748836517333984)
 (X_1316 73.53276824951172)
 (X_1317 50.4050178527832)
 (X_1318 62.004886627197266)
 (X_1319 78.2212905883789)
 (X_1320 41.28289031982422)
 (X_1321 69.83261108398438)
 (X_1322 58.05644226074219)
 (X_1323 48.5733642578125)
 (X_1324 55.0224723815918)
 (X_1325 64.39247131347656)
 (X_1326 62.504329681396484)
 (X_1327 66.80690002441406)
 (X_1328 77.42914581298828)
 (X_1329 53.46364212036133)
 (X_1330 59.13213348388672)
 (X_1331 48.37852478027344)
 (X_1332 56.26385498046875)
 (X_1333 59.87035369873047)
 (X_1334 64.25994110107422)
 (X_1335 71.13751220703125)
 (X_1336 67.77980041503906)
 (X_1337 68.6919937133789)
 (X_1338 60.7610969543457)
 (X_1339 54.67386245727539)
 (X_1340 47.2509765625)
 (X_1341 58.57261276245117)
 (X_1342 60.799354553222656)
 (X_1343 64.6314468383789)
 (X_1344 64.40751647949219)
 (X_1345 64.77963256835938)
 (X_1346 69.3514404296875)
 (X_1347 54.81852340698242)
 (X_1348 54.834083557128906)
 (X_1349 55.88114929199219)
 (X_1350 81.89666748046875)
 (X_1351 80.95921325683594)
 (X_1352 81.83641052246094)
 (X_1353 87.9397964477539)
 (X_1354 76.44383239746094)
 (X_1355 73.22805786132812)
 (X_1356 70.75379943847656)
 (X_1357 50.26411056518555)
 (X_1358 58.00606918334961)
 (X_1359 68.82720184326172)
 (X_1360 71.97753143310547)
 (X_1361 75.94657897949219)
 (X_1362 73.16638946533203)
 (X_1363 67.79574584960938)
 (X_1364 71.72515869140625)
 (X_1365 59.27107620239258)
 (X_1366 47.96561813354492)
 (X_1367 47.08607864379883)
 (X_1368 92.79536437988281)
 (X_1369 66.4499282836914)
 (X_1370 69.47774505615234)
 (X_1371 87.33377838134766)
 (X_1372 74.40105438232422)
 (X_1373 68.18468475341797)
 (X_1374 63.412899017333984)
 (X_1375 55.97142791748047)
 (X_1376 50.68873977661133)
 (X_1377 112.11199188232422)
 (X_1378 67.01713562011719)
 (X_1379 66.84423065185547)
 (X_1380 92.91252136230469)
 (X_1381 85.45207977294922)
 (X_1382 75.22038269042969)
 (X_1383 61.486602783203125)
 (X_1384 77.65626525878906)
 (X_1385 59.32799530029297)
 (X_1386 88.18148803710938)
 (X_1387 93.07100677490234)
 (X_1388 77.07829284667969)
 (X_1389 72.6581802368164)
 (X_1390 101.03562927246094)
 (X_1391 81.67577362060547)
 (X_1392 44.54448318481445)
 (X_1393 105.06255340576172)
 (X_1394 72.3912353515625)
 (X_1395 84.72103881835938)
 (X_1396 88.83080291748047)
 (X_1397 96.02766418457031)
 (X_1398 64.05579376220703)
 (X_1399 98.27581787109375)
 (X_1400 96.87718200683594)
 (X_1401 48.70216751098633)
 (X_1402 130.80613708496094)
 (X_1403 87.13555145263672)
 (X_1404 91.52359771728516)
 (X_1405 75.4781494140625)
 (X_1406 103.39049530029297)
 (X_1407 81.42680358886719)
 (X_1408 93.55982208251953)
 (X_1409 95.27978515625)
 (X_1410 68.34685516357422)
 (X_1411 153.4462890625)
 (X_1412 86.3115234375)
 (X_1413 84.70377349853516)
 (X_1414 65.99923706054688)
 (X_1415 89.30729675292969)
 (X_1416 87.04867553710938)
 (X_1417 96.60297393798828)
 (X_1418 91.91006469726562)
 (X_1419 70.24853515625)
 (X_1420 155.1708221435547)
 (X_1421 94.6032943725586)
 (X_1422 86.93731689453125)
 (X_1423 50.222068786621094)
 (X_1424 93.88916778564453)
 (X_1425 92.65082550048828)
 (X_1426 85.44241333007812)
 (X_1427 107.85527801513672)
 (X_1428 62.082122802734375)
 (X_1429 154.78128051757812)
 (X_1430 94.61393737792969)
 (X_1431 78.79049682617188)
 (X_1432 44.858123779296875)
 (X_1433 96.92739868164062)
 (X_1434 91.16692352294922)
 (X_1435 84.05782318115234)
 (X_1436 102.66900634765625)
 (X_1437 62.04408264160156)
 (X_1438 161.16824340820312)
 (X_1439 88.17726135253906)
 (X_1440 95.31785583496094)
 (X_1441 50.13176727294922)
 (X_1442 102.66297149658203)
 (X_1443 106.81590270996094)
 (X_1444 94.30901336669922)
 (X_1445 98.34916687011719)
 (X_1446 77.23637390136719)
 (X_1447 182.35330200195312)
 (X_1448 100.9559555053711)
 (X_1449 135.9571533203125)
 (X_1450 84.10739135742188)
 (X_1451 95.47305297851562)
 (X_1452 133.16551208496094)
 (X_1453 134.14541625976562)
 (X_1454 104.01956176757812)
 (X_1455 110.4292984008789)
 (X_1456 205.22874450683594)
 (X_1457 120.95894622802734)
 (X_1458 122.35952758789062)
 (X_1459 124.18926239013672)
 (X_1460 96.460693359375)
 (X_1461 133.03590393066406)
 (X_1462 165.4585418701172)
 (X_1463 106.62037658691406)
 (X_1464 129.86203002929688)
 (X_1465 217.45071411132812)
 (X_1466 142.765625)
 (X_1467 128.14590454101562)
 (X_1468 143.9981231689453)
 (X_1469 95.63682556152344)
 (X_1470 134.90353393554688)
 (X_1471 166.33253479003906)
 (X_1472 107.16726684570312)
 (X_1473 127.22999572753906)
 (X_1474 213.59835815429688)
 (X_1475 141.66616821289062)
 (X_1476 132.43548583984375)
 (X_1477 120.52256774902344)
 (X_1478 79.96675109863281)
 (X_1479 133.8235321044922)
 (X_1480 132.9769287109375)
 (X_1481 102.34173583984375)
 (X_1482 123.67776489257812)
 (X_1483 181.51158142089844)
 (X_1484 135.77540588378906)
 (X_1485 117.02288055419922)
 (X_1486 84.20186614990234)
 (X_1487 79.51758575439453)
 (X_1488 117.02201843261719)
 (X_1489 106.8162612915039)
 (X_1490 104.3263931274414)
 (X_1491 105.06348419189453)
 (X_1492 168.52264404296875)
 (X_1493 146.23855590820312)
 (X_1494 99.47289276123047)
 (X_1495 67.97695922851562)
 (X_1496 76.27696228027344)
 (X_1497 100.11796569824219)
 (X_1498 113.72478485107422)
 (X_1499 104.03760528564453)
 (X_1500 100.70011901855469)
 (X_1501 182.6532440185547)
 (X_1502 142.15811157226562)
 (X_1503 93.93180084228516)
 (X_1504 113.75543212890625)
 (X_1505 68.97669982910156)
 (X_1506 93.27103424072266)
 (X_1507 158.94760131835938)
 (X_1508 99.30086517333984)
 (X_1509 89.9928970336914)
 (X_1510 219.62164306640625)
 (X_1511 142.63504028320312)
 (X_1512 91.959716796875)
 (X_1513 152.77978515625)
 (X_1514 79.85358428955078)
 (X_1515 89.52957153320312)
 (X_1516 181.1775360107422)
 (X_1517 111.59627532958984)
 (X_1518 80.76519012451172)
 (X_1519 240.63551330566406)
 (X_1520 137.73475646972656)
 (X_1521 88.41654968261719)
 (X_1522 151.9275360107422)
 (X_1523 102.82270050048828)
 (X_1524 82.60247039794922)
 (X_1525 155.58538818359375)
 (X_1526 105.42029571533203)
 (X_1527 72.22073364257812)
 (X_1528 209.6352996826172)
 (X_1529 126.72281646728516)
 (X_1530 82.14253997802734)
 (X_1531 110.46538543701172)
 (X_1532 114.88351440429688)
 (X_1533 76.76457214355469)
 (X_1534 123.47334289550781)
 (X_1535 105.04124450683594)
 (X_1536 62.56246566772461)
 (X_1537 176.0644073486328)
 (X_1538 108.43315124511719)
 (X_1539 74.59661865234375)
 (X_1540 52.07804870605469)
 (X_1541 93.92982482910156)
 (X_1542 68.93901062011719)
 (X_1543 82.52178955078125)
 (X_1544 86.41649627685547)
 (X_1545 57.998043060302734)
 (X_1546 150.90736389160156)
 (X_1547 90.63551330566406)
 (X_1548 64.82560729980469)
 (X_1549 42.39411163330078)
 (X_1550 74.3512191772461)
 (X_1551 69.47042846679688)
 (X_1552 82.66781616210938)
 (X_1553 76.60301971435547)
 (X_1554 54.86026382446289)
 (X_1555 153.3583984375)
 (X_1556 65.14806365966797)
 (X_1557 56.40458679199219)
 (X_1558 50.28650665283203)
 (X_1559 70.49759674072266)
 (X_1560 65.93973541259766)
 (X_1561 86.1416015625)
 (X_1562 83.8678970336914)
 (X_1563 52.14445495605469)
 (X_1564 145.99075317382812)
 (X_1565 64.1764144897461)
 (X_1566 63.40450668334961)
 (X_1567 64.7109375)
 (X_1568 77.65779113769531)
 (X_1569 68.1587142944336)
 (X_1570 89.33329772949219)
 (X_1571 79.92901611328125)
 (X_1572 55.114967346191406)
 (X_1573 130.55203247070312)
 (X_1574 67.84440612792969)
 (X_1575 58.3714599609375)
 (X_1576 68.32540130615234)
 (X_1577 75.48438262939453)
 (X_1578 62.71015930175781)
 (X_1579 82.23839569091797)
 (X_1580 80.30208587646484)
 (X_1581 50.758296966552734)
 (X_1582 98.58001708984375)
 (X_1583 71.42365264892578)
 (X_1584 60.309288024902344)
 (X_1585 62.7620849609375)
 (X_1586 77.86539459228516)
 (X_1587 53.80933380126953)
 (X_1588 75.84589385986328)
 (X_1589 77.54991149902344)
 (X_1590 52.75148010253906)
 (X_1591 82.38043212890625)
 (X_1592 65.03071594238281)
 (X_1593 51.89373779296875)
 (X_1594 69.85951232910156)
 (X_1595 63.54502868652344)
 (X_1596 55.57719421386719)
 (X_1597 77.01388549804688)
 (X_1598 70.01493072509766)
 (X_1599 52.792598724365234)
 (X_1600 72.62760162353516)
 (X_1601 51.18906021118164)
 (X_1602 48.0646858215332)
 (X_1603 67.99147033691406)
 (X_1604 63.11997604370117)
 (X_1605 65.06813049316406)
 (X_1606 71.02981567382812)
 (X_1607 62.59681701660156)
 (X_1608 52.049163818359375)
 (X_1609 58.018470764160156)
 (X_1610 55.0792236328125)
 (X_1611 58.7188835144043)
 (X_1612 58.922882080078125)
 (X_1613 60.75957489013672)
 (X_1614 65.51275634765625)
 (X_1615 58.90901184082031)
 (X_1616 63.09335708618164)
 (X_1617 62.71381378173828)
 (X_1618 52.757728576660156)
 (X_1619 57.393558502197266)
 (X_1620 79.2667007446289)
 (X_1621 85.41141510009766)
 (X_1622 69.0594253540039)
 (X_1623 89.8497543334961)
 (X_1624 85.92717742919922)
 (X_1625 65.29826354980469)
 (X_1626 73.30049133300781)
 (X_1627 61.52154541015625)
 (X_1628 58.75959777832031)
 (X_1629 74.61772155761719)
 (X_1630 74.61721801757812)
 (X_1631 69.873779296875)
 (X_1632 86.81840515136719)
 (X_1633 76.09040069580078)
 (X_1634 65.2977523803711)
 (X_1635 60.50246810913086)
 (X_1636 57.602840423583984)
 (X_1637 51.83024597167969)
 (X_1638 75.87914276123047)
 (X_1639 70.87762451171875)
 (X_1640 66.53093719482422)
 (X_1641 87.35677337646484)
 (X_1642 79.4581527709961)
 (X_1643 64.36099243164062)
 (X_1644 57.43863296508789)
 (X_1645 59.95037078857422)
 (X_1646 56.50122833251953)
 (X_1647 94.42654418945312)
 (X_1648 69.37863159179688)
 (X_1649 71.949462890625)
 (X_1650 88.35057830810547)
 (X_1651 76.48269653320312)
 (X_1652 72.18640899658203)
 (X_1653 64.61946868896484)
 (X_1654 76.72895050048828)
 (X_1655 53.83787536621094)
 (X_1656 89.35069274902344)
 (X_1657 86.97763061523438)
 (X_1658 82.41385650634766)
 (X_1659 87.88516235351562)
 (X_1660 90.94519805908203)
 (X_1661 86.09677124023438)
 (X_1662 61.83924102783203)
 (X_1663 103.77422332763672)
 (X_1664 69.88311004638672)
 (X_1665 78.86579132080078)
 (X_1666 84.05342102050781)
 (X_1667 83.71886444091797)
 (X_1668 76.88655090332031)
 (X_1669 101.03882598876953)
 (X_1670 85.70467376708984)
 (X_1671 54.027137756347656)
 (X_1672 128.3079376220703)
 (X_1673 74.14175415039062)
 (X_1674 79.56040954589844)
 (X_1675 84.73634338378906)
 (X_1676 85.78670501708984)
 (X_1677 77.36347961425781)
 (X_1678 107.02652740478516)
 (X_1679 79.31329345703125)
 (X_1680 64.21112823486328)
 (X_1681 151.77511596679688)
 (X_1682 73.07740783691406)
 (X_1683 79.88639831542969)
 (X_1684 75.61656951904297)
 (X_1685 74.69963836669922)
 (X_1686 79.24974060058594)
 (X_1687 92.1639404296875)
 (X_1688 76.21531677246094)
 (X_1689 57.34911346435547)
 (X_1690 162.78114318847656)
 (X_1691 67.34334564208984)
 (X_1692 90.88224029541016)
 (X_1693 52.91868591308594)
 (X_1694 80.7734603881836)
 (X_1695 102.17792510986328)
 (X_1696 85.45028686523438)
 (X_1697 76.76136779785156)
 (X_1698 96.70740509033203)
 (X_1699 156.718017578125)
 (X_1700 70.72767639160156)
 (X_1701 122.2515869140625)
 (X_1702 42.063968658447266)
 (X_1703 81.79344940185547)
 (X_1704 136.9405059814453)
 (X_1705 86.76741790771484)
 (X_1706 80.28646087646484)
 (X_1707 140.22640991210938)
 (X_1708 168.65013122558594)
 (X_1709 56.8468132019043)
 (X_1710 193.5264129638672)
 (X_1711 53.617271423339844)
 (X_1712 79.56343078613281)
 (X_1713 204.51193237304688)
 (X_1714 102.11117553710938)
 (X_1715 86.7970962524414)
 (X_1716 191.4031524658203)
 (X_1717 183.04571533203125)
 (X_1718 65.04911041259766)
 (X_1719 237.20252990722656)
 (X_1720 87.5174331665039)
 (X_1721 83.90116882324219)
 (X_1722 212.2602996826172)
 (X_1723 140.11582946777344)
 (X_1724 86.45494079589844)
 (X_1725 208.5561065673828)
 (X_1726 199.72621154785156)
 (X_1727 82.88468170166016)
 (X_1728 189.46107482910156)
 (X_1729 106.1805191040039)
 (X_1730 84.13764190673828)
 (X_1731 174.9229736328125)
 (X_1732 145.18716430664062)
 (X_1733 83.171630859375)
 (X_1734 191.22857666015625)
 (X_1735 198.5883331298828)
 (X_1736 93.47233581542969)
 (X_1737 119.166259765625)
 (X_1738 119.06673431396484)
 (X_1739 78.35313415527344)
 (X_1740 140.32786560058594)
 (X_1741 154.26878356933594)
 (X_1742 81.549560546875)
 (X_1743 160.00547790527344)
 (X_1744 200.56088256835938)
 (X_1745 83.6500015258789)
 (X_1746 92.43351745605469)
 (X_1747 111.52014923095703)
 (X_1748 69.53585052490234)
 (X_1749 124.02423858642578)
 (X_1750 129.38417053222656)
 (X_1751 74.2832260131836)
 (X_1752 146.05667114257812)
 (X_1753 183.26730346679688)
 (X_1754 81.28831481933594)
 (X_1755 82.25942993164062)
 (X_1756 94.68003845214844)
 (X_1757 67.53330993652344)
 (X_1758 114.2940673828125)
 (X_1759 118.182861328125)
 (X_1760 78.0025634765625)
 (X_1761 143.32611083984375)
 (X_1762 179.9984130859375)
 (X_1763 94.28052520751953)
 (X_1764 83.99403381347656)
 (X_1765 103.9853286743164)
 (X_1766 75.01457977294922)
 (X_1767 103.27922821044922)
 (X_1768 127.01525115966797)
 (X_1769 88.52831268310547)
 (X_1770 142.84579467773438)
 (X_1771 197.27597045898438)
 (X_1772 96.51736450195312)
 (X_1773 83.3814697265625)
 (X_1774 120.90861511230469)
 (X_1775 89.40795135498047)
 (X_1776 100.70499420166016)
 (X_1777 149.64683532714844)
 (X_1778 96.35508728027344)
 (X_1779 125.62003326416016)
 (X_1780 213.70095825195312)
 (X_1781 102.71954345703125)
 (X_1782 85.02879333496094)
 (X_1783 103.84635925292969)
 (X_1784 94.85640716552734)
 (X_1785 102.81173706054688)
 (X_1786 131.5774688720703)
 (X_1787 103.9664077758789)
 (X_1788 119.56854248046875)
 (X_1789 190.02120971679688)
 (X_1790 90.4988021850586)
 (X_1791 82.75334930419922)
 (X_1792 67.22526550292969)
 (X_1793 92.8965835571289)
 (X_1794 94.76297760009766)
 (X_1795 97.457763671875)
 (X_1796 95.41914367675781)
 (X_1797 97.67039489746094)
 (X_1798 164.6007843017578)
 (X_1799 76.34017944335938)
 (X_1800 90.91034698486328)
 (X_1801 51.91522979736328)
 (X_1802 77.73702239990234)
 (X_1803 88.8267822265625)
 (X_1804 84.66071319580078)
 (X_1805 81.66349029541016)
 (X_1806 83.7496337890625)
 (X_1807 153.66326904296875)
 (X_1808 64.66932678222656)
 (X_1809 80.34789276123047)
 (X_1810 40.71589279174805)
 (X_1811 65.35868835449219)
 (X_1812 80.75501251220703)
 (X_1813 73.04480743408203)
 (X_1814 67.4828109741211)
 (X_1815 68.45310974121094)
 (X_1816 149.0596466064453)
 (X_1817 60.2775993347168)
 (X_1818 81.34163665771484)
 (X_1819 33.07073211669922)
 (X_1820 67.15782165527344)
 (X_1821 78.17326354980469)
 (X_1822 74.83423614501953)
 (X_1823 67.52723693847656)
 (X_1824 58.693389892578125)
 (X_1825 150.04811096191406)
 (X_1826 57.8080940246582)
 (X_1827 73.6794662475586)
 (X_1828 47.30704879760742)
 (X_1829 73.48625946044922)
 (X_1830 72.2334213256836)
 (X_1831 87.86443328857422)
 (X_1832 74.94895935058594)
 (X_1833 57.937583923339844)
 (X_1834 154.54005432128906)
 (X_1835 62.27055358886719)
 (X_1836 54.29637908935547)
 (X_1837 69.07037353515625)
 (X_1838 72.06661987304688)
 (X_1839 66.52323913574219)
 (X_1840 88.14569091796875)
 (X_1841 74.53870391845703)
 (X_1842 52.865638732910156)
 (X_1843 139.36602783203125)
 (X_1844 59.520362854003906)
 (X_1845 60.52569580078125)
 (X_1846 78.6456298828125)
 (X_1847 70.75521850585938)
 (X_1848 60.05076217651367)
 (X_1849 93.50137329101562)
 (X_1850 77.19058227539062)
 (X_1851 49.92534255981445)
 (X_1852 112.23271942138672)
 (X_1853 59.9669075012207)
 (X_1854 61.985225677490234)
 (X_1855 77.6385726928711)
 (X_1856 64.87104797363281)
 (X_1857 59.56184768676758)
 (X_1858 92.28641510009766)
 (X_1859 67.89553833007812)
 (X_1860 57.317405700683594)
 (X_1861 93.68993377685547)
 (X_1862 62.15255355834961)
 (X_1863 50.91850280761719)
 (X_1864 87.64250183105469)
 (X_1865 66.16333770751953)
 (X_1866 63.09154510498047)
 (X_1867 80.228515625)
 (X_1868 62.58433151245117)
 (X_1869 55.17133331298828)
 (X_1870 75.7255630493164)
 (X_1871 58.16500473022461)
 (X_1872 56.916744232177734)
 (X_1873 71.32926177978516)
 (X_1874 62.19439697265625)
 (X_1875 65.32170104980469)
 (X_1876 73.81683349609375)
 (X_1877 62.28072738647461)
 (X_1878 52.37498092651367)
 (X_1879 56.742225646972656)
 (X_1880 51.64817428588867)
 (X_1881 58.710350036621094)
 (X_1882 60.47968292236328)
 (X_1883 51.19813919067383)
 (X_1884 62.05148696899414)
 (X_1885 60.91542053222656)
 (X_1886 58.83696746826172)
 (X_1887 50.33323287963867)
 (X_1888 49.954132080078125)
 (X_1889 49.73509979248047)
 (X_1890 83.32451629638672)
 (X_1891 68.62876892089844)
 (X_1892 54.384315490722656)
 (X_1893 75.78804016113281)
 (X_1894 72.2608642578125)
 (X_1895 55.685630798339844)
 (X_1896 54.680057525634766)
 (X_1897 54.25111770629883)
 (X_1898 56.37342071533203)
 (X_1899 66.60464477539062)
 (X_1900 63.490997314453125)
 (X_1901 60.78838348388672)
 (X_1902 77.09723663330078)
 (X_1903 74.2760238647461)
 (X_1904 57.98291778564453)
 (X_1905 55.20478820800781)
 (X_1906 54.950801849365234)
 (X_1907 52.57242202758789)
 (X_1908 74.18035888671875)
 (X_1909 59.821414947509766)
 (X_1910 61.70920944213867)
 (X_1911 83.49345397949219)
 (X_1912 66.16722869873047)
 (X_1913 65.57148742675781)
 (X_1914 55.767635345458984)
 (X_1915 57.30528259277344)
 (X_1916 58.80244064331055)
 (X_1917 82.74641418457031)
 (X_1918 68.53868103027344)
 (X_1919 72.6768569946289)
 (X_1920 83.29031372070312)
 (X_1921 71.34735870361328)
 (X_1922 70.39227294921875)
 (X_1923 64.25320434570312)
 (X_1924 75.56637573242188)
 (X_1925 75.12026977539062)
 (X_1926 89.10262298583984)
 (X_1927 84.53041076660156)
 (X_1928 86.96746826171875)
 (X_1929 91.11122131347656)
 (X_1930 89.31396484375)
 (X_1931 86.46003723144531)
 (X_1932 59.669960021972656)
 (X_1933 110.30653381347656)
 (X_1934 81.39866638183594)
 (X_1935 84.72294616699219)
 (X_1936 92.75297546386719)
 (X_1937 97.41156005859375)
 (X_1938 82.42729187011719)
 (X_1939 104.55598449707031)
 (X_1940 109.63861846923828)
 (X_1941 59.773319244384766)
 (X_1942 130.694580078125)
 (X_1943 96.74923706054688)
 (X_1944 49.319183349609375)
 (X_1945 82.43901824951172)
 (X_1946 112.99702453613281)
 (X_1947 73.50271606445312)
 (X_1948 100.47802734375)
 (X_1949 114.19047546386719)
 (X_1950 53.190513610839844)
 (X_1951 146.24044799804688)
 (X_1952 98.66608428955078)
 (X_1953 103.3709716796875)
 (X_1954 76.18170166015625)
 (X_1955 113.67390441894531)
 (X_1956 115.11589050292969)
 (X_1957 96.98584747314453)
 (X_1958 117.94520568847656)
 (X_1959 106.52799987792969)
 (X_1960 162.041015625)
 (X_1961 107.00554656982422)
 (X_1962 182.59237670898438)
 (X_1963 54.473026275634766)
 (X_1964 116.74788665771484)
 (X_1965 183.96743774414062)
 (X_1966 86.7689437866211)
 (X_1967 117.03750610351562)
 (X_1968 188.62644958496094)
 (X_1969 154.53701782226562)
 (X_1970 99.52484130859375)
 (X_1971 240.33697509765625)
 (X_1972 42.84223937988281)
 (X_1973 114.28899383544922)
 (X_1974 218.96636962890625)
 (X_1975 86.3681869506836)
 (X_1976 111.03492736816406)
 (X_1977 254.8365020751953)
 (X_1978 167.9792022705078)
 (X_1979 102.04920196533203)
 (X_1980 196.91397094726562)
 (X_1981 47.902462005615234)
 (X_1982 119.42366790771484)
 (X_1983 184.35910034179688)
 (X_1984 96.21900177001953)
 (X_1985 115.21184539794922)
 (X_1986 203.24417114257812)
 (X_1987 173.2825927734375)
 (X_1988 100.65327453613281)
 (X_1989 110.94574737548828)
 (X_1990 89.35784149169922)
 (X_1991 110.50155639648438)
 (X_1992 122.06867980957031)
 (X_1993 137.04148864746094)
 (X_1994 107.45195007324219)
 (X_1995 151.9795379638672)
 (X_1996 205.12118530273438)
 (X_1997 97.67172241210938)
 (X_1998 71.8426742553711)
 (X_1999 112.46488952636719)
 (X_2000 98.83927917480469)
 (X_2001 104.32192993164062)
 (X_2002 151.0166473388672)
 (X_2003 100.33598327636719)
 (X_2004 141.9455108642578)
 (X_2005 211.580322265625)
 (X_2006 89.78890991210938)
 (X_2007 43.061683654785156)
 (X_2008 126.34268188476562)
 (X_2009 95.13438415527344)
 (X_2010 81.5891342163086)
 (X_2011 152.59622192382812)
 (X_2012 89.02620697021484)
 (X_2013 137.1211700439453)
 (X_2014 199.86007690429688)
 (X_2015 84.447509765625)
 (X_2016 48.046653747558594)
 (X_2017 119.19430541992188)
 (X_2018 91.74117279052734)
 (X_2019 87.73351287841797)
 (X_2020 135.4561004638672)
 (X_2021 87.56261444091797)
 (X_2022 147.13365173339844)
 (X_2023 179.5423126220703)
 (X_2024 75.86527252197266)
 (X_2025 42.72893524169922)
 (X_2026 91.57791137695312)
 (X_2027 92.76055908203125)
 (X_2028 76.72525787353516)
 (X_2029 105.45352935791016)
 (X_2030 94.62818145751953)
 (X_2031 145.77984619140625)
 (X_2032 165.59146118164062)
 (X_2033 87.66576385498047)
 (X_2034 45.0869255065918)
 (X_2035 59.82900619506836)
 (X_2036 95.64993286132812)
 (X_2037 86.24726867675781)
 (X_2038 92.6267318725586)
 (X_2039 97.98859405517578)
 (X_2040 152.76719665527344)
 (X_2041 156.36614990234375)
 (X_2042 90.74678039550781)
 (X_2043 54.09961700439453)
 (X_2044 57.498291015625)
 (X_2045 107.9548110961914)
 (X_2046 83.29668426513672)
 (X_2047 85.6236801147461)
 (X_2048 109.54121398925781)
 (X_2049 145.70567321777344)
 (X_2050 159.77317810058594)
 (X_2051 96.65821838378906)
 (X_2052 64.97632598876953)
 (X_2053 50.444190979003906)
 (X_2054 113.60211181640625)
 (X_2055 92.22569274902344)
 (X_2056 78.594482421875)
 (X_2057 111.66302490234375)
 (X_2058 136.04042053222656)
 (X_2059 152.9843292236328)
 (X_2060 103.66853332519531)
 (X_2061 72.0218276977539)
 (X_2062 35.18535614013672)
 (X_2063 118.63311767578125)
 (X_2064 90.57137298583984)
 (X_2065 80.99940490722656)
 (X_2066 119.50808715820312)
 (X_2067 120.9622802734375)
 (X_2068 154.6078338623047)
 (X_2069 105.58985900878906)
 (X_2070 74.44551849365234)
 (X_2071 33.209354400634766)
 (X_2072 118.19986724853516)
 (X_2073 94.46226501464844)
 (X_2074 79.34122467041016)
 (X_2075 116.70631408691406)
 (X_2076 101.73844909667969)
 (X_2077 159.4178009033203)
 (X_2078 108.69462585449219)
 (X_2079 80.42112731933594)
 (X_2080 42.2593994140625)
 (X_2081 109.99040985107422)
 (X_2082 89.73995971679688)
 (X_2083 78.50520324707031)
 (X_2084 114.2999496459961)
 (X_2085 88.83206939697266)
 (X_2086 162.19908142089844)
 (X_2087 97.25237274169922)
 (X_2088 91.2616958618164)
 (X_2089 35.41243362426758)
 (X_2090 107.30950927734375)
 (X_2091 82.61651611328125)
 (X_2092 81.78584289550781)
 (X_2093 107.44065856933594)
 (X_2094 77.6888427734375)
 (X_2095 151.2613983154297)
 (X_2096 89.77023315429688)
 (X_2097 83.84088897705078)
 (X_2098 46.857635498046875)
 (X_2099 102.9581527709961)
 (X_2100 73.77002716064453)
 (X_2101 84.32119750976562)
 (X_2102 108.80870056152344)
 (X_2103 58.39325714111328)
 (X_2104 153.5842742919922)
 (X_2105 92.13972473144531)
 (X_2106 61.04873275756836)
 (X_2107 59.88423538208008)
 (X_2108 105.3448257446289)
 (X_2109 62.72962951660156)
 (X_2110 89.16556549072266)
 (X_2111 104.85845947265625)
 (X_2112 42.693973541259766)
 (X_2113 141.4683837890625)
 (X_2114 92.03389739990234)
 (X_2115 63.00688934326172)
 (X_2116 79.82183074951172)
 (X_2117 103.49476623535156)
 (X_2118 58.73841094970703)
 (X_2119 88.90385437011719)
 (X_2120 98.89665985107422)
 (X_2121 54.58800506591797)
 (X_2122 116.103515625)
 (X_2123 92.4365463256836)
 (X_2124 62.28987503051758)
 (X_2125 75.08708190917969)
 (X_2126 96.18882751464844)
 (X_2127 62.92363739013672)
 (X_2128 85.4702377319336)
 (X_2129 96.13143920898438)
 (X_2130 56.803863525390625)
 (X_2131 88.8735580444336)
 (X_2132 91.6133804321289)
 (X_2133 61.87604522705078)
 (X_2134 73.85223388671875)
 (X_2135 84.80072021484375)
 (X_2136 55.04993438720703)
 (X_2137 76.09553527832031)
 (X_2138 92.43305969238281)
 (X_2139 50.089866638183594)
 (X_2140 64.58004760742188)
 (X_2141 84.39950561523438)
 (X_2142 53.01659393310547)
 (X_2143 64.63701629638672)
 (X_2144 87.1549072265625)
 (X_2145 63.97506332397461)
 (X_2146 63.859397888183594)
 (X_2147 85.49243927001953)
 (X_2148 58.19106674194336)
 (X_2149 53.436275482177734)
 (X_2150 73.96290588378906)
 (X_2151 56.64752960205078)
 (X_2152 62.38584518432617)
 (X_2153 87.33661651611328)
 (X_2154 62.307064056396484)
 (X_2155 68.20304870605469)
 (X_2156 89.14530944824219)
 (X_2157 57.459842681884766)
 (X_2158 62.644187927246094)
 (X_2159 74.75997161865234)
 (X_2160 83.38465118408203)
 (X_2161 72.82183074951172)
 (X_2162 86.91770935058594)
 (X_2163 79.6550064086914)
 (X_2164 68.98210144042969)
 (X_2165 79.06290435791016)
 (X_2166 60.30314254760742)
 (X_2167 56.00664520263672)
 (X_2168 80.47045135498047)
 (X_2169 80.3337173461914)
 (X_2170 74.59198760986328)
 (X_2171 74.07920837402344)
 (X_2172 85.38082885742188)
 (X_2173 74.4678726196289)
 (X_2174 79.8610610961914)
 (X_2175 64.00411224365234)
 (X_2176 61.89558410644531)
 (X_2177 73.45149993896484)
 (X_2178 91.22976684570312)
 (X_2179 64.22328186035156)
 (X_2180 106.71068572998047)
 (X_2181 100.54774475097656)
 (X_2182 71.00432586669922)
 (X_2183 104.54676818847656)
 (X_2184 81.2618179321289)
 (X_2185 60.78257751464844)
 (X_2186 115.17842102050781)
 (X_2187 96.40937042236328)
 (X_2188 64.24998474121094)
 (X_2189 156.74530029296875)
 (X_2190 107.29634094238281)
 (X_2191 81.56803894042969)
 (X_2192 147.35580444335938)
 (X_2193 83.05281829833984)
 (X_2194 74.80643463134766)
 (X_2195 152.59671020507812)
 (X_2196 91.82039642333984)
 (X_2197 86.6956787109375)
 (X_2198 189.94354248046875)
 (X_2199 92.99984741210938)
 (X_2200 93.52745819091797)
 (X_2201 159.3817138671875)
 (X_2202 69.2064437866211)
 (X_2203 91.55601501464844)
 (X_2204 166.05450439453125)
 (X_2205 87.29678344726562)
 (X_2206 86.56062316894531)
 (X_2207 212.0322723388672)
 (X_2208 103.34228515625)
 (X_2209 95.79059600830078)
 (X_2210 162.1157684326172)
 (X_2211 78.22897338867188)
 (X_2212 117.58289337158203)
 (X_2213 158.25994873046875)
 (X_2214 115.82669830322266)
 (X_2215 79.39237213134766)
 (X_2216 211.1298370361328)
 (X_2217 126.8781967163086)
 (X_2218 95.86546325683594)
 (X_2219 162.18687438964844)
 (X_2220 123.16803741455078)
 (X_2221 142.6103515625)
 (X_2222 147.20098876953125)
 (X_2223 175.30076599121094)
 (X_2224 80.5374755859375)
 (X_2225 220.23297119140625)
 (X_2226 180.85121154785156)
 (X_2227 97.8330307006836)
 (X_2228 157.0265350341797)
 (X_2229 198.6499786376953)
 (X_2230 157.21485900878906)
 (X_2231 157.9995574951172)
 (X_2232 215.7505340576172)
 (X_2233 58.58707809448242)
 (X_2234 221.5949249267578)
 (X_2235 201.03260803222656)
 (X_2236 88.00955963134766)
 (X_2237 159.89285278320312)
 (X_2238 225.75469970703125)
 (X_2239 163.16258239746094)
 (X_2240 157.68988037109375)
 (X_2241 169.6934051513672)
 (X_2242 43.785797119140625)
 (X_2243 220.7406463623047)
 (X_2244 162.06781005859375)
 (X_2245 81.2310562133789)
 (X_2246 158.9295654296875)
 (X_2247 187.62557983398438)
 (X_2248 161.58900451660156)
 (X_2249 153.68455505371094)
 (X_2250 94.01217651367188)
 (X_2251 48.63603591918945)
 (X_2252 222.81007385253906)
 (X_2253 95.26043701171875)
 (X_2254 100.22537994384766)
 (X_2255 154.09457397460938)
 (X_2256 153.67855834960938)
 (X_2257 172.02281188964844)
 (X_2258 156.7642059326172)
 (X_2259 46.650611877441406)
 (X_2260 87.37495422363281)
 (X_2261 224.18331909179688)
 (X_2262 84.82241821289062)
 (X_2263 135.49630737304688)
 (X_2264 156.88465881347656)
 (X_2265 144.86849975585938)
 (X_2266 201.41929626464844)
 (X_2267 154.54986572265625)
 (X_2268 39.117088317871094)
 (X_2269 112.27385711669922)
 (X_2270 221.0347442626953)
 (X_2271 81.45233154296875)
 (X_2272 155.00753784179688)
 (X_2273 146.576171875)
 (X_2274 153.14418029785156)
 (X_2275 201.2996368408203)
 (X_2276 146.03341674804688)
 (X_2277 35.11566162109375)
 (X_2278 119.90705108642578)
 (X_2279 213.4488525390625)
 (X_2280 81.47370910644531)
 (X_2281 156.23690795898438)
 (X_2282 150.143310546875)
 (X_2283 149.7644805908203)
 (X_2284 203.08229064941406)
 (X_2285 144.4220428466797)
 (X_2286 35.781036376953125)
 (X_2287 125.46099853515625)
 (X_2288 215.42840576171875)
 (X_2289 78.9416732788086)
 (X_2290 139.52627563476562)
 (X_2291 149.1318359375)
 (X_2292 147.7661895751953)
 (X_2293 185.81393432617188)
 (X_2294 146.7573699951172)
 (X_2295 42.063838958740234)
 (X_2296 85.70716094970703)
 (X_2297 212.1265411376953)
 (X_2298 75.29890441894531)
 (X_2299 102.26287841796875)
 (X_2300 147.19143676757812)
 (X_2301 149.2484588623047)
 (X_2302 161.08523559570312)
 (X_2303 143.97254943847656)
 (X_2304 32.22345733642578)
 (X_2305 57.67432403564453)
 (X_2306 211.0885009765625)
 (X_2307 76.91094970703125)
 (X_2308 88.52362060546875)
 (X_2309 149.49948120117188)
 (X_2310 143.6764678955078)
 (X_2311 149.69395446777344)
 (X_2312 151.0810089111328)
 (X_2313 41.764957427978516)
 (X_2314 43.0843620300293)
 (X_2315 213.389404296875)
 (X_2316 84.90869140625)
 (X_2317 79.21797943115234)
 (X_2318 147.71908569335938)
 (X_2319 153.76055908203125)
 (X_2320 154.05282592773438)
 (X_2321 145.16567993164062)
 (X_2322 57.5571403503418)
 (X_2323 39.91549301147461)
 (X_2324 206.5857391357422)
 (X_2325 86.60031127929688)
 (X_2326 83.2286148071289)
 (X_2327 150.154052734375)
 (X_2328 143.27830505371094)
 (X_2329 156.49859619140625)
 (X_2330 153.2559814453125)
 (X_2331 65.41744232177734)
 (X_2332 41.08200454711914)
 (X_2333 213.6943359375)
 (X_2334 92.72590637207031)
 (X_2335 75.04385375976562)
 (X_2336 158.91477966308594)
 (X_2337 142.88221740722656)
 (X_2338 156.015869140625)
 (X_2339 156.4978485107422)
 (X_2340 65.67393493652344)
 (X_2341 36.93339538574219)
 (X_2342 215.4929962158203)
 (X_2343 92.76032257080078)
 (X_2344 74.48013305664062)
 (X_2345 157.10951232910156)
 (X_2346 128.985595703125)
 (X_2347 154.5)
 (X_2348 163.56361389160156)
 (X_2349 71.17301177978516)
 (X_2350 40.001312255859375)
 (X_2351 218.78001403808594)
 (X_2352 92.61380004882812)
 (X_2353 74.58535766601562)
 (X_2354 158.090087890625)
 (X_2355 110.30101776123047)
 (X_2356 153.72642517089844)
 (X_2357 159.19964599609375)
 (X_2358 76.41858673095703)
 (X_2359 39.78586196899414)
 (X_2360 215.41763305664062)
 (X_2361 82.14562225341797)
 (X_2362 83.20026397705078)
 (X_2363 151.253173828125)
 (X_2364 95.94957733154297)
 (X_2365 154.21560668945312)
 (X_2366 150.75570678710938)
 (X_2367 75.38981628417969)
 (X_2368 53.620628356933594)
 (X_2369 221.0184326171875)
 (X_2370 80.63137817382812)
 (X_2371 88.11654663085938)
 (X_2372 150.3908233642578)
 (X_2373 76.04834747314453)
 (X_2374 147.25181579589844)
 (X_2375 151.4829559326172)
 (X_2376 64.27306365966797)
 (X_2377 68.26396179199219)
 (X_2378 217.65760803222656)
 (X_2379 62.21959686279297)
 (X_2380 93.37614440917969)
 (X_2381 153.34878540039062)
 (X_2382 59.29558563232422)
 (X_2383 138.9808807373047)
 (X_2384 152.14968872070312)
 (X_2385 53.51716995239258)
 (X_2386 72.44313049316406)
 (X_2387 220.57415771484375)
 (X_2388 56.43696212768555)
 (X_2389 93.07500457763672)
 (X_2390 147.69276428222656)
 (X_2391 55.18095397949219)
 (X_2392 114.12039184570312)
 (X_2393 151.5726318359375)
 (X_2394 50.32858657836914)
 (X_2395 72.0704574584961)
 (X_2396 206.80697631835938)
 (X_2397 57.611507415771484)
 (X_2398 78.11478424072266)
 (X_2399 144.27001953125)
 (X_2400 48.919742584228516)
 (X_2401 83.79407501220703)
 (X_2402 146.45941162109375)
 (X_2403 56.17070388793945)
 (X_2404 57.2401237487793)
 (X_2405 212.05776977539062)
 (X_2406 65.62317657470703)
 (X_2407 67.35037231445312)
 (X_2408 151.4275665283203)
 (X_2409 56.070796966552734)
 (X_2410 57.13948440551758)
 (X_2411 142.75172424316406)
 (X_2412 64.94369506835938)
 (X_2413 54.904693603515625)
 (X_2414 208.2198944091797)
 (X_2415 60.44524383544922)
 (X_2416 59.19511795043945)
 (X_2417 139.94430541992188)
 (X_2418 50.612388610839844)
 (X_2419 52.70586395263672)
 (X_2420 134.3358612060547)
 (X_2421 56.13999938964844)
 (X_2422 58.55018615722656)
 (X_2423 194.4336700439453)
 (X_2424 59.163604736328125)
 (X_2425 59.20458984375)
 (X_2426 141.3150634765625)
 (X_2427 49.681488037109375)
 (X_2428 49.500831604003906)
 (X_2429 125.53694915771484)
 (X_2430 69.6820297241211)
 (X_2431 74.26156616210938)
 (X_2432 72.94280242919922)
 (X_2433 75.50688934326172)
 (X_2434 73.9047622680664)
 (X_2435 74.34915161132812)
 (X_2436 53.011314392089844)
 (X_2437 57.695186614990234)
 (X_2438 73.34603881835938)
 (X_2439 75.76266479492188)
 (X_2440 81.64256286621094)
 (X_2441 80.7539291381836)
 (X_2442 76.56888580322266)
 (X_2443 80.78689575195312)
 (X_2444 85.44309997558594)
 (X_2445 61.06102752685547)
 (X_2446 64.26972961425781)
 (X_2447 81.7762451171875)
 (X_2448 83.60885620117188)
 (X_2449 77.12156677246094)
 (X_2450 115.2701416015625)
 (X_2451 85.87146759033203)
 (X_2452 77.02040100097656)
 (X_2453 102.24475860595703)
 (X_2454 73.83039093017578)
 (X_2455 53.82464599609375)
 (X_2456 110.37481689453125)
 (X_2457 83.22078704833984)
 (X_2458 75.69424438476562)
 (X_2459 142.91456604003906)
 (X_2460 92.75025177001953)
 (X_2461 80.29850006103516)
 (X_2462 123.41047668457031)
 (X_2463 79.60365295410156)
 (X_2464 63.517120361328125)
 (X_2465 115.47296905517578)
 (X_2466 90.29778289794922)
 (X_2467 75.86572265625)
 (X_2468 167.0784149169922)
 (X_2469 102.42316436767578)
 (X_2470 77.82054138183594)
 (X_2471 104.4644775390625)
 (X_2472 84.10154724121094)
 (X_2473 81.55747985839844)
 (X_2474 105.79268646240234)
 (X_2475 124.85453796386719)
 (X_2476 74.23112487792969)
 (X_2477 184.27601623535156)
 (X_2478 136.2617950439453)
 (X_2479 86.93363952636719)
 (X_2480 87.01954650878906)
 (X_2481 138.61773681640625)
 (X_2482 107.52969360351562)
 (X_2483 76.1207504272461)
 (X_2484 179.01229858398438)
 (X_2485 77.691162109375)
 (X_2486 191.1775360107422)
 (X_2487 185.46693420410156)
 (X_2488 97.22981262207031)
 (X_2489 73.80609893798828)
 (X_2490 198.0488739013672)
 (X_2491 131.7606658935547)
 (X_2492 73.85514068603516)
 (X_2493 201.57797241210938)
 (X_2494 80.88253021240234)
 (X_2495 194.35711669921875)
 (X_2496 204.1872100830078)
 (X_2497 104.79600524902344)
 (X_2498 72.55938720703125)
 (X_2499 223.02658081054688)
 (X_2500 151.41275024414062)
 (X_2501 70.70783233642578)
 (X_2502 173.0498504638672)
 (X_2503 68.46986389160156)
 (X_2504 203.72792053222656)
 (X_2505 163.17868041992188)
 (X_2506 99.27033233642578)
 (X_2507 70.33949279785156)
 (X_2508 192.07305908203125)
 (X_2509 164.08770751953125)
 (X_2510 69.36619567871094)
 (X_2511 79.4768295288086)
 (X_2512 44.17341613769531)
 (X_2513 204.1280517578125)
 (X_2514 107.75654602050781)
 (X_2515 84.72406005859375)
 (X_2516 69.37450408935547)
 (X_2517 155.21226501464844)
 (X_2518 158.7589569091797)
 (X_2519 72.91559600830078)
 (X_2520 39.13748550415039)
 (X_2521 47.44255447387695)
 (X_2522 203.81747436523438)
 (X_2523 85.00747680664062)
 (X_2524 100.24199676513672)
 (X_2525 70.40304565429688)
 (X_2526 148.02113342285156)
 (X_2527 169.07496643066406)
 (X_2528 68.83441925048828)
 (X_2529 39.81455612182617)
 (X_2530 74.24748992919922)
 (X_2531 198.03762817382812)
 (X_2532 79.49797058105469)
 (X_2533 121.98941802978516)
 (X_2534 72.72537994384766)
 (X_2535 151.57574462890625)
 (X_2536 189.85423278808594)
 (X_2537 67.97956848144531)
 (X_2538 37.2039794921875)
 (X_2539 106.58124542236328)
 (X_2540 194.76612854003906)
 (X_2541 74.74118041992188)
 (X_2542 145.42662048339844)
 (X_2543 72.1686019897461)
 (X_2544 159.85862731933594)
 (X_2545 198.73121643066406)
 (X_2546 74.58824157714844)
 (X_2547 35.33112716674805)
 (X_2548 119.50408935546875)
 (X_2549 191.69529724121094)
 (X_2550 80.77375793457031)
 (X_2551 150.5177764892578)
 (X_2552 72.66465759277344)
 (X_2553 157.62619018554688)
 (X_2554 198.35882568359375)
 (X_2555 68.69766235351562)
 (X_2556 46.141334533691406)
 (X_2557 114.77849578857422)
 (X_2558 199.21896362304688)
 (X_2559 85.84814453125)
 (X_2560 137.6759796142578)
 (X_2561 74.84661102294922)
 (X_2562 155.4781494140625)
 (X_2563 182.3806915283203)
 (X_2564 74.82818603515625)
 (X_2565 49.71432113647461)
 (X_2566 84.3547592163086)
 (X_2567 198.266845703125)
 (X_2568 91.39157104492188)
 (X_2569 101.3445053100586)
 (X_2570 73.30281066894531)
 (X_2571 157.5553436279297)
 (X_2572 167.33108520507812)
 (X_2573 71.38109588623047)
 (X_2574 68.77644348144531)
 (X_2575 53.14585876464844)
 (X_2576 187.744873046875)
 (X_2577 106.90058135986328)
 (X_2578 81.60963439941406)
 (X_2579 68.66634368896484)
 (X_2580 170.0107421875)
 (X_2581 153.5276641845703)
 (X_2582 75.3914566040039)
 (X_2583 73.73588562011719)
 (X_2584 48.47382354736328)
 (X_2585 196.05325317382812)
 (X_2586 106.15460968017578)
 (X_2587 74.63760375976562)
 (X_2588 71.4748764038086)
 (X_2589 177.2991180419922)
 (X_2590 147.09317016601562)
 (X_2591 72.84514617919922)
 (X_2592 90.13225555419922)
 (X_2593 42.705810546875)
 (X_2594 195.88876342773438)
 (X_2595 115.13026428222656)
 (X_2596 76.04962921142578)
 (X_2597 76.4969711303711)
 (X_2598 170.46487426757812)
 (X_2599 157.9889373779297)
 (X_2600 71.15660858154297)
 (X_2601 90.43505096435547)
 (X_2602 46.28164291381836)
 (X_2603 196.80487060546875)
 (X_2604 112.36021423339844)
 (X_2605 78.07972717285156)
 (X_2606 71.84831237792969)
 (X_2607 164.0447998046875)
 (X_2608 151.75579833984375)
 (X_2609 75.01959228515625)
 (X_2610 82.41272735595703)
 (X_2611 44.624053955078125)
 (X_2612 202.4166717529297)
 (X_2613 102.87254333496094)
 (X_2614 74.70001983642578)
 (X_2615 72.49728393554688)
 (X_2616 156.7272491455078)
 (X_2617 159.92361450195312)
 (X_2618 72.81594848632812)
 (X_2619 69.29068756103516)
 (X_2620 35.2913818359375)
 (X_2621 205.65736389160156)
 (X_2622 95.48326110839844)
 (X_2623 80.0596923828125)
 (X_2624 77.85729217529297)
 (X_2625 133.77334594726562)
 (X_2626 155.4391326904297)
 (X_2627 76.14337921142578)
 (X_2628 67.64864349365234)
 (X_2629 36.64711380004883)
 (X_2630 198.55313110351562)
 (X_2631 88.68002319335938)
 (X_2632 80.31437683105469)
 (X_2633 78.73934936523438)
 (X_2634 109.91200256347656)
 (X_2635 156.40267944335938)
 (X_2636 67.78569793701172)
 (X_2637 67.27391815185547)
 (X_2638 55.00785446166992)
 (X_2639 206.29806518554688)
 (X_2640 86.35154724121094)
 (X_2641 85.66374969482422)
 (X_2642 73.54737854003906)
 (X_2643 91.23385620117188)
 (X_2644 153.10093688964844)
 (X_2645 73.2935791015625)
 (X_2646 75.76945495605469)
 (X_2647 73.1077880859375)
 (X_2648 200.01217651367188)
 (X_2649 71.11541748046875)
 (X_2650 93.15654754638672)
 (X_2651 68.88151550292969)
 (X_2652 75.24363708496094)
 (X_2653 140.7041778564453)
 (X_2654 74.84817504882812)
 (X_2655 52.51970672607422)
 (X_2656 76.37779998779297)
 (X_2657 201.90467834472656)
 (X_2658 64.2854995727539)
 (X_2659 98.02783203125)
 (X_2660 69.66714477539062)
 (X_2661 57.50401306152344)
 (X_2662 111.05307006835938)
 (X_2663 71.35678100585938)
 (X_2664 58.03619384765625)
 (X_2665 80.25443267822266)
 (X_2666 199.57301330566406)
 (X_2667 69.05792236328125)
 (X_2668 82.58744812011719)
 (X_2669 77.59949493408203)
 (X_2670 54.86518096923828)
 (X_2671 81.8603515625)
 (X_2672 66.52888488769531)
 (X_2673 57.353450775146484)
 (X_2674 49.29322814941406)
 (X_2675 196.71192932128906)
 (X_2676 59.05293655395508)
 (X_2677 64.47107696533203)
 (X_2678 75.80087280273438)
 (X_2679 53.368934631347656)
 (X_2680 59.28388595581055)
 (X_2681 71.30582427978516)
 (X_2682 57.97114562988281)
 (X_2683 60.77284240722656)
 (X_2684 199.6987762451172)
 (X_2685 60.05145263671875)
 (X_2686 70.64588928222656)
 (X_2687 78.43991088867188)
 (X_2688 49.431217193603516)
 (X_2689 62.90250015258789)
 (X_2690 75.8844985961914)
 (X_2691 55.720523834228516)
 (X_2692 63.21860885620117)
 (X_2693 201.2506561279297)
 (X_2694 54.3596305847168)
 (X_2695 60.42335891723633)
 (X_2696 93.37078857421875)
 (X_2697 46.16300964355469)
 (X_2698 58.461273193359375)
 (X_2699 86.95050811767578)
 (Y_0 450.0)
 (Y_1 1052.0)
 (Y_2 1130.0)
 (Y_3 700.0)
 (Y_4 510.0)
 (Y_5 448.0)
 (Y_6 192.0)
 (Y_7 682.0)
 (Y_8 528.0)
 (Y_9 482.0)
 (Y_10 748.0)
 (Y_11 666.0)
 (Y_12 646.0)
 (Y_13 934.0)
 (Y_14 656.0)
 (Y_15 898.0)
 (Y_16 748.0)
 (Y_17 84.0)
 (Y_18 956.0)
 (Y_19 418.0)
 (Y_20 458.0)
 (Y_21 114.0)
 (Y_22 924.0)
 (Y_23 766.0)
 (Y_24 530.0)
 (Y_25 1010.0)
 (Y_26 550.0)
 (Y_27 290.0)
 (Y_28 506.0)
 (Y_29 96.0)
 (Y_30 422.0)
 (Y_31 544.0)
 (Y_32 590.0)
 (Y_33 1096.0)
 (Y_34 2.0)
 (Y_35 600.0)
 (Y_36 780.0)
 (Y_37 262.0)
 (Y_38 1050.0)
 (Y_39 256.0)
 (Y_40 648.0)
 (Y_41 584.0)
 (Y_42 90.0))
