sat,0.966023
((X_0 244.25929260253906)
 (X_1 50.52886962890625)
 (X_2 14.247403144836426)
 (X_3 248.1073455810547)
 (X_4 42.359378814697266)
 (X_5 12.082712173461914)
 (X_6 253.58128356933594)
 (X_7 47.095829010009766)
 (X_8 15.909943580627441)
 (X_9 247.4866180419922)
 (X_10 42.03913879394531)
 (X_11 13.612682342529297)
 (X_12 252.34765625)
 (X_13 41.57096862792969)
 (X_14 9.33438491821289)
 (X_15 251.97882080078125)
 (X_16 37.74658966064453)
 (X_17 28.25857162475586)
 (X_18 244.2058868408203)
 (X_19 53.559715270996094)
 (X_20 17.281137466430664)
 (X_21 252.1472930908203)
 (X_22 48.370277404785156)
 (X_23 22.035823822021484)
 (X_24 246.44525146484375)
 (X_25 47.008235931396484)
 (X_26 31.063098907470703)
 (X_27 248.56118774414062)
 (X_28 55.82695770263672)
 (X_29 22.241926193237305)
 (X_30 254.48313903808594)
 (X_31 57.69091033935547)
 (X_32 9.448458671569824)
 (X_33 252.59959411621094)
 (X_34 65.97283935546875)
 (X_35 12.936389923095703)
 (X_36 233.60433959960938)
 (X_37 62.853721618652344)
 (X_38 16.792171478271484)
 (X_39 242.49732971191406)
 (X_40 55.796295166015625)
 (X_41 12.51170539855957)
 (X_42 247.1774444580078)
 (X_43 78.59654235839844)
 (X_44 13.71556282043457)
 (X_45 200.4355926513672)
 (X_46 89.19703674316406)
 (X_47 21.456811904907227)
 (X_48 238.27186584472656)
 (X_49 69.35360717773438)
 (X_50 27.445178985595703)
 (X_51 219.0206298828125)
 (X_52 79.66627502441406)
 (X_53 23.141477584838867)
 (X_54 174.77403259277344)
 (X_55 58.944602966308594)
 (X_56 17.945537567138672)
 (X_57 227.2803955078125)
 (X_58 64.42987060546875)
 (X_59 30.356176376342773)
 (X_60 209.0945281982422)
 (X_61 70.87545013427734)
 (X_62 25.552875518798828)
 (X_63 206.27297973632812)
 (X_64 67.78265380859375)
 (X_65 32.14780044555664)
 (X_66 218.1407928466797)
 (X_67 60.24011993408203)
 (X_68 24.36534881591797)
 (X_69 208.66600036621094)
 (X_70 66.04952239990234)
 (X_71 31.27655792236328)
 (X_72 243.09854125976562)
 (X_73 39.561378479003906)
 (X_74 29.003902435302734)
 (X_75 240.1229248046875)
 (X_76 35.27534103393555)
 (X_77 24.49065399169922)
 (X_78 234.39125061035156)
 (X_79 40.802520751953125)
 (X_80 28.49153709411621)
 (X_81 244.6093292236328)
 (X_82 32.80066680908203)
 (X_83 20.480445861816406)
 (X_84 251.74258422851562)
 (X_85 22.347457885742188)
 (X_86 16.772485733032227)
 (X_87 245.36756896972656)
 (X_88 18.240558624267578)
 (X_89 23.565876007080078)
 (X_90 235.68873596191406)
 (X_91 40.125484466552734)
 (X_92 46.87430191040039)
 (X_93 253.12757873535156)
 (X_94 25.45002555847168)
 (X_95 39.28352355957031)
 (X_96 248.74850463867188)
 (X_97 33.13504409790039)
 (X_98 43.24021911621094)
 (X_99 244.83319091796875)
 (X_100 36.10638427734375)
 (X_101 46.70988464355469)
 (X_102 249.69723510742188)
 (X_103 33.75742721557617)
 (X_104 43.51620101928711)
 (X_105 245.27687072753906)
 (X_106 42.109249114990234)
 (X_107 50.96240234375)
 (X_108 248.0084991455078)
 (X_109 49.602760314941406)
 (X_110 42.477935791015625)
 (X_111 253.34547424316406)
 (X_112 51.765350341796875)
 (X_113 45.161285400390625)
 (X_114 253.32009887695312)
 (X_115 51.31229019165039)
 (X_116 38.33829116821289)
 (X_117 238.6021728515625)
 (X_118 46.53403091430664)
 (X_119 44.102142333984375)
 (X_120 246.6659393310547)
 (X_121 51.28199768066406)
 (X_122 49.59803009033203)
 (X_123 244.80812072753906)
 (X_124 59.188682556152344)
 (X_125 42.603675842285156)
 (X_126 199.8174285888672)
 (X_127 52.51055145263672)
 (X_128 30.485637664794922)
 (X_129 217.9624481201172)
 (X_130 39.41356658935547)
 (X_131 44.468658447265625)
 (X_132 203.94081115722656)
 (X_133 47.48551559448242)
 (X_134 62.615692138671875)
 (X_135 195.78274536132812)
 (X_136 48.407470703125)
 (X_137 49.161376953125)
 (X_138 205.65721130371094)
 (X_139 40.77021408081055)
 (X_140 50.599769592285156)
 (X_141 176.18450927734375)
 (X_142 58.608001708984375)
 (X_143 48.04474639892578)
 (X_144 185.25344848632812)
 (X_145 40.71833419799805)
 (X_146 44.70429992675781)
 (X_147 211.59552001953125)
 (X_148 44.66980743408203)
 (X_149 45.7327995300293)
 (X_150 189.20034790039062)
 (X_151 59.62079620361328)
 (X_152 59.021568298339844)
 (X_153 220.66188049316406)
 (X_154 42.23439025878906)
 (X_155 43.78871154785156)
 (X_156 224.61814880371094)
 (X_157 44.53575134277344)
 (X_158 46.93314743041992)
 (X_159 220.03395080566406)
 (X_160 44.84687805175781)
 (X_161 48.648372650146484)
 (X_162 247.45297241210938)
 (X_163 47.42299270629883)
 (X_164 34.00345993041992)
 (X_165 245.26966857910156)
 (X_166 36.287879943847656)
 (X_167 46.43735885620117)
 (X_168 242.3518829345703)
 (X_169 49.4900016784668)
 (X_170 40.401363372802734)
 (X_171 243.7052001953125)
 (X_172 36.91677474975586)
 (X_173 29.32575225830078)
 (X_174 248.51345825195312)
 (X_175 26.569366455078125)
 (X_176 25.957538604736328)
 (X_177 245.4804229736328)
 (X_178 47.588653564453125)
 (X_179 33.304386138916016)
 (X_180 253.7657470703125)
 (X_181 36.51477813720703)
 (X_182 28.822364807128906)
 (X_183 250.32586669921875)
 (X_184 29.447498321533203)
 (X_185 19.267436981201172)
 (X_186 247.17372131347656)
 (X_187 21.072689056396484)
 (X_188 23.99846649169922)
 (X_189 239.51837158203125)
 (X_190 45.78327941894531)
 (X_191 23.873802185058594)
 (X_192 253.56488037109375)
 (X_193 29.54250717163086)
 (X_194 22.221452713012695)
 (X_195 251.51004028320312)
 (X_196 30.333324432373047)
 (X_197 24.855701446533203)
 (X_198 241.77215576171875)
 (X_199 49.04364776611328)
 (X_200 37.40727996826172)
 (X_201 250.343994140625)
 (X_202 37.077857971191406)
 (X_203 21.18632698059082)
 (X_204 254.47628784179688)
 (X_205 26.22601318359375)
 (X_206 21.316068649291992)
 (X_207 248.85763549804688)
 (X_208 84.65470123291016)
 (X_209 25.302345275878906)
 (X_210 251.35240173339844)
 (X_211 70.3488998413086)
 (X_212 18.552204132080078)
 (X_213 253.43972778320312)
 (X_214 77.71453094482422)
 (X_215 19.87491226196289)
 (X_216 254.4202880859375)
 (X_217 120.8310546875)
 (X_218 23.726207733154297)
 (X_219 254.1498565673828)
 (X_220 118.20890808105469)
 (X_221 17.313825607299805)
 (X_222 248.99407958984375)
 (X_223 113.30159759521484)
 (X_224 9.538524627685547)
 (X_225 248.4257354736328)
 (X_226 111.56201171875)
 (X_227 20.94332504272461)
 (X_228 253.95950317382812)
 (X_229 114.90843963623047)
 (X_230 20.74675941467285)
 (X_231 250.4271240234375)
 (X_232 127.18436431884766)
 (X_233 9.424919128417969)
 (X_234 239.64889526367188)
 (X_235 135.82965087890625)
 (X_236 25.001564025878906)
 (X_237 253.19107055664062)
 (X_238 133.3135528564453)
 (X_239 24.922435760498047)
 (X_240 247.82162475585938)
 (X_241 140.2577362060547)
 (X_242 24.4725341796875)
 (X_243 251.17098999023438)
 (X_244 125.22904968261719)
 (X_245 24.210670471191406)
 (X_246 250.63143920898438)
 (X_247 147.56214904785156)
 (X_248 14.952266693115234)
 (X_249 250.81326293945312)
 (X_250 172.97210693359375)
 (X_251 30.97298240661621)
 (X_252 244.44656372070312)
 (X_253 152.5099334716797)
 (X_254 9.480918884277344)
 (X_255 245.48373413085938)
 (X_256 163.95822143554688)
 (X_257 15.593371391296387)
 (X_258 253.98126220703125)
 (X_259 188.92376708984375)
 (X_260 24.530017852783203)
 (X_261 251.1813201904297)
 (X_262 155.4386444091797)
 (X_263 19.812231063842773)
 (X_264 248.0218505859375)
 (X_265 145.29945373535156)
 (X_266 17.217544555664062)
 (X_267 248.2056884765625)
 (X_268 157.34169006347656)
 (X_269 19.21654510498047)
 (X_270 254.65338134765625)
 (X_271 36.108123779296875)
 (X_272 11.254940032958984)
 (X_273 251.52337646484375)
 (X_274 42.93025207519531)
 (X_275 18.228683471679688)
 (X_276 246.37025451660156)
 (X_277 56.932769775390625)
 (X_278 11.0496826171875)
 (X_279 243.68765258789062)
 (X_280 47.83308410644531)
 (X_281 15.921607971191406)
 (X_282 245.30612182617188)
 (X_283 36.98487854003906)
 (X_284 24.42945098876953)
 (X_285 247.03419494628906)
 (X_286 52.10301208496094)
 (X_287 24.35744857788086)
 (X_288 253.20333862304688)
 (X_289 43.69265365600586)
 (X_290 22.4548282623291)
 (X_291 252.72354125976562)
 (X_292 48.62152099609375)
 (X_293 7.5085039138793945)
 (X_294 247.97857666015625)
 (X_295 52.03534698486328)
 (X_296 27.335317611694336)
 (X_297 240.72190856933594)
 (X_298 50.525115966796875)
 (X_299 10.337967872619629)
 (X_300 252.77920532226562)
 (X_301 47.941410064697266)
 (X_302 16.04336929321289)
 (X_303 246.24319458007812)
 (X_304 48.79656219482422)
 (X_305 12.392136573791504)
 (X_306 239.5883026123047)
 (X_307 52.689979553222656)
 (X_308 22.55716896057129)
 (X_309 249.0911865234375)
 (X_310 50.84231185913086)
 (X_311 9.499972343444824)
 (X_312 250.02525329589844)
 (X_313 60.00623321533203)
 (X_314 15.61817741394043)
 (X_315 224.01307678222656)
 (X_316 41.9558219909668)
 (X_317 17.04996109008789)
 (X_318 246.0231475830078)
 (X_319 59.80849075317383)
 (X_320 8.286882400512695)
 (X_321 253.69508361816406)
 (X_322 57.093929290771484)
 (X_323 14.742854118347168)
 (X_324 207.5938262939453)
 (X_325 59.34189224243164)
 (X_326 19.39223861694336)
 (X_327 235.0189971923828)
 (X_328 64.0337905883789)
 (X_329 20.659866333007812)
 (X_330 221.63751220703125)
 (X_331 69.37052917480469)
 (X_332 22.442962646484375)
 (X_333 198.00381469726562)
 (X_334 40.757164001464844)
 (X_335 38.73274612426758)
 (X_336 215.3822021484375)
 (X_337 43.2483024597168)
 (X_338 28.748254776000977)
 (X_339 190.1678009033203)
 (X_340 53.23046112060547)
 (X_341 31.316600799560547)
 (X_342 193.60035705566406)
 (X_343 30.747509002685547)
 (X_344 34.78239822387695)
 (X_345 219.5227508544922)
 (X_346 17.197324752807617)
 (X_347 28.044551849365234)
 (X_348 225.29469299316406)
 (X_349 18.653697967529297)
 (X_350 27.029386520385742)
 (X_351 230.53016662597656)
 (X_352 33.58230209350586)
 (X_353 38.87938690185547)
 (X_354 238.39657592773438)
 (X_355 21.194002151489258)
 (X_356 19.968658447265625)
 (X_357 246.1685028076172)
 (X_358 28.052879333496094)
 (X_359 18.228363037109375)
 (X_360 244.80511474609375)
 (X_361 45.57638931274414)
 (X_362 38.983070373535156)
 (X_363 244.4335174560547)
 (X_364 36.48619842529297)
 (X_365 29.849863052368164)
 (X_366 253.7412567138672)
 (X_367 52.62022399902344)
 (X_368 26.539705276489258)
 (X_369 243.77743530273438)
 (X_370 52.89344787597656)
 (X_371 32.41785430908203)
 (X_372 247.18658447265625)
 (X_373 32.57802200317383)
 (X_374 32.408164978027344)
 (X_375 254.9569091796875)
 (X_376 55.17949295043945)
 (X_377 23.46921730041504)
 (X_378 246.46609497070312)
 (X_379 50.591468811035156)
 (X_380 46.383174896240234)
 (X_381 247.7766571044922)
 (X_382 38.78899383544922)
 (X_383 34.540164947509766)
 (X_384 249.21334838867188)
 (X_385 58.5455207824707)
 (X_386 48.607147216796875)
 (X_387 184.75889587402344)
 (X_388 35.68733215332031)
 (X_389 47.88302230834961)
 (X_390 211.09619140625)
 (X_391 38.001190185546875)
 (X_392 41.95452880859375)
 (X_393 214.7253875732422)
 (X_394 57.51439666748047)
 (X_395 59.35160827636719)
 (X_396 131.1932830810547)
 (X_397 46.76597595214844)
 (X_398 54.08617401123047)
 (X_399 144.68109130859375)
 (X_400 47.470115661621094)
 (X_401 49.287384033203125)
 (X_402 110.2662124633789)
 (X_403 56.991539001464844)
 (X_404 58.71751403808594)
 (X_405 78.63723754882812)
 (X_406 38.66207504272461)
 (X_407 54.970054626464844)
 (X_408 87.67483520507812)
 (X_409 48.680931091308594)
 (X_410 38.8577880859375)
 (X_411 36.01747131347656)
 (X_412 67.7789306640625)
 (X_413 50.4986572265625)
 (X_414 92.00397491455078)
 (X_415 49.762508392333984)
 (X_416 41.96223449707031)
 (X_417 95.0894546508789)
 (X_418 54.32539749145508)
 (X_419 46.494293212890625)
 (X_420 55.58200454711914)
 (X_421 59.9347038269043)
 (X_422 49.42486572265625)
 (X_423 196.6338348388672)
 (X_424 35.63050842285156)
 (X_425 40.872337341308594)
 (X_426 200.0913848876953)
 (X_427 44.921302795410156)
 (X_428 51.87693786621094)
 (X_429 175.74533081054688)
 (X_430 54.91146469116211)
 (X_431 57.70655822753906)
 (X_432 235.33676147460938)
 (X_433 34.62324523925781)
 (X_434 37.60450744628906)
 (X_435 248.75491333007812)
 (X_436 46.58408737182617)
 (X_437 27.121763229370117)
 (X_438 238.1776885986328)
 (X_439 57.39612579345703)
 (X_440 38.04573059082031)
 (X_441 251.01466369628906)
 (X_442 41.97490692138672)
 (X_443 40.30229187011719)
 (X_444 253.7490692138672)
 (X_445 52.18727111816406)
 (X_446 35.16081619262695)
 (X_447 254.0001983642578)
 (X_448 44.96128463745117)
 (X_449 34.38490295410156)
 (X_450 242.53372192382812)
 (X_451 46.276100158691406)
 (X_452 38.68108367919922)
 (X_453 250.5751953125)
 (X_454 27.280176162719727)
 (X_455 20.56629180908203)
 (X_456 254.6374969482422)
 (X_457 46.742855072021484)
 (X_458 27.26531219482422)
 (X_459 243.10549926757812)
 (X_460 23.554317474365234)
 (X_461 37.46412658691406)
 (X_462 245.4235382080078)
 (X_463 17.585233688354492)
 (X_464 20.51902198791504)
 (X_465 254.680908203125)
 (X_466 12.345930099487305)
 (X_467 25.39214324951172)
 (X_468 239.58779907226562)
 (X_469 39.04644012451172)
 (X_470 29.198230743408203)
 (X_471 249.9563446044922)
 (X_472 36.11248779296875)
 (X_473 32.547943115234375)
 (X_474 250.33084106445312)
 (X_475 20.39008140563965)
 (X_476 33.706642150878906)
 (X_477 245.2801055908203)
 (X_478 59.74195098876953)
 (X_479 10.757892608642578)
 (X_480 249.43753051757812)
 (X_481 52.139034271240234)
 (X_482 23.363977432250977)
 (X_483 252.05819702148438)
 (X_484 43.21599578857422)
 (X_485 18.499469757080078)
 (X_486 244.58868408203125)
 (X_487 102.31304931640625)
 (X_488 20.32686996459961)
 (X_489 245.15809631347656)
 (X_490 92.40149688720703)
 (X_491 22.209474563598633)
 (X_492 253.6680450439453)
 (X_493 103.15177917480469)
 (X_494 25.97540855407715)
 (X_495 243.3416290283203)
 (X_496 108.25827026367188)
 (X_497 15.19630241394043)
 (X_498 250.71505737304688)
 (X_499 118.95990753173828)
 (X_500 16.34189224243164)
 (X_501 248.81842041015625)
 (X_502 111.09103393554688)
 (X_503 12.41525650024414)
 (X_504 245.88478088378906)
 (X_505 120.58800506591797)
 (X_506 27.902921676635742)
 (X_507 253.53817749023438)
 (X_508 119.34803009033203)
 (X_509 17.53112030029297)
 (X_510 246.43409729003906)
 (X_511 136.08326721191406)
 (X_512 23.955665588378906)
 (X_513 245.9923095703125)
 (X_514 132.06959533691406)
 (X_515 23.95878791809082)
 (X_516 251.93576049804688)
 (X_517 142.6291961669922)
 (X_518 25.580032348632812)
 (X_519 250.9805908203125)
 (X_520 156.32400512695312)
 (X_521 24.980968475341797)
 (X_522 252.8373260498047)
 (X_523 155.6908721923828)
 (X_524 15.041004180908203)
 (X_525 253.40798950195312)
 (X_526 160.76849365234375)
 (X_527 25.301441192626953)
 (X_528 246.56033325195312)
 (X_529 174.74891662597656)
 (X_530 20.7021541595459)
 (X_531 237.11866760253906)
 (X_532 144.763671875)
 (X_533 20.652965545654297)
 (X_534 251.1658172607422)
 (X_535 131.80047607421875)
 (X_536 17.185216903686523)
 (X_537 248.3291015625)
 (X_538 146.5813751220703)
 (X_539 19.860017776489258)
 (X_540 249.00010681152344)
 (X_541 37.27397155761719)
 (X_542 22.52159309387207)
 (X_543 248.90304565429688)
 (X_544 38.68663024902344)
 (X_545 21.372589111328125)
 (X_546 250.69802856445312)
 (X_547 40.30409622192383)
 (X_548 13.00447940826416)
 (X_549 234.01708984375)
 (X_550 42.509864807128906)
 (X_551 18.02625274658203)
 (X_552 248.02561950683594)
 (X_553 41.31663513183594)
 (X_554 25.080615997314453)
 (X_555 251.5091094970703)
 (X_556 43.60226821899414)
 (X_557 10.636887550354004)
 (X_558 252.39065551757812)
 (X_559 40.06816482543945)
 (X_560 17.31195831298828)
 (X_561 254.77764892578125)
 (X_562 44.19463348388672)
 (X_563 6.040050983428955)
 (X_564 245.4995574951172)
 (X_565 56.338008880615234)
 (X_566 23.838729858398438)
 (X_567 246.7897491455078)
 (X_568 38.84698486328125)
 (X_569 11.068111419677734)
 (X_570 249.66680908203125)
 (X_571 38.12782669067383)
 (X_572 22.06935691833496)
 (X_573 248.54698181152344)
 (X_574 50.67599868774414)
 (X_575 16.79474639892578)
 (X_576 240.873046875)
 (X_577 42.24751663208008)
 (X_578 11.390707015991211)
 (X_579 249.73068237304688)
 (X_580 46.7973518371582)
 (X_581 13.939666748046875)
 (X_582 245.9842529296875)
 (X_583 40.48103332519531)
 (X_584 28.60171890258789)
 (X_585 243.6844024658203)
 (X_586 46.56422424316406)
 (X_587 16.012332916259766)
 (X_588 243.42962646484375)
 (X_589 36.737091064453125)
 (X_590 27.284526824951172)
 (X_591 248.75)
 (X_592 50.67646408081055)
 (X_593 24.766437530517578)
 (X_594 231.7428741455078)
 (X_595 55.07440185546875)
 (X_596 14.796074867248535)
 (X_597 244.23849487304688)
 (X_598 36.48759460449219)
 (X_599 28.74803924560547)
 (X_600 251.01084899902344)
 (X_601 40.96919250488281)
 (X_602 24.860401153564453)
 (X_603 196.50802612304688)
 (X_604 36.14703369140625)
 (X_605 29.214126586914062)
 (X_606 224.04638671875)
 (X_607 32.12589645385742)
 (X_608 27.39830780029297)
 (X_609 229.9759521484375)
 (X_610 24.89087677001953)
 (X_611 16.529695510864258)
 (X_612 149.14012145996094)
 (X_613 34.36857223510742)
 (X_614 38.01849365234375)
 (X_615 184.94065856933594)
 (X_616 27.67152976989746)
 (X_617 24.46129608154297)
 (X_618 184.443359375)
 (X_619 22.81991195678711)
 (X_620 26.364246368408203)
 (X_621 169.33331298828125)
 (X_622 42.79300308227539)
 (X_623 41.58733367919922)
 (X_624 176.33847045898438)
 (X_625 27.60784912109375)
 (X_626 18.90920066833496)
 (X_627 183.57908630371094)
 (X_628 32.813865661621094)
 (X_629 25.815444946289062)
 (X_630 240.9887237548828)
 (X_631 39.90604019165039)
 (X_632 32.985618591308594)
 (X_633 220.4861602783203)
 (X_634 36.300682067871094)
 (X_635 30.535661697387695)
 (X_636 244.53515625)
 (X_637 44.43915939331055)
 (X_638 26.592071533203125)
 (X_639 249.09625244140625)
 (X_640 54.72250747680664)
 (X_641 23.34183692932129)
 (X_642 243.95010375976562)
 (X_643 49.46336364746094)
 (X_644 19.479013442993164)
 (X_645 251.6824188232422)
 (X_646 48.714778900146484)
 (X_647 22.42950439453125)
 (X_648 231.97230529785156)
 (X_649 26.812009811401367)
 (X_650 30.278974533081055)
 (X_651 229.6383056640625)
 (X_652 22.174230575561523)
 (X_653 15.255939483642578)
 (X_654 246.66542053222656)
 (X_655 35.80448913574219)
 (X_656 22.147865295410156)
 (X_657 170.54904174804688)
 (X_658 29.942462921142578)
 (X_659 29.30815887451172)
 (X_660 194.68531799316406)
 (X_661 31.382646560668945)
 (X_662 22.467636108398438)
 (X_663 210.72618103027344)
 (X_664 35.842193603515625)
 (X_665 29.596677780151367)
 (X_666 64.66487121582031)
 (X_667 44.31693649291992)
 (X_668 30.771766662597656)
 (X_669 88.14057922363281)
 (X_670 54.387367248535156)
 (X_671 26.076261520385742)
 (X_672 83.20895385742188)
 (X_673 58.08798599243164)
 (X_674 44.76702880859375)
 (X_675 36.033939361572266)
 (X_676 39.82453918457031)
 (X_677 29.840805053710938)
 (X_678 41.45110321044922)
 (X_679 35.25764083862305)
 (X_680 29.661693572998047)
 (X_681 22.398218154907227)
 (X_682 58.720855712890625)
 (X_683 40.979270935058594)
 (X_684 66.42080688476562)
 (X_685 28.28481101989746)
 (X_686 43.734886169433594)
 (X_687 56.058685302734375)
 (X_688 30.24184226989746)
 (X_689 23.964580535888672)
 (X_690 34.23790740966797)
 (X_691 42.224483489990234)
 (X_692 32.63938522338867)
 (X_693 172.94314575195312)
 (X_694 12.246641159057617)
 (X_695 26.836977005004883)
 (X_696 182.0740966796875)
 (X_697 25.43126106262207)
 (X_698 21.196041107177734)
 (X_699 147.69659423828125)
 (X_700 33.210472106933594)
 (X_701 38.72697448730469)
 (X_702 250.22750854492188)
 (X_703 20.64913558959961)
 (X_704 26.59604263305664)
 (X_705 252.5675048828125)
 (X_706 31.042221069335938)
 (X_707 29.085721969604492)
 (X_708 252.06004333496094)
 (X_709 39.966278076171875)
 (X_710 33.10819625854492)
 (X_711 248.80767822265625)
 (X_712 38.48126983642578)
 (X_713 33.90857696533203)
 (X_714 251.905517578125)
 (X_715 32.13666534423828)
 (X_716 26.65013885498047)
 (X_717 248.18357849121094)
 (X_718 30.014204025268555)
 (X_719 29.634336471557617)
 (X_720 253.77542114257812)
 (X_721 57.54632568359375)
 (X_722 41.791385650634766)
 (X_723 247.25509643554688)
 (X_724 37.437774658203125)
 (X_725 22.456958770751953)
 (X_726 245.02757263183594)
 (X_727 50.684661865234375)
 (X_728 18.07574462890625)
 (X_729 243.115966796875)
 (X_730 42.75077438354492)
 (X_731 30.32159423828125)
 (X_732 251.0256805419922)
 (X_733 37.71111297607422)
 (X_734 27.25119400024414)
 (X_735 250.48443603515625)
 (X_736 41.004478454589844)
 (X_737 27.105064392089844)
 (X_738 243.9408416748047)
 (X_739 23.283252716064453)
 (X_740 31.27846908569336)
 (X_741 254.52658081054688)
 (X_742 29.48321533203125)
 (X_743 19.60028839111328)
 (X_744 241.46849060058594)
 (X_745 16.95131492614746)
 (X_746 42.7491340637207)
 (X_747 228.58154296875)
 (X_748 49.04115676879883)
 (X_749 27.3355712890625)
 (X_750 240.6648712158203)
 (X_751 26.100666046142578)
 (X_752 11.565034866333008)
 (X_753 242.13845825195312)
 (X_754 29.37823486328125)
 (X_755 34.68153381347656)
 (X_756 242.43850708007812)
 (X_757 76.8277359008789)
 (X_758 20.05961036682129)
 (X_759 232.28707885742188)
 (X_760 80.51528930664062)
 (X_761 29.515222549438477)
 (X_762 241.47012329101562)
 (X_763 80.34626770019531)
 (X_764 19.637550354003906)
 (X_765 239.8997802734375)
 (X_766 104.47313690185547)
 (X_767 22.640972137451172)
 (X_768 239.80422973632812)
 (X_769 93.010009765625)
 (X_770 24.119319915771484)
 (X_771 245.91334533691406)
 (X_772 117.54248809814453)
 (X_773 17.32013702392578)
 (X_774 252.91416931152344)
 (X_775 121.6595458984375)
 (X_776 17.894447326660156)
 (X_777 250.98373413085938)
 (X_778 115.24750518798828)
 (X_779 25.752702713012695)
 (X_780 249.71194458007812)
 (X_781 135.15736389160156)
 (X_782 25.583370208740234)
 (X_783 243.72291564941406)
 (X_784 137.25244140625)
 (X_785 14.730398178100586)
 (X_786 251.8318328857422)
 (X_787 136.06625366210938)
 (X_788 23.039487838745117)
 (X_789 252.7005615234375)
 (X_790 166.850830078125)
 (X_791 26.12374496459961)
 (X_792 247.02796936035156)
 (X_793 158.32139587402344)
 (X_794 18.147558212280273)
 (X_795 251.0216827392578)
 (X_796 166.85040283203125)
 (X_797 26.857318878173828)
 (X_798 254.75633239746094)
 (X_799 192.00328063964844)
 (X_800 27.09296417236328)
 (X_801 238.13955688476562)
 (X_802 130.4365997314453)
 (X_803 25.971736907958984)
 (X_804 253.137939453125)
 (X_805 138.77957153320312)
 (X_806 30.134357452392578)
 (X_807 247.86924743652344)
 (X_808 144.4590606689453)
 (X_809 37.72846603393555)
 (X_810 223.8864288330078)
 (X_811 24.36330223083496)
 (X_812 19.276262283325195)
 (X_813 220.1321563720703)
 (X_814 31.521759033203125)
 (X_815 24.94443702697754)
 (X_816 233.4939727783203)
 (X_817 48.64714813232422)
 (X_818 18.686729431152344)
 (X_819 231.94918823242188)
 (X_820 34.096641540527344)
 (X_821 11.630512237548828)
 (X_822 230.7134246826172)
 (X_823 36.533992767333984)
 (X_824 20.573732376098633)
 (X_825 248.91204833984375)
 (X_826 45.02732849121094)
 (X_827 21.448184967041016)
 (X_828 242.11048889160156)
 (X_829 23.58968162536621)
 (X_830 14.369112014770508)
 (X_831 247.53504943847656)
 (X_832 32.1610221862793)
 (X_833 17.942819595336914)
 (X_834 248.18240356445312)
 (X_835 45.822669982910156)
 (X_836 24.634437561035156)
 (X_837 238.508056640625)
 (X_838 27.224266052246094)
 (X_839 14.285691261291504)
 (X_840 251.8561248779297)
 (X_841 37.889869689941406)
 (X_842 16.553924560546875)
 (X_843 254.583984375)
 (X_844 43.06439971923828)
 (X_845 17.81171226501465)
 (X_846 244.3800811767578)
 (X_847 33.114681243896484)
 (X_848 15.517736434936523)
 (X_849 253.54913330078125)
 (X_850 35.41323471069336)
 (X_851 10.937520027160645)
 (X_852 251.04006958007812)
 (X_853 48.89799880981445)
 (X_854 23.965612411499023)
 (X_855 241.5361785888672)
 (X_856 26.55459213256836)
 (X_857 14.302919387817383)
 (X_858 239.71731567382812)
 (X_859 39.633056640625)
 (X_860 19.287921905517578)
 (X_861 245.9184112548828)
 (X_862 35.183746337890625)
 (X_863 22.186580657958984)
 (X_864 242.44268798828125)
 (X_865 36.56098175048828)
 (X_866 15.507214546203613)
 (X_867 243.8629913330078)
 (X_868 33.73320007324219)
 (X_869 14.892996788024902)
 (X_870 251.9482421875)
 (X_871 43.560150146484375)
 (X_872 16.01988410949707)
 (X_873 192.8321990966797)
 (X_874 30.803546905517578)
 (X_875 8.90329647064209)
 (X_876 208.92100524902344)
 (X_877 32.719661712646484)
 (X_878 15.791804313659668)
 (X_879 247.81613159179688)
 (X_880 36.101341247558594)
 (X_881 13.540599822998047)
 (X_882 158.08969116210938)
 (X_883 43.491249084472656)
 (X_884 11.169719696044922)
 (X_885 194.40493774414062)
 (X_886 19.815826416015625)
 (X_887 16.410106658935547)
 (X_888 179.13845825195312)
 (X_889 19.034435272216797)
 (X_890 19.696088790893555)
 (X_891 144.2813720703125)
 (X_892 42.39483642578125)
 (X_893 35.313934326171875)
 (X_894 165.3730926513672)
 (X_895 37.008827209472656)
 (X_896 20.89834976196289)
 (X_897 152.25282287597656)
 (X_898 46.47883987426758)
 (X_899 30.44347381591797)
 (X_900 178.1786346435547)
 (X_901 36.47124481201172)
 (X_902 40.83101272583008)
 (X_903 181.94808959960938)
 (X_904 40.93639373779297)
 (X_905 30.41231918334961)
 (X_906 204.89108276367188)
 (X_907 62.93041229248047)
 (X_908 37.29022979736328)
 (X_909 219.65231323242188)
 (X_910 32.84721374511719)
 (X_911 23.8740234375)
 (X_912 209.8795623779297)
 (X_913 47.42082977294922)
 (X_914 18.25421905517578)
 (X_915 252.3142547607422)
 (X_916 47.11963653564453)
 (X_917 37.64459991455078)
 (X_918 202.2823486328125)
 (X_919 23.30533218383789)
 (X_920 23.861988067626953)
 (X_921 211.1946563720703)
 (X_922 35.50933074951172)
 (X_923 27.181854248046875)
 (X_924 253.1313934326172)
 (X_925 25.77899169921875)
 (X_926 12.820107460021973)
 (X_927 155.74652099609375)
 (X_928 41.49900436401367)
 (X_929 28.065486907958984)
 (X_930 169.09832763671875)
 (X_931 31.27568244934082)
 (X_932 28.878753662109375)
 (X_933 189.95510864257812)
 (X_934 40.11225128173828)
 (X_935 11.667394638061523)
 (X_936 60.09542465209961)
 (X_937 37.44965362548828)
 (X_938 24.847820281982422)
 (X_939 79.69293975830078)
 (X_940 47.942039489746094)
 (X_941 10.004067420959473)
 (X_942 112.98265075683594)
 (X_943 49.69907760620117)
 (X_944 27.23989486694336)
 (X_945 27.821075439453125)
 (X_946 27.78231430053711)
 (X_947 25.35100555419922)
 (X_948 37.34957504272461)
 (X_949 39.34508514404297)
 (X_950 27.54536247253418)
 (X_951 51.11412048339844)
 (X_952 43.96654510498047)
 (X_953 25.63749885559082)
 (X_954 57.09074401855469)
 (X_955 15.383200645446777)
 (X_956 25.877662658691406)
 (X_957 65.35308837890625)
 (X_958 32.322364807128906)
 (X_959 21.693424224853516)
 (X_960 61.791378021240234)
 (X_961 33.755577087402344)
 (X_962 22.57854461669922)
 (X_963 167.79010009765625)
 (X_964 31.691295623779297)
 (X_965 26.644088745117188)
 (X_966 184.08778381347656)
 (X_967 26.929086685180664)
 (X_968 23.92983627319336)
 (X_969 173.3634033203125)
 (X_970 49.60175323486328)
 (X_971 30.83106231689453)
 (X_972 238.98670959472656)
 (X_973 40.46427917480469)
 (X_974 32.23258590698242)
 (X_975 246.68536376953125)
 (X_976 43.74860763549805)
 (X_977 27.941499710083008)
 (X_978 245.168212890625)
 (X_979 51.35365295410156)
 (X_980 18.514049530029297)
 (X_981 238.99478149414062)
 (X_982 21.11895179748535)
 (X_983 39.085205078125)
 (X_984 252.89561462402344)
 (X_985 24.102874755859375)
 (X_986 21.018966674804688)
 (X_987 248.94708251953125)
 (X_988 29.463760375976562)
 (X_989 31.429758071899414)
 (X_990 240.3716583251953)
 (X_991 48.46299743652344)
 (X_992 39.965423583984375)
 (X_993 254.66909790039062)
 (X_994 38.014427185058594)
 (X_995 35.626197814941406)
 (X_996 245.92535400390625)
 (X_997 41.4653434753418)
 (X_998 39.17251205444336)
 (X_999 251.37051391601562)
 (X_1000 32.05495834350586)
 (X_1001 37.59645080566406)
 (X_1002 248.02197265625)
 (X_1003 42.33578872680664)
 (X_1004 35.69083786010742)
 (X_1005 249.23756408691406)
 (X_1006 48.77674865722656)
 (X_1007 32.715492248535156)
 (X_1008 229.82412719726562)
 (X_1009 21.036134719848633)
 (X_1010 32.56629180908203)
 (X_1011 244.86570739746094)
 (X_1012 17.164596557617188)
 (X_1013 23.631633758544922)
 (X_1014 253.31167602539062)
 (X_1015 18.00054168701172)
 (X_1016 40.363853454589844)
 (X_1017 210.32913208007812)
 (X_1018 30.93877410888672)
 (X_1019 23.678682327270508)
 (X_1020 219.70350646972656)
 (X_1021 22.560028076171875)
 (X_1022 24.567413330078125)
 (X_1023 242.53762817382812)
 (X_1024 31.431005477905273)
 (X_1025 32.28554153442383)
 (X_1026 223.33102416992188)
 (X_1027 58.23176193237305)
 (X_1028 16.57500648498535)
 (X_1029 235.38299560546875)
 (X_1030 56.77375411987305)
 (X_1031 21.811798095703125)
 (X_1032 232.9104461669922)
 (X_1033 76.10934448242188)
 (X_1034 36.23762512207031)
 (X_1035 223.230224609375)
 (X_1036 93.2635269165039)
 (X_1037 14.506317138671875)
 (X_1038 222.81234741210938)
 (X_1039 101.66444396972656)
 (X_1040 33.35588073730469)
 (X_1041 242.20294189453125)
 (X_1042 93.60850524902344)
 (X_1043 38.97650146484375)
 (X_1044 237.0992889404297)
 (X_1045 95.2296142578125)
 (X_1046 15.094978332519531)
 (X_1047 242.8502197265625)
 (X_1048 98.90570068359375)
 (X_1049 29.2827205657959)
 (X_1050 244.7445068359375)
 (X_1051 100.38816833496094)
 (X_1052 35.92117691040039)
 (X_1053 241.47862243652344)
 (X_1054 144.62635803222656)
 (X_1055 27.221874237060547)
 (X_1056 250.46800231933594)
 (X_1057 140.2559051513672)
 (X_1058 29.474075317382812)
 (X_1059 245.56349182128906)
 (X_1060 158.44515991210938)
 (X_1061 37.662662506103516)
 (X_1062 247.94036865234375)
 (X_1063 140.626953125)
 (X_1064 34.43889236450195)
 (X_1065 250.08193969726562)
 (X_1066 130.19821166992188)
 (X_1067 24.02541732788086)
 (X_1068 248.12046813964844)
 (X_1069 167.3997802734375)
 (X_1070 36.61211395263672)
 (X_1071 246.93382263183594)
 (X_1072 131.1079559326172)
 (X_1073 34.165283203125)
 (X_1074 251.18917846679688)
 (X_1075 130.63470458984375)
 (X_1076 29.10700798034668)
 (X_1077 250.95489501953125)
 (X_1078 150.3730926513672)
 (X_1079 41.266197204589844)
 (X_1080 172.37130737304688)
 (X_1081 28.09956932067871)
 (X_1082 19.220212936401367)
 (X_1083 194.91737365722656)
 (X_1084 35.76262664794922)
 (X_1085 16.699615478515625)
 (X_1086 196.253173828125)
 (X_1087 41.40869140625)
 (X_1088 22.443466186523438)
 (X_1089 192.54576110839844)
 (X_1090 28.44110870361328)
 (X_1091 23.48479652404785)
 (X_1092 198.81491088867188)
 (X_1093 43.377872467041016)
 (X_1094 17.391124725341797)
 (X_1095 201.57835388183594)
 (X_1096 37.63645553588867)
 (X_1097 22.490419387817383)
 (X_1098 204.7721710205078)
 (X_1099 40.68535614013672)
 (X_1100 22.19911766052246)
 (X_1101 211.73976135253906)
 (X_1102 43.212120056152344)
 (X_1103 14.356769561767578)
 (X_1104 205.2421417236328)
 (X_1105 58.52299499511719)
 (X_1106 18.267024993896484)
 (X_1107 212.1452178955078)
 (X_1108 31.70205307006836)
 (X_1109 9.996935844421387)
 (X_1110 207.08340454101562)
 (X_1111 41.44209671020508)
 (X_1112 17.55803871154785)
 (X_1113 215.45350646972656)
 (X_1114 54.984039306640625)
 (X_1115 20.332408905029297)
 (X_1116 211.93263244628906)
 (X_1117 37.729042053222656)
 (X_1118 18.03606414794922)
 (X_1119 203.2727813720703)
 (X_1120 48.60075378417969)
 (X_1121 11.745306015014648)
 (X_1122 203.44607543945312)
 (X_1123 39.96700668334961)
 (X_1124 18.730697631835938)
 (X_1125 208.92047119140625)
 (X_1126 35.94586944580078)
 (X_1127 13.727274894714355)
 (X_1128 218.29541015625)
 (X_1129 37.818885803222656)
 (X_1130 23.793832778930664)
 (X_1131 221.5078125)
 (X_1132 48.442970275878906)
 (X_1133 13.000268936157227)
 (X_1134 215.38906860351562)
 (X_1135 34.51036071777344)
 (X_1136 22.98700714111328)
 (X_1137 213.44073486328125)
 (X_1138 42.94283676147461)
 (X_1139 8.107475280761719)
 (X_1140 239.65496826171875)
 (X_1141 36.25433349609375)
 (X_1142 13.336013793945312)
 (X_1143 193.68006896972656)
 (X_1144 26.68914794921875)
 (X_1145 8.019851684570312)
 (X_1146 207.0606689453125)
 (X_1147 9.039361953735352)
 (X_1148 10.958297729492188)
 (X_1149 218.91116333007812)
 (X_1150 21.147846221923828)
 (X_1151 22.268356323242188)
 (X_1152 172.45223999023438)
 (X_1153 46.116310119628906)
 (X_1154 15.368062973022461)
 (X_1155 179.8470916748047)
 (X_1156 24.061580657958984)
 (X_1157 11.214208602905273)
 (X_1158 167.6754150390625)
 (X_1159 31.481529235839844)
 (X_1160 25.061363220214844)
 (X_1161 148.0268096923828)
 (X_1162 44.823204040527344)
 (X_1163 25.27203369140625)
 (X_1164 148.020751953125)
 (X_1165 41.288368225097656)
 (X_1166 27.45064353942871)
 (X_1167 137.81796264648438)
 (X_1168 47.17481994628906)
 (X_1169 14.798521995544434)
 (X_1170 134.2891845703125)
 (X_1171 33.373565673828125)
 (X_1172 33.51504135131836)
 (X_1173 155.00729370117188)
 (X_1174 36.877262115478516)
 (X_1175 29.395320892333984)
 (X_1176 165.19761657714844)
 (X_1177 62.218414306640625)
 (X_1178 19.324939727783203)
 (X_1179 162.946044921875)
 (X_1180 34.89231491088867)
 (X_1181 36.22175598144531)
 (X_1182 162.31796264648438)
 (X_1183 40.848480224609375)
 (X_1184 20.057546615600586)
 (X_1185 187.4202880859375)
 (X_1186 46.10868835449219)
 (X_1187 36.123809814453125)
 (X_1188 178.60780334472656)
 (X_1189 30.042327880859375)
 (X_1190 42.82143783569336)
 (X_1191 183.30108642578125)
 (X_1192 30.51734161376953)
 (X_1193 36.89359664916992)
 (X_1194 200.55764770507812)
 (X_1195 30.38629150390625)
 (X_1196 32.111019134521484)
 (X_1197 122.11748504638672)
 (X_1198 43.34477996826172)
 (X_1199 37.60813903808594)
 (X_1200 147.3318328857422)
 (X_1201 32.90629196166992)
 (X_1202 21.97191619873047)
 (X_1203 177.6035614013672)
 (X_1204 25.696969985961914)
 (X_1205 24.732620239257812)
 (X_1206 65.05136108398438)
 (X_1207 42.57195281982422)
 (X_1208 41.46750259399414)
 (X_1209 70.66645050048828)
 (X_1210 51.202144622802734)
 (X_1211 30.64598274230957)
 (X_1212 89.19583129882812)
 (X_1213 57.340980529785156)
 (X_1214 30.695396423339844)
 (X_1215 34.69805145263672)
 (X_1216 32.26970672607422)
 (X_1217 39.363616943359375)
 (X_1218 30.190454483032227)
 (X_1219 28.11699867248535)
 (X_1220 26.290966033935547)
 (X_1221 48.96413040161133)
 (X_1222 51.157188415527344)
 (X_1223 18.191965103149414)
 (X_1224 71.71581268310547)
 (X_1225 17.771530151367188)
 (X_1226 30.25948143005371)
 (X_1227 65.712890625)
 (X_1228 34.940521240234375)
 (X_1229 28.600482940673828)
 (X_1230 62.9052734375)
 (X_1231 28.037954330444336)
 (X_1232 30.34979248046875)
 (X_1233 176.7371063232422)
 (X_1234 37.19129943847656)
 (X_1235 44.29783630371094)
 (X_1236 175.246337890625)
 (X_1237 43.72709655761719)
 (X_1238 34.78593826293945)
 (X_1239 184.16566467285156)
 (X_1240 46.33833312988281)
 (X_1241 38.631072998046875)
 (X_1242 241.52615356445312)
 (X_1243 39.21244430541992)
 (X_1244 30.114992141723633)
 (X_1245 254.67691040039062)
 (X_1246 41.86646270751953)
 (X_1247 26.46187973022461)
 (X_1248 250.64666748046875)
 (X_1249 59.600303649902344)
 (X_1250 38.603477478027344)
 (X_1251 240.7765655517578)
 (X_1252 35.26232147216797)
 (X_1253 21.105926513671875)
 (X_1254 237.16297912597656)
 (X_1255 26.85336685180664)
 (X_1256 27.212566375732422)
 (X_1257 246.5998077392578)
 (X_1258 33.62569046020508)
 (X_1259 23.18490982055664)
 (X_1260 246.15077209472656)
 (X_1261 35.01249313354492)
 (X_1262 9.190962791442871)
 (X_1263 249.8279571533203)
 (X_1264 27.224353790283203)
 (X_1265 17.59878158569336)
 (X_1266 252.13436889648438)
 (X_1267 48.19548797607422)
 (X_1268 33.79477310180664)
 (X_1269 223.52880859375)
 (X_1270 50.893272399902344)
 (X_1271 28.243528366088867)
 (X_1272 246.8024444580078)
 (X_1273 42.07927322387695)
 (X_1274 20.80006980895996)
 (X_1275 245.11915588378906)
 (X_1276 34.02525329589844)
 (X_1277 38.27729034423828)
 (X_1278 201.5525360107422)
 (X_1279 32.640071868896484)
 (X_1280 35.208099365234375)
 (X_1281 195.94561767578125)
 (X_1282 30.48325538635254)
 (X_1283 21.603214263916016)
 (X_1284 220.12139892578125)
 (X_1285 19.243043899536133)
 (X_1286 28.542396545410156)
 (X_1287 178.55426025390625)
 (X_1288 26.700923919677734)
 (X_1289 29.097850799560547)
 (X_1290 191.41331481933594)
 (X_1291 13.77651309967041)
 (X_1292 24.90974998474121)
 (X_1293 201.97421264648438)
 (X_1294 24.560009002685547)
 (X_1295 28.320711135864258)
 (X_1296 199.72593688964844)
 (X_1297 60.49523162841797)
 (X_1298 21.985754013061523)
 (X_1299 202.26539611816406)
 (X_1300 41.26384353637695)
 (X_1301 22.331645965576172)
 (X_1302 203.9517822265625)
 (X_1303 53.56620407104492)
 (X_1304 36.78779602050781)
 (X_1305 217.2349090576172)
 (X_1306 62.977779388427734)
 (X_1307 27.767118453979492)
 (X_1308 209.82571411132812)
 (X_1309 60.453311920166016)
 (X_1310 35.330753326416016)
 (X_1311 231.1697540283203)
 (X_1312 57.808738708496094)
 (X_1313 33.493263244628906)
 (X_1314 244.02694702148438)
 (X_1315 68.43183135986328)
 (X_1316 26.379915237426758)
 (X_1317 250.37994384765625)
 (X_1318 61.929466247558594)
 (X_1319 22.5651798248291)
 (X_1320 246.46884155273438)
 (X_1321 79.4837875366211)
 (X_1322 28.83839225769043)
 (X_1323 228.22779846191406)
 (X_1324 97.0704574584961)
 (X_1325 22.755901336669922)
 (X_1326 251.74476623535156)
 (X_1327 82.71479797363281)
 (X_1328 21.454307556152344)
 (X_1329 248.13043212890625)
 (X_1330 109.11663818359375)
 (X_1331 31.938465118408203)
 (X_1332 250.6029052734375)
 (X_1333 114.2339859008789)
 (X_1334 37.90265655517578)
 (X_1335 253.80224609375)
 (X_1336 107.05763244628906)
 (X_1337 32.960968017578125)
 (X_1338 248.88067626953125)
 (X_1339 147.20828247070312)
 (X_1340 39.61187744140625)
 (X_1341 246.8225860595703)
 (X_1342 99.5516586303711)
 (X_1343 43.49980163574219)
 (X_1344 241.6034393310547)
 (X_1345 107.06080627441406)
 (X_1346 48.9261474609375)
 (X_1347 250.33676147460938)
 (X_1348 112.63618469238281)
 (X_1349 45.04065704345703)
 (X_1350 137.39932250976562)
 (X_1351 47.11725997924805)
 (X_1352 20.448787689208984)
 (X_1353 153.50856018066406)
 (X_1354 39.53835678100586)
 (X_1355 13.522662162780762)
 (X_1356 169.7090301513672)
 (X_1357 64.99951934814453)
 (X_1358 21.339717864990234)
 (X_1359 151.90322875976562)
 (X_1360 48.891441345214844)
 (X_1361 7.133017539978027)
 (X_1362 148.25759887695312)
 (X_1363 50.83671188354492)
 (X_1364 19.051651000976562)
 (X_1365 154.08230590820312)
 (X_1366 62.92311477661133)
 (X_1367 20.94426727294922)
 (X_1368 177.55389404296875)
 (X_1369 47.67122268676758)
 (X_1370 12.562654495239258)
 (X_1371 176.3966522216797)
 (X_1372 39.51625061035156)
 (X_1373 15.600446701049805)
 (X_1374 181.064208984375)
 (X_1375 55.00909423828125)
 (X_1376 28.772796630859375)
 (X_1377 176.13650512695312)
 (X_1378 33.206703186035156)
 (X_1379 18.507274627685547)
 (X_1380 200.5771484375)
 (X_1381 43.31502914428711)
 (X_1382 22.421363830566406)
 (X_1383 186.348876953125)
 (X_1384 58.18333053588867)
 (X_1385 22.904220581054688)
 (X_1386 168.99563598632812)
 (X_1387 37.833396911621094)
 (X_1388 12.461331367492676)
 (X_1389 186.61520385742188)
 (X_1390 47.05240249633789)
 (X_1391 17.722469329833984)
 (X_1392 173.7061309814453)
 (X_1393 54.71699523925781)
 (X_1394 26.84954833984375)
 (X_1395 171.96444702148438)
 (X_1396 44.400047302246094)
 (X_1397 19.01789665222168)
 (X_1398 187.49835205078125)
 (X_1399 43.5465202331543)
 (X_1400 16.313812255859375)
 (X_1401 194.86778259277344)
 (X_1402 55.58256530761719)
 (X_1403 28.534557342529297)
 (X_1404 177.43910217285156)
 (X_1405 33.3651008605957)
 (X_1406 22.255615234375)
 (X_1407 188.86358642578125)
 (X_1408 31.4041805267334)
 (X_1409 15.983207702636719)
 (X_1410 205.40655517578125)
 (X_1411 46.974761962890625)
 (X_1412 22.600929260253906)
 (X_1413 143.23941040039062)
 (X_1414 21.290159225463867)
 (X_1415 25.752166748046875)
 (X_1416 148.0088348388672)
 (X_1417 16.872623443603516)
 (X_1418 6.904886722564697)
 (X_1419 175.31179809570312)
 (X_1420 13.468158721923828)
 (X_1421 25.21565055847168)
 (X_1422 131.75538635253906)
 (X_1423 35.30835723876953)
 (X_1424 7.283949851989746)
 (X_1425 138.21226501464844)
 (X_1426 17.240400314331055)
 (X_1427 8.344202041625977)
 (X_1428 147.0883331298828)
 (X_1429 26.716306686401367)
 (X_1430 29.902151107788086)
 (X_1431 162.953369140625)
 (X_1432 34.72010803222656)
 (X_1433 17.969188690185547)
 (X_1434 150.63059997558594)
 (X_1435 48.36552429199219)
 (X_1436 22.354978561401367)
 (X_1437 161.46539306640625)
 (X_1438 50.61053466796875)
 (X_1439 21.584548950195312)
 (X_1440 158.97848510742188)
 (X_1441 37.81959533691406)
 (X_1442 28.901582717895508)
 (X_1443 156.9776611328125)
 (X_1444 36.33900451660156)
 (X_1445 21.245380401611328)
 (X_1446 168.91651916503906)
 (X_1447 52.4156494140625)
 (X_1448 15.4913330078125)
 (X_1449 136.7427520751953)
 (X_1450 28.33131217956543)
 (X_1451 22.57577896118164)
 (X_1452 154.43931579589844)
 (X_1453 27.313499450683594)
 (X_1454 14.810672760009766)
 (X_1455 156.13128662109375)
 (X_1456 35.89861297607422)
 (X_1457 20.116056442260742)
 (X_1458 114.77564239501953)
 (X_1459 16.039926528930664)
 (X_1460 21.23719024658203)
 (X_1461 115.78588104248047)
 (X_1462 21.33318519592285)
 (X_1463 23.611576080322266)
 (X_1464 139.5964813232422)
 (X_1465 23.26776123046875)
 (X_1466 14.75125503540039)
 (X_1467 100.84970092773438)
 (X_1468 30.525863647460938)
 (X_1469 31.365779876708984)
 (X_1470 112.2061996459961)
 (X_1471 28.401996612548828)
 (X_1472 47.368316650390625)
 (X_1473 133.7624969482422)
 (X_1474 24.02145767211914)
 (X_1475 28.904382705688477)
 (X_1476 66.09986114501953)
 (X_1477 36.14508819580078)
 (X_1478 46.80030822753906)
 (X_1479 71.32192993164062)
 (X_1480 37.2469482421875)
 (X_1481 35.94313049316406)
 (X_1482 86.802978515625)
 (X_1483 49.62133026123047)
 (X_1484 36.39672088623047)
 (X_1485 39.61106872558594)
 (X_1486 29.045665740966797)
 (X_1487 35.567047119140625)
 (X_1488 43.13053894042969)
 (X_1489 33.750850677490234)
 (X_1490 19.620386123657227)
 (X_1491 62.8609733581543)
 (X_1492 49.637428283691406)
 (X_1493 39.61766052246094)
 (X_1494 54.35108184814453)
 (X_1495 21.865747451782227)
 (X_1496 34.50458526611328)
 (X_1497 48.13904571533203)
 (X_1498 30.32227325439453)
 (X_1499 28.00652313232422)
 (X_1500 51.85831832885742)
 (X_1501 28.798572540283203)
 (X_1502 38.28844451904297)
 (X_1503 170.30018615722656)
 (X_1504 32.379661560058594)
 (X_1505 39.9022331237793)
 (X_1506 153.61485290527344)
 (X_1507 39.85481262207031)
 (X_1508 43.86259460449219)
 (X_1509 176.45590209960938)
 (X_1510 50.2742919921875)
 (X_1511 49.99763107299805)
 (X_1512 233.3350830078125)
 (X_1513 48.27865982055664)
 (X_1514 46.27582550048828)
 (X_1515 226.5320281982422)
 (X_1516 48.52010726928711)
 (X_1517 49.76639938354492)
 (X_1518 248.5545654296875)
 (X_1519 62.49172592163086)
 (X_1520 41.14579391479492)
 (X_1521 247.4682159423828)
 (X_1522 27.797992706298828)
 (X_1523 21.831859588623047)
 (X_1524 233.83599853515625)
 (X_1525 35.0201416015625)
 (X_1526 35.74369812011719)
 (X_1527 252.0261688232422)
 (X_1528 38.26268005371094)
 (X_1529 35.638729095458984)
 (X_1530 227.02615356445312)
 (X_1531 45.78620910644531)
 (X_1532 23.01976776123047)
 (X_1533 224.54306030273438)
 (X_1534 30.015472412109375)
 (X_1535 33.04325866699219)
 (X_1536 248.38368225097656)
 (X_1537 56.75308609008789)
 (X_1538 39.85449981689453)
 (X_1539 216.92979431152344)
 (X_1540 35.56135559082031)
 (X_1541 28.819067001342773)
 (X_1542 219.5117950439453)
 (X_1543 45.74308395385742)
 (X_1544 35.99491882324219)
 (X_1545 240.5947265625)
 (X_1546 52.863433837890625)
 (X_1547 36.78453063964844)
 (X_1548 197.73208618164062)
 (X_1549 36.02328872680664)
 (X_1550 27.818885803222656)
 (X_1551 199.12635803222656)
 (X_1552 31.799755096435547)
 (X_1553 27.27494239807129)
 (X_1554 217.64846801757812)
 (X_1555 28.500749588012695)
 (X_1556 44.60190200805664)
 (X_1557 166.3434600830078)
 (X_1558 35.518798828125)
 (X_1559 32.53113555908203)
 (X_1560 185.51412963867188)
 (X_1561 11.212818145751953)
 (X_1562 25.131357192993164)
 (X_1563 184.74118041992188)
 (X_1564 20.330211639404297)
 (X_1565 47.044944763183594)
 (X_1566 183.5239715576172)
 (X_1567 29.77901268005371)
 (X_1568 15.65968132019043)
 (X_1569 173.38433837890625)
 (X_1570 26.072887420654297)
 (X_1571 23.577478408813477)
 (X_1572 187.16004943847656)
 (X_1573 49.79947280883789)
 (X_1574 34.54817581176758)
 (X_1575 205.91311645507812)
 (X_1576 41.499263763427734)
 (X_1577 29.557819366455078)
 (X_1578 190.2386474609375)
 (X_1579 42.307735443115234)
 (X_1580 25.77378273010254)
 (X_1581 218.84939575195312)
 (X_1582 61.52623748779297)
 (X_1583 36.9016227722168)
 (X_1584 212.38052368164062)
 (X_1585 54.73486328125)
 (X_1586 29.263813018798828)
 (X_1587 215.05426025390625)
 (X_1588 49.9858283996582)
 (X_1589 24.001819610595703)
 (X_1590 227.38356018066406)
 (X_1591 65.09170532226562)
 (X_1592 23.45712661743164)
 (X_1593 212.14523315429688)
 (X_1594 46.75727081298828)
 (X_1595 26.993085861206055)
 (X_1596 231.2136688232422)
 (X_1597 52.634700775146484)
 (X_1598 36.290748596191406)
 (X_1599 246.84730529785156)
 (X_1600 60.608299255371094)
 (X_1601 30.792640686035156)
 (X_1602 229.5446319580078)
 (X_1603 70.28473663330078)
 (X_1604 20.328693389892578)
 (X_1605 239.0107421875)
 (X_1606 62.41557312011719)
 (X_1607 31.43414878845215)
 (X_1608 247.25697326660156)
 (X_1609 63.89164352416992)
 (X_1610 45.7154426574707)
 (X_1611 230.71238708496094)
 (X_1612 71.45458984375)
 (X_1613 37.155574798583984)
 (X_1614 250.96636962890625)
 (X_1615 64.53846740722656)
 (X_1616 36.20995330810547)
 (X_1617 250.743408203125)
 (X_1618 52.28877258300781)
 (X_1619 45.9339485168457)
 (X_1620 116.96322631835938)
 (X_1621 25.46135902404785)
 (X_1622 16.153446197509766)
 (X_1623 119.52971649169922)
 (X_1624 28.153493881225586)
 (X_1625 10.7794828414917)
 (X_1626 141.47738647460938)
 (X_1627 42.66764831542969)
 (X_1628 11.840925216674805)
 (X_1629 88.97602081298828)
 (X_1630 20.852750778198242)
 (X_1631 9.357057571411133)
 (X_1632 104.81212615966797)
 (X_1633 25.72863006591797)
 (X_1634 10.448694229125977)
 (X_1635 98.32083129882812)
 (X_1636 40.963497161865234)
 (X_1637 23.42465591430664)
 (X_1638 136.61984252929688)
 (X_1639 26.74144744873047)
 (X_1640 19.823978424072266)
 (X_1641 151.5089111328125)
 (X_1642 28.25507354736328)
 (X_1643 18.26511573791504)
 (X_1644 147.9019012451172)
 (X_1645 52.37287521362305)
 (X_1646 20.06705093383789)
 (X_1647 164.09869384765625)
 (X_1648 21.0812931060791)
 (X_1649 15.83024787902832)
 (X_1650 179.81724548339844)
 (X_1651 40.23252487182617)
 (X_1652 24.532102584838867)
 (X_1653 194.0237274169922)
 (X_1654 50.76805114746094)
 (X_1655 12.115287780761719)
 (X_1656 131.43218994140625)
 (X_1657 25.52779769897461)
 (X_1658 25.981340408325195)
 (X_1659 163.73687744140625)
 (X_1660 36.65803909301758)
 (X_1661 11.819037437438965)
 (X_1662 147.99627685546875)
 (X_1663 38.55638122558594)
 (X_1664 16.404296875)
 (X_1665 131.7254180908203)
 (X_1666 50.772117614746094)
 (X_1667 10.95793342590332)
 (X_1668 137.88172912597656)
 (X_1669 48.83116149902344)
 (X_1670 5.311532020568848)
 (X_1671 143.89996337890625)
 (X_1672 45.40010070800781)
 (X_1673 15.04208755493164)
 (X_1674 143.06307983398438)
 (X_1675 30.63054656982422)
 (X_1676 10.491703033447266)
 (X_1677 143.60096740722656)
 (X_1678 31.854412078857422)
 (X_1679 19.164518356323242)
 (X_1680 144.93118286132812)
 (X_1681 47.37236785888672)
 (X_1682 12.841585159301758)
 (X_1683 104.37262725830078)
 (X_1684 21.78013801574707)
 (X_1685 14.139562606811523)
 (X_1686 119.01021575927734)
 (X_1687 8.65096378326416)
 (X_1688 18.582355499267578)
 (X_1689 117.13328552246094)
 (X_1690 26.375797271728516)
 (X_1691 24.983869552612305)
 (X_1692 121.30427551269531)
 (X_1693 30.937175750732422)
 (X_1694 15.863981246948242)
 (X_1695 115.8127212524414)
 (X_1696 19.072509765625)
 (X_1697 21.99216651916504)
 (X_1698 110.51795959472656)
 (X_1699 23.27480125427246)
 (X_1700 19.101024627685547)
 (X_1701 132.7870330810547)
 (X_1702 36.6046257019043)
 (X_1703 9.144017219543457)
 (X_1704 116.6869125366211)
 (X_1705 32.48546600341797)
 (X_1706 6.153652191162109)
 (X_1707 111.61642456054688)
 (X_1708 52.264015197753906)
 (X_1709 22.29975128173828)
 (X_1710 166.81497192382812)
 (X_1711 38.52757263183594)
 (X_1712 15.46984577178955)
 (X_1713 131.6057586669922)
 (X_1714 39.55078125)
 (X_1715 21.62469482421875)
 (X_1716 136.3667755126953)
 (X_1717 28.884122848510742)
 (X_1718 18.603599548339844)
 (X_1719 118.53364562988281)
 (X_1720 16.465917587280273)
 (X_1721 22.556549072265625)
 (X_1722 136.11451721191406)
 (X_1723 19.68344497680664)
 (X_1724 25.045019149780273)
 (X_1725 146.08998107910156)
 (X_1726 26.59585189819336)
 (X_1727 18.1280517578125)
 (X_1728 59.17732238769531)
 (X_1729 41.14007568359375)
 (X_1730 25.79629135131836)
 (X_1731 84.86056518554688)
 (X_1732 31.789287567138672)
 (X_1733 16.19224739074707)
 (X_1734 104.8802261352539)
 (X_1735 30.54978370666504)
 (X_1736 23.51980209350586)
 (X_1737 57.1511116027832)
 (X_1738 34.21963119506836)
 (X_1739 30.832948684692383)
 (X_1740 53.56074905395508)
 (X_1741 44.71270751953125)
 (X_1742 38.72294998168945)
 (X_1743 60.96601867675781)
 (X_1744 51.77561950683594)
 (X_1745 27.441373825073242)
 (X_1746 40.296749114990234)
 (X_1747 22.262359619140625)
 (X_1748 45.107364654541016)
 (X_1749 43.0177001953125)
 (X_1750 33.64424133300781)
 (X_1751 31.47643280029297)
 (X_1752 60.8416748046875)
 (X_1753 46.523494720458984)
 (X_1754 48.19402313232422)
 (X_1755 35.66995620727539)
 (X_1756 20.398941040039062)
 (X_1757 13.497228622436523)
 (X_1758 26.57016372680664)
 (X_1759 27.548376083374023)
 (X_1760 20.369705200195312)
 (X_1761 33.84439468383789)
 (X_1762 48.29362487792969)
 (X_1763 25.734359741210938)
 (X_1764 42.62871551513672)
 (X_1765 30.432865142822266)
 (X_1766 44.37171936035156)
 (X_1767 40.478614807128906)
 (X_1768 20.185504913330078)
 (X_1769 44.094947814941406)
 (X_1770 46.399993896484375)
 (X_1771 36.36410140991211)
 (X_1772 44.33760070800781)
 (X_1773 88.00110626220703)
 (X_1774 29.04291534423828)
 (X_1775 48.9168586730957)
 (X_1776 72.13532257080078)
 (X_1777 47.8487434387207)
 (X_1778 65.01252746582031)
 (X_1779 77.1556625366211)
 (X_1780 39.55855178833008)
 (X_1781 52.89698791503906)
 (X_1782 142.42864990234375)
 (X_1783 31.78014373779297)
 (X_1784 56.890907287597656)
 (X_1785 130.97030639648438)
 (X_1786 51.241546630859375)
 (X_1787 65.46918487548828)
 (X_1788 151.6885986328125)
 (X_1789 52.991111755371094)
 (X_1790 59.122703552246094)
 (X_1791 197.22308349609375)
 (X_1792 35.11064529418945)
 (X_1793 36.44245910644531)
 (X_1794 177.67733764648438)
 (X_1795 18.623149871826172)
 (X_1796 46.187255859375)
 (X_1797 191.4079132080078)
 (X_1798 45.25546646118164)
 (X_1799 58.05299758911133)
 (X_1800 221.94073486328125)
 (X_1801 31.313785552978516)
 (X_1802 20.778480529785156)
 (X_1803 228.10459899902344)
 (X_1804 45.65179443359375)
 (X_1805 32.348880767822266)
 (X_1806 242.70260620117188)
 (X_1807 54.03187942504883)
 (X_1808 50.88349151611328)
 (X_1809 214.50535583496094)
 (X_1810 50.650779724121094)
 (X_1811 22.8513126373291)
 (X_1812 202.03099060058594)
 (X_1813 28.388198852539062)
 (X_1814 39.4625244140625)
 (X_1815 226.12547302246094)
 (X_1816 42.86260223388672)
 (X_1817 43.12714767456055)
 (X_1818 200.0194854736328)
 (X_1819 18.90618324279785)
 (X_1820 27.16023826599121)
 (X_1821 188.73211669921875)
 (X_1822 20.626079559326172)
 (X_1823 25.19334602355957)
 (X_1824 226.9720458984375)
 (X_1825 33.58248519897461)
 (X_1826 33.82478713989258)
 (X_1827 151.37303161621094)
 (X_1828 28.20905303955078)
 (X_1829 21.646907806396484)
 (X_1830 165.6750946044922)
 (X_1831 34.015350341796875)
 (X_1832 23.146644592285156)
 (X_1833 177.884521484375)
 (X_1834 23.01378059387207)
 (X_1835 42.93477249145508)
 (X_1836 169.37579345703125)
 (X_1837 48.371681213378906)
 (X_1838 28.29038429260254)
 (X_1839 159.30487060546875)
 (X_1840 30.035362243652344)
 (X_1841 34.241355895996094)
 (X_1842 166.40553283691406)
 (X_1843 56.610435485839844)
 (X_1844 48.0972900390625)
 (X_1845 170.2864532470703)
 (X_1846 37.79831314086914)
 (X_1847 18.351356506347656)
 (X_1848 178.5574951171875)
 (X_1849 46.395294189453125)
 (X_1850 33.58940505981445)
 (X_1851 198.12855529785156)
 (X_1852 46.871280670166016)
 (X_1853 38.36071014404297)
 (X_1854 194.83993530273438)
 (X_1855 39.784324645996094)
 (X_1856 15.25494384765625)
 (X_1857 204.9001007080078)
 (X_1858 35.45996856689453)
 (X_1859 34.55863952636719)
 (X_1860 204.2919158935547)
 (X_1861 56.392539978027344)
 (X_1862 37.556434631347656)
 (X_1863 196.4490203857422)
 (X_1864 39.44482421875)
 (X_1865 27.084251403808594)
 (X_1866 198.33865356445312)
 (X_1867 43.28147506713867)
 (X_1868 34.435882568359375)
 (X_1869 229.74514770507812)
 (X_1870 60.31104278564453)
 (X_1871 40.55125045776367)
 (X_1872 208.9524688720703)
 (X_1873 59.44740295410156)
 (X_1874 34.43535614013672)
 (X_1875 215.1951904296875)
 (X_1876 53.41432189941406)
 (X_1877 31.054304122924805)
 (X_1878 235.7112274169922)
 (X_1879 65.81062316894531)
 (X_1880 40.610572814941406)
 (X_1881 201.37757873535156)
 (X_1882 71.49303436279297)
 (X_1883 47.74876022338867)
 (X_1884 211.41094970703125)
 (X_1885 59.789825439453125)
 (X_1886 38.05234146118164)
 (X_1887 228.73947143554688)
 (X_1888 47.416385650634766)
 (X_1889 55.07904815673828)
 (X_1890 71.07672119140625)
 (X_1891 6.42716121673584)
 (X_1892 10.088897705078125)
 (X_1893 89.63347625732422)
 (X_1894 15.093306541442871)
 (X_1895 16.458309173583984)
 (X_1896 96.08812713623047)
 (X_1897 19.53274154663086)
 (X_1898 19.59702491760254)
 (X_1899 86.09758758544922)
 (X_1900 13.382074356079102)
 (X_1901 25.007797241210938)
 (X_1902 82.61295318603516)
 (X_1903 25.757591247558594)
 (X_1904 12.127606391906738)
 (X_1905 70.26724243164062)
 (X_1906 29.268293380737305)
 (X_1907 25.60112953186035)
 (X_1908 100.74932861328125)
 (X_1909 15.262188911437988)
 (X_1910 24.859766006469727)
 (X_1911 92.15431213378906)
 (X_1912 20.1268310546875)
 (X_1913 11.139298439025879)
 (X_1914 106.221923828125)
 (X_1915 27.400314331054688)
 (X_1916 16.781003952026367)
 (X_1917 141.96983337402344)
 (X_1918 30.173118591308594)
 (X_1919 10.56475830078125)
 (X_1920 138.10104370117188)
 (X_1921 17.413896560668945)
 (X_1922 18.649017333984375)
 (X_1923 160.0286865234375)
 (X_1924 39.60102081298828)
 (X_1925 21.3797550201416)
 (X_1926 109.72488403320312)
 (X_1927 22.343265533447266)
 (X_1928 13.987821578979492)
 (X_1929 117.37136840820312)
 (X_1930 32.39762496948242)
 (X_1931 14.355724334716797)
 (X_1932 124.19500732421875)
 (X_1933 35.59990692138672)
 (X_1934 31.024133682250977)
 (X_1935 116.23786163330078)
 (X_1936 27.63637924194336)
 (X_1937 8.210062026977539)
 (X_1938 117.65985870361328)
 (X_1939 42.0268669128418)
 (X_1940 11.349761009216309)
 (X_1941 100.37127685546875)
 (X_1942 36.019065856933594)
 (X_1943 25.260692596435547)
 (X_1944 108.3274917602539)
 (X_1945 27.79148292541504)
 (X_1946 26.13792610168457)
 (X_1947 116.23847961425781)
 (X_1948 30.407106399536133)
 (X_1949 12.682007789611816)
 (X_1950 103.44389343261719)
 (X_1951 29.60891342163086)
 (X_1952 16.24475860595703)
 (X_1953 86.24252319335938)
 (X_1954 23.976638793945312)
 (X_1955 18.7428035736084)
 (X_1956 93.08412170410156)
 (X_1957 17.775596618652344)
 (X_1958 15.034566879272461)
 (X_1959 86.51768493652344)
 (X_1960 17.767044067382812)
 (X_1961 27.552343368530273)
 (X_1962 81.88055419921875)
 (X_1963 29.858409881591797)
 (X_1964 7.413246154785156)
 (X_1965 78.9051284790039)
 (X_1966 22.723276138305664)
 (X_1967 12.163530349731445)
 (X_1968 87.51441955566406)
 (X_1969 30.43719482421875)
 (X_1970 12.005810737609863)
 (X_1971 90.37351989746094)
 (X_1972 28.42820167541504)
 (X_1973 6.9273576736450195)
 (X_1974 84.79634094238281)
 (X_1975 24.55017852783203)
 (X_1976 13.697291374206543)
 (X_1977 92.16452026367188)
 (X_1978 38.34695816040039)
 (X_1979 14.85387134552002)
 (X_1980 94.53633117675781)
 (X_1981 39.133277893066406)
 (X_1982 24.01434326171875)
 (X_1983 88.07159423828125)
 (X_1984 34.179019927978516)
 (X_1985 5.023713111877441)
 (X_1986 96.54273223876953)
 (X_1987 26.247459411621094)
 (X_1988 8.514673233032227)
 (X_1989 43.70675277709961)
 (X_1990 43.35584259033203)
 (X_1991 16.48370361328125)
 (X_1992 56.99090576171875)
 (X_1993 44.72814178466797)
 (X_1994 20.632699966430664)
 (X_1995 50.490997314453125)
 (X_1996 29.6739444732666)
 (X_1997 25.082748413085938)
 (X_1998 32.31592559814453)
 (X_1999 36.162994384765625)
 (X_2000 12.016392707824707)
 (X_2001 33.930450439453125)
 (X_2002 39.88005447387695)
 (X_2003 8.712178230285645)
 (X_2004 24.140390396118164)
 (X_2005 54.98072814941406)
 (X_2006 16.993762969970703)
 (X_2007 39.81659698486328)
 (X_2008 26.023929595947266)
 (X_2009 33.41964340209961)
 (X_2010 26.183061599731445)
 (X_2011 33.45037078857422)
 (X_2012 30.427047729492188)
 (X_2013 20.651897430419922)
 (X_2014 57.584381103515625)
 (X_2015 43.00539016723633)
 (X_2016 33.540916442871094)
 (X_2017 19.161842346191406)
 (X_2018 54.310401916503906)
 (X_2019 27.52342414855957)
 (X_2020 15.537372589111328)
 (X_2021 36.52956771850586)
 (X_2022 25.196874618530273)
 (X_2023 30.407468795776367)
 (X_2024 45.58708953857422)
 (X_2025 27.07011604309082)
 (X_2026 25.539566040039062)
 (X_2027 24.458988189697266)
 (X_2028 16.817047119140625)
 (X_2029 33.53981018066406)
 (X_2030 26.9520263671875)
 (X_2031 25.418048858642578)
 (X_2032 41.16322326660156)
 (X_2033 25.139116287231445)
 (X_2034 44.25818634033203)
 (X_2035 18.50417709350586)
 (X_2036 35.338314056396484)
 (X_2037 31.40011215209961)
 (X_2038 31.735353469848633)
 (X_2039 40.45153045654297)
 (X_2040 28.761394500732422)
 (X_2041 31.335865020751953)
 (X_2042 36.16915512084961)
 (X_2043 36.99470138549805)
 (X_2044 44.43739318847656)
 (X_2045 49.27586364746094)
 (X_2046 24.460254669189453)
 (X_2047 34.80092239379883)
 (X_2048 67.00411987304688)
 (X_2049 28.755813598632812)
 (X_2050 40.95683288574219)
 (X_2051 59.06883239746094)
 (X_2052 57.154991149902344)
 (X_2053 47.98960876464844)
 (X_2054 58.14229202270508)
 (X_2055 50.14317321777344)
 (X_2056 48.63684844970703)
 (X_2057 59.28669738769531)
 (X_2058 32.18920135498047)
 (X_2059 50.84159851074219)
 (X_2060 67.31424713134766)
 (X_2061 76.8612289428711)
 (X_2062 20.516691207885742)
 (X_2063 44.721229553222656)
 (X_2064 67.19886016845703)
 (X_2065 21.25496482849121)
 (X_2066 47.411983489990234)
 (X_2067 65.7735595703125)
 (X_2068 47.761009216308594)
 (X_2069 62.63764190673828)
 (X_2070 123.87478637695312)
 (X_2071 43.51213836669922)
 (X_2072 20.746047973632812)
 (X_2073 117.63890075683594)
 (X_2074 34.14150619506836)
 (X_2075 31.387611389160156)
 (X_2076 137.75149536132812)
 (X_2077 57.230186462402344)
 (X_2078 35.14900588989258)
 (X_2079 192.453125)
 (X_2080 30.608915328979492)
 (X_2081 30.120521545410156)
 (X_2082 175.3682861328125)
 (X_2083 27.771831512451172)
 (X_2084 33.478721618652344)
 (X_2085 206.5053253173828)
 (X_2086 37.379371643066406)
 (X_2087 40.52351379394531)
 (X_2088 166.90304565429688)
 (X_2089 18.048545837402344)
 (X_2090 28.55884552001953)
 (X_2091 166.49111938476562)
 (X_2092 24.147985458374023)
 (X_2093 31.505449295043945)
 (X_2094 201.275146484375)
 (X_2095 16.270095825195312)
 (X_2096 47.44904327392578)
 (X_2097 135.4732666015625)
 (X_2098 39.75126647949219)
 (X_2099 39.246742248535156)
 (X_2100 138.7630615234375)
 (X_2101 18.566280364990234)
 (X_2102 30.72567367553711)
 (X_2103 162.95614624023438)
 (X_2104 31.16303253173828)
 (X_2105 36.51816177368164)
 (X_2106 150.34432983398438)
 (X_2107 32.22605895996094)
 (X_2108 35.391334533691406)
 (X_2109 150.1977996826172)
 (X_2110 20.256067276000977)
 (X_2111 28.49365234375)
 (X_2112 157.7393035888672)
 (X_2113 39.31044387817383)
 (X_2114 47.748634338378906)
 (X_2115 157.38946533203125)
 (X_2116 24.442678451538086)
 (X_2117 37.80845642089844)
 (X_2118 173.7821502685547)
 (X_2119 31.72066879272461)
 (X_2120 25.1831111907959)
 (X_2121 168.3731231689453)
 (X_2122 48.534053802490234)
 (X_2123 41.1792106628418)
 (X_2124 163.49099731445312)
 (X_2125 24.729095458984375)
 (X_2126 16.69175910949707)
 (X_2127 160.9983673095703)
 (X_2128 38.896453857421875)
 (X_2129 38.730140686035156)
 (X_2130 179.284912109375)
 (X_2131 39.40229415893555)
 (X_2132 45.152713775634766)
 (X_2133 155.76536560058594)
 (X_2134 25.88039779663086)
 (X_2135 21.954261779785156)
 (X_2136 166.8993377685547)
 (X_2137 23.603914260864258)
 (X_2138 34.34554672241211)
 (X_2139 186.9821319580078)
 (X_2140 41.81956481933594)
 (X_2141 42.0654411315918)
 (X_2142 196.07847595214844)
 (X_2143 36.867130279541016)
 (X_2144 32.937599182128906)
 (X_2145 209.7584686279297)
 (X_2146 38.54267120361328)
 (X_2147 22.738576889038086)
 (X_2148 224.24867248535156)
 (X_2149 37.71040725708008)
 (X_2150 40.86081314086914)
 (X_2151 183.61256408691406)
 (X_2152 32.30168533325195)
 (X_2153 46.66658401489258)
 (X_2154 179.0099639892578)
 (X_2155 40.22465515136719)
 (X_2156 39.893394470214844)
 (X_2157 208.613037109375)
 (X_2158 29.263280868530273)
 (X_2159 53.02104568481445)
 (X_2160 60.63223648071289)
 (X_2161 16.203771591186523)
 (X_2162 24.898656845092773)
 (X_2163 71.85216522216797)
 (X_2164 10.10992431640625)
 (X_2165 13.141448974609375)
 (X_2166 74.47114562988281)
 (X_2167 14.605432510375977)
 (X_2168 29.142717361450195)
 (X_2169 64.32605743408203)
 (X_2170 14.521474838256836)
 (X_2171 26.31039810180664)
 (X_2172 58.9038200378418)
 (X_2173 21.736974716186523)
 (X_2174 18.95718002319336)
 (X_2175 64.33073425292969)
 (X_2176 22.73407554626465)
 (X_2177 31.289640426635742)
 (X_2178 85.00507354736328)
 (X_2179 17.874305725097656)
 (X_2180 24.957714080810547)
 (X_2181 83.29901123046875)
 (X_2182 17.748394012451172)
 (X_2183 8.275665283203125)
 (X_2184 98.60014343261719)
 (X_2185 34.31635665893555)
 (X_2186 25.540260314941406)
 (X_2187 102.8140869140625)
 (X_2188 16.05047035217285)
 (X_2189 20.830371856689453)
 (X_2190 104.62645721435547)
 (X_2191 18.19911003112793)
 (X_2192 10.652034759521484)
 (X_2193 128.09634399414062)
 (X_2194 22.57846450805664)
 (X_2195 22.46200942993164)
 (X_2196 97.52870178222656)
 (X_2197 19.86660385131836)
 (X_2198 26.72148323059082)
 (X_2199 91.00106811523438)
 (X_2200 30.665111541748047)
 (X_2201 16.254615783691406)
 (X_2202 96.23890686035156)
 (X_2203 23.69025421142578)
 (X_2204 12.892107009887695)
 (X_2205 93.11001586914062)
 (X_2206 28.58361053466797)
 (X_2207 24.00157356262207)
 (X_2208 90.64314270019531)
 (X_2209 25.62512969970703)
 (X_2210 25.832027435302734)
 (X_2211 91.2144546508789)
 (X_2212 42.76988220214844)
 (X_2213 14.447393417358398)
 (X_2214 89.3970947265625)
 (X_2215 32.36886978149414)
 (X_2216 27.587440490722656)
 (X_2217 87.81632995605469)
 (X_2218 29.15719985961914)
 (X_2219 12.732213973999023)
 (X_2220 77.52928924560547)
 (X_2221 37.672813415527344)
 (X_2222 13.729108810424805)
 (X_2223 86.65811920166016)
 (X_2224 39.98881530761719)
 (X_2225 24.15194320678711)
 (X_2226 68.744873046875)
 (X_2227 22.31572151184082)
 (X_2228 7.6708173751831055)
 (X_2229 85.6260757446289)
 (X_2230 31.730918884277344)
 (X_2231 15.673311233520508)
 (X_2232 75.09041595458984)
 (X_2233 30.254833221435547)
 (X_2234 23.948808670043945)
 (X_2235 64.26976776123047)
 (X_2236 22.766841888427734)
 (X_2237 16.693201065063477)
 (X_2238 68.02631378173828)
 (X_2239 29.237056732177734)
 (X_2240 9.064508438110352)
 (X_2241 61.61396789550781)
 (X_2242 28.678194046020508)
 (X_2243 10.453851699829102)
 (X_2244 51.5307502746582)
 (X_2245 29.07469940185547)
 (X_2246 17.657516479492188)
 (X_2247 65.45257568359375)
 (X_2248 20.23505973815918)
 (X_2249 9.886638641357422)
 (X_2250 47.4124755859375)
 (X_2251 34.862857818603516)
 (X_2252 27.374553680419922)
 (X_2253 34.01671600341797)
 (X_2254 39.83237838745117)
 (X_2255 24.292726516723633)
 (X_2256 41.447383880615234)
 (X_2257 45.006439208984375)
 (X_2258 22.49917221069336)
 (X_2259 38.3623046875)
 (X_2260 25.222740173339844)
 (X_2261 16.434364318847656)
 (X_2262 33.424827575683594)
 (X_2263 17.84687614440918)
 (X_2264 19.254610061645508)
 (X_2265 19.918277740478516)
 (X_2266 31.23940086364746)
 (X_2267 16.65570831298828)
 (X_2268 30.04616928100586)
 (X_2269 30.356014251708984)
 (X_2270 15.640094757080078)
 (X_2271 29.791217803955078)
 (X_2272 19.91608238220215)
 (X_2273 25.922409057617188)
 (X_2274 24.67620849609375)
 (X_2275 44.820579528808594)
 (X_2276 27.022584915161133)
 (X_2277 39.74739456176758)
 (X_2278 32.4766731262207)
 (X_2279 34.61589431762695)
 (X_2280 20.296855926513672)
 (X_2281 38.6334228515625)
 (X_2282 23.250944137573242)
 (X_2283 20.843643188476562)
 (X_2284 42.204193115234375)
 (X_2285 24.467863082885742)
 (X_2286 37.30364990234375)
 (X_2287 32.345184326171875)
 (X_2288 45.72257614135742)
 (X_2289 25.01593780517578)
 (X_2290 47.30628967285156)
 (X_2291 42.16669464111328)
 (X_2292 30.811405181884766)
 (X_2293 58.114662170410156)
 (X_2294 33.74304962158203)
 (X_2295 30.924129486083984)
 (X_2296 33.90940856933594)
 (X_2297 32.845558166503906)
 (X_2298 15.872875213623047)
 (X_2299 30.09374237060547)
 (X_2300 25.171817779541016)
 (X_2301 22.310710906982422)
 (X_2302 51.311317443847656)
 (X_2303 24.478864669799805)
 (X_2304 47.18977355957031)
 (X_2305 31.840028762817383)
 (X_2306 35.255157470703125)
 (X_2307 23.194177627563477)
 (X_2308 21.562734603881836)
 (X_2309 39.531517028808594)
 (X_2310 37.784671783447266)
 (X_2311 27.967636108398438)
 (X_2312 33.12580871582031)
 (X_2313 32.09218978881836)
 (X_2314 31.704347610473633)
 (X_2315 50.2868537902832)
 (X_2316 25.144298553466797)
 (X_2317 31.640594482421875)
 (X_2318 61.46224594116211)
 (X_2319 29.645343780517578)
 (X_2320 28.528043746948242)
 (X_2321 72.71924591064453)
 (X_2322 46.396339416503906)
 (X_2323 33.83544158935547)
 (X_2324 53.10150146484375)
 (X_2325 18.17957305908203)
 (X_2326 24.670785903930664)
 (X_2327 62.97633361816406)
 (X_2328 19.229907989501953)
 (X_2329 33.035125732421875)
 (X_2330 82.15445709228516)
 (X_2331 44.750728607177734)
 (X_2332 26.655250549316406)
 (X_2333 35.213584899902344)
 (X_2334 27.16444969177246)
 (X_2335 36.35527420043945)
 (X_2336 42.89849853515625)
 (X_2337 34.56452178955078)
 (X_2338 37.95492172241211)
 (X_2339 56.892051696777344)
 (X_2340 62.00244140625)
 (X_2341 49.36015319824219)
 (X_2342 23.006393432617188)
 (X_2343 34.0411262512207)
 (X_2344 31.497699737548828)
 (X_2345 27.519027709960938)
 (X_2346 38.88649368286133)
 (X_2347 44.78156280517578)
 (X_2348 33.22591781616211)
 (X_2349 106.75048065185547)
 (X_2350 32.258060455322266)
 (X_2351 13.614492416381836)
 (X_2352 93.2234115600586)
 (X_2353 25.87858772277832)
 (X_2354 31.58967399597168)
 (X_2355 109.5069808959961)
 (X_2356 35.52775192260742)
 (X_2357 27.742431640625)
 (X_2358 167.25918579101562)
 (X_2359 17.806276321411133)
 (X_2360 28.71607208251953)
 (X_2361 138.7261505126953)
 (X_2362 8.311819076538086)
 (X_2363 31.379207611083984)
 (X_2364 168.9446258544922)
 (X_2365 12.842643737792969)
 (X_2366 40.41053009033203)
 (X_2367 129.89576721191406)
 (X_2368 21.88920021057129)
 (X_2369 18.62032127380371)
 (X_2370 122.21695709228516)
 (X_2371 21.03101348876953)
 (X_2372 19.208839416503906)
 (X_2373 128.66441345214844)
 (X_2374 19.549041748046875)
 (X_2375 36.46070098876953)
 (X_2376 126.0247573852539)
 (X_2377 30.16355323791504)
 (X_2378 22.09197235107422)
 (X_2379 121.01749420166016)
 (X_2380 32.017860412597656)
 (X_2381 27.620317459106445)
 (X_2382 132.94361877441406)
 (X_2383 34.39296340942383)
 (X_2384 30.176448822021484)
 (X_2385 132.7713165283203)
 (X_2386 24.513866424560547)
 (X_2387 24.498825073242188)
 (X_2388 135.76443481445312)
 (X_2389 18.705951690673828)
 (X_2390 24.921653747558594)
 (X_2391 145.29507446289062)
 (X_2392 29.737873077392578)
 (X_2393 32.36420822143555)
 (X_2394 134.3542022705078)
 (X_2395 20.6395263671875)
 (X_2396 27.415739059448242)
 (X_2397 137.44874572753906)
 (X_2398 21.835363388061523)
 (X_2399 29.447866439819336)
 (X_2400 144.9364776611328)
 (X_2401 31.123064041137695)
 (X_2402 27.37795066833496)
 (X_2403 154.670166015625)
 (X_2404 14.816720008850098)
 (X_2405 25.958131790161133)
 (X_2406 155.45135498046875)
 (X_2407 23.502567291259766)
 (X_2408 37.3134880065918)
 (X_2409 169.42234802246094)
 (X_2410 31.400096893310547)
 (X_2411 36.766883850097656)
 (X_2412 182.2256622314453)
 (X_2413 19.403757095336914)
 (X_2414 27.633079528808594)
 (X_2415 198.72760009765625)
 (X_2416 19.10952377319336)
 (X_2417 20.094877243041992)
 (X_2418 208.66452026367188)
 (X_2419 28.47345542907715)
 (X_2420 39.20104217529297)
 (X_2421 159.98162841796875)
 (X_2422 20.30565643310547)
 (X_2423 48.33745193481445)
 (X_2424 167.11912536621094)
 (X_2425 27.342504501342773)
 (X_2426 39.36448669433594)
 (X_2427 183.45791625976562)
 (X_2428 18.597267150878906)
 (X_2429 57.67809295654297)
 (X_2430 52.273963928222656)
 (X_2431 13.183294296264648)
 (X_2432 10.533729553222656)
 (X_2433 52.01806640625)
 (X_2434 19.7314395904541)
 (X_2435 16.151521682739258)
 (X_2436 50.81867218017578)
 (X_2437 28.778152465820312)
 (X_2438 20.69744110107422)
 (X_2439 60.24504470825195)
 (X_2440 23.66969871520996)
 (X_2441 20.081758499145508)
 (X_2442 58.33800506591797)
 (X_2443 10.364316940307617)
 (X_2444 29.65607452392578)
 (X_2445 60.48905944824219)
 (X_2446 15.449986457824707)
 (X_2447 19.138187408447266)
 (X_2448 60.442039489746094)
 (X_2449 16.735435485839844)
 (X_2450 21.89805793762207)
 (X_2451 53.26668167114258)
 (X_2452 17.45754623413086)
 (X_2453 22.822772979736328)
 (X_2454 53.10313034057617)
 (X_2455 32.46587371826172)
 (X_2456 25.931306838989258)
 (X_2457 68.05441284179688)
 (X_2458 19.915401458740234)
 (X_2459 12.322897911071777)
 (X_2460 59.63418960571289)
 (X_2461 27.44266700744629)
 (X_2462 23.435869216918945)
 (X_2463 65.70671844482422)
 (X_2464 20.532047271728516)
 (X_2465 13.79664421081543)
 (X_2466 77.180908203125)
 (X_2467 28.579500198364258)
 (X_2468 14.731266975402832)
 (X_2469 70.05815124511719)
 (X_2470 14.131479263305664)
 (X_2471 21.255250930786133)
 (X_2472 80.11262512207031)
 (X_2473 19.867900848388672)
 (X_2474 28.183578491210938)
 (X_2475 85.60665130615234)
 (X_2476 19.626056671142578)
 (X_2477 8.846046447753906)
 (X_2478 94.62371826171875)
 (X_2479 16.816104888916016)
 (X_2480 23.429527282714844)
 (X_2481 96.7857437133789)
 (X_2482 38.35480499267578)
 (X_2483 28.336360931396484)
 (X_2484 77.2083969116211)
 (X_2485 30.042964935302734)
 (X_2486 18.685775756835938)
 (X_2487 77.43750762939453)
 (X_2488 21.397268295288086)
 (X_2489 9.527083396911621)
 (X_2490 99.5756607055664)
 (X_2491 40.917144775390625)
 (X_2492 26.54132652282715)
 (X_2493 68.98265075683594)
 (X_2494 40.84844207763672)
 (X_2495 21.123388290405273)
 (X_2496 60.13101577758789)
 (X_2497 26.887928009033203)
 (X_2498 22.573469161987305)
 (X_2499 83.38833618164062)
 (X_2500 45.14052963256836)
 (X_2501 13.538651466369629)
 (X_2502 63.012542724609375)
 (X_2503 34.757232666015625)
 (X_2504 21.802181243896484)
 (X_2505 59.24799346923828)
 (X_2506 22.19863510131836)
 (X_2507 25.200435638427734)
 (X_2508 55.8385009765625)
 (X_2509 19.051006317138672)
 (X_2510 16.68398666381836)
 (X_2511 45.15365219116211)
 (X_2512 33.99481201171875)
 (X_2513 15.478999137878418)
 (X_2514 36.12761688232422)
 (X_2515 32.30968475341797)
 (X_2516 12.897064208984375)
 (X_2517 29.966768264770508)
 (X_2518 34.95326614379883)
 (X_2519 25.45149040222168)
 (X_2520 32.32551193237305)
 (X_2521 32.994117736816406)
 (X_2522 32.021934509277344)
 (X_2523 17.687179565429688)
 (X_2524 39.57009506225586)
 (X_2525 15.371902465820312)
 (X_2526 16.425092697143555)
 (X_2527 51.11613845825195)
 (X_2528 25.015213012695312)
 (X_2529 22.8724422454834)
 (X_2530 27.84710121154785)
 (X_2531 17.691329956054688)
 (X_2532 26.23285675048828)
 (X_2533 39.49137496948242)
 (X_2534 16.00067138671875)
 (X_2535 26.75641632080078)
 (X_2536 39.707908630371094)
 (X_2537 25.098052978515625)
 (X_2538 29.09408950805664)
 (X_2539 29.676448822021484)
 (X_2540 9.591344833374023)
 (X_2541 20.342880249023438)
 (X_2542 41.175254821777344)
 (X_2543 15.272527694702148)
 (X_2544 33.80257034301758)
 (X_2545 42.200252532958984)
 (X_2546 20.1302490234375)
 (X_2547 44.09141540527344)
 (X_2548 31.83193016052246)
 (X_2549 33.418487548828125)
 (X_2550 46.691001892089844)
 (X_2551 41.41898727416992)
 (X_2552 23.8785400390625)
 (X_2553 39.25459289550781)
 (X_2554 45.77685546875)
 (X_2555 33.12635040283203)
 (X_2556 40.49197006225586)
 (X_2557 29.44940185546875)
 (X_2558 37.04816436767578)
 (X_2559 33.38863754272461)
 (X_2560 29.372411727905273)
 (X_2561 32.2746467590332)
 (X_2562 43.186302185058594)
 (X_2563 41.09299850463867)
 (X_2564 35.212955474853516)
 (X_2565 53.055049896240234)
 (X_2566 30.18720054626465)
 (X_2567 15.197785377502441)
 (X_2568 42.63186264038086)
 (X_2569 44.980743408203125)
 (X_2570 26.050668716430664)
 (X_2571 50.28094482421875)
 (X_2572 47.74653625488281)
 (X_2573 26.559640884399414)
 (X_2574 42.663352966308594)
 (X_2575 28.920759201049805)
 (X_2576 19.063037872314453)
 (X_2577 33.88066482543945)
 (X_2578 29.52573013305664)
 (X_2579 23.056917190551758)
 (X_2580 57.08121109008789)
 (X_2581 51.52989196777344)
 (X_2582 30.754043579101562)
 (X_2583 37.133758544921875)
 (X_2584 23.732421875)
 (X_2585 43.132450103759766)
 (X_2586 45.72914123535156)
 (X_2587 25.575031280517578)
 (X_2588 59.815589904785156)
 (X_2589 41.18080139160156)
 (X_2590 34.959320068359375)
 (X_2591 59.71730041503906)
 (X_2592 32.2662239074707)
 (X_2593 27.27293586730957)
 (X_2594 48.871421813964844)
 (X_2595 27.161727905273438)
 (X_2596 31.201942443847656)
 (X_2597 55.5305061340332)
 (X_2598 39.20201873779297)
 (X_2599 23.235454559326172)
 (X_2600 67.0253677368164)
 (X_2601 36.558990478515625)
 (X_2602 41.5159912109375)
 (X_2603 46.68183517456055)
 (X_2604 30.46276092529297)
 (X_2605 34.042964935302734)
 (X_2606 44.656585693359375)
 (X_2607 27.592445373535156)
 (X_2608 49.224029541015625)
 (X_2609 65.66433715820312)
 (X_2610 37.389007568359375)
 (X_2611 30.063148498535156)
 (X_2612 15.194168090820312)
 (X_2613 31.00566864013672)
 (X_2614 32.60591506958008)
 (X_2615 29.955772399902344)
 (X_2616 16.40690040588379)
 (X_2617 52.03441619873047)
 (X_2618 37.53639221191406)
 (X_2619 42.22080612182617)
 (X_2620 25.02789306640625)
 (X_2621 24.771059036254883)
 (X_2622 28.96092414855957)
 (X_2623 28.264739990234375)
 (X_2624 20.144878387451172)
 (X_2625 27.87881851196289)
 (X_2626 29.032672882080078)
 (X_2627 33.72182846069336)
 (X_2628 99.1974105834961)
 (X_2629 22.220901489257812)
 (X_2630 16.283214569091797)
 (X_2631 77.1828384399414)
 (X_2632 16.64533233642578)
 (X_2633 30.121994018554688)
 (X_2634 82.71198272705078)
 (X_2635 18.827045440673828)
 (X_2636 31.713428497314453)
 (X_2637 108.6259765625)
 (X_2638 25.17317771911621)
 (X_2639 12.41535758972168)
 (X_2640 101.24066162109375)
 (X_2641 24.990524291992188)
 (X_2642 16.939350128173828)
 (X_2643 95.01880645751953)
 (X_2644 35.24846267700195)
 (X_2645 27.434627532958984)
 (X_2646 117.79471588134766)
 (X_2647 20.488231658935547)
 (X_2648 20.213380813598633)
 (X_2649 115.74284362792969)
 (X_2650 26.72462272644043)
 (X_2651 18.51722526550293)
 (X_2652 125.23379516601562)
 (X_2653 28.73712921142578)
 (X_2654 39.452632904052734)
 (X_2655 136.14207458496094)
 (X_2656 21.072242736816406)
 (X_2657 26.994426727294922)
 (X_2658 125.66183471679688)
 (X_2659 10.656896591186523)
 (X_2660 19.21092987060547)
 (X_2661 132.01393127441406)
 (X_2662 13.924779891967773)
 (X_2663 39.583580017089844)
 (X_2664 132.85304260253906)
 (X_2665 24.970806121826172)
 (X_2666 32.94188690185547)
 (X_2667 131.6133270263672)
 (X_2668 18.991497039794922)
 (X_2669 25.218223571777344)
 (X_2670 156.5454559326172)
 (X_2671 18.888774871826172)
 (X_2672 24.42255210876465)
 (X_2673 142.01467895507812)
 (X_2674 32.72705078125)
 (X_2675 24.858125686645508)
 (X_2676 138.31607055664062)
 (X_2677 14.7214937210083)
 (X_2678 29.785572052001953)
 (X_2679 158.2997589111328)
 (X_2680 19.42521858215332)
 (X_2681 41.527557373046875)
 (X_2682 168.24798583984375)
 (X_2683 15.496403694152832)
 (X_2684 34.15729904174805)
 (X_2685 171.80909729003906)
 (X_2686 26.85430145263672)
 (X_2687 22.007963180541992)
 (X_2688 194.77178955078125)
 (X_2689 18.466461181640625)
 (X_2690 24.701791763305664)
 (X_2691 160.41806030273438)
 (X_2692 26.030780792236328)
 (X_2693 54.27117919921875)
 (X_2694 152.6670684814453)
 (X_2695 20.22369384765625)
 (X_2696 42.36759567260742)
 (X_2697 170.18533325195312)
 (X_2698 22.01361846923828)
 (X_2699 53.60346221923828)
 (Y_0 628.0)
 (Y_1 922.0)
 (Y_2 1228.0)
 (Y_3 834.0)
 (Y_4 1144.0)
 (Y_5 618.0)
 (Y_6 498.0)
 (Y_7 936.0)
 (Y_8 822.0)
 (Y_9 432.0)
 (Y_10 762.0)
 (Y_11 1392.0)
 (Y_12 756.0)
 (Y_13 496.0)
 (Y_14 1210.0)
 (Y_15 1064.0)
 (Y_16 38.0)
 (Y_17 1478.0)
 (Y_18 886.0)
 (Y_19 720.0)
 (Y_20 1240.0)
 (Y_21 564.0)
 (Y_22 1342.0)
 (Y_23 988.0)
 (Y_24 604.0)
 (Y_25 1212.0)
 (Y_26 1344.0)
 (Y_27 488.0)
 (Y_28 1308.0)
 (Y_29 826.0)
 (Y_30 1152.0)
 (Y_31 766.0)
 (Y_32 520.0)
 (Y_33 310.0)
 (Y_34 -396.0)
 (Y_35 -114.0)
 (Y_36 526.0)
 (Y_37 -276.0)
 (Y_38 336.0)
 (Y_39 166.0)
 (Y_40 326.0)
 (Y_41 562.0)
 (Y_42 304.0))
