sat,0.997698
((X_0 250.51344299316406)
 (X_1 39.62982177734375)
 (X_2 3.1585898399353027)
 (X_3 250.9601593017578)
 (X_4 62.28680419921875)
 (X_5 15.112375259399414)
 (X_6 252.41705322265625)
 (X_7 62.50502395629883)
 (X_8 35.88077163696289)
 (X_9 237.68698120117188)
 (X_10 34.163734436035156)
 (X_11 17.244220733642578)
 (X_12 249.41944885253906)
 (X_13 44.39585494995117)
 (X_14 14.438538551330566)
 (X_15 250.94593811035156)
 (X_16 53.12443542480469)
 (X_17 28.68636131286621)
 (X_18 237.91712951660156)
 (X_19 34.90970230102539)
 (X_20 4.701056957244873)
 (X_21 243.1678009033203)
 (X_22 41.40605163574219)
 (X_23 3.0875391960144043)
 (X_24 254.7536163330078)
 (X_25 63.60956954956055)
 (X_26 10.28589916229248)
 (X_27 252.31698608398438)
 (X_28 45.26930236816406)
 (X_29 13.344818115234375)
 (X_30 254.44041442871094)
 (X_31 36.91081237792969)
 (X_32 16.861827850341797)
 (X_33 251.5391845703125)
 (X_34 53.143409729003906)
 (X_35 34.45457077026367)
 (X_36 249.4193878173828)
 (X_37 69.828369140625)
 (X_38 6.95359468460083)
 (X_39 232.4594268798828)
 (X_40 55.01438903808594)
 (X_41 31.454425811767578)
 (X_42 247.50990295410156)
 (X_43 64.70891571044922)
 (X_44 15.711912155151367)
 (X_45 199.06248474121094)
 (X_46 81.23214721679688)
 (X_47 14.670493125915527)
 (X_48 237.0504608154297)
 (X_49 92.93485260009766)
 (X_50 5.83280086517334)
 (X_51 234.3495330810547)
 (X_52 86.49868774414062)
 (X_53 31.163257598876953)
 (X_54 181.93658447265625)
 (X_55 57.705196380615234)
 (X_56 26.539012908935547)
 (X_57 212.3536834716797)
 (X_58 66.91788482666016)
 (X_59 18.662548065185547)
 (X_60 225.8413848876953)
 (X_61 72.92628479003906)
 (X_62 29.002981185913086)
 (X_63 203.0813751220703)
 (X_64 59.139686584472656)
 (X_65 33.14924621582031)
 (X_66 222.85011291503906)
 (X_67 59.18758773803711)
 (X_68 35.89662170410156)
 (X_69 209.4373779296875)
 (X_70 62.08521270751953)
 (X_71 34.610389709472656)
 (X_72 242.49095153808594)
 (X_73 25.20415496826172)
 (X_74 39.17814636230469)
 (X_75 234.62388610839844)
 (X_76 41.456687927246094)
 (X_77 23.129358291625977)
 (X_78 229.26109313964844)
 (X_79 48.852294921875)
 (X_80 41.07181167602539)
 (X_81 250.1955108642578)
 (X_82 27.295379638671875)
 (X_83 23.82806396484375)
 (X_84 251.73167419433594)
 (X_85 14.597134590148926)
 (X_86 15.841540336608887)
 (X_87 246.4438018798828)
 (X_88 32.85615539550781)
 (X_89 35.705711364746094)
 (X_90 231.93406677246094)
 (X_91 23.55060386657715)
 (X_92 51.66001892089844)
 (X_93 252.6190185546875)
 (X_94 36.44159698486328)
 (X_95 37.514686584472656)
 (X_96 247.46676635742188)
 (X_97 40.076133728027344)
 (X_98 42.14942169189453)
 (X_99 241.5460205078125)
 (X_100 53.64734649658203)
 (X_101 32.26646423339844)
 (X_102 251.20523071289062)
 (X_103 18.237699508666992)
 (X_104 36.626808166503906)
 (X_105 241.3040008544922)
 (X_106 43.18621826171875)
 (X_107 45.20823669433594)
 (X_108 244.62208557128906)
 (X_109 29.429574966430664)
 (X_110 43.25263977050781)
 (X_111 247.3850860595703)
 (X_112 53.530609130859375)
 (X_113 41.91490936279297)
 (X_114 251.08729553222656)
 (X_115 37.49711990356445)
 (X_116 49.430870056152344)
 (X_117 229.8339080810547)
 (X_118 46.40453338623047)
 (X_119 55.14800262451172)
 (X_120 227.8118896484375)
 (X_121 37.323944091796875)
 (X_122 36.27981948852539)
 (X_123 248.54766845703125)
 (X_124 38.88126754760742)
 (X_125 40.62303161621094)
 (X_126 201.64321899414062)
 (X_127 36.09880828857422)
 (X_128 51.103477478027344)
 (X_129 197.67254638671875)
 (X_130 51.589752197265625)
 (X_131 36.625450134277344)
 (X_132 194.84727478027344)
 (X_133 59.874473571777344)
 (X_134 60.460540771484375)
 (X_135 171.86807250976562)
 (X_136 56.244781494140625)
 (X_137 39.930728912353516)
 (X_138 205.269287109375)
 (X_139 42.99383544921875)
 (X_140 33.48699951171875)
 (X_141 173.9471435546875)
 (X_142 51.99726867675781)
 (X_143 66.12913513183594)
 (X_144 184.89833068847656)
 (X_145 52.77980422973633)
 (X_146 43.103275299072266)
 (X_147 212.66683959960938)
 (X_148 48.88467025756836)
 (X_149 37.92988967895508)
 (X_150 172.05642700195312)
 (X_151 42.14385223388672)
 (X_152 71.13507843017578)
 (X_153 234.94528198242188)
 (X_154 36.64012908935547)
 (X_155 45.93311309814453)
 (X_156 243.3389129638672)
 (X_157 55.911468505859375)
 (X_158 35.92472457885742)
 (X_159 199.54116821289062)
 (X_160 40.251243591308594)
 (X_161 67.69828796386719)
 (X_162 233.52249145507812)
 (X_163 42.23454284667969)
 (X_164 38.72630310058594)
 (X_165 251.09280395507812)
 (X_166 43.50773620605469)
 (X_167 28.72825813293457)
 (X_168 236.4189910888672)
 (X_169 64.55902862548828)
 (X_170 52.83409881591797)
 (X_171 246.61505126953125)
 (X_172 31.00393295288086)
 (X_173 40.24519729614258)
 (X_174 250.89996337890625)
 (X_175 29.899620056152344)
 (X_176 37.52649688720703)
 (X_177 247.6466064453125)
 (X_178 48.89189910888672)
 (X_179 47.84680938720703)
 (X_180 238.0053253173828)
 (X_181 20.004329681396484)
 (X_182 23.341224670410156)
 (X_183 247.3578643798828)
 (X_184 34.58305358886719)
 (X_185 32.739845275878906)
 (X_186 249.0780487060547)
 (X_187 17.517057418823242)
 (X_188 25.885009765625)
 (X_189 252.6692352294922)
 (X_190 33.133750915527344)
 (X_191 27.132640838623047)
 (X_192 254.2323760986328)
 (X_193 28.64911651611328)
 (X_194 14.669325828552246)
 (X_195 247.76119995117188)
 (X_196 20.522403717041016)
 (X_197 21.13288688659668)
 (X_198 244.62612915039062)
 (X_199 43.407920837402344)
 (X_200 26.392112731933594)
 (X_201 243.99755859375)
 (X_202 48.41487503051758)
 (X_203 22.436119079589844)
 (X_204 246.16766357421875)
 (X_205 22.453516006469727)
 (X_206 30.537622451782227)
 (X_207 240.67225646972656)
 (X_208 67.35272216796875)
 (X_209 26.570920944213867)
 (X_210 249.40969848632812)
 (X_211 72.54940795898438)
 (X_212 34.469268798828125)
 (X_213 248.27980041503906)
 (X_214 77.0752944946289)
 (X_215 31.795921325683594)
 (X_216 234.8568878173828)
 (X_217 106.03801727294922)
 (X_218 29.101863861083984)
 (X_219 250.2617950439453)
 (X_220 116.92277526855469)
 (X_221 16.797819137573242)
 (X_222 249.27516174316406)
 (X_223 112.47662353515625)
 (X_224 22.062482833862305)
 (X_225 243.31466674804688)
 (X_226 114.17642211914062)
 (X_227 4.786879539489746)
 (X_228 240.4317169189453)
 (X_229 104.0417709350586)
 (X_230 27.767478942871094)
 (X_231 254.2839813232422)
 (X_232 132.12643432617188)
 (X_233 31.469280242919922)
 (X_234 234.71871948242188)
 (X_235 139.2241973876953)
 (X_236 21.112703323364258)
 (X_237 247.52976989746094)
 (X_238 136.69007873535156)
 (X_239 14.654090881347656)
 (X_240 240.60743713378906)
 (X_241 157.47840881347656)
 (X_242 37.47001647949219)
 (X_243 244.6383819580078)
 (X_244 121.66615295410156)
 (X_245 34.35400390625)
 (X_246 248.42999267578125)
 (X_247 154.4961700439453)
 (X_248 38.637420654296875)
 (X_249 254.6781463623047)
 (X_250 150.2602081298828)
 (X_251 19.318965911865234)
 (X_252 253.76559448242188)
 (X_253 173.74661254882812)
 (X_254 16.552898406982422)
 (X_255 250.15902709960938)
 (X_256 179.22198486328125)
 (X_257 16.146484375)
 (X_258 253.06201171875)
 (X_259 192.11993408203125)
 (X_260 13.526631355285645)
 (X_261 254.69424438476562)
 (X_262 149.59678649902344)
 (X_263 30.689485549926758)
 (X_264 245.12625122070312)
 (X_265 138.6614227294922)
 (X_266 7.6533708572387695)
 (X_267 243.44764709472656)
 (X_268 169.06521606445312)
 (X_269 34.20698547363281)
 (X_270 251.74298095703125)
 (X_271 37.817474365234375)
 (X_272 9.3971529006958)
 (X_273 244.67076110839844)
 (X_274 54.36432647705078)
 (X_275 19.463062286376953)
 (X_276 248.13088989257812)
 (X_277 46.586212158203125)
 (X_278 9.886133193969727)
 (X_279 245.2334442138672)
 (X_280 32.09138107299805)
 (X_281 23.030412673950195)
 (X_282 241.59478759765625)
 (X_283 33.443992614746094)
 (X_284 28.678800582885742)
 (X_285 246.7222137451172)
 (X_286 51.07249450683594)
 (X_287 24.466503143310547)
 (X_288 248.28915405273438)
 (X_289 44.99205017089844)
 (X_290 13.349512100219727)
 (X_291 253.97421264648438)
 (X_292 43.21162414550781)
 (X_293 10.217966079711914)
 (X_294 244.69239807128906)
 (X_295 45.20746612548828)
 (X_296 8.172338485717773)
 (X_297 240.19647216796875)
 (X_298 30.089618682861328)
 (X_299 15.60151481628418)
 (X_300 252.80929565429688)
 (X_301 56.6004753112793)
 (X_302 20.427915573120117)
 (X_303 243.09774780273438)
 (X_304 60.12413787841797)
 (X_305 17.563766479492188)
 (X_306 235.15589904785156)
 (X_307 41.48406982421875)
 (X_308 23.722396850585938)
 (X_309 254.38674926757812)
 (X_310 50.60165023803711)
 (X_311 18.27420425415039)
 (X_312 253.45826721191406)
 (X_313 49.28627395629883)
 (X_314 26.159618377685547)
 (X_315 220.38233947753906)
 (X_316 63.40592956542969)
 (X_317 4.786330699920654)
 (X_318 238.9005584716797)
 (X_319 55.292022705078125)
 (X_320 27.926340103149414)
 (X_321 243.39463806152344)
 (X_322 46.43300247192383)
 (X_323 34.639713287353516)
 (X_324 222.30136108398438)
 (X_325 58.229515075683594)
 (X_326 31.008281707763672)
 (X_327 226.3457489013672)
 (X_328 55.391395568847656)
 (X_329 18.543289184570312)
 (X_330 221.5819549560547)
 (X_331 65.06881713867188)
 (X_332 19.949045181274414)
 (X_333 197.49264526367188)
 (X_334 38.942508697509766)
 (X_335 40.81982421875)
 (X_336 220.12649536132812)
 (X_337 40.871761322021484)
 (X_338 35.040992736816406)
 (X_339 199.13009643554688)
 (X_340 60.1303825378418)
 (X_341 39.749114990234375)
 (X_342 176.32208251953125)
 (X_343 37.044185638427734)
 (X_344 51.84210968017578)
 (X_345 200.0633087158203)
 (X_346 16.581645965576172)
 (X_347 20.242494583129883)
 (X_348 230.51168823242188)
 (X_349 31.04195785522461)
 (X_350 47.207523345947266)
 (X_351 215.5161590576172)
 (X_352 25.24353790283203)
 (X_353 45.017574310302734)
 (X_354 228.2741241455078)
 (X_355 25.239267349243164)
 (X_356 25.866636276245117)
 (X_357 253.6855010986328)
 (X_358 13.380380630493164)
 (X_359 18.2491455078125)
 (X_360 249.6031494140625)
 (X_361 30.444114685058594)
 (X_362 20.51357650756836)
 (X_363 249.05056762695312)
 (X_364 44.93180847167969)
 (X_365 5.206973552703857)
 (X_366 240.69192504882812)
 (X_367 55.6291389465332)
 (X_368 7.776020050048828)
 (X_369 250.2945556640625)
 (X_370 55.306217193603516)
 (X_371 31.23733139038086)
 (X_372 250.76119995117188)
 (X_373 43.473358154296875)
 (X_374 23.802806854248047)
 (X_375 249.99917602539062)
 (X_376 70.31036376953125)
 (X_377 39.94891357421875)
 (X_378 241.82777404785156)
 (X_379 35.33330154418945)
 (X_380 53.545169830322266)
 (X_381 253.04925537109375)
 (X_382 57.92967987060547)
 (X_383 42.42918395996094)
 (X_384 245.89309692382812)
 (X_385 48.143310546875)
 (X_386 49.773231506347656)
 (X_387 195.7346954345703)
 (X_388 57.16499328613281)
 (X_389 39.05931091308594)
 (X_390 199.4670867919922)
 (X_391 34.82122802734375)
 (X_392 48.577972412109375)
 (X_393 196.24546813964844)
 (X_394 52.23632049560547)
 (X_395 58.79792022705078)
 (X_396 130.28089904785156)
 (X_397 37.90044403076172)
 (X_398 55.948116302490234)
 (X_399 141.542724609375)
 (X_400 52.61785125732422)
 (X_401 43.8523063659668)
 (X_402 106.66651153564453)
 (X_403 51.9389533996582)
 (X_404 62.07049560546875)
 (X_405 80.17586517333984)
 (X_406 32.920166015625)
 (X_407 48.4056510925293)
 (X_408 95.393798828125)
 (X_409 53.77155303955078)
 (X_410 50.05381774902344)
 (X_411 31.13970184326172)
 (X_412 44.19261169433594)
 (X_413 44.84319305419922)
 (X_414 80.78787231445312)
 (X_415 52.525596618652344)
 (X_416 42.02849197387695)
 (X_417 91.84217071533203)
 (X_418 34.287418365478516)
 (X_419 50.98731994628906)
 (X_420 51.2796630859375)
 (X_421 60.88079833984375)
 (X_422 45.72865295410156)
 (X_423 195.71194458007812)
 (X_424 37.63257598876953)
 (X_425 55.42744827270508)
 (X_426 221.65542602539062)
 (X_427 29.97242546081543)
 (X_428 46.7067985534668)
 (X_429 157.25987243652344)
 (X_430 47.70673751831055)
 (X_431 45.01585006713867)
 (X_432 246.15390014648438)
 (X_433 32.671913146972656)
 (X_434 28.528104782104492)
 (X_435 238.92616271972656)
 (X_436 51.29389190673828)
 (X_437 25.996870040893555)
 (X_438 234.08485412597656)
 (X_439 59.46973419189453)
 (X_440 53.0273323059082)
 (X_441 235.3566131591797)
 (X_442 39.937355041503906)
 (X_443 42.66055679321289)
 (X_444 246.71804809570312)
 (X_445 29.912677764892578)
 (X_446 40.890052795410156)
 (X_447 252.22715759277344)
 (X_448 65.71332550048828)
 (X_449 16.667295455932617)
 (X_450 234.84518432617188)
 (X_451 45.45048904418945)
 (X_452 16.14493751525879)
 (X_453 243.4735870361328)
 (X_454 25.219284057617188)
 (X_455 29.01430320739746)
 (X_456 244.32347106933594)
 (X_457 38.41339874267578)
 (X_458 10.461845397949219)
 (X_459 239.44479370117188)
 (X_460 21.202213287353516)
 (X_461 23.06838035583496)
 (X_462 253.5382080078125)
 (X_463 8.393202781677246)
 (X_464 15.829610824584961)
 (X_465 250.0717010498047)
 (X_466 25.663501739501953)
 (X_467 18.403051376342773)
 (X_468 240.464599609375)
 (X_469 26.16363525390625)
 (X_470 15.9398775100708)
 (X_471 239.89114379882812)
 (X_472 37.5440673828125)
 (X_473 35.54287338256836)
 (X_474 250.5392608642578)
 (X_475 9.001302719116211)
 (X_476 25.431623458862305)
 (X_477 243.1636199951172)
 (X_478 48.28459167480469)
 (X_479 8.725762367248535)
 (X_480 249.6112060546875)
 (X_481 56.90019989013672)
 (X_482 26.33249855041504)
 (X_483 251.61492919921875)
 (X_484 36.359901428222656)
 (X_485 39.33989334106445)
 (X_486 252.36898803710938)
 (X_487 104.03990173339844)
 (X_488 8.417295455932617)
 (X_489 242.57568359375)
 (X_490 90.21232604980469)
 (X_491 24.602962493896484)
 (X_492 245.5594482421875)
 (X_493 111.69721221923828)
 (X_494 26.873003005981445)
 (X_495 250.62623596191406)
 (X_496 106.37863159179688)
 (X_497 21.65967559814453)
 (X_498 253.32395935058594)
 (X_499 102.96453094482422)
 (X_500 18.49595069885254)
 (X_501 249.49288940429688)
 (X_502 120.97470092773438)
 (X_503 31.228729248046875)
 (X_504 248.4661865234375)
 (X_505 124.22015380859375)
 (X_506 34.27109909057617)
 (X_507 252.85430908203125)
 (X_508 114.11455535888672)
 (X_509 24.725446701049805)
 (X_510 252.3502655029297)
 (X_511 133.79229736328125)
 (X_512 39.37355041503906)
 (X_513 235.31016540527344)
 (X_514 133.01258850097656)
 (X_515 30.942485809326172)
 (X_516 252.69073486328125)
 (X_517 147.0723419189453)
 (X_518 25.975135803222656)
 (X_519 245.20367431640625)
 (X_520 162.67593383789062)
 (X_521 28.405439376831055)
 (X_522 241.6608428955078)
 (X_523 170.65684509277344)
 (X_524 35.45221710205078)
 (X_525 248.17372131347656)
 (X_526 174.68589782714844)
 (X_527 11.56275749206543)
 (X_528 246.0639190673828)
 (X_529 183.23182678222656)
 (X_530 30.63512420654297)
 (X_531 247.52630615234375)
 (X_532 138.52239990234375)
 (X_533 18.119117736816406)
 (X_534 252.8069610595703)
 (X_535 145.03057861328125)
 (X_536 14.24000358581543)
 (X_537 241.89329528808594)
 (X_538 144.07241821289062)
 (X_539 26.948406219482422)
 (X_540 249.56617736816406)
 (X_541 20.52385902404785)
 (X_542 8.491979598999023)
 (X_543 237.189208984375)
 (X_544 35.22180938720703)
 (X_545 22.929609298706055)
 (X_546 251.5522003173828)
 (X_547 62.71493911743164)
 (X_548 8.160576820373535)
 (X_549 238.46435546875)
 (X_550 34.925533294677734)
 (X_551 30.729576110839844)
 (X_552 253.9558563232422)
 (X_553 34.09464645385742)
 (X_554 5.499207019805908)
 (X_555 249.3929443359375)
 (X_556 37.8319091796875)
 (X_557 16.166790008544922)
 (X_558 239.96763610839844)
 (X_559 49.70664596557617)
 (X_560 19.12222671508789)
 (X_561 241.12509155273438)
 (X_562 28.724075317382812)
 (X_563 26.58126449584961)
 (X_564 248.5474395751953)
 (X_565 64.10941314697266)
 (X_566 23.105819702148438)
 (X_567 250.0646209716797)
 (X_568 38.14923858642578)
 (X_569 21.548004150390625)
 (X_570 239.51551818847656)
 (X_571 49.56940460205078)
 (X_572 10.454460144042969)
 (X_573 246.81080627441406)
 (X_574 51.286128997802734)
 (X_575 14.195610046386719)
 (X_576 248.6195068359375)
 (X_577 34.82964324951172)
 (X_578 24.40774917602539)
 (X_579 246.57040405273438)
 (X_580 32.20459747314453)
 (X_581 25.278013229370117)
 (X_582 245.97813415527344)
 (X_583 46.60758590698242)
 (X_584 24.627052307128906)
 (X_585 235.9729461669922)
 (X_586 23.206344604492188)
 (X_587 7.711368083953857)
 (X_588 248.5281219482422)
 (X_589 37.44218063354492)
 (X_590 31.52663803100586)
 (X_591 246.09344482421875)
 (X_592 35.53825378417969)
 (X_593 9.402460098266602)
 (X_594 237.37017822265625)
 (X_595 38.10503387451172)
 (X_596 24.03642463684082)
 (X_597 238.81643676757812)
 (X_598 39.48102951049805)
 (X_599 29.947660446166992)
 (X_600 238.04098510742188)
 (X_601 36.134490966796875)
 (X_602 32.7200927734375)
 (X_603 185.08702087402344)
 (X_604 34.05564498901367)
 (X_605 13.156003952026367)
 (X_606 215.87655639648438)
 (X_607 31.70231819152832)
 (X_608 23.339061737060547)
 (X_609 219.41441345214844)
 (X_610 23.11117935180664)
 (X_611 19.197513580322266)
 (X_612 145.4709014892578)
 (X_613 20.368404388427734)
 (X_614 26.044954299926758)
 (X_615 196.34197998046875)
 (X_616 13.172281265258789)
 (X_617 32.661705017089844)
 (X_618 196.0042724609375)
 (X_619 35.736663818359375)
 (X_620 18.015623092651367)
 (X_621 182.15728759765625)
 (X_622 23.196592330932617)
 (X_623 21.652315139770508)
 (X_624 189.51675415039062)
 (X_625 26.20632553100586)
 (X_626 32.58790969848633)
 (X_627 173.03759765625)
 (X_628 32.12726593017578)
 (X_629 15.910357475280762)
 (X_630 238.8160400390625)
 (X_631 44.750648498535156)
 (X_632 33.56658172607422)
 (X_633 231.57647705078125)
 (X_634 46.21731185913086)
 (X_635 18.459861755371094)
 (X_636 251.30035400390625)
 (X_637 54.922943115234375)
 (X_638 35.18722915649414)
 (X_639 244.9407958984375)
 (X_640 46.668460845947266)
 (X_641 34.691253662109375)
 (X_642 238.43849182128906)
 (X_643 41.89836502075195)
 (X_644 31.448978424072266)
 (X_645 245.54811096191406)
 (X_646 56.85299301147461)
 (X_647 28.226421356201172)
 (X_648 234.49566650390625)
 (X_649 19.536340713500977)
 (X_650 48.78704071044922)
 (X_651 237.72021484375)
 (X_652 33.72310256958008)
 (X_653 32.858673095703125)
 (X_654 244.8274383544922)
 (X_655 21.42237091064453)
 (X_656 13.235190391540527)
 (X_657 168.3882293701172)
 (X_658 42.29432678222656)
 (X_659 38.352874755859375)
 (X_660 185.03375244140625)
 (X_661 25.378110885620117)
 (X_662 28.409683227539062)
 (X_663 199.53475952148438)
 (X_664 43.95866394042969)
 (X_665 35.37689208984375)
 (X_666 75.97837829589844)
 (X_667 53.20940399169922)
 (X_668 33.88904571533203)
 (X_669 82.24166107177734)
 (X_670 41.61879348754883)
 (X_671 27.659461975097656)
 (X_672 95.39498138427734)
 (X_673 62.77356719970703)
 (X_674 42.171112060546875)
 (X_675 29.341983795166016)
 (X_676 56.54109191894531)
 (X_677 52.07627487182617)
 (X_678 41.65999984741211)
 (X_679 35.948585510253906)
 (X_680 40.90007400512695)
 (X_681 33.65074920654297)
 (X_682 50.73875045776367)
 (X_683 25.464277267456055)
 (X_684 58.315589904785156)
 (X_685 33.400108337402344)
 (X_686 48.378265380859375)
 (X_687 53.585567474365234)
 (X_688 21.52811622619629)
 (X_689 30.70176124572754)
 (X_690 34.032264709472656)
 (X_691 28.331531524658203)
 (X_692 41.82016372680664)
 (X_693 160.46067810058594)
 (X_694 23.269868850708008)
 (X_695 22.572925567626953)
 (X_696 167.7938232421875)
 (X_697 9.519621849060059)
 (X_698 25.064647674560547)
 (X_699 162.46363830566406)
 (X_700 31.415708541870117)
 (X_701 43.051841735839844)
 (X_702 242.60577392578125)
 (X_703 8.882564544677734)
 (X_704 18.676807403564453)
 (X_705 243.0480194091797)
 (X_706 29.340421676635742)
 (X_707 32.83681869506836)
 (X_708 252.068603515625)
 (X_709 16.461421966552734)
 (X_710 12.06165885925293)
 (X_711 248.74014282226562)
 (X_712 29.031314849853516)
 (X_713 38.0960693359375)
 (X_714 245.7159881591797)
 (X_715 14.30859375)
 (X_716 12.579764366149902)
 (X_717 241.07943725585938)
 (X_718 37.77315139770508)
 (X_719 26.387020111083984)
 (X_720 234.86712646484375)
 (X_721 40.5086784362793)
 (X_722 28.724369049072266)
 (X_723 254.8214111328125)
 (X_724 54.517784118652344)
 (X_725 28.470643997192383)
 (X_726 250.65353393554688)
 (X_727 60.92533874511719)
 (X_728 32.53900146484375)
 (X_729 251.59129333496094)
 (X_730 38.607547760009766)
 (X_731 25.808753967285156)
 (X_732 245.43951416015625)
 (X_733 17.42569351196289)
 (X_734 25.76634407043457)
 (X_735 247.52320861816406)
 (X_736 18.575803756713867)
 (X_737 42.81462097167969)
 (X_738 253.33297729492188)
 (X_739 45.33660888671875)
 (X_740 17.9925594329834)
 (X_741 240.98512268066406)
 (X_742 10.767391204833984)
 (X_743 10.995611190795898)
 (X_744 240.70703125)
 (X_745 18.94609260559082)
 (X_746 43.20831298828125)
 (X_747 248.25738525390625)
 (X_748 38.856624603271484)
 (X_749 28.281570434570312)
 (X_750 253.12277221679688)
 (X_751 22.016803741455078)
 (X_752 7.406827449798584)
 (X_753 241.0048828125)
 (X_754 27.570343017578125)
 (X_755 24.89111328125)
 (X_756 239.98406982421875)
 (X_757 74.2457504272461)
 (X_758 10.194892883300781)
 (X_759 235.4276580810547)
 (X_760 73.44835662841797)
 (X_761 10.62042236328125)
 (X_762 227.2432403564453)
 (X_763 80.80872344970703)
 (X_764 7.530528545379639)
 (X_765 253.5177001953125)
 (X_766 109.7487564086914)
 (X_767 18.294071197509766)
 (X_768 240.02005004882812)
 (X_769 94.28981018066406)
 (X_770 14.046211242675781)
 (X_771 252.2935028076172)
 (X_772 107.7577896118164)
 (X_773 15.59446907043457)
 (X_774 251.16534423828125)
 (X_775 110.20405578613281)
 (X_776 23.07489585876465)
 (X_777 247.67771911621094)
 (X_778 120.64707946777344)
 (X_779 20.362180709838867)
 (X_780 240.7945556640625)
 (X_781 114.04857635498047)
 (X_782 43.184329986572266)
 (X_783 246.67791748046875)
 (X_784 140.7471923828125)
 (X_785 33.36233901977539)
 (X_786 252.68934631347656)
 (X_787 149.71945190429688)
 (X_788 33.332122802734375)
 (X_789 248.0246124267578)
 (X_790 160.3524627685547)
 (X_791 33.159141540527344)
 (X_792 247.05258178710938)
 (X_793 152.9442138671875)
 (X_794 16.249650955200195)
 (X_795 250.43504333496094)
 (X_796 161.508056640625)
 (X_797 31.580631256103516)
 (X_798 243.99075317382812)
 (X_799 198.5498504638672)
 (X_800 33.57838439941406)
 (X_801 252.825439453125)
 (X_802 133.43338012695312)
 (X_803 27.32171058654785)
 (X_804 249.7192840576172)
 (X_805 146.05540466308594)
 (X_806 35.69280242919922)
 (X_807 247.8021697998047)
 (X_808 137.09239196777344)
 (X_809 30.716211318969727)
 (X_810 206.0498504638672)
 (X_811 17.72481346130371)
 (X_812 2.2593131065368652)
 (X_813 228.80934143066406)
 (X_814 39.83598327636719)
 (X_815 18.14536476135254)
 (X_816 241.75482177734375)
 (X_817 43.045997619628906)
 (X_818 13.751994132995605)
 (X_819 227.6883544921875)
 (X_820 29.42810821533203)
 (X_821 17.67538070678711)
 (X_822 236.9573516845703)
 (X_823 25.721094131469727)
 (X_824 10.991888046264648)
 (X_825 241.281005859375)
 (X_826 41.99577331542969)
 (X_827 22.87093734741211)
 (X_828 254.56256103515625)
 (X_829 30.744110107421875)
 (X_830 33.645896911621094)
 (X_831 252.01544189453125)
 (X_832 27.146690368652344)
 (X_833 17.675453186035156)
 (X_834 250.75137329101562)
 (X_835 57.01709747314453)
 (X_836 28.105520248413086)
 (X_837 230.58926391601562)
 (X_838 22.51687240600586)
 (X_839 29.738285064697266)
 (X_840 253.69003295898438)
 (X_841 27.978622436523438)
 (X_842 20.67081642150879)
 (X_843 249.8544464111328)
 (X_844 33.050567626953125)
 (X_845 20.587814331054688)
 (X_846 243.36614990234375)
 (X_847 43.27180862426758)
 (X_848 7.012996673583984)
 (X_849 242.6893310546875)
 (X_850 47.036155700683594)
 (X_851 10.331645965576172)
 (X_852 249.72825622558594)
 (X_853 41.665245056152344)
 (X_854 7.698094844818115)
 (X_855 234.17919921875)
 (X_856 28.87788200378418)
 (X_857 26.455732345581055)
 (X_858 245.6195526123047)
 (X_859 38.29023742675781)
 (X_860 27.78961753845215)
 (X_861 247.4523468017578)
 (X_862 52.51466369628906)
 (X_863 33.83413314819336)
 (X_864 228.03521728515625)
 (X_865 39.082550048828125)
 (X_866 5.4791059494018555)
 (X_867 236.28604125976562)
 (X_868 37.081783294677734)
 (X_869 20.78960418701172)
 (X_870 248.6526641845703)
 (X_871 29.59621810913086)
 (X_872 33.9561882019043)
 (X_873 198.63189697265625)
 (X_874 41.173301696777344)
 (X_875 19.18545150756836)
 (X_876 216.48858642578125)
 (X_877 24.94207191467285)
 (X_878 3.599332332611084)
 (X_879 230.73284912109375)
 (X_880 14.48190975189209)
 (X_881 18.804914474487305)
 (X_882 166.97743225097656)
 (X_883 41.59996032714844)
 (X_884 16.163816452026367)
 (X_885 196.6473388671875)
 (X_886 12.010310173034668)
 (X_887 4.249279022216797)
 (X_888 180.0216522216797)
 (X_889 14.845110893249512)
 (X_890 30.178359985351562)
 (X_891 167.3961639404297)
 (X_892 48.316314697265625)
 (X_893 36.588478088378906)
 (X_894 175.24087524414062)
 (X_895 45.95769500732422)
 (X_896 11.629938125610352)
 (X_897 151.33580017089844)
 (X_898 50.995323181152344)
 (X_899 22.88365364074707)
 (X_900 176.45057678222656)
 (X_901 36.749488830566406)
 (X_902 39.19153594970703)
 (X_903 193.89236450195312)
 (X_904 32.08760452270508)
 (X_905 26.59545135498047)
 (X_906 210.3496551513672)
 (X_907 64.4629898071289)
 (X_908 27.24042320251465)
 (X_909 218.52346801757812)
 (X_910 24.17364501953125)
 (X_911 23.811243057250977)
 (X_912 222.59922790527344)
 (X_913 39.595848083496094)
 (X_914 28.434024810791016)
 (X_915 247.76048278808594)
 (X_916 36.44856262207031)
 (X_917 30.078767776489258)
 (X_918 210.59588623046875)
 (X_919 14.728659629821777)
 (X_920 28.286609649658203)
 (X_921 216.5254364013672)
 (X_922 30.245773315429688)
 (X_923 23.057636260986328)
 (X_924 254.02561950683594)
 (X_925 36.25067901611328)
 (X_926 21.123729705810547)
 (X_927 155.03636169433594)
 (X_928 28.764442443847656)
 (X_929 27.525461196899414)
 (X_930 157.75840759277344)
 (X_931 48.892555236816406)
 (X_932 14.350902557373047)
 (X_933 185.80435180664062)
 (X_934 31.36330223083496)
 (X_935 30.820446014404297)
 (X_936 79.219482421875)
 (X_937 60.488224029541016)
 (X_938 21.762805938720703)
 (X_939 78.41316986083984)
 (X_940 32.92254638671875)
 (X_941 30.833942413330078)
 (X_942 88.53343963623047)
 (X_943 64.23582458496094)
 (X_944 30.98969841003418)
 (X_945 36.7767448425293)
 (X_946 26.59800148010254)
 (X_947 22.47613525390625)
 (X_948 34.98625183105469)
 (X_949 26.54828453063965)
 (X_950 15.260934829711914)
 (X_951 46.1328010559082)
 (X_952 54.806068420410156)
 (X_953 22.80357551574707)
 (X_954 65.61616516113281)
 (X_955 10.861767768859863)
 (X_956 23.403457641601562)
 (X_957 57.02438735961914)
 (X_958 35.829193115234375)
 (X_959 21.59811782836914)
 (X_960 59.338096618652344)
 (X_961 17.444204330444336)
 (X_962 33.399864196777344)
 (X_963 189.0029754638672)
 (X_964 48.075687408447266)
 (X_965 38.00440979003906)
 (X_966 183.16204833984375)
 (X_967 37.52088928222656)
 (X_968 6.02081298828125)
 (X_969 186.72250366210938)
 (X_970 43.232452392578125)
 (X_971 24.496875762939453)
 (X_972 254.95999145507812)
 (X_973 30.17021369934082)
 (X_974 44.41960906982422)
 (X_975 248.58334350585938)
 (X_976 32.655216217041016)
 (X_977 21.06584930419922)
 (X_978 253.601806640625)
 (X_979 57.86653137207031)
 (X_980 35.561622619628906)
 (X_981 235.7084503173828)
 (X_982 36.15925598144531)
 (X_983 32.787654876708984)
 (X_984 242.2250213623047)
 (X_985 29.60741424560547)
 (X_986 13.603545188903809)
 (X_987 243.76950073242188)
 (X_988 27.237396240234375)
 (X_989 36.934974670410156)
 (X_990 247.56996154785156)
 (X_991 45.25825500488281)
 (X_992 19.323810577392578)
 (X_993 253.5760040283203)
 (X_994 45.07456970214844)
 (X_995 34.75014114379883)
 (X_996 249.7779083251953)
 (X_997 47.35367202758789)
 (X_998 27.94682502746582)
 (X_999 230.12452697753906)
 (X_1000 30.346548080444336)
 (X_1001 29.71057891845703)
 (X_1002 247.05172729492188)
 (X_1003 24.960128784179688)
 (X_1004 36.79224395751953)
 (X_1005 241.72238159179688)
 (X_1006 42.69173049926758)
 (X_1007 37.86431121826172)
 (X_1008 240.13290405273438)
 (X_1009 19.781246185302734)
 (X_1010 19.665103912353516)
 (X_1011 230.40806579589844)
 (X_1012 17.36054229736328)
 (X_1013 27.976655960083008)
 (X_1014 231.1711883544922)
 (X_1015 20.75259780883789)
 (X_1016 47.25933074951172)
 (X_1017 203.8128204345703)
 (X_1018 39.321044921875)
 (X_1019 34.4132080078125)
 (X_1020 237.42367553710938)
 (X_1021 14.404596328735352)
 (X_1022 30.3123779296875)
 (X_1023 222.7067413330078)
 (X_1024 27.270404815673828)
 (X_1025 28.710529327392578)
 (X_1026 232.79525756835938)
 (X_1027 69.5744400024414)
 (X_1028 20.14522361755371)
 (X_1029 220.3082733154297)
 (X_1030 47.604087829589844)
 (X_1031 9.547622680664062)
 (X_1032 247.77975463867188)
 (X_1033 74.51913452148438)
 (X_1034 13.151368141174316)
 (X_1035 218.1907958984375)
 (X_1036 96.52684020996094)
 (X_1037 26.687868118286133)
 (X_1038 225.24722290039062)
 (X_1039 87.35115051269531)
 (X_1040 14.409408569335938)
 (X_1041 245.8129425048828)
 (X_1042 90.6937026977539)
 (X_1043 42.86513900756836)
 (X_1044 238.37863159179688)
 (X_1045 95.14293670654297)
 (X_1046 8.005260467529297)
 (X_1047 229.48565673828125)
 (X_1048 103.24543762207031)
 (X_1049 13.93482780456543)
 (X_1050 253.2294464111328)
 (X_1051 121.55217742919922)
 (X_1052 41.527610778808594)
 (X_1053 232.70831298828125)
 (X_1054 143.191650390625)
 (X_1055 26.530254364013672)
 (X_1056 247.71983337402344)
 (X_1057 118.62142944335938)
 (X_1058 37.99930191040039)
 (X_1059 251.7026824951172)
 (X_1060 170.12806701660156)
 (X_1061 41.610103607177734)
 (X_1062 242.04006958007812)
 (X_1063 119.5301284790039)
 (X_1064 22.55335235595703)
 (X_1065 240.18963623046875)
 (X_1066 130.8682861328125)
 (X_1067 27.322071075439453)
 (X_1068 247.59097290039062)
 (X_1069 179.0166015625)
 (X_1070 39.72514724731445)
 (X_1071 250.31617736816406)
 (X_1072 137.34344482421875)
 (X_1073 33.402557373046875)
 (X_1074 241.76907348632812)
 (X_1075 138.91644287109375)
 (X_1076 39.19664001464844)
 (X_1077 244.38523864746094)
 (X_1078 144.04501342773438)
 (X_1079 54.305564880371094)
 (X_1080 164.78500366210938)
 (X_1081 32.927650451660156)
 (X_1082 14.735549926757812)
 (X_1083 191.95474243164062)
 (X_1084 26.28742218017578)
 (X_1085 11.563446044921875)
 (X_1086 202.72352600097656)
 (X_1087 53.03498077392578)
 (X_1088 28.36190414428711)
 (X_1089 194.69679260253906)
 (X_1090 43.455177307128906)
 (X_1091 7.987908363342285)
 (X_1092 212.31747436523438)
 (X_1093 27.050765991210938)
 (X_1094 25.189804077148438)
 (X_1095 213.81735229492188)
 (X_1096 38.075618743896484)
 (X_1097 31.82912826538086)
 (X_1098 203.2230224609375)
 (X_1099 17.097078323364258)
 (X_1100 25.905254364013672)
 (X_1101 207.5709686279297)
 (X_1102 37.15425109863281)
 (X_1103 18.570758819580078)
 (X_1104 205.54261779785156)
 (X_1105 52.32725524902344)
 (X_1106 34.099822998046875)
 (X_1107 213.2545623779297)
 (X_1108 39.20381164550781)
 (X_1109 3.591736316680908)
 (X_1110 210.27442932128906)
 (X_1111 45.73947525024414)
 (X_1112 27.334814071655273)
 (X_1113 208.07337951660156)
 (X_1114 55.07579040527344)
 (X_1115 25.989534378051758)
 (X_1116 199.70860290527344)
 (X_1117 24.602203369140625)
 (X_1118 7.709375381469727)
 (X_1119 191.83409118652344)
 (X_1120 52.31431579589844)
 (X_1121 11.521591186523438)
 (X_1122 206.99703979492188)
 (X_1123 52.939666748046875)
 (X_1124 5.162913799285889)
 (X_1125 210.7828369140625)
 (X_1126 18.197267532348633)
 (X_1127 25.9440975189209)
 (X_1128 216.52053833007812)
 (X_1129 36.57051467895508)
 (X_1130 18.360206604003906)
 (X_1131 219.67185974121094)
 (X_1132 53.186492919921875)
 (X_1133 9.390859603881836)
 (X_1134 213.19297790527344)
 (X_1135 26.567913055419922)
 (X_1136 28.070539474487305)
 (X_1137 228.44664001464844)
 (X_1138 38.30120086669922)
 (X_1139 13.489147186279297)
 (X_1140 233.0334930419922)
 (X_1141 29.19183349609375)
 (X_1142 20.699085235595703)
 (X_1143 202.94554138183594)
 (X_1144 17.078182220458984)
 (X_1145 28.875503540039062)
 (X_1146 201.40725708007812)
 (X_1147 6.303648948669434)
 (X_1148 9.78803825378418)
 (X_1149 230.7560272216797)
 (X_1150 10.30194091796875)
 (X_1151 15.270566940307617)
 (X_1152 157.02281188964844)
 (X_1153 30.50894546508789)
 (X_1154 16.459306716918945)
 (X_1155 168.1349639892578)
 (X_1156 18.234230041503906)
 (X_1157 8.151334762573242)
 (X_1158 182.41766357421875)
 (X_1159 39.979591369628906)
 (X_1160 11.802818298339844)
 (X_1161 153.4788055419922)
 (X_1162 51.68621063232422)
 (X_1163 8.036375045776367)
 (X_1164 167.0826873779297)
 (X_1165 54.017112731933594)
 (X_1166 29.437341690063477)
 (X_1167 141.28594970703125)
 (X_1168 36.139190673828125)
 (X_1169 12.579092025756836)
 (X_1170 138.34767150878906)
 (X_1171 26.76285171508789)
 (X_1172 14.643755912780762)
 (X_1173 160.8148651123047)
 (X_1174 58.22149658203125)
 (X_1175 20.164043426513672)
 (X_1176 161.18865966796875)
 (X_1177 57.643798828125)
 (X_1178 40.1877555847168)
 (X_1179 158.3759765625)
 (X_1180 35.50432586669922)
 (X_1181 42.74430847167969)
 (X_1182 168.4023895263672)
 (X_1183 44.12553405761719)
 (X_1184 30.162979125976562)
 (X_1185 178.99378967285156)
 (X_1186 50.19536590576172)
 (X_1187 24.859630584716797)
 (X_1188 176.36114501953125)
 (X_1189 19.770973205566406)
 (X_1190 49.67456817626953)
 (X_1191 162.09532165527344)
 (X_1192 25.91189956665039)
 (X_1193 26.834455490112305)
 (X_1194 203.3292236328125)
 (X_1195 13.127230644226074)
 (X_1196 21.380464553833008)
 (X_1197 127.86764526367188)
 (X_1198 30.21600341796875)
 (X_1199 43.79823303222656)
 (X_1200 137.8953857421875)
 (X_1201 33.49372482299805)
 (X_1202 16.4595947265625)
 (X_1203 161.74456787109375)
 (X_1204 44.269569396972656)
 (X_1205 26.577381134033203)
 (X_1206 48.99250411987305)
 (X_1207 40.18138885498047)
 (X_1208 39.76014709472656)
 (X_1209 80.39646911621094)
 (X_1210 38.58124542236328)
 (X_1211 29.210968017578125)
 (X_1212 84.21317291259766)
 (X_1213 62.595367431640625)
 (X_1214 37.96350860595703)
 (X_1215 34.46558380126953)
 (X_1216 32.070335388183594)
 (X_1217 48.8987922668457)
 (X_1218 43.34752655029297)
 (X_1219 36.914459228515625)
 (X_1220 37.06086349487305)
 (X_1221 59.42422103881836)
 (X_1222 55.7313346862793)
 (X_1223 38.02864074707031)
 (X_1224 73.38719177246094)
 (X_1225 14.8074369430542)
 (X_1226 33.4713249206543)
 (X_1227 53.308433532714844)
 (X_1228 26.134445190429688)
 (X_1229 20.067394256591797)
 (X_1230 79.09295654296875)
 (X_1231 46.83557891845703)
 (X_1232 37.15808868408203)
 (X_1233 188.14517211914062)
 (X_1234 44.559837341308594)
 (X_1235 21.49213218688965)
 (X_1236 164.89007568359375)
 (X_1237 34.0057258605957)
 (X_1238 13.773229598999023)
 (X_1239 171.2571258544922)
 (X_1240 56.58052062988281)
 (X_1241 43.394004821777344)
 (X_1242 227.50099182128906)
 (X_1243 49.278099060058594)
 (X_1244 43.79492950439453)
 (X_1245 237.8249969482422)
 (X_1246 34.04880905151367)
 (X_1247 26.040313720703125)
 (X_1248 240.49685668945312)
 (X_1249 39.5008659362793)
 (X_1250 23.249988555908203)
 (X_1251 230.28184509277344)
 (X_1252 40.5557861328125)
 (X_1253 11.759517669677734)
 (X_1254 248.34703063964844)
 (X_1255 31.21413230895996)
 (X_1256 14.057371139526367)
 (X_1257 245.76669311523438)
 (X_1258 51.415245056152344)
 (X_1259 23.467897415161133)
 (X_1260 228.87432861328125)
 (X_1261 39.06269836425781)
 (X_1262 23.79781723022461)
 (X_1263 240.14852905273438)
 (X_1264 23.141218185424805)
 (X_1265 5.5659050941467285)
 (X_1266 242.67662048339844)
 (X_1267 44.18951416015625)
 (X_1268 13.525854110717773)
 (X_1269 212.52125549316406)
 (X_1270 32.558433532714844)
 (X_1271 24.546703338623047)
 (X_1272 245.8367462158203)
 (X_1273 28.829238891601562)
 (X_1274 15.560330390930176)
 (X_1275 238.808837890625)
 (X_1276 45.34822082519531)
 (X_1277 26.305789947509766)
 (X_1278 203.76943969726562)
 (X_1279 40.74589920043945)
 (X_1280 33.89432144165039)
 (X_1281 206.4178009033203)
 (X_1282 25.497161865234375)
 (X_1283 38.69398498535156)
 (X_1284 210.04421997070312)
 (X_1285 34.24927520751953)
 (X_1286 30.229001998901367)
 (X_1287 194.92367553710938)
 (X_1288 30.041439056396484)
 (X_1289 21.124923706054688)
 (X_1290 213.07334899902344)
 (X_1291 31.78893280029297)
 (X_1292 25.507278442382812)
 (X_1293 221.808837890625)
 (X_1294 28.944761276245117)
 (X_1295 27.549335479736328)
 (X_1296 179.2655487060547)
 (X_1297 57.97084426879883)
 (X_1298 34.773048400878906)
 (X_1299 203.50775146484375)
 (X_1300 35.5860710144043)
 (X_1301 42.742149353027344)
 (X_1302 201.21871948242188)
 (X_1303 68.83815002441406)
 (X_1304 31.75792694091797)
 (X_1305 215.2486114501953)
 (X_1306 45.44795227050781)
 (X_1307 25.14724349975586)
 (X_1308 198.86338806152344)
 (X_1309 61.24903106689453)
 (X_1310 16.653972625732422)
 (X_1311 214.87835693359375)
 (X_1312 64.65501403808594)
 (X_1313 42.722328186035156)
 (X_1314 231.23147583007812)
 (X_1315 66.18712615966797)
 (X_1316 26.40239906311035)
 (X_1317 241.25039672851562)
 (X_1318 61.126285552978516)
 (X_1319 37.69013977050781)
 (X_1320 252.7411346435547)
 (X_1321 62.898094177246094)
 (X_1322 19.7429256439209)
 (X_1323 230.8726348876953)
 (X_1324 106.20356750488281)
 (X_1325 17.009471893310547)
 (X_1326 241.61874389648438)
 (X_1327 98.82554626464844)
 (X_1328 24.61440658569336)
 (X_1329 240.41738891601562)
 (X_1330 93.89604949951172)
 (X_1331 44.055694580078125)
 (X_1332 248.8389892578125)
 (X_1333 122.75390625)
 (X_1334 35.03235626220703)
 (X_1335 239.86880493164062)
 (X_1336 118.189208984375)
 (X_1337 13.741450309753418)
 (X_1338 246.149169921875)
 (X_1339 146.64630126953125)
 (X_1340 45.98814392089844)
 (X_1341 232.10107421875)
 (X_1342 100.43524169921875)
 (X_1343 33.12748336791992)
 (X_1344 233.72216796875)
 (X_1345 95.41098022460938)
 (X_1346 31.569408416748047)
 (X_1347 241.4107666015625)
 (X_1348 98.30741882324219)
 (X_1349 47.969322204589844)
 (X_1350 143.46878051757812)
 (X_1351 37.577423095703125)
 (X_1352 1.7827675342559814)
 (X_1353 172.03121948242188)
 (X_1354 57.02410125732422)
 (X_1355 0.8846675157546997)
 (X_1356 177.10971069335938)
 (X_1357 74.78053283691406)
 (X_1358 32.7664680480957)
 (X_1359 158.9331817626953)
 (X_1360 42.68870544433594)
 (X_1361 10.772180557250977)
 (X_1362 142.26210021972656)
 (X_1363 47.424705505371094)
 (X_1364 5.5365424156188965)
 (X_1365 169.46435546875)
 (X_1366 56.92165756225586)
 (X_1367 16.76287841796875)
 (X_1368 196.13858032226562)
 (X_1369 53.36470413208008)
 (X_1370 17.587427139282227)
 (X_1371 179.93869018554688)
 (X_1372 58.57213592529297)
 (X_1373 30.95672035217285)
 (X_1374 174.98651123046875)
 (X_1375 73.72380065917969)
 (X_1376 6.930112361907959)
 (X_1377 199.63951110839844)
 (X_1378 39.986167907714844)
 (X_1379 16.278356552124023)
 (X_1380 201.0208740234375)
 (X_1381 32.878509521484375)
 (X_1382 27.788480758666992)
 (X_1383 202.2555389404297)
 (X_1384 63.91615676879883)
 (X_1385 6.915851593017578)
 (X_1386 175.05209350585938)
 (X_1387 26.522022247314453)
 (X_1388 24.642532348632812)
 (X_1389 173.63238525390625)
 (X_1390 44.72095489501953)
 (X_1391 31.652769088745117)
 (X_1392 177.46395874023438)
 (X_1393 68.91487121582031)
 (X_1394 21.830703735351562)
 (X_1395 171.89022827148438)
 (X_1396 31.65057945251465)
 (X_1397 23.746044158935547)
 (X_1398 173.40927124023438)
 (X_1399 50.532440185546875)
 (X_1400 18.069561004638672)
 (X_1401 193.22674560546875)
 (X_1402 66.5340347290039)
 (X_1403 21.93208885192871)
 (X_1404 201.10232543945312)
 (X_1405 30.293973922729492)
 (X_1406 6.956884384155273)
 (X_1407 202.6141357421875)
 (X_1408 41.91193389892578)
 (X_1409 23.874385833740234)
 (X_1410 203.23841857910156)
 (X_1411 43.98088836669922)
 (X_1412 6.700201988220215)
 (X_1413 144.68556213378906)
 (X_1414 28.938127517700195)
 (X_1415 14.25684642791748)
 (X_1416 164.09747314453125)
 (X_1417 32.293670654296875)
 (X_1418 27.046382904052734)
 (X_1419 157.22137451171875)
 (X_1420 13.22800064086914)
 (X_1421 7.154543399810791)
 (X_1422 154.7129669189453)
 (X_1423 39.185791015625)
 (X_1424 12.137686729431152)
 (X_1425 156.9096221923828)
 (X_1426 9.766731262207031)
 (X_1427 1.1734012365341187)
 (X_1428 159.44363403320312)
 (X_1429 18.826601028442383)
 (X_1430 21.413705825805664)
 (X_1431 151.3126220703125)
 (X_1432 45.79733657836914)
 (X_1433 22.985538482666016)
 (X_1434 170.51588439941406)
 (X_1435 31.393157958984375)
 (X_1436 20.72266960144043)
 (X_1437 159.52110290527344)
 (X_1438 59.36738586425781)
 (X_1439 10.741321563720703)
 (X_1440 149.76318359375)
 (X_1441 23.40576934814453)
 (X_1442 6.151506423950195)
 (X_1443 147.4270782470703)
 (X_1444 50.502105712890625)
 (X_1445 7.5618438720703125)
 (X_1446 171.45628356933594)
 (X_1447 61.08582305908203)
 (X_1448 22.436843872070312)
 (X_1449 150.5978546142578)
 (X_1450 12.110397338867188)
 (X_1451 39.250186920166016)
 (X_1452 144.57911682128906)
 (X_1453 21.687297821044922)
 (X_1454 23.28534698486328)
 (X_1455 161.99285888671875)
 (X_1456 32.93943786621094)
 (X_1457 14.553808212280273)
 (X_1458 113.92340087890625)
 (X_1459 28.734609603881836)
 (X_1460 43.567874908447266)
 (X_1461 111.71866607666016)
 (X_1462 25.236013412475586)
 (X_1463 29.124893188476562)
 (X_1464 156.2944793701172)
 (X_1465 7.660423278808594)
 (X_1466 24.221691131591797)
 (X_1467 110.24698638916016)
 (X_1468 17.81903076171875)
 (X_1469 48.78031539916992)
 (X_1470 118.76535034179688)
 (X_1471 36.97602081298828)
 (X_1472 37.17872619628906)
 (X_1473 146.56069946289062)
 (X_1474 22.78472137451172)
 (X_1475 23.442129135131836)
 (X_1476 63.71802520751953)
 (X_1477 40.85561752319336)
 (X_1478 54.575157165527344)
 (X_1479 61.1559944152832)
 (X_1480 46.79709243774414)
 (X_1481 48.23575210571289)
 (X_1482 90.76882934570312)
 (X_1483 44.925376892089844)
 (X_1484 51.133731842041016)
 (X_1485 33.388301849365234)
 (X_1486 29.709997177124023)
 (X_1487 44.26139831542969)
 (X_1488 51.6741943359375)
 (X_1489 36.737823486328125)
 (X_1490 35.348976135253906)
 (X_1491 60.40377426147461)
 (X_1492 42.41563415527344)
 (X_1493 44.17582702636719)
 (X_1494 49.982818603515625)
 (X_1495 30.680622100830078)
 (X_1496 44.8227424621582)
 (X_1497 62.53523254394531)
 (X_1498 36.57758331298828)
 (X_1499 23.47028160095215)
 (X_1500 70.52552795410156)
 (X_1501 30.953126907348633)
 (X_1502 34.222389221191406)
 (X_1503 161.70567321777344)
 (X_1504 32.385902404785156)
 (X_1505 57.314544677734375)
 (X_1506 157.84579467773438)
 (X_1507 35.425270080566406)
 (X_1508 53.246734619140625)
 (X_1509 174.5322723388672)
 (X_1510 49.37891387939453)
 (X_1511 38.51247024536133)
 (X_1512 220.53465270996094)
 (X_1513 24.553943634033203)
 (X_1514 46.62135314941406)
 (X_1515 226.51185607910156)
 (X_1516 28.914840698242188)
 (X_1517 39.46718215942383)
 (X_1518 254.16522216796875)
 (X_1519 66.09689331054688)
 (X_1520 54.946380615234375)
 (X_1521 234.0992889404297)
 (X_1522 22.329647064208984)
 (X_1523 36.86180877685547)
 (X_1524 240.4080810546875)
 (X_1525 28.913156509399414)
 (X_1526 25.401473999023438)
 (X_1527 244.61387634277344)
 (X_1528 31.83527374267578)
 (X_1529 25.387714385986328)
 (X_1530 231.3531951904297)
 (X_1531 28.784212112426758)
 (X_1532 32.06739044189453)
 (X_1533 236.73678588867188)
 (X_1534 50.195343017578125)
 (X_1535 32.30560302734375)
 (X_1536 244.41041564941406)
 (X_1537 49.895179748535156)
 (X_1538 34.58214569091797)
 (X_1539 222.24923706054688)
 (X_1540 52.47257995605469)
 (X_1541 33.644508361816406)
 (X_1542 231.71011352539062)
 (X_1543 41.50311279296875)
 (X_1544 33.83942413330078)
 (X_1545 231.12510681152344)
 (X_1546 47.205078125)
 (X_1547 50.834964752197266)
 (X_1548 196.04136657714844)
 (X_1549 42.27159118652344)
 (X_1550 27.055540084838867)
 (X_1551 192.20054626464844)
 (X_1552 31.33236312866211)
 (X_1553 36.38218688964844)
 (X_1554 227.77359008789062)
 (X_1555 18.145042419433594)
 (X_1556 40.936607360839844)
 (X_1557 184.12440490722656)
 (X_1558 25.559200286865234)
 (X_1559 15.327542304992676)
 (X_1560 175.3069610595703)
 (X_1561 20.64781379699707)
 (X_1562 35.262474060058594)
 (X_1563 191.00772094726562)
 (X_1564 16.46096420288086)
 (X_1565 33.366539001464844)
 (X_1566 173.70205688476562)
 (X_1567 42.9813232421875)
 (X_1568 28.22278594970703)
 (X_1569 188.2204132080078)
 (X_1570 22.564842224121094)
 (X_1571 29.173782348632812)
 (X_1572 186.15272521972656)
 (X_1573 51.15703582763672)
 (X_1574 34.84437942504883)
 (X_1575 197.20077514648438)
 (X_1576 35.88392639160156)
 (X_1577 23.854581832885742)
 (X_1578 192.81761169433594)
 (X_1579 39.46334457397461)
 (X_1580 29.296123504638672)
 (X_1581 219.63424682617188)
 (X_1582 45.39720916748047)
 (X_1583 43.016326904296875)
 (X_1584 215.49264526367188)
 (X_1585 55.50444030761719)
 (X_1586 6.442868232727051)
 (X_1587 221.84451293945312)
 (X_1588 40.186241149902344)
 (X_1589 37.54167175292969)
 (X_1590 248.05307006835938)
 (X_1591 67.8872299194336)
 (X_1592 14.446741104125977)
 (X_1593 195.24363708496094)
 (X_1594 41.624732971191406)
 (X_1595 32.85968017578125)
 (X_1596 225.04969787597656)
 (X_1597 49.70526123046875)
 (X_1598 19.000947952270508)
 (X_1599 254.78257751464844)
 (X_1600 70.05451965332031)
 (X_1601 43.802330017089844)
 (X_1602 216.23997497558594)
 (X_1603 53.972145080566406)
 (X_1604 18.237537384033203)
 (X_1605 222.79486083984375)
 (X_1606 61.52328872680664)
 (X_1607 22.67797088623047)
 (X_1608 250.8268585205078)
 (X_1609 62.28740692138672)
 (X_1610 33.233741760253906)
 (X_1611 237.43348693847656)
 (X_1612 89.1893539428711)
 (X_1613 49.59489822387695)
 (X_1614 231.48521423339844)
 (X_1615 78.55142974853516)
 (X_1616 37.0692024230957)
 (X_1617 247.13906860351562)
 (X_1618 64.26915740966797)
 (X_1619 66.7264175415039)
 (X_1620 116.70611572265625)
 (X_1621 37.22300720214844)
 (X_1622 30.178998947143555)
 (X_1623 118.0092544555664)
 (X_1624 13.536032676696777)
 (X_1625 24.83952522277832)
 (X_1626 123.61135864257812)
 (X_1627 25.71349334716797)
 (X_1628 17.081838607788086)
 (X_1629 89.34799194335938)
 (X_1630 18.177440643310547)
 (X_1631 28.91727066040039)
 (X_1632 100.0611801147461)
 (X_1633 41.738868713378906)
 (X_1634 30.262229919433594)
 (X_1635 112.91209411621094)
 (X_1636 39.261966705322266)
 (X_1637 26.02756118774414)
 (X_1638 130.80067443847656)
 (X_1639 41.45833206176758)
 (X_1640 5.5088605880737305)
 (X_1641 144.05516052246094)
 (X_1642 26.91239356994629)
 (X_1643 13.320704460144043)
 (X_1644 138.74453735351562)
 (X_1645 50.45551300048828)
 (X_1646 22.42630958557129)
 (X_1647 179.7876434326172)
 (X_1648 31.93219757080078)
 (X_1649 26.37917709350586)
 (X_1650 176.7860870361328)
 (X_1651 29.743263244628906)
 (X_1652 5.673164367675781)
 (X_1653 179.10482788085938)
 (X_1654 50.79242706298828)
 (X_1655 22.953317642211914)
 (X_1656 134.96963500976562)
 (X_1657 42.887176513671875)
 (X_1658 11.034006118774414)
 (X_1659 164.86769104003906)
 (X_1660 38.143402099609375)
 (X_1661 31.107683181762695)
 (X_1662 158.58331298828125)
 (X_1663 51.747779846191406)
 (X_1664 14.9286527633667)
 (X_1665 116.9190902709961)
 (X_1666 32.63066101074219)
 (X_1667 27.28261375427246)
 (X_1668 129.97666931152344)
 (X_1669 31.14039421081543)
 (X_1670 9.786892890930176)
 (X_1671 132.6039276123047)
 (X_1672 49.15937423706055)
 (X_1673 15.886640548706055)
 (X_1674 144.38021850585938)
 (X_1675 51.74212646484375)
 (X_1676 28.877704620361328)
 (X_1677 142.2775115966797)
 (X_1678 39.84189224243164)
 (X_1679 17.059871673583984)
 (X_1680 156.64390563964844)
 (X_1681 32.56407165527344)
 (X_1682 14.047455787658691)
 (X_1683 102.24178314208984)
 (X_1684 39.43551254272461)
 (X_1685 7.504184246063232)
 (X_1686 126.74310302734375)
 (X_1687 15.934885025024414)
 (X_1688 16.692461013793945)
 (X_1689 123.91804504394531)
 (X_1690 24.831912994384766)
 (X_1691 20.891674041748047)
 (X_1692 119.29825592041016)
 (X_1693 26.437915802001953)
 (X_1694 9.961435317993164)
 (X_1695 108.43179321289062)
 (X_1696 19.599956512451172)
 (X_1697 10.349947929382324)
 (X_1698 123.08731842041016)
 (X_1699 33.27132797241211)
 (X_1700 15.022974014282227)
 (X_1701 129.70169067382812)
 (X_1702 27.944408416748047)
 (X_1703 18.093090057373047)
 (X_1704 119.15287017822266)
 (X_1705 33.85114288330078)
 (X_1706 9.342344284057617)
 (X_1707 115.70487213134766)
 (X_1708 45.97455596923828)
 (X_1709 30.084455490112305)
 (X_1710 146.25218200683594)
 (X_1711 17.488468170166016)
 (X_1712 5.468733787536621)
 (X_1713 141.4029541015625)
 (X_1714 29.58547019958496)
 (X_1715 12.051518440246582)
 (X_1716 132.80259704589844)
 (X_1717 39.80427169799805)
 (X_1718 26.70870018005371)
 (X_1719 109.87299346923828)
 (X_1720 25.76058006286621)
 (X_1721 31.902454376220703)
 (X_1722 142.93663024902344)
 (X_1723 9.998804092407227)
 (X_1724 6.39844274520874)
 (X_1725 153.4659881591797)
 (X_1726 16.601608276367188)
 (X_1727 7.177935600280762)
 (X_1728 50.678619384765625)
 (X_1729 20.154499053955078)
 (X_1730 26.739072799682617)
 (X_1731 90.30766296386719)
 (X_1732 41.16828918457031)
 (X_1733 28.998445510864258)
 (X_1734 105.40180206298828)
 (X_1735 52.478965759277344)
 (X_1736 21.99287986755371)
 (X_1737 46.110382080078125)
 (X_1738 25.918262481689453)
 (X_1739 35.84556198120117)
 (X_1740 54.12636947631836)
 (X_1741 36.258453369140625)
 (X_1742 42.165184020996094)
 (X_1743 55.90663528442383)
 (X_1744 35.114662170410156)
 (X_1745 41.151458740234375)
 (X_1746 46.22319412231445)
 (X_1747 16.95672607421875)
 (X_1748 39.067726135253906)
 (X_1749 46.241416931152344)
 (X_1750 24.901403427124023)
 (X_1751 34.517147064208984)
 (X_1752 58.689964294433594)
 (X_1753 59.060359954833984)
 (X_1754 47.46428680419922)
 (X_1755 51.62798309326172)
 (X_1756 26.433076858520508)
 (X_1757 11.092576026916504)
 (X_1758 26.937171936035156)
 (X_1759 34.178627014160156)
 (X_1760 11.687273025512695)
 (X_1761 51.612152099609375)
 (X_1762 27.1971378326416)
 (X_1763 36.39614486694336)
 (X_1764 51.32440948486328)
 (X_1765 27.254112243652344)
 (X_1766 22.156253814697266)
 (X_1767 26.666000366210938)
 (X_1768 20.823524475097656)
 (X_1769 42.39179992675781)
 (X_1770 46.522674560546875)
 (X_1771 25.121089935302734)
 (X_1772 26.222562789916992)
 (X_1773 81.30123138427734)
 (X_1774 45.916500091552734)
 (X_1775 54.799705505371094)
 (X_1776 89.01057434082031)
 (X_1777 29.053192138671875)
 (X_1778 59.08562469482422)
 (X_1779 71.82855987548828)
 (X_1780 44.6285285949707)
 (X_1781 58.818538665771484)
 (X_1782 139.88502502441406)
 (X_1783 25.026208877563477)
 (X_1784 56.5655517578125)
 (X_1785 145.14093017578125)
 (X_1786 48.74073791503906)
 (X_1787 67.51849365234375)
 (X_1788 159.5817108154297)
 (X_1789 44.0707893371582)
 (X_1790 60.43025207519531)
 (X_1791 192.283447265625)
 (X_1792 26.959800720214844)
 (X_1793 49.11041259765625)
 (X_1794 182.44815063476562)
 (X_1795 30.664220809936523)
 (X_1796 33.172271728515625)
 (X_1797 204.29879760742188)
 (X_1798 52.158470153808594)
 (X_1799 68.2066650390625)
 (X_1800 237.18817138671875)
 (X_1801 31.633167266845703)
 (X_1802 20.98341941833496)
 (X_1803 230.44139099121094)
 (X_1804 29.985942840576172)
 (X_1805 42.68206787109375)
 (X_1806 240.04949951171875)
 (X_1807 54.10750961303711)
 (X_1808 30.48603630065918)
 (X_1809 217.8688507080078)
 (X_1810 50.75052261352539)
 (X_1811 11.500990867614746)
 (X_1812 205.71038818359375)
 (X_1813 30.8834171295166)
 (X_1814 19.824798583984375)
 (X_1815 222.62033081054688)
 (X_1816 38.4075927734375)
 (X_1817 43.33663558959961)
 (X_1818 207.3534698486328)
 (X_1819 33.510440826416016)
 (X_1820 33.966766357421875)
 (X_1821 198.99066162109375)
 (X_1822 13.771193504333496)
 (X_1823 36.612815856933594)
 (X_1824 219.7972412109375)
 (X_1825 10.78271198272705)
 (X_1826 51.35215759277344)
 (X_1827 159.2014617919922)
 (X_1828 32.471099853515625)
 (X_1829 35.927101135253906)
 (X_1830 153.35574340820312)
 (X_1831 30.36193084716797)
 (X_1832 20.676979064941406)
 (X_1833 175.40972900390625)
 (X_1834 39.9363899230957)
 (X_1835 25.75763511657715)
 (X_1836 173.18560791015625)
 (X_1837 37.70775604248047)
 (X_1838 23.47150421142578)
 (X_1839 158.71112060546875)
 (X_1840 28.935836791992188)
 (X_1841 32.18352508544922)
 (X_1842 171.7483673095703)
 (X_1843 59.97692108154297)
 (X_1844 32.798919677734375)
 (X_1845 192.2562255859375)
 (X_1846 23.868118286132812)
 (X_1847 38.672943115234375)
 (X_1848 171.45941162109375)
 (X_1849 25.52463150024414)
 (X_1850 14.420974731445312)
 (X_1851 190.10414123535156)
 (X_1852 56.040443420410156)
 (X_1853 32.40824890136719)
 (X_1854 186.4943084716797)
 (X_1855 48.457313537597656)
 (X_1856 14.371302604675293)
 (X_1857 208.59063720703125)
 (X_1858 42.300350189208984)
 (X_1859 35.95432662963867)
 (X_1860 220.99539184570312)
 (X_1861 46.319515228271484)
 (X_1862 30.650075912475586)
 (X_1863 203.9051513671875)
 (X_1864 41.363555908203125)
 (X_1865 30.63479995727539)
 (X_1866 210.175048828125)
 (X_1867 59.84040832519531)
 (X_1868 32.84366989135742)
 (X_1869 215.29690551757812)
 (X_1870 47.564537048339844)
 (X_1871 37.97254180908203)
 (X_1872 200.81370544433594)
 (X_1873 59.14321517944336)
 (X_1874 20.19573211669922)
 (X_1875 233.12594604492188)
 (X_1876 53.034034729003906)
 (X_1877 43.576416015625)
 (X_1878 250.04928588867188)
 (X_1879 75.54389953613281)
 (X_1880 42.914306640625)
 (X_1881 214.61753845214844)
 (X_1882 79.91159057617188)
 (X_1883 37.70907211303711)
 (X_1884 227.77371215820312)
 (X_1885 50.52808380126953)
 (X_1886 46.027374267578125)
 (X_1887 224.9116973876953)
 (X_1888 44.207733154296875)
 (X_1889 62.37815475463867)
 (X_1890 68.30241394042969)
 (X_1891 17.3555965423584)
 (X_1892 26.949153900146484)
 (X_1893 99.01702117919922)
 (X_1894 9.954122543334961)
 (X_1895 21.354206085205078)
 (X_1896 82.25981903076172)
 (X_1897 13.111045837402344)
 (X_1898 27.285945892333984)
 (X_1899 64.58419036865234)
 (X_1900 12.816478729248047)
 (X_1901 3.2818143367767334)
 (X_1902 90.88040924072266)
 (X_1903 31.566503524780273)
 (X_1904 24.508098602294922)
 (X_1905 68.46391296386719)
 (X_1906 40.843421936035156)
 (X_1907 9.993236541748047)
 (X_1908 106.09390258789062)
 (X_1909 13.734818458557129)
 (X_1910 9.91589641571045)
 (X_1911 90.79206848144531)
 (X_1912 37.76642990112305)
 (X_1913 2.513066291809082)
 (X_1914 106.58456420898438)
 (X_1915 23.297889709472656)
 (X_1916 15.26292610168457)
 (X_1917 146.6044158935547)
 (X_1918 23.073482513427734)
 (X_1919 24.68446922302246)
 (X_1920 150.548095703125)
 (X_1921 20.874269485473633)
 (X_1922 18.264692306518555)
 (X_1923 179.68312072753906)
 (X_1924 32.66749572753906)
 (X_1925 22.375694274902344)
 (X_1926 91.76205444335938)
 (X_1927 38.273040771484375)
 (X_1928 7.773218154907227)
 (X_1929 105.00093841552734)
 (X_1930 23.18186378479004)
 (X_1931 12.678746223449707)
 (X_1932 128.48309326171875)
 (X_1933 34.403167724609375)
 (X_1934 20.551836013793945)
 (X_1935 121.84615325927734)
 (X_1936 39.70317840576172)
 (X_1937 12.153156280517578)
 (X_1938 129.74600219726562)
 (X_1939 27.44615936279297)
 (X_1940 7.018316268920898)
 (X_1941 105.91974639892578)
 (X_1942 32.77119445800781)
 (X_1943 23.471176147460938)
 (X_1944 92.05390167236328)
 (X_1945 30.57933807373047)
 (X_1946 10.219076156616211)
 (X_1947 121.28080749511719)
 (X_1948 23.60671615600586)
 (X_1949 8.070287704467773)
 (X_1950 110.56763458251953)
 (X_1951 34.77677917480469)
 (X_1952 29.55255699157715)
 (X_1953 91.10043334960938)
 (X_1954 30.01885986328125)
 (X_1955 26.631080627441406)
 (X_1956 86.46681213378906)
 (X_1957 18.325502395629883)
 (X_1958 20.561405181884766)
 (X_1959 92.67279052734375)
 (X_1960 38.97117614746094)
 (X_1961 21.55221939086914)
 (X_1962 95.25035858154297)
 (X_1963 37.924156188964844)
 (X_1964 28.030929565429688)
 (X_1965 72.1747055053711)
 (X_1966 17.58277130126953)
 (X_1967 7.227077484130859)
 (X_1968 102.02552032470703)
 (X_1969 15.302617073059082)
 (X_1970 22.62895393371582)
 (X_1971 96.93547821044922)
 (X_1972 23.411245346069336)
 (X_1973 3.7863664627075195)
 (X_1974 91.50719451904297)
 (X_1975 37.66340637207031)
 (X_1976 4.411532878875732)
 (X_1977 88.88408660888672)
 (X_1978 27.822298049926758)
 (X_1979 29.73737907409668)
 (X_1980 99.60908508300781)
 (X_1981 53.718101501464844)
 (X_1982 13.250858306884766)
 (X_1983 99.90998077392578)
 (X_1984 31.97231101989746)
 (X_1985 20.400182723999023)
 (X_1986 104.9839096069336)
 (X_1987 41.252098083496094)
 (X_1988 29.918922424316406)
 (X_1989 45.13075256347656)
 (X_1990 49.054443359375)
 (X_1991 1.2495026588439941)
 (X_1992 65.73102569580078)
 (X_1993 38.10076904296875)
 (X_1994 8.187435150146484)
 (X_1995 62.212642669677734)
 (X_1996 35.37120056152344)
 (X_1997 18.456125259399414)
 (X_1998 32.036834716796875)
 (X_1999 22.257184982299805)
 (X_2000 18.607057571411133)
 (X_2001 38.83115005493164)
 (X_2002 27.767297744750977)
 (X_2003 5.390145778656006)
 (X_2004 20.120790481567383)
 (X_2005 50.75321578979492)
 (X_2006 5.5641326904296875)
 (X_2007 25.19919204711914)
 (X_2008 13.726561546325684)
 (X_2009 45.55399703979492)
 (X_2010 37.01456832885742)
 (X_2011 19.208290100097656)
 (X_2012 19.579862594604492)
 (X_2013 18.15291976928711)
 (X_2014 45.887428283691406)
 (X_2015 27.116531372070312)
 (X_2016 32.44673538208008)
 (X_2017 1.7019169330596924)
 (X_2018 47.039215087890625)
 (X_2019 21.39468765258789)
 (X_2020 19.43234634399414)
 (X_2021 53.23047637939453)
 (X_2022 16.52824592590332)
 (X_2023 47.725624084472656)
 (X_2024 58.90239715576172)
 (X_2025 28.86180305480957)
 (X_2026 8.986030578613281)
 (X_2027 34.2574462890625)
 (X_2028 32.117584228515625)
 (X_2029 26.591508865356445)
 (X_2030 28.36138343811035)
 (X_2031 20.864669799804688)
 (X_2032 42.80276107788086)
 (X_2033 24.19658851623535)
 (X_2034 30.273086547851562)
 (X_2035 22.17729377746582)
 (X_2036 28.064743041992188)
 (X_2037 19.959068298339844)
 (X_2038 23.61349868774414)
 (X_2039 42.170162200927734)
 (X_2040 39.768775939941406)
 (X_2041 23.11269187927246)
 (X_2042 32.235389709472656)
 (X_2043 34.091861724853516)
 (X_2044 31.884408950805664)
 (X_2045 56.030792236328125)
 (X_2046 17.805931091308594)
 (X_2047 40.90603256225586)
 (X_2048 74.42976379394531)
 (X_2049 26.00316619873047)
 (X_2050 41.912837982177734)
 (X_2051 64.02334594726562)
 (X_2052 54.98337936401367)
 (X_2053 55.87895584106445)
 (X_2054 48.00243377685547)
 (X_2055 41.40767288208008)
 (X_2056 37.38229751586914)
 (X_2057 58.88172149658203)
 (X_2058 30.079078674316406)
 (X_2059 45.99243927001953)
 (X_2060 76.64274597167969)
 (X_2061 63.46152114868164)
 (X_2062 39.569583892822266)
 (X_2063 27.561790466308594)
 (X_2064 69.27395629882812)
 (X_2065 41.41021728515625)
 (X_2066 51.16599655151367)
 (X_2067 62.72882843017578)
 (X_2068 30.951589584350586)
 (X_2069 52.20610046386719)
 (X_2070 119.63715362548828)
 (X_2071 38.264949798583984)
 (X_2072 36.009742736816406)
 (X_2073 122.80034637451172)
 (X_2074 38.71632766723633)
 (X_2075 21.224584579467773)
 (X_2076 136.81761169433594)
 (X_2077 45.657623291015625)
 (X_2078 52.57764434814453)
 (X_2079 191.2106475830078)
 (X_2080 34.460411071777344)
 (X_2081 16.433446884155273)
 (X_2082 183.29522705078125)
 (X_2083 26.630096435546875)
 (X_2084 39.7772216796875)
 (X_2085 205.35565185546875)
 (X_2086 41.17732238769531)
 (X_2087 40.338443756103516)
 (X_2088 186.68943786621094)
 (X_2089 36.57653045654297)
 (X_2090 16.179283142089844)
 (X_2091 166.7620849609375)
 (X_2092 30.120824813842773)
 (X_2093 25.028860092163086)
 (X_2094 193.4238739013672)
 (X_2095 31.339658737182617)
 (X_2096 38.59548568725586)
 (X_2097 148.0220489501953)
 (X_2098 32.03994369506836)
 (X_2099 31.324201583862305)
 (X_2100 134.81834411621094)
 (X_2101 30.69280433654785)
 (X_2102 28.279212951660156)
 (X_2103 169.12820434570312)
 (X_2104 22.847667694091797)
 (X_2105 44.85666275024414)
 (X_2106 150.95387268066406)
 (X_2107 26.39609146118164)
 (X_2108 23.988842010498047)
 (X_2109 155.65939331054688)
 (X_2110 33.77201843261719)
 (X_2111 33.483299255371094)
 (X_2112 143.5936737060547)
 (X_2113 47.59190368652344)
 (X_2114 43.13631057739258)
 (X_2115 172.15460205078125)
 (X_2116 20.573684692382812)
 (X_2117 37.70624923706055)
 (X_2118 170.4515838623047)
 (X_2119 26.68037986755371)
 (X_2120 21.464012145996094)
 (X_2121 175.26087951660156)
 (X_2122 57.51346206665039)
 (X_2123 36.8863525390625)
 (X_2124 172.2998046875)
 (X_2125 26.341232299804688)
 (X_2126 34.55681610107422)
 (X_2127 172.0373077392578)
 (X_2128 33.17863464355469)
 (X_2129 22.983074188232422)
 (X_2130 167.46609497070312)
 (X_2131 48.31740188598633)
 (X_2132 28.20256805419922)
 (X_2133 160.6055450439453)
 (X_2134 26.414960861206055)
 (X_2135 23.86441993713379)
 (X_2136 169.53005981445312)
 (X_2137 42.55695724487305)
 (X_2138 19.338191986083984)
 (X_2139 186.08026123046875)
 (X_2140 49.664119720458984)
 (X_2141 32.16769027709961)
 (X_2142 194.4403076171875)
 (X_2143 31.369186401367188)
 (X_2144 27.391151428222656)
 (X_2145 198.4389190673828)
 (X_2146 36.281951904296875)
 (X_2147 16.101030349731445)
 (X_2148 234.60714721679688)
 (X_2149 25.455486297607422)
 (X_2150 24.51949119567871)
 (X_2151 168.50062561035156)
 (X_2152 56.16160583496094)
 (X_2153 38.146480560302734)
 (X_2154 183.5303192138672)
 (X_2155 40.80939483642578)
 (X_2156 35.269187927246094)
 (X_2157 219.7130584716797)
 (X_2158 41.15095520019531)
 (X_2159 52.4736328125)
 (X_2160 66.4060287475586)
 (X_2161 16.02640151977539)
 (X_2162 21.905899047851562)
 (X_2163 60.1329345703125)
 (X_2164 14.020401954650879)
 (X_2165 32.92350769042969)
 (X_2166 72.04656982421875)
 (X_2167 32.62548828125)
 (X_2168 35.371055603027344)
 (X_2169 46.210384368896484)
 (X_2170 29.789506912231445)
 (X_2171 8.063833236694336)
 (X_2172 76.21187591552734)
 (X_2173 27.743404388427734)
 (X_2174 10.156620979309082)
 (X_2175 60.070499420166016)
 (X_2176 17.068218231201172)
 (X_2177 31.112102508544922)
 (X_2178 89.77757263183594)
 (X_2179 35.363922119140625)
 (X_2180 20.11527442932129)
 (X_2181 72.9224853515625)
 (X_2182 20.225828170776367)
 (X_2183 21.527429580688477)
 (X_2184 86.5717544555664)
 (X_2185 20.60706329345703)
 (X_2186 14.481725692749023)
 (X_2187 106.75867462158203)
 (X_2188 38.125244140625)
 (X_2189 24.413406372070312)
 (X_2190 120.56658935546875)
 (X_2191 12.33171272277832)
 (X_2192 31.305700302124023)
 (X_2193 125.58841705322266)
 (X_2194 43.13815689086914)
 (X_2195 30.349973678588867)
 (X_2196 88.0434799194336)
 (X_2197 33.294898986816406)
 (X_2198 25.8089599609375)
 (X_2199 106.14399719238281)
 (X_2200 13.803203582763672)
 (X_2201 15.673639297485352)
 (X_2202 96.73804473876953)
 (X_2203 25.913448333740234)
 (X_2204 15.249245643615723)
 (X_2205 95.86450958251953)
 (X_2206 37.016048431396484)
 (X_2207 5.6564106941223145)
 (X_2208 82.30436706542969)
 (X_2209 24.227298736572266)
 (X_2210 25.824337005615234)
 (X_2211 78.92744445800781)
 (X_2212 42.60628890991211)
 (X_2213 32.47541046142578)
 (X_2214 84.45222473144531)
 (X_2215 44.798675537109375)
 (X_2216 16.468761444091797)
 (X_2217 74.33736419677734)
 (X_2218 29.005382537841797)
 (X_2219 16.078693389892578)
 (X_2220 92.9168472290039)
 (X_2221 44.51318359375)
 (X_2222 24.347864151000977)
 (X_2223 65.18280792236328)
 (X_2224 36.95475769042969)
 (X_2225 14.150406837463379)
 (X_2226 72.72804260253906)
 (X_2227 24.642873764038086)
 (X_2228 2.0162363052368164)
 (X_2229 80.90473937988281)
 (X_2230 17.962770462036133)
 (X_2231 4.305579662322998)
 (X_2232 72.48345947265625)
 (X_2233 42.8623046875)
 (X_2234 5.789546489715576)
 (X_2235 58.980491638183594)
 (X_2236 17.996784210205078)
 (X_2237 13.836957931518555)
 (X_2238 85.8965835571289)
 (X_2239 36.107933044433594)
 (X_2240 3.8341007232666016)
 (X_2241 59.254486083984375)
 (X_2242 41.62244415283203)
 (X_2243 7.983821392059326)
 (X_2244 42.38667678833008)
 (X_2245 22.565521240234375)
 (X_2246 27.467845916748047)
 (X_2247 59.02013397216797)
 (X_2248 17.820772171020508)
 (X_2249 7.115475177764893)
 (X_2250 54.661582946777344)
 (X_2251 34.747161865234375)
 (X_2252 5.127716064453125)
 (X_2253 50.15966796875)
 (X_2254 33.82568359375)
 (X_2255 29.233583450317383)
 (X_2256 36.34068298339844)
 (X_2257 46.73382568359375)
 (X_2258 33.59234619140625)
 (X_2259 21.27676010131836)
 (X_2260 28.759815216064453)
 (X_2261 14.217741966247559)
 (X_2262 30.002811431884766)
 (X_2263 22.982398986816406)
 (X_2264 25.710304260253906)
 (X_2265 20.17799186706543)
 (X_2266 40.695308685302734)
 (X_2267 29.240339279174805)
 (X_2268 24.80224609375)
 (X_2269 35.29888916015625)
 (X_2270 7.700961112976074)
 (X_2271 26.571935653686523)
 (X_2272 42.04315948486328)
 (X_2273 16.849868774414062)
 (X_2274 39.75703811645508)
 (X_2275 27.574262619018555)
 (X_2276 24.307252883911133)
 (X_2277 25.117298126220703)
 (X_2278 37.346221923828125)
 (X_2279 28.604671478271484)
 (X_2280 35.46247100830078)
 (X_2281 29.161029815673828)
 (X_2282 44.38603973388672)
 (X_2283 40.27958679199219)
 (X_2284 55.25959014892578)
 (X_2285 48.516754150390625)
 (X_2286 35.39580535888672)
 (X_2287 36.37537384033203)
 (X_2288 44.51453399658203)
 (X_2289 9.68111801147461)
 (X_2290 28.011688232421875)
 (X_2291 38.398292541503906)
 (X_2292 32.93572235107422)
 (X_2293 54.09422302246094)
 (X_2294 53.51099395751953)
 (X_2295 33.475860595703125)
 (X_2296 41.119964599609375)
 (X_2297 18.828189849853516)
 (X_2298 23.833885192871094)
 (X_2299 45.71184539794922)
 (X_2300 32.81684494018555)
 (X_2301 43.65460205078125)
 (X_2302 51.825374603271484)
 (X_2303 25.26852798461914)
 (X_2304 32.57653045654297)
 (X_2305 24.705585479736328)
 (X_2306 22.369050979614258)
 (X_2307 18.322620391845703)
 (X_2308 34.71562194824219)
 (X_2309 48.960811614990234)
 (X_2310 29.636493682861328)
 (X_2311 38.708580017089844)
 (X_2312 38.18461608886719)
 (X_2313 40.731346130371094)
 (X_2314 16.079214096069336)
 (X_2315 47.184967041015625)
 (X_2316 30.172473907470703)
 (X_2317 38.667022705078125)
 (X_2318 50.64578628540039)
 (X_2319 21.633167266845703)
 (X_2320 39.59373474121094)
 (X_2321 82.08650207519531)
 (X_2322 26.716825485229492)
 (X_2323 38.92818069458008)
 (X_2324 38.855796813964844)
 (X_2325 16.335006713867188)
 (X_2326 12.983772277832031)
 (X_2327 51.003997802734375)
 (X_2328 11.380691528320312)
 (X_2329 37.9899787902832)
 (X_2330 81.82266998291016)
 (X_2331 38.37821578979492)
 (X_2332 31.98739242553711)
 (X_2333 35.60310363769531)
 (X_2334 38.362823486328125)
 (X_2335 28.865367889404297)
 (X_2336 55.311279296875)
 (X_2337 18.574874877929688)
 (X_2338 34.88374328613281)
 (X_2339 53.14760208129883)
 (X_2340 46.101173400878906)
 (X_2341 42.164100646972656)
 (X_2342 30.57711410522461)
 (X_2343 51.41191864013672)
 (X_2344 38.830570220947266)
 (X_2345 31.177383422851562)
 (X_2346 40.3123779296875)
 (X_2347 54.78643798828125)
 (X_2348 53.417884826660156)
 (X_2349 105.752685546875)
 (X_2350 27.46799087524414)
 (X_2351 29.67473602294922)
 (X_2352 111.72441101074219)
 (X_2353 43.211341857910156)
 (X_2354 35.473106384277344)
 (X_2355 107.7804946899414)
 (X_2356 25.08213996887207)
 (X_2357 32.02573776245117)
 (X_2358 150.78985595703125)
 (X_2359 18.794076919555664)
 (X_2360 26.044607162475586)
 (X_2361 134.40306091308594)
 (X_2362 32.16845703125)
 (X_2363 20.544633865356445)
 (X_2364 170.94827270507812)
 (X_2365 14.054414749145508)
 (X_2366 38.53125)
 (X_2367 137.64710998535156)
 (X_2368 44.16185760498047)
 (X_2369 12.314234733581543)
 (X_2370 118.81907653808594)
 (X_2371 24.955394744873047)
 (X_2372 33.73267364501953)
 (X_2373 120.06822204589844)
 (X_2374 27.946563720703125)
 (X_2375 22.341550827026367)
 (X_2376 125.02196502685547)
 (X_2377 36.0712890625)
 (X_2378 26.44839859008789)
 (X_2379 125.96602630615234)
 (X_2380 31.95115852355957)
 (X_2381 41.574851989746094)
 (X_2382 132.78631591796875)
 (X_2383 42.98442840576172)
 (X_2384 25.252395629882812)
 (X_2385 124.91634368896484)
 (X_2386 27.44256019592285)
 (X_2387 14.375487327575684)
 (X_2388 141.5354766845703)
 (X_2389 10.434410095214844)
 (X_2390 40.017494201660156)
 (X_2391 154.8554229736328)
 (X_2392 24.357995986938477)
 (X_2393 24.3206787109375)
 (X_2394 128.93353271484375)
 (X_2395 35.399192810058594)
 (X_2396 9.189454078674316)
 (X_2397 148.22125244140625)
 (X_2398 15.792045593261719)
 (X_2399 23.838043212890625)
 (X_2400 139.5677490234375)
 (X_2401 29.47964859008789)
 (X_2402 23.072139739990234)
 (X_2403 152.83660888671875)
 (X_2404 13.231145858764648)
 (X_2405 23.47476577758789)
 (X_2406 162.00921630859375)
 (X_2407 12.494461059570312)
 (X_2408 30.443363189697266)
 (X_2409 172.7574920654297)
 (X_2410 20.14120101928711)
 (X_2411 26.250675201416016)
 (X_2412 179.1475067138672)
 (X_2413 31.87997055053711)
 (X_2414 28.547672271728516)
 (X_2415 194.6676025390625)
 (X_2416 34.621131896972656)
 (X_2417 40.55897521972656)
 (X_2418 222.92076110839844)
 (X_2419 14.36204719543457)
 (X_2420 45.75419998168945)
 (X_2421 149.3999481201172)
 (X_2422 9.912179946899414)
 (X_2423 38.49144744873047)
 (X_2424 175.58192443847656)
 (X_2425 8.564483642578125)
 (X_2426 37.472747802734375)
 (X_2427 192.14886474609375)
 (X_2428 13.903379440307617)
 (X_2429 56.27758026123047)
 (X_2430 64.715087890625)
 (X_2431 3.29345703125)
 (X_2432 10.068048477172852)
 (X_2433 60.4411735534668)
 (X_2434 14.939155578613281)
 (X_2435 26.622140884399414)
 (X_2436 54.08204650878906)
 (X_2437 29.02613067626953)
 (X_2438 39.029747009277344)
 (X_2439 65.12451171875)
 (X_2440 8.075023651123047)
 (X_2441 5.287563323974609)
 (X_2442 55.12278747558594)
 (X_2443 23.821887969970703)
 (X_2444 31.334136962890625)
 (X_2445 55.04579162597656)
 (X_2446 31.58547592163086)
 (X_2447 21.490158081054688)
 (X_2448 54.238033294677734)
 (X_2449 15.762273788452148)
 (X_2450 12.42146110534668)
 (X_2451 51.80170440673828)
 (X_2452 7.3306779861450195)
 (X_2453 6.594832420349121)
 (X_2454 45.07362365722656)
 (X_2455 14.104598045349121)
 (X_2456 33.602622985839844)
 (X_2457 55.33956527709961)
 (X_2458 26.241737365722656)
 (X_2459 18.72062110900879)
 (X_2460 78.78851318359375)
 (X_2461 29.739356994628906)
 (X_2462 13.140817642211914)
 (X_2463 81.55680847167969)
 (X_2464 33.239341735839844)
 (X_2465 33.606109619140625)
 (X_2466 85.69779205322266)
 (X_2467 4.144300937652588)
 (X_2468 33.424400329589844)
 (X_2469 91.58076477050781)
 (X_2470 19.843799591064453)
 (X_2471 11.267892837524414)
 (X_2472 89.72533416748047)
 (X_2473 24.009178161621094)
 (X_2474 10.04897689819336)
 (X_2475 79.94786834716797)
 (X_2476 32.66917419433594)
 (X_2477 13.429756164550781)
 (X_2478 90.83731842041016)
 (X_2479 34.950950622558594)
 (X_2480 15.054277420043945)
 (X_2481 87.07568359375)
 (X_2482 35.682735443115234)
 (X_2483 29.46561050415039)
 (X_2484 89.61466217041016)
 (X_2485 25.96890640258789)
 (X_2486 21.19935417175293)
 (X_2487 75.31413269042969)
 (X_2488 30.17390251159668)
 (X_2489 17.618534088134766)
 (X_2490 88.3620376586914)
 (X_2491 39.061798095703125)
 (X_2492 10.508515357971191)
 (X_2493 78.09429931640625)
 (X_2494 18.162006378173828)
 (X_2495 26.35658836364746)
 (X_2496 77.65347290039062)
 (X_2497 18.37010383605957)
 (X_2498 18.546232223510742)
 (X_2499 78.13580322265625)
 (X_2500 26.011905670166016)
 (X_2501 22.250099182128906)
 (X_2502 44.2469482421875)
 (X_2503 15.41163158416748)
 (X_2504 12.399538040161133)
 (X_2505 61.45955276489258)
 (X_2506 11.13784122467041)
 (X_2507 20.732072830200195)
 (X_2508 59.19939422607422)
 (X_2509 26.51700210571289)
 (X_2510 23.72953987121582)
 (X_2511 40.71379852294922)
 (X_2512 16.855487823486328)
 (X_2513 27.983301162719727)
 (X_2514 26.673416137695312)
 (X_2515 30.069202423095703)
 (X_2516 24.14852523803711)
 (X_2517 40.17536926269531)
 (X_2518 39.319664001464844)
 (X_2519 23.2921142578125)
 (X_2520 31.46286392211914)
 (X_2521 25.417984008789062)
 (X_2522 26.841140747070312)
 (X_2523 18.903553009033203)
 (X_2524 26.36543846130371)
 (X_2525 17.865970611572266)
 (X_2526 35.384971618652344)
 (X_2527 61.42887878417969)
 (X_2528 34.91615676879883)
 (X_2529 28.157529830932617)
 (X_2530 40.557861328125)
 (X_2531 25.878520965576172)
 (X_2532 38.75386047363281)
 (X_2533 32.70415115356445)
 (X_2534 15.488228797912598)
 (X_2535 29.72402572631836)
 (X_2536 40.38283157348633)
 (X_2537 24.660503387451172)
 (X_2538 25.865432739257812)
 (X_2539 22.05615997314453)
 (X_2540 4.276236057281494)
 (X_2541 21.57828140258789)
 (X_2542 38.03581237792969)
 (X_2543 9.835211753845215)
 (X_2544 25.504432678222656)
 (X_2545 24.060344696044922)
 (X_2546 10.423393249511719)
 (X_2547 46.76972961425781)
 (X_2548 37.66511535644531)
 (X_2549 28.304710388183594)
 (X_2550 36.501407623291016)
 (X_2551 29.270606994628906)
 (X_2552 32.43199157714844)
 (X_2553 40.02069854736328)
 (X_2554 33.32158660888672)
 (X_2555 27.19499969482422)
 (X_2556 42.36396789550781)
 (X_2557 37.943275451660156)
 (X_2558 25.390060424804688)
 (X_2559 41.282630920410156)
 (X_2560 24.127849578857422)
 (X_2561 24.672731399536133)
 (X_2562 46.654815673828125)
 (X_2563 49.488582611083984)
 (X_2564 35.43733215332031)
 (X_2565 51.505313873291016)
 (X_2566 24.803421020507812)
 (X_2567 15.471070289611816)
 (X_2568 41.97789001464844)
 (X_2569 30.346023559570312)
 (X_2570 29.544422149658203)
 (X_2571 61.56671142578125)
 (X_2572 51.51673126220703)
 (X_2573 31.088346481323242)
 (X_2574 35.408660888671875)
 (X_2575 24.024513244628906)
 (X_2576 29.442970275878906)
 (X_2577 40.443233489990234)
 (X_2578 30.512733459472656)
 (X_2579 46.37847900390625)
 (X_2580 53.36521911621094)
 (X_2581 39.53171157836914)
 (X_2582 23.28858184814453)
 (X_2583 40.06837463378906)
 (X_2584 36.25273132324219)
 (X_2585 55.73744201660156)
 (X_2586 50.081443786621094)
 (X_2587 24.168498992919922)
 (X_2588 57.419952392578125)
 (X_2589 32.48796081542969)
 (X_2590 28.948287963867188)
 (X_2591 69.87289428710938)
 (X_2592 48.59349822998047)
 (X_2593 27.412063598632812)
 (X_2594 40.32659149169922)
 (X_2595 21.880090713500977)
 (X_2596 17.27185821533203)
 (X_2597 53.66016387939453)
 (X_2598 25.59576416015625)
 (X_2599 30.23668670654297)
 (X_2600 73.51634216308594)
 (X_2601 24.88541030883789)
 (X_2602 41.009910583496094)
 (X_2603 31.460079193115234)
 (X_2604 26.167396545410156)
 (X_2605 47.278594970703125)
 (X_2606 50.575927734375)
 (X_2607 30.21200942993164)
 (X_2608 40.238868713378906)
 (X_2609 52.602378845214844)
 (X_2610 27.192150115966797)
 (X_2611 31.015878677368164)
 (X_2612 20.178022384643555)
 (X_2613 29.48416519165039)
 (X_2614 42.58946990966797)
 (X_2615 17.822298049926758)
 (X_2616 34.296173095703125)
 (X_2617 53.48365020751953)
 (X_2618 36.923126220703125)
 (X_2619 61.541683197021484)
 (X_2620 30.19164276123047)
 (X_2621 8.329437255859375)
 (X_2622 44.77684783935547)
 (X_2623 9.462905883789062)
 (X_2624 29.27121353149414)
 (X_2625 39.45032501220703)
 (X_2626 16.887969970703125)
 (X_2627 42.70464324951172)
 (X_2628 93.34141540527344)
 (X_2629 39.275123596191406)
 (X_2630 27.777488708496094)
 (X_2631 75.91963195800781)
 (X_2632 5.739424228668213)
 (X_2633 36.47258377075195)
 (X_2634 76.73899841308594)
 (X_2635 14.621158599853516)
 (X_2636 23.798572540283203)
 (X_2637 101.25574493408203)
 (X_2638 22.172943115234375)
 (X_2639 22.24251365661621)
 (X_2640 110.40390014648438)
 (X_2641 25.88017463684082)
 (X_2642 13.613016128540039)
 (X_2643 92.01900482177734)
 (X_2644 22.701251983642578)
 (X_2645 44.924285888671875)
 (X_2646 125.72535705566406)
 (X_2647 12.827127456665039)
 (X_2648 12.0209379196167)
 (X_2649 112.21554565429688)
 (X_2650 23.35146713256836)
 (X_2651 14.655884742736816)
 (X_2652 113.25112915039062)
 (X_2653 31.209863662719727)
 (X_2654 19.48905372619629)
 (X_2655 135.65457153320312)
 (X_2656 30.625886917114258)
 (X_2657 35.69458770751953)
 (X_2658 118.92008972167969)
 (X_2659 24.241498947143555)
 (X_2660 17.71786117553711)
 (X_2661 149.3021697998047)
 (X_2662 16.979541778564453)
 (X_2663 21.41195297241211)
 (X_2664 140.7174530029297)
 (X_2665 25.232221603393555)
 (X_2666 16.269657135009766)
 (X_2667 151.35891723632812)
 (X_2668 6.3949785232543945)
 (X_2669 16.389328002929688)
 (X_2670 139.72637939453125)
 (X_2671 29.94980812072754)
 (X_2672 33.64455795288086)
 (X_2673 147.74609375)
 (X_2674 24.59554672241211)
 (X_2675 17.15813446044922)
 (X_2676 151.68771362304688)
 (X_2677 24.554370880126953)
 (X_2678 32.456138610839844)
 (X_2679 153.51840209960938)
 (X_2680 15.493515014648438)
 (X_2681 39.85005187988281)
 (X_2682 174.12889099121094)
 (X_2683 26.277873992919922)
 (X_2684 16.909320831298828)
 (X_2685 174.1993408203125)
 (X_2686 36.788944244384766)
 (X_2687 20.113178253173828)
 (X_2688 197.62745666503906)
 (X_2689 33.97710037231445)
 (X_2690 41.881492614746094)
 (X_2691 162.75912475585938)
 (X_2692 25.870521545410156)
 (X_2693 41.43946075439453)
 (X_2694 169.6602020263672)
 (X_2695 7.1866278648376465)
 (X_2696 43.25541687011719)
 (X_2697 171.40553283691406)
 (X_2698 23.689205169677734)
 (X_2699 54.12467575073242)
 (Y_0 728.0)
 (Y_1 986.0)
 (Y_2 1056.0)
 (Y_3 950.0)
 (Y_4 1064.0)
 (Y_5 754.0)
 (Y_6 638.0)
 (Y_7 896.0)
 (Y_8 802.0)
 (Y_9 364.0)
 (Y_10 718.0)
 (Y_11 1288.0)
 (Y_12 796.0)
 (Y_13 516.0)
 (Y_14 1222.0)
 (Y_15 1000.0)
 (Y_16 -30.0)
 (Y_17 1550.0)
 (Y_18 966.0)
 (Y_19 704.0)
 (Y_20 1108.0)
 (Y_21 692.0)
 (Y_22 1374.0)
 (Y_23 984.0)
 (Y_24 548.0)
 (Y_25 1124.0)
 (Y_26 1248.0)
 (Y_27 592.0)
 (Y_28 1236.0)
 (Y_29 702.0)
 (Y_30 1076.0)
 (Y_31 754.0)
 (Y_32 684.0)
 (Y_33 450.0)
 (Y_34 -260.0)
 (Y_35 -122.0)
 (Y_36 530.0)
 (Y_37 -192.0)
 (Y_38 288.0)
 (Y_39 110.0)
 (Y_40 326.0)
 (Y_41 466.0)
 (Y_42 436.0))
