sat,1.089567
((X_0 254.68307495117188)
 (X_1 46.1567268371582)
 (X_2 15.755592346191406)
 (X_3 253.88812255859375)
 (X_4 49.968772888183594)
 (X_5 13.960740089416504)
 (X_6 252.40464782714844)
 (X_7 56.58998107910156)
 (X_8 23.163597106933594)
 (X_9 248.2724151611328)
 (X_10 43.93378448486328)
 (X_11 17.980072021484375)
 (X_12 253.4919891357422)
 (X_13 39.15868377685547)
 (X_14 18.671600341796875)
 (X_15 253.89845275878906)
 (X_16 48.25373077392578)
 (X_17 23.227108001708984)
 (X_18 246.02120971679688)
 (X_19 45.691829681396484)
 (X_20 16.942365646362305)
 (X_21 252.9202880859375)
 (X_22 43.76655960083008)
 (X_23 19.702800750732422)
 (X_24 253.36827087402344)
 (X_25 49.96828079223633)
 (X_26 19.268367767333984)
 (X_27 248.28134155273438)
 (X_28 55.258270263671875)
 (X_29 15.970633506774902)
 (X_30 252.39234924316406)
 (X_31 47.21547317504883)
 (X_32 16.23959732055664)
 (X_33 251.9857635498047)
 (X_34 53.038265228271484)
 (X_35 21.632766723632812)
 (X_36 242.3218536376953)
 (X_37 71.54914093017578)
 (X_38 16.570371627807617)
 (X_39 248.08763122558594)
 (X_40 59.75729751586914)
 (X_41 16.420419692993164)
 (X_42 242.49569702148438)
 (X_43 67.01097106933594)
 (X_44 19.223249435424805)
 (X_45 206.09873962402344)
 (X_46 82.26789855957031)
 (X_47 16.75343132019043)
 (X_48 236.90664672851562)
 (X_49 76.98452758789062)
 (X_50 16.21457862854004)
 (X_51 226.2978973388672)
 (X_52 83.53836059570312)
 (X_53 22.09930419921875)
 (X_54 175.4916534423828)
 (X_55 68.322021484375)
 (X_56 22.779333114624023)
 (X_57 218.27015686035156)
 (X_58 67.69817352294922)
 (X_59 28.83761215209961)
 (X_60 212.5161895751953)
 (X_61 79.47016143798828)
 (X_62 32.64206314086914)
 (X_63 197.83425903320312)
 (X_64 59.45058822631836)
 (X_65 36.16887664794922)
 (X_66 211.03143310546875)
 (X_67 60.710418701171875)
 (X_68 34.98516845703125)
 (X_69 213.01751708984375)
 (X_70 69.02748107910156)
 (X_71 38.94589614868164)
 (X_72 243.72952270507812)
 (X_73 39.377010345458984)
 (X_74 33.34722137451172)
 (X_75 239.10670471191406)
 (X_76 33.29283905029297)
 (X_77 21.170936584472656)
 (X_78 240.1049041748047)
 (X_79 37.84009552001953)
 (X_80 24.031095504760742)
 (X_81 250.91835021972656)
 (X_82 31.94723129272461)
 (X_83 26.57431411743164)
 (X_84 253.56991577148438)
 (X_85 20.111072540283203)
 (X_86 19.65398597717285)
 (X_87 252.578369140625)
 (X_88 23.0250301361084)
 (X_89 20.079010009765625)
 (X_90 246.93820190429688)
 (X_91 39.49592208862305)
 (X_92 37.8547248840332)
 (X_93 254.156982421875)
 (X_94 27.063230514526367)
 (X_95 31.834766387939453)
 (X_96 252.2388458251953)
 (X_97 35.44670486450195)
 (X_98 38.977989196777344)
 (X_99 250.27540588378906)
 (X_100 41.01171112060547)
 (X_101 41.95724868774414)
 (X_102 254.41165161132812)
 (X_103 31.19060516357422)
 (X_104 39.039939880371094)
 (X_105 254.1973876953125)
 (X_106 40.84134292602539)
 (X_107 47.27714538574219)
 (X_108 247.42962646484375)
 (X_109 42.651771545410156)
 (X_110 41.27907943725586)
 (X_111 254.9769287109375)
 (X_112 42.741546630859375)
 (X_113 41.05708312988281)
 (X_114 254.91964721679688)
 (X_115 47.88521957397461)
 (X_116 46.48648452758789)
 (X_117 231.97120666503906)
 (X_118 46.86724090576172)
 (X_119 40.13621139526367)
 (X_120 242.4569854736328)
 (X_121 43.93581771850586)
 (X_122 46.43840026855469)
 (X_123 243.8257598876953)
 (X_124 52.1991081237793)
 (X_125 52.537635803222656)
 (X_126 196.90194702148438)
 (X_127 45.684200286865234)
 (X_128 38.03850173950195)
 (X_129 212.92282104492188)
 (X_130 45.5471305847168)
 (X_131 43.49391555786133)
 (X_132 198.11192321777344)
 (X_133 54.28964614868164)
 (X_134 52.45612335205078)
 (X_135 187.51902770996094)
 (X_136 42.867897033691406)
 (X_137 38.12929153442383)
 (X_138 200.97842407226562)
 (X_139 49.03840637207031)
 (X_140 44.682777404785156)
 (X_141 177.15293884277344)
 (X_142 56.493404388427734)
 (X_143 57.01799774169922)
 (X_144 197.3681640625)
 (X_145 44.40491485595703)
 (X_146 40.938926696777344)
 (X_147 207.16445922851562)
 (X_148 47.27253723144531)
 (X_149 48.478118896484375)
 (X_150 182.6470489501953)
 (X_151 52.87711715698242)
 (X_152 54.268070220947266)
 (X_153 223.46315002441406)
 (X_154 40.13518524169922)
 (X_155 38.513423919677734)
 (X_156 231.4172821044922)
 (X_157 41.924800872802734)
 (X_158 43.566314697265625)
 (X_159 213.1088409423828)
 (X_160 51.83251953125)
 (X_161 55.791114807128906)
 (X_162 243.81289672851562)
 (X_163 46.466796875)
 (X_164 38.69892120361328)
 (X_165 253.30023193359375)
 (X_166 44.64990234375)
 (X_167 41.80226135253906)
 (X_168 249.10948181152344)
 (X_169 51.24235916137695)
 (X_170 47.6906623840332)
 (X_171 247.86842346191406)
 (X_172 45.96553039550781)
 (X_173 41.82319259643555)
 (X_174 251.63314819335938)
 (X_175 36.96878433227539)
 (X_176 35.473575592041016)
 (X_177 252.90219116210938)
 (X_178 41.4780158996582)
 (X_179 41.618080139160156)
 (X_180 246.12034606933594)
 (X_181 31.129056930541992)
 (X_182 31.624576568603516)
 (X_183 251.72311401367188)
 (X_184 24.959993362426758)
 (X_185 21.049358367919922)
 (X_186 252.443359375)
 (X_187 22.483617782592773)
 (X_188 31.41092300415039)
 (X_189 251.0230712890625)
 (X_190 35.40854263305664)
 (X_191 34.74958038330078)
 (X_192 252.00906372070312)
 (X_193 29.3922176361084)
 (X_194 20.284631729125977)
 (X_195 252.91212463378906)
 (X_196 28.680437088012695)
 (X_197 24.598987579345703)
 (X_198 249.7022705078125)
 (X_199 46.73731994628906)
 (X_200 35.67376708984375)
 (X_201 251.9225616455078)
 (X_202 39.786617279052734)
 (X_203 24.969139099121094)
 (X_204 254.49008178710938)
 (X_205 34.560508728027344)
 (X_206 30.588315963745117)
 (X_207 244.81723022460938)
 (X_208 76.69590759277344)
 (X_209 24.844894409179688)
 (X_210 252.6073760986328)
 (X_211 69.28329467773438)
 (X_212 22.353458404541016)
 (X_213 254.94602966308594)
 (X_214 70.27120208740234)
 (X_215 28.322898864746094)
 (X_216 245.7376251220703)
 (X_217 113.39105987548828)
 (X_218 19.846227645874023)
 (X_219 254.55348205566406)
 (X_220 107.25033569335938)
 (X_221 15.428110122680664)
 (X_222 253.2046661376953)
 (X_223 114.18924713134766)
 (X_224 21.49201774597168)
 (X_225 245.40989685058594)
 (X_226 119.41808319091797)
 (X_227 14.17612075805664)
 (X_228 252.2417755126953)
 (X_229 119.39169311523438)
 (X_230 14.202792167663574)
 (X_231 253.818115234375)
 (X_232 128.2032470703125)
 (X_233 17.40993309020996)
 (X_234 249.18228149414062)
 (X_235 126.31230926513672)
 (X_236 21.418193817138672)
 (X_237 252.12770080566406)
 (X_238 131.94589233398438)
 (X_239 20.85150718688965)
 (X_240 254.39259338378906)
 (X_241 147.19659423828125)
 (X_242 28.92481231689453)
 (X_243 246.1439208984375)
 (X_244 136.2434539794922)
 (X_245 18.23606300354004)
 (X_246 253.37945556640625)
 (X_247 151.51768493652344)
 (X_248 23.15264892578125)
 (X_249 252.60975646972656)
 (X_250 162.19891357421875)
 (X_251 27.324121475219727)
 (X_252 243.95753479003906)
 (X_253 159.45875549316406)
 (X_254 20.589698791503906)
 (X_255 254.82354736328125)
 (X_256 166.24887084960938)
 (X_257 20.79844093322754)
 (X_258 254.0069580078125)
 (X_259 180.5267333984375)
 (X_260 17.306243896484375)
 (X_261 247.41860961914062)
 (X_262 150.4446563720703)
 (X_263 20.434850692749023)
 (X_264 254.7980194091797)
 (X_265 151.1602783203125)
 (X_266 16.531742095947266)
 (X_267 253.85464477539062)
 (X_268 158.2832489013672)
 (X_269 21.315685272216797)
 (X_270 253.65736389160156)
 (X_271 40.53028869628906)
 (X_272 12.912055969238281)
 (X_273 254.4623260498047)
 (X_274 46.00026321411133)
 (X_275 14.456880569458008)
 (X_276 252.9242401123047)
 (X_277 59.98933410644531)
 (X_278 19.553852081298828)
 (X_279 251.29885864257812)
 (X_280 40.56716537475586)
 (X_281 13.384838104248047)
 (X_282 254.94955444335938)
 (X_283 42.27522277832031)
 (X_284 15.959903717041016)
 (X_285 252.9296417236328)
 (X_286 55.937164306640625)
 (X_287 19.96402931213379)
 (X_288 246.77635192871094)
 (X_289 47.61588668823242)
 (X_290 15.605602264404297)
 (X_291 252.62957763671875)
 (X_292 43.62458038330078)
 (X_293 16.571889877319336)
 (X_294 254.67501831054688)
 (X_295 55.0908088684082)
 (X_296 18.31627082824707)
 (X_297 245.66036987304688)
 (X_298 43.99318313598633)
 (X_299 15.723730087280273)
 (X_300 254.93453979492188)
 (X_301 42.40507888793945)
 (X_302 17.891006469726562)
 (X_303 253.37489318847656)
 (X_304 55.45329284667969)
 (X_305 22.968114852905273)
 (X_306 246.6181640625)
 (X_307 46.387168884277344)
 (X_308 18.808338165283203)
 (X_309 253.06234741210938)
 (X_310 42.9180908203125)
 (X_311 14.85722541809082)
 (X_312 252.102783203125)
 (X_313 50.236366271972656)
 (X_314 22.307659149169922)
 (X_315 224.29476928710938)
 (X_316 50.55649185180664)
 (X_317 19.920888900756836)
 (X_318 247.7751922607422)
 (X_319 49.9782600402832)
 (X_320 20.570049285888672)
 (X_321 253.7121124267578)
 (X_322 60.14039611816406)
 (X_323 24.467437744140625)
 (X_324 207.22531127929688)
 (X_325 53.66669464111328)
 (X_326 23.047313690185547)
 (X_327 235.21090698242188)
 (X_328 53.545860290527344)
 (X_329 21.68964958190918)
 (X_330 219.60565185546875)
 (X_331 63.42334747314453)
 (X_332 25.13954734802246)
 (X_333 188.31112670898438)
 (X_334 45.63648986816406)
 (X_335 31.327890396118164)
 (X_336 213.97071838378906)
 (X_337 38.14692306518555)
 (X_338 26.08481788635254)
 (X_339 191.15675354003906)
 (X_340 48.53401184082031)
 (X_341 35.43992614746094)
 (X_342 189.33824157714844)
 (X_343 28.420307159423828)
 (X_344 40.44661331176758)
 (X_345 212.6141815185547)
 (X_346 19.376916885375977)
 (X_347 34.90483093261719)
 (X_348 219.4481964111328)
 (X_349 20.595802307128906)
 (X_350 31.89209747314453)
 (X_351 228.56724548339844)
 (X_352 32.84501647949219)
 (X_353 28.87308692932129)
 (X_354 234.75486755371094)
 (X_355 23.798587799072266)
 (X_356 25.68125343322754)
 (X_357 254.77523803710938)
 (X_358 27.540142059326172)
 (X_359 24.393836975097656)
 (X_360 250.4488067626953)
 (X_361 37.47916793823242)
 (X_362 28.940460205078125)
 (X_363 249.65609741210938)
 (X_364 34.16905975341797)
 (X_365 22.66197967529297)
 (X_366 253.80943298339844)
 (X_367 46.85897445678711)
 (X_368 19.624496459960938)
 (X_369 250.09988403320312)
 (X_370 42.959930419921875)
 (X_371 35.63784408569336)
 (X_372 252.2755584716797)
 (X_373 43.340301513671875)
 (X_374 26.30152702331543)
 (X_375 252.30007934570312)
 (X_376 54.85353088378906)
 (X_377 28.418609619140625)
 (X_378 246.44064331054688)
 (X_379 49.70515060424805)
 (X_380 39.787498474121094)
 (X_381 253.0463409423828)
 (X_382 45.47584533691406)
 (X_383 34.000999450683594)
 (X_384 252.05003356933594)
 (X_385 53.36736297607422)
 (X_386 44.8845100402832)
 (X_387 189.0659942626953)
 (X_388 42.213218688964844)
 (X_389 42.38933563232422)
 (X_390 208.6302490234375)
 (X_391 44.6144905090332)
 (X_392 39.30755615234375)
 (X_393 210.693359375)
 (X_394 51.79934310913086)
 (X_395 50.14900207519531)
 (X_396 124.81510162353516)
 (X_397 44.3740119934082)
 (X_398 43.695003509521484)
 (X_399 141.7266082763672)
 (X_400 46.95758056640625)
 (X_401 43.84147644042969)
 (X_402 111.16585540771484)
 (X_403 56.776580810546875)
 (X_404 55.91058349609375)
 (X_405 72.99972534179688)
 (X_406 44.69131851196289)
 (X_407 47.787330627441406)
 (X_408 84.12122344970703)
 (X_409 47.363338470458984)
 (X_410 42.4548225402832)
 (X_411 38.90681838989258)
 (X_412 56.37831497192383)
 (X_413 56.15573501586914)
 (X_414 92.96245574951172)
 (X_415 45.58974838256836)
 (X_416 41.45656204223633)
 (X_417 99.08019256591797)
 (X_418 46.999595642089844)
 (X_419 40.14604187011719)
 (X_420 48.14865493774414)
 (X_421 50.97473907470703)
 (X_422 56.961483001708984)
 (X_423 198.3701934814453)
 (X_424 36.92643356323242)
 (X_425 41.70835876464844)
 (X_426 205.0598907470703)
 (X_427 39.85817337036133)
 (X_428 39.495887756347656)
 (X_429 168.3681182861328)
 (X_430 47.08137512207031)
 (X_431 50.841182708740234)
 (X_432 242.30758666992188)
 (X_433 41.72405242919922)
 (X_434 40.46461868286133)
 (X_435 254.7591552734375)
 (X_436 40.822574615478516)
 (X_437 36.313560485839844)
 (X_438 248.0789794921875)
 (X_439 50.52142333984375)
 (X_440 43.98260498046875)
 (X_441 249.83644104003906)
 (X_442 48.38374328613281)
 (X_443 36.36827087402344)
 (X_444 254.6193389892578)
 (X_445 44.99071502685547)
 (X_446 23.60224151611328)
 (X_447 253.03514099121094)
 (X_448 51.01127624511719)
 (X_449 32.34895706176758)
 (X_450 250.2232666015625)
 (X_451 45.23871612548828)
 (X_452 28.542875289916992)
 (X_453 252.19517517089844)
 (X_454 38.245811462402344)
 (X_455 21.112815856933594)
 (X_456 254.4617462158203)
 (X_457 40.787864685058594)
 (X_458 21.12604331970215)
 (X_459 250.92723083496094)
 (X_460 34.19526672363281)
 (X_461 28.588855743408203)
 (X_462 252.03196716308594)
 (X_463 23.34276008605957)
 (X_464 22.85943603515625)
 (X_465 253.65541076660156)
 (X_466 20.596982955932617)
 (X_467 27.843704223632812)
 (X_468 248.22198486328125)
 (X_469 35.062564849853516)
 (X_470 28.642778396606445)
 (X_471 254.4137420654297)
 (X_472 25.18099021911621)
 (X_473 20.187570571899414)
 (X_474 252.76576232910156)
 (X_475 18.433731079101562)
 (X_476 35.92079544067383)
 (X_477 248.72286987304688)
 (X_478 56.04521942138672)
 (X_479 21.167049407958984)
 (X_480 250.6722869873047)
 (X_481 48.80595397949219)
 (X_482 19.472274780273438)
 (X_483 252.87057495117188)
 (X_484 42.310523986816406)
 (X_485 27.013580322265625)
 (X_486 250.2281036376953)
 (X_487 95.25265502929688)
 (X_488 19.61397361755371)
 (X_489 251.34617614746094)
 (X_490 91.7838363647461)
 (X_491 16.81673812866211)
 (X_492 252.47337341308594)
 (X_493 96.33320617675781)
 (X_494 19.336647033691406)
 (X_495 250.041015625)
 (X_496 110.25592041015625)
 (X_497 18.18419075012207)
 (X_498 252.2600555419922)
 (X_499 113.25456237792969)
 (X_500 17.690216064453125)
 (X_501 252.4290313720703)
 (X_502 116.18498229980469)
 (X_503 18.987648010253906)
 (X_504 251.42022705078125)
 (X_505 123.54507446289062)
 (X_506 19.8043155670166)
 (X_507 254.1900634765625)
 (X_508 128.98379516601562)
 (X_509 24.598318099975586)
 (X_510 254.5400390625)
 (X_511 135.25779724121094)
 (X_512 27.181838989257812)
 (X_513 244.06939697265625)
 (X_514 130.36402893066406)
 (X_515 21.52920150756836)
 (X_516 253.25881958007812)
 (X_517 137.14413452148438)
 (X_518 25.462116241455078)
 (X_519 254.65940856933594)
 (X_520 153.2880401611328)
 (X_521 30.005102157592773)
 (X_522 245.9514617919922)
 (X_523 158.68365478515625)
 (X_524 21.263050079345703)
 (X_525 253.5000457763672)
 (X_526 167.6011199951172)
 (X_527 19.835033416748047)
 (X_528 253.5828857421875)
 (X_529 186.39450073242188)
 (X_530 20.840747833251953)
 (X_531 248.27467346191406)
 (X_532 140.55848693847656)
 (X_533 24.576454162597656)
 (X_534 252.5411376953125)
 (X_535 138.02931213378906)
 (X_536 22.942256927490234)
 (X_537 254.55001831054688)
 (X_538 152.5771484375)
 (X_539 23.41908836364746)
 (X_540 242.4744415283203)
 (X_541 35.39853286743164)
 (X_542 18.781639099121094)
 (X_543 247.45082092285156)
 (X_544 39.0742073059082)
 (X_545 18.87540054321289)
 (X_546 253.13516235351562)
 (X_547 46.140106201171875)
 (X_548 19.698686599731445)
 (X_549 239.6411590576172)
 (X_550 34.31766891479492)
 (X_551 19.15945053100586)
 (X_552 249.42491149902344)
 (X_553 42.99449920654297)
 (X_554 16.844514846801758)
 (X_555 253.64422607421875)
 (X_556 47.03947830200195)
 (X_557 22.52782440185547)
 (X_558 243.5199737548828)
 (X_559 34.560585021972656)
 (X_560 18.691892623901367)
 (X_561 252.2027130126953)
 (X_562 43.099822998046875)
 (X_563 14.76761245727539)
 (X_564 251.93692016601562)
 (X_565 49.310791015625)
 (X_566 18.692901611328125)
 (X_567 242.096435546875)
 (X_568 33.529823303222656)
 (X_569 17.830230712890625)
 (X_570 250.26800537109375)
 (X_571 38.21308517456055)
 (X_572 12.367387771606445)
 (X_573 252.17877197265625)
 (X_574 50.471527099609375)
 (X_575 21.68356704711914)
 (X_576 244.92745971679688)
 (X_577 34.35848617553711)
 (X_578 20.3260498046875)
 (X_579 253.8388671875)
 (X_580 40.367271423339844)
 (X_581 17.45542335510254)
 (X_582 253.47784423828125)
 (X_583 44.690731048583984)
 (X_584 21.63715934753418)
 (X_585 249.9473876953125)
 (X_586 34.204071044921875)
 (X_587 19.524547576904297)
 (X_588 251.1090545654297)
 (X_589 39.09132385253906)
 (X_590 17.897634506225586)
 (X_591 252.2247772216797)
 (X_592 47.7688102722168)
 (X_593 24.655317306518555)
 (X_594 229.27325439453125)
 (X_595 47.05077362060547)
 (X_596 22.992582321166992)
 (X_597 238.8138885498047)
 (X_598 45.08572769165039)
 (X_599 21.299409866333008)
 (X_600 246.51255798339844)
 (X_601 50.56542205810547)
 (X_602 23.809221267700195)
 (X_603 187.05264282226562)
 (X_604 37.10223388671875)
 (X_605 25.161298751831055)
 (X_606 222.8286590576172)
 (X_607 27.973142623901367)
 (X_608 21.397249221801758)
 (X_609 225.1356658935547)
 (X_610 32.859336853027344)
 (X_611 25.518239974975586)
 (X_612 147.9561004638672)
 (X_613 32.51177978515625)
 (X_614 27.09314727783203)
 (X_615 190.68319702148438)
 (X_616 17.3743839263916)
 (X_617 26.509973526000977)
 (X_618 193.37261962890625)
 (X_619 23.926254272460938)
 (X_620 25.909013748168945)
 (X_621 178.2287139892578)
 (X_622 31.564767837524414)
 (X_623 37.238983154296875)
 (X_624 185.3807373046875)
 (X_625 28.707733154296875)
 (X_626 28.97447967529297)
 (X_627 186.30636596679688)
 (X_628 30.642465591430664)
 (X_629 25.15935707092285)
 (X_630 239.0321807861328)
 (X_631 46.1034049987793)
 (X_632 33.04146957397461)
 (X_633 227.5016632080078)
 (X_634 40.13666534423828)
 (X_635 23.079198837280273)
 (X_636 236.16830444335938)
 (X_637 52.776248931884766)
 (X_638 24.506900787353516)
 (X_639 249.4042510986328)
 (X_640 45.50153350830078)
 (X_641 31.959224700927734)
 (X_642 245.9266815185547)
 (X_643 44.05778503417969)
 (X_644 18.72542953491211)
 (X_645 252.4458770751953)
 (X_646 57.84272766113281)
 (X_647 23.45966148376465)
 (X_648 226.4783172607422)
 (X_649 27.493392944335938)
 (X_650 35.29745101928711)
 (X_651 240.69395446777344)
 (X_652 26.168678283691406)
 (X_653 22.88208770751953)
 (X_654 254.01589965820312)
 (X_655 35.48015213012695)
 (X_656 28.946687698364258)
 (X_657 172.28585815429688)
 (X_658 27.476924896240234)
 (X_659 33.69728469848633)
 (X_660 194.95045471191406)
 (X_661 32.764869689941406)
 (X_662 21.191696166992188)
 (X_663 209.9515380859375)
 (X_664 35.73350524902344)
 (X_665 29.229270935058594)
 (X_666 67.85083770751953)
 (X_667 45.6164436340332)
 (X_668 38.551856994628906)
 (X_669 92.92350769042969)
 (X_670 45.81943893432617)
 (X_671 29.848773956298828)
 (X_672 85.23556518554688)
 (X_673 57.5474853515625)
 (X_674 34.620853424072266)
 (X_675 35.300453186035156)
 (X_676 41.66324234008789)
 (X_677 36.31916427612305)
 (X_678 45.19985580444336)
 (X_679 43.548892974853516)
 (X_680 32.76837921142578)
 (X_681 24.290367126464844)
 (X_682 53.02662658691406)
 (X_683 39.3274040222168)
 (X_684 59.54238510131836)
 (X_685 29.239742279052734)
 (X_686 35.40541458129883)
 (X_687 66.27168273925781)
 (X_688 31.982994079589844)
 (X_689 31.578510284423828)
 (X_690 35.03199005126953)
 (X_691 37.02547073364258)
 (X_692 33.15555191040039)
 (X_693 171.21340942382812)
 (X_694 21.538864135742188)
 (X_695 35.25558090209961)
 (X_696 179.4171905517578)
 (X_697 22.798030853271484)
 (X_698 23.432126998901367)
 (X_699 155.83201599121094)
 (X_700 30.114686965942383)
 (X_701 29.632375717163086)
 (X_702 249.43838500976562)
 (X_703 22.092748641967773)
 (X_704 35.248779296875)
 (X_705 253.8404541015625)
 (X_706 23.978588104248047)
 (X_707 22.584178924560547)
 (X_708 253.25253295898438)
 (X_709 30.67573356628418)
 (X_710 25.236101150512695)
 (X_711 245.5102996826172)
 (X_712 35.4910888671875)
 (X_713 35.29255676269531)
 (X_714 251.26214599609375)
 (X_715 30.001169204711914)
 (X_716 23.881458282470703)
 (X_717 252.55836486816406)
 (X_718 36.30344772338867)
 (X_719 22.844514846801758)
 (X_720 247.17909240722656)
 (X_721 46.00657653808594)
 (X_722 33.28588104248047)
 (X_723 252.26800537109375)
 (X_724 38.17853927612305)
 (X_725 23.832117080688477)
 (X_726 254.61383056640625)
 (X_727 46.7275505065918)
 (X_728 27.327320098876953)
 (X_729 247.2073974609375)
 (X_730 43.98217010498047)
 (X_731 32.05597686767578)
 (X_732 249.02694702148438)
 (X_733 30.702980041503906)
 (X_734 26.55953598022461)
 (X_735 252.73109436035156)
 (X_736 30.59526252746582)
 (X_737 30.546037673950195)
 (X_738 245.17132568359375)
 (X_739 29.795394897460938)
 (X_740 28.183006286621094)
 (X_741 248.69773864746094)
 (X_742 19.360252380371094)
 (X_743 23.067947387695312)
 (X_744 251.6510009765625)
 (X_745 20.447959899902344)
 (X_746 30.669750213623047)
 (X_747 236.08518981933594)
 (X_748 47.42636489868164)
 (X_749 19.55893325805664)
 (X_750 244.0800018310547)
 (X_751 32.418731689453125)
 (X_752 21.386350631713867)
 (X_753 245.38394165039062)
 (X_754 34.16789245605469)
 (X_755 26.228958129882812)
 (X_756 235.2085723876953)
 (X_757 82.86617279052734)
 (X_758 17.130144119262695)
 (X_759 237.58531188964844)
 (X_760 77.81696319580078)
 (X_761 19.822818756103516)
 (X_762 238.099609375)
 (X_763 83.84229278564453)
 (X_764 21.084701538085938)
 (X_765 242.30718994140625)
 (X_766 102.63164520263672)
 (X_767 20.64931297302246)
 (X_768 241.74789428710938)
 (X_769 99.97996520996094)
 (X_770 19.99845314025879)
 (X_771 247.8480987548828)
 (X_772 105.40391540527344)
 (X_773 23.05385398864746)
 (X_774 248.45260620117188)
 (X_775 119.83163452148438)
 (X_776 24.983964920043945)
 (X_777 251.98057556152344)
 (X_778 119.93501281738281)
 (X_779 23.110689163208008)
 (X_780 252.91107177734375)
 (X_781 124.75715637207031)
 (X_782 28.089933395385742)
 (X_783 244.57040405273438)
 (X_784 143.223876953125)
 (X_785 18.183181762695312)
 (X_786 253.4834442138672)
 (X_787 143.5714874267578)
 (X_788 26.069068908691406)
 (X_789 252.01646423339844)
 (X_790 158.2003173828125)
 (X_791 31.143085479736328)
 (X_792 247.61729431152344)
 (X_793 166.80255126953125)
 (X_794 21.30610466003418)
 (X_795 253.81044006347656)
 (X_796 166.06671142578125)
 (X_797 21.847888946533203)
 (X_798 254.85821533203125)
 (X_799 193.2195587158203)
 (X_800 25.194747924804688)
 (X_801 248.86817932128906)
 (X_802 133.75869750976562)
 (X_803 28.395273208618164)
 (X_804 253.84933471679688)
 (X_805 132.0538330078125)
 (X_806 30.082666397094727)
 (X_807 253.16014099121094)
 (X_808 153.2285614013672)
 (X_809 35.099124908447266)
 (X_810 215.80165100097656)
 (X_811 32.69951629638672)
 (X_812 15.203283309936523)
 (X_813 228.6506805419922)
 (X_814 31.053791046142578)
 (X_815 18.616100311279297)
 (X_816 235.30654907226562)
 (X_817 37.80801773071289)
 (X_818 21.182151794433594)
 (X_819 228.72354125976562)
 (X_820 29.810165405273438)
 (X_821 18.35605239868164)
 (X_822 239.14614868164062)
 (X_823 36.27935028076172)
 (X_824 15.339248657226562)
 (X_825 245.8046417236328)
 (X_826 42.88473129272461)
 (X_827 17.756372451782227)
 (X_828 245.8892059326172)
 (X_829 30.092361450195312)
 (X_830 20.448915481567383)
 (X_831 252.264404296875)
 (X_832 35.246490478515625)
 (X_833 19.867229461669922)
 (X_834 254.22947692871094)
 (X_835 44.45795440673828)
 (X_836 21.418350219726562)
 (X_837 242.07444763183594)
 (X_838 27.31744956970215)
 (X_839 17.19783592224121)
 (X_840 245.04393005371094)
 (X_841 33.149085998535156)
 (X_842 17.16520881652832)
 (X_843 254.46043395996094)
 (X_844 43.962059020996094)
 (X_845 21.535127639770508)
 (X_846 241.53268432617188)
 (X_847 30.836902618408203)
 (X_848 18.273509979248047)
 (X_849 249.33775329589844)
 (X_850 34.68902587890625)
 (X_851 14.067575454711914)
 (X_852 253.748291015625)
 (X_853 40.8359489440918)
 (X_854 17.582263946533203)
 (X_855 244.98883056640625)
 (X_856 34.7110595703125)
 (X_857 18.561168670654297)
 (X_858 243.0560302734375)
 (X_859 40.561004638671875)
 (X_860 19.617055892944336)
 (X_861 254.04891967773438)
 (X_862 43.1684684753418)
 (X_863 16.008609771728516)
 (X_864 234.85594177246094)
 (X_865 40.814613342285156)
 (X_866 17.408418655395508)
 (X_867 242.11216735839844)
 (X_868 36.011600494384766)
 (X_869 19.43320083618164)
 (X_870 254.5792694091797)
 (X_871 42.181114196777344)
 (X_872 22.84971046447754)
 (X_873 192.1820068359375)
 (X_874 37.78731155395508)
 (X_875 20.79915428161621)
 (X_876 217.95831298828125)
 (X_877 27.67360496520996)
 (X_878 16.525266647338867)
 (X_879 242.04937744140625)
 (X_880 28.536540985107422)
 (X_881 23.952438354492188)
 (X_882 163.7125244140625)
 (X_883 35.36671447753906)
 (X_884 19.234163284301758)
 (X_885 188.6196746826172)
 (X_886 18.453006744384766)
 (X_887 21.71279525756836)
 (X_888 178.88624572753906)
 (X_889 23.50436782836914)
 (X_890 21.54143714904785)
 (X_891 153.918212890625)
 (X_892 39.75303268432617)
 (X_893 26.126705169677734)
 (X_894 166.46595764160156)
 (X_895 37.97087860107422)
 (X_896 28.334497451782227)
 (X_897 143.83480834960938)
 (X_898 39.27971649169922)
 (X_899 26.66444206237793)
 (X_900 181.66990661621094)
 (X_901 46.25636291503906)
 (X_902 33.6458854675293)
 (X_903 181.9898223876953)
 (X_904 46.03955841064453)
 (X_905 27.402212142944336)
 (X_906 206.87637329101562)
 (X_907 54.46043014526367)
 (X_908 30.59101676940918)
 (X_909 211.02427673339844)
 (X_910 35.47092056274414)
 (X_911 31.721263885498047)
 (X_912 210.89736938476562)
 (X_913 41.14087677001953)
 (X_914 20.830303192138672)
 (X_915 253.60472106933594)
 (X_916 47.3351936340332)
 (X_917 30.32842254638672)
 (X_918 211.3728790283203)
 (X_919 29.54833984375)
 (X_920 29.247032165527344)
 (X_921 216.3922119140625)
 (X_922 28.548254013061523)
 (X_923 16.543052673339844)
 (X_924 245.21231079101562)
 (X_925 32.297264099121094)
 (X_926 23.984651565551758)
 (X_927 154.97665405273438)
 (X_928 34.08238983154297)
 (X_929 29.555362701416016)
 (X_930 171.2539825439453)
 (X_931 34.097373962402344)
 (X_932 21.999271392822266)
 (X_933 193.1636199951172)
 (X_934 39.35643005371094)
 (X_935 23.31041717529297)
 (X_936 67.52887725830078)
 (X_937 49.45746612548828)
 (X_938 26.825393676757812)
 (X_939 89.61129760742188)
 (X_940 49.603515625)
 (X_941 18.34781265258789)
 (X_942 100.97900390625)
 (X_943 55.17584991455078)
 (X_944 22.289180755615234)
 (X_945 30.648202896118164)
 (X_946 36.43636703491211)
 (X_947 24.79432487487793)
 (X_948 38.84741973876953)
 (X_949 38.486907958984375)
 (X_950 18.5991153717041)
 (X_951 44.52621078491211)
 (X_952 48.38785934448242)
 (X_953 22.008255004882812)
 (X_954 61.71632766723633)
 (X_955 24.79838752746582)
 (X_956 24.73016357421875)
 (X_957 60.20267868041992)
 (X_958 29.0301456451416)
 (X_959 18.99087142944336)
 (X_960 56.98040771484375)
 (X_961 27.772220611572266)
 (X_962 21.56377410888672)
 (X_963 178.47679138183594)
 (X_964 32.593292236328125)
 (X_965 30.49323081970215)
 (X_966 181.1440887451172)
 (X_967 33.55876922607422)
 (X_968 18.495933532714844)
 (X_969 173.861572265625)
 (X_970 39.880741119384766)
 (X_971 19.966938018798828)
 (X_972 244.7008819580078)
 (X_973 38.502689361572266)
 (X_974 32.85438919067383)
 (X_975 254.01730346679688)
 (X_976 36.52068328857422)
 (X_977 21.55923843383789)
 (X_978 252.2869873046875)
 (X_979 45.249874114990234)
 (X_980 21.80576515197754)
 (X_981 244.08885192871094)
 (X_982 25.59188461303711)
 (X_983 30.208038330078125)
 (X_984 251.24700927734375)
 (X_985 25.63640594482422)
 (X_986 26.280561447143555)
 (X_987 254.02210998535156)
 (X_988 34.40843200683594)
 (X_989 28.52263641357422)
 (X_990 244.7435302734375)
 (X_991 42.512393951416016)
 (X_992 28.41912841796875)
 (X_993 253.8245849609375)
 (X_994 38.24620056152344)
 (X_995 25.444124221801758)
 (X_996 253.7356719970703)
 (X_997 46.24127197265625)
 (X_998 30.112594604492188)
 (X_999 242.2006378173828)
 (X_1000 38.942867279052734)
 (X_1001 27.88633155822754)
 (X_1002 249.04542541503906)
 (X_1003 30.595680236816406)
 (X_1004 25.287277221679688)
 (X_1005 250.5807342529297)
 (X_1006 42.89820861816406)
 (X_1007 33.56295394897461)
 (X_1008 228.02871704101562)
 (X_1009 28.75054168701172)
 (X_1010 24.763465881347656)
 (X_1011 238.41587829589844)
 (X_1012 19.364051818847656)
 (X_1013 24.17386245727539)
 (X_1014 247.7650146484375)
 (X_1015 22.35533332824707)
 (X_1016 33.751792907714844)
 (X_1017 214.1649627685547)
 (X_1018 35.537025451660156)
 (X_1019 24.164167404174805)
 (X_1020 229.50196838378906)
 (X_1021 24.024850845336914)
 (X_1022 23.344266891479492)
 (X_1023 236.11422729492188)
 (X_1024 29.485685348510742)
 (X_1025 30.362499237060547)
 (X_1026 221.16368103027344)
 (X_1027 69.1737060546875)
 (X_1028 19.178871154785156)
 (X_1029 229.76480102539062)
 (X_1030 61.827850341796875)
 (X_1031 21.944908142089844)
 (X_1032 236.03884887695312)
 (X_1033 68.5653076171875)
 (X_1034 29.91506576538086)
 (X_1035 231.1920166015625)
 (X_1036 91.348876953125)
 (X_1037 26.639305114746094)
 (X_1038 230.3203887939453)
 (X_1039 95.38876342773438)
 (X_1040 26.24669075012207)
 (X_1041 240.4376220703125)
 (X_1042 102.05850219726562)
 (X_1043 37.95136260986328)
 (X_1044 240.31283569335938)
 (X_1045 103.37364959716797)
 (X_1046 22.833148956298828)
 (X_1047 245.466796875)
 (X_1048 104.15890502929688)
 (X_1049 28.204206466674805)
 (X_1050 251.2144775390625)
 (X_1051 109.76194763183594)
 (X_1052 34.55925750732422)
 (X_1053 245.8214569091797)
 (X_1054 132.81336975097656)
 (X_1055 22.04428482055664)
 (X_1056 252.2798309326172)
 (X_1057 131.08409118652344)
 (X_1058 23.588970184326172)
 (X_1059 254.22264099121094)
 (X_1060 157.29541015625)
 (X_1061 30.121910095214844)
 (X_1062 250.5458221435547)
 (X_1063 135.3943634033203)
 (X_1064 27.388050079345703)
 (X_1065 253.73989868164062)
 (X_1066 129.4510040283203)
 (X_1067 27.672386169433594)
 (X_1068 253.13636779785156)
 (X_1069 175.67608642578125)
 (X_1070 32.48466491699219)
 (X_1071 248.81919860839844)
 (X_1072 129.52444458007812)
 (X_1073 37.280250549316406)
 (X_1074 253.4022216796875)
 (X_1075 130.90576171875)
 (X_1076 36.352840423583984)
 (X_1077 252.47422790527344)
 (X_1078 153.84376525878906)
 (X_1079 43.32849884033203)
 (X_1080 171.5453338623047)
 (X_1081 33.33740234375)
 (X_1082 16.673908233642578)
 (X_1083 193.34315490722656)
 (X_1084 32.468807220458984)
 (X_1085 18.43855857849121)
 (X_1086 204.08160400390625)
 (X_1087 44.53230285644531)
 (X_1088 18.760759353637695)
 (X_1089 196.99853515625)
 (X_1090 29.30679702758789)
 (X_1091 17.86867332458496)
 (X_1092 204.1691131591797)
 (X_1093 32.245506286621094)
 (X_1094 16.93477439880371)
 (X_1095 212.9431915283203)
 (X_1096 46.94972229003906)
 (X_1097 21.691268920898438)
 (X_1098 211.40921020507812)
 (X_1099 34.14016342163086)
 (X_1100 18.809772491455078)
 (X_1101 210.3566131591797)
 (X_1102 43.41409683227539)
 (X_1103 18.713600158691406)
 (X_1104 216.896240234375)
 (X_1105 53.984806060791016)
 (X_1106 17.742244720458984)
 (X_1107 205.50535583496094)
 (X_1108 28.10818099975586)
 (X_1109 18.46510124206543)
 (X_1110 200.6759033203125)
 (X_1111 33.23122787475586)
 (X_1112 17.304058074951172)
 (X_1113 203.971435546875)
 (X_1114 45.62739944458008)
 (X_1115 21.764083862304688)
 (X_1116 203.78067016601562)
 (X_1117 31.4921875)
 (X_1118 18.14833641052246)
 (X_1119 202.554931640625)
 (X_1120 42.28986358642578)
 (X_1121 19.1954288482666)
 (X_1122 209.92208862304688)
 (X_1123 48.31001281738281)
 (X_1124 18.203636169433594)
 (X_1125 207.8048553466797)
 (X_1126 35.346431732177734)
 (X_1127 13.13360595703125)
 (X_1128 209.06114196777344)
 (X_1129 35.961280822753906)
 (X_1130 13.827314376831055)
 (X_1131 216.01866149902344)
 (X_1132 44.48521041870117)
 (X_1133 20.06471824645996)
 (X_1134 216.7168426513672)
 (X_1135 38.366722106933594)
 (X_1136 17.292068481445312)
 (X_1137 217.65963745117188)
 (X_1138 39.470489501953125)
 (X_1139 16.35177230834961)
 (X_1140 236.4084930419922)
 (X_1141 40.598289489746094)
 (X_1142 22.0042781829834)
 (X_1143 191.4958953857422)
 (X_1144 25.46879768371582)
 (X_1145 14.620573997497559)
 (X_1146 200.88072204589844)
 (X_1147 19.570573806762695)
 (X_1148 17.71929168701172)
 (X_1149 219.21527099609375)
 (X_1150 24.925962448120117)
 (X_1151 17.400646209716797)
 (X_1152 163.22816467285156)
 (X_1153 38.244361877441406)
 (X_1154 17.278684616088867)
 (X_1155 175.1609344482422)
 (X_1156 26.119619369506836)
 (X_1157 16.17416000366211)
 (X_1158 175.09217834472656)
 (X_1159 28.61945343017578)
 (X_1160 22.5911808013916)
 (X_1161 138.98414611816406)
 (X_1162 44.89581298828125)
 (X_1163 20.829608917236328)
 (X_1164 155.06423950195312)
 (X_1165 41.570377349853516)
 (X_1166 17.48441505432129)
 (X_1167 144.50184631347656)
 (X_1168 47.03559112548828)
 (X_1169 21.743146896362305)
 (X_1170 146.20721435546875)
 (X_1171 42.05213165283203)
 (X_1172 25.487173080444336)
 (X_1173 157.4549102783203)
 (X_1174 43.185394287109375)
 (X_1175 23.152263641357422)
 (X_1176 174.17176818847656)
 (X_1177 51.99204635620117)
 (X_1178 29.546180725097656)
 (X_1179 164.96778869628906)
 (X_1180 28.967092514038086)
 (X_1181 34.47670364379883)
 (X_1182 165.123291015625)
 (X_1183 34.314640045166016)
 (X_1184 28.053508758544922)
 (X_1185 192.47625732421875)
 (X_1186 43.90481948852539)
 (X_1187 35.85285186767578)
 (X_1188 175.44549560546875)
 (X_1189 21.491186141967773)
 (X_1190 35.90861892700195)
 (X_1191 175.2061767578125)
 (X_1192 24.261978149414062)
 (X_1193 31.63827896118164)
 (X_1194 202.4624481201172)
 (X_1195 25.227882385253906)
 (X_1196 31.241310119628906)
 (X_1197 130.58795166015625)
 (X_1198 37.50387191772461)
 (X_1199 36.769229888916016)
 (X_1200 142.8726043701172)
 (X_1201 32.67169952392578)
 (X_1202 26.970077514648438)
 (X_1203 167.15614318847656)
 (X_1204 30.312253952026367)
 (X_1205 28.0784854888916)
 (X_1206 64.41189575195312)
 (X_1207 46.02401351928711)
 (X_1208 36.11076354980469)
 (X_1209 79.74849700927734)
 (X_1210 44.104347229003906)
 (X_1211 22.53154182434082)
 (X_1212 92.95237731933594)
 (X_1213 50.320335388183594)
 (X_1214 24.033172607421875)
 (X_1215 32.71881866455078)
 (X_1216 34.21208190917969)
 (X_1217 36.83140563964844)
 (X_1218 40.08681106567383)
 (X_1219 38.68485641479492)
 (X_1220 25.01174545288086)
 (X_1221 47.65797805786133)
 (X_1222 48.51744079589844)
 (X_1223 26.35488510131836)
 (X_1224 62.5277214050293)
 (X_1225 25.847457885742188)
 (X_1226 35.397499084472656)
 (X_1227 62.776832580566406)
 (X_1228 29.030227661132812)
 (X_1229 23.38629913330078)
 (X_1230 63.83777618408203)
 (X_1231 31.611177444458008)
 (X_1232 31.542354583740234)
 (X_1233 177.05755615234375)
 (X_1234 31.936481475830078)
 (X_1235 38.75948715209961)
 (X_1236 175.79188537597656)
 (X_1237 37.59601593017578)
 (X_1238 24.17616844177246)
 (X_1239 183.3174591064453)
 (X_1240 47.07317352294922)
 (X_1241 32.159969329833984)
 (X_1242 239.7900848388672)
 (X_1243 37.25141143798828)
 (X_1244 34.98185729980469)
 (X_1245 244.98724365234375)
 (X_1246 42.35866928100586)
 (X_1247 28.398208618164062)
 (X_1248 252.1133270263672)
 (X_1249 51.12516784667969)
 (X_1250 35.88740539550781)
 (X_1251 240.60218811035156)
 (X_1252 27.13570785522461)
 (X_1253 28.836502075195312)
 (X_1254 248.42581176757812)
 (X_1255 27.669021606445312)
 (X_1256 25.403072357177734)
 (X_1257 254.45054626464844)
 (X_1258 37.42423629760742)
 (X_1259 32.07162094116211)
 (X_1260 243.508544921875)
 (X_1261 41.94271469116211)
 (X_1262 19.677539825439453)
 (X_1263 250.8060302734375)
 (X_1264 37.74843978881836)
 (X_1265 18.706451416015625)
 (X_1266 252.3340301513672)
 (X_1267 49.183982849121094)
 (X_1268 27.88604164123535)
 (X_1269 229.3477325439453)
 (X_1270 39.548423767089844)
 (X_1271 25.31072235107422)
 (X_1272 240.5316162109375)
 (X_1273 35.61518859863281)
 (X_1274 26.146099090576172)
 (X_1275 247.61172485351562)
 (X_1276 42.0335693359375)
 (X_1277 34.16819763183594)
 (X_1278 193.53219604492188)
 (X_1279 29.213611602783203)
 (X_1280 27.60004425048828)
 (X_1281 202.78756713867188)
 (X_1282 23.755998611450195)
 (X_1283 27.118886947631836)
 (X_1284 216.00765991210938)
 (X_1285 25.81751823425293)
 (X_1286 37.62520217895508)
 (X_1287 185.55703735351562)
 (X_1288 34.02863693237305)
 (X_1289 23.27436637878418)
 (X_1290 199.74427795410156)
 (X_1291 24.870580673217773)
 (X_1292 29.429393768310547)
 (X_1293 209.9912872314453)
 (X_1294 24.50412940979004)
 (X_1295 39.431819915771484)
 (X_1296 193.5216522216797)
 (X_1297 51.50566864013672)
 (X_1298 22.703250885009766)
 (X_1299 199.7775421142578)
 (X_1300 44.56674575805664)
 (X_1301 28.79339599609375)
 (X_1302 210.8087615966797)
 (X_1303 54.62392044067383)
 (X_1304 34.06098937988281)
 (X_1305 213.0098876953125)
 (X_1306 57.46126937866211)
 (X_1307 22.808311462402344)
 (X_1308 215.15347290039062)
 (X_1309 56.66276931762695)
 (X_1310 31.848388671875)
 (X_1311 227.6999053955078)
 (X_1312 65.33207702636719)
 (X_1313 34.502742767333984)
 (X_1314 239.34483337402344)
 (X_1315 65.84345245361328)
 (X_1316 25.496707916259766)
 (X_1317 241.1175079345703)
 (X_1318 65.97914123535156)
 (X_1319 28.91820526123047)
 (X_1320 251.44020080566406)
 (X_1321 72.59282684326172)
 (X_1322 32.258846282958984)
 (X_1323 237.3611297607422)
 (X_1324 91.70903778076172)
 (X_1325 23.037240982055664)
 (X_1326 242.4301300048828)
 (X_1327 87.77273559570312)
 (X_1328 25.616758346557617)
 (X_1329 253.44361877441406)
 (X_1330 104.9263916015625)
 (X_1331 30.074291229248047)
 (X_1332 243.14012145996094)
 (X_1333 121.2037124633789)
 (X_1334 30.33340072631836)
 (X_1335 243.95167541503906)
 (X_1336 118.42771911621094)
 (X_1337 25.210460662841797)
 (X_1338 252.8416290283203)
 (X_1339 142.6911163330078)
 (X_1340 33.77716827392578)
 (X_1341 243.92666625976562)
 (X_1342 102.68647766113281)
 (X_1343 39.01082229614258)
 (X_1344 246.2140350341797)
 (X_1345 99.83808898925781)
 (X_1346 42.369773864746094)
 (X_1347 253.55113220214844)
 (X_1348 106.10757446289062)
 (X_1349 51.06279373168945)
 (X_1350 144.20799255371094)
 (X_1351 44.170143127441406)
 (X_1352 13.203592300415039)
 (X_1353 162.61782836914062)
 (X_1354 46.56370544433594)
 (X_1355 16.906641006469727)
 (X_1356 176.0682373046875)
 (X_1357 62.80268096923828)
 (X_1358 21.70571517944336)
 (X_1359 146.38177490234375)
 (X_1360 42.359554290771484)
 (X_1361 17.11471176147461)
 (X_1362 155.9189453125)
 (X_1363 47.332733154296875)
 (X_1364 17.592586517333984)
 (X_1365 152.22091674804688)
 (X_1366 61.057491302490234)
 (X_1367 21.564422607421875)
 (X_1368 184.35130310058594)
 (X_1369 38.49369430541992)
 (X_1370 17.260555267333984)
 (X_1371 183.9990692138672)
 (X_1372 46.0508918762207)
 (X_1373 16.268877029418945)
 (X_1374 188.7679901123047)
 (X_1375 62.73579406738281)
 (X_1376 20.141666412353516)
 (X_1377 187.8125)
 (X_1378 39.446937561035156)
 (X_1379 18.995288848876953)
 (X_1380 191.36444091796875)
 (X_1381 48.92060470581055)
 (X_1382 15.563559532165527)
 (X_1383 194.6682586669922)
 (X_1384 61.41277313232422)
 (X_1385 20.35799217224121)
 (X_1386 170.19801330566406)
 (X_1387 34.829185485839844)
 (X_1388 17.754375457763672)
 (X_1389 179.70790100097656)
 (X_1390 48.02239990234375)
 (X_1391 15.568804740905762)
 (X_1392 184.635498046875)
 (X_1393 59.020416259765625)
 (X_1394 22.010818481445312)
 (X_1395 177.4405059814453)
 (X_1396 38.74176025390625)
 (X_1397 12.180869102478027)
 (X_1398 185.68475341796875)
 (X_1399 42.97335433959961)
 (X_1400 12.448698043823242)
 (X_1401 184.1239471435547)
 (X_1402 57.34064865112305)
 (X_1403 21.202735900878906)
 (X_1404 186.9185028076172)
 (X_1405 41.36650848388672)
 (X_1406 15.512195587158203)
 (X_1407 190.04588317871094)
 (X_1408 36.496612548828125)
 (X_1409 16.40191650390625)
 (X_1410 198.05148315429688)
 (X_1411 43.160133361816406)
 (X_1412 22.78734016418457)
 (X_1413 147.59555053710938)
 (X_1414 28.463359832763672)
 (X_1415 18.144943237304688)
 (X_1416 153.56857299804688)
 (X_1417 17.69468879699707)
 (X_1418 18.556781768798828)
 (X_1419 165.3435516357422)
 (X_1420 24.725509643554688)
 (X_1421 19.942481994628906)
 (X_1422 138.12957763671875)
 (X_1423 36.145957946777344)
 (X_1424 13.489148139953613)
 (X_1425 148.70672607421875)
 (X_1426 21.46047019958496)
 (X_1427 16.570972442626953)
 (X_1428 151.579833984375)
 (X_1429 33.04499053955078)
 (X_1430 20.488523483276367)
 (X_1431 155.04612731933594)
 (X_1432 37.80095672607422)
 (X_1433 18.021167755126953)
 (X_1434 158.48114013671875)
 (X_1435 39.93433380126953)
 (X_1436 18.97319793701172)
 (X_1437 158.37179565429688)
 (X_1438 50.63548278808594)
 (X_1439 23.54410171508789)
 (X_1440 162.72769165039062)
 (X_1441 36.00670623779297)
 (X_1442 22.127782821655273)
 (X_1443 160.04421997070312)
 (X_1444 39.499881744384766)
 (X_1445 17.463232040405273)
 (X_1446 166.3585662841797)
 (X_1447 53.43571853637695)
 (X_1448 19.37453842163086)
 (X_1449 139.2418212890625)
 (X_1450 23.38301658630371)
 (X_1451 26.868989944458008)
 (X_1452 142.16867065429688)
 (X_1453 25.665508270263672)
 (X_1454 22.194164276123047)
 (X_1455 155.83592224121094)
 (X_1456 28.029481887817383)
 (X_1457 21.89803123474121)
 (X_1458 112.4119873046875)
 (X_1459 23.498743057250977)
 (X_1460 30.415531158447266)
 (X_1461 124.7642593383789)
 (X_1462 24.46700668334961)
 (X_1463 26.023340225219727)
 (X_1464 144.0472869873047)
 (X_1465 18.413204193115234)
 (X_1466 23.598289489746094)
 (X_1467 94.55242919921875)
 (X_1468 30.90327262878418)
 (X_1469 41.34775161743164)
 (X_1470 107.860595703125)
 (X_1471 34.87013244628906)
 (X_1472 38.849185943603516)
 (X_1473 132.6727294921875)
 (X_1474 25.942543029785156)
 (X_1475 33.23722839355469)
 (X_1476 63.77088165283203)
 (X_1477 29.174100875854492)
 (X_1478 40.59516525268555)
 (X_1479 67.63990020751953)
 (X_1480 36.20097351074219)
 (X_1481 36.44015884399414)
 (X_1482 84.51214599609375)
 (X_1483 41.619590759277344)
 (X_1484 39.977806091308594)
 (X_1485 43.16983413696289)
 (X_1486 31.163909912109375)
 (X_1487 30.63921546936035)
 (X_1488 38.614715576171875)
 (X_1489 34.06669235229492)
 (X_1490 27.988672256469727)
 (X_1491 55.460479736328125)
 (X_1492 47.16975402832031)
 (X_1493 27.19270133972168)
 (X_1494 57.7834587097168)
 (X_1495 24.27136993408203)
 (X_1496 34.81360626220703)
 (X_1497 52.03908920288086)
 (X_1498 26.17366600036621)
 (X_1499 31.17880630493164)
 (X_1500 63.55469512939453)
 (X_1501 36.17620086669922)
 (X_1502 32.50868606567383)
 (X_1503 167.31649780273438)
 (X_1504 33.46339416503906)
 (X_1505 46.419071197509766)
 (X_1506 160.8236541748047)
 (X_1507 39.532859802246094)
 (X_1508 46.82060241699219)
 (X_1509 175.5903778076172)
 (X_1510 48.277549743652344)
 (X_1511 47.6700439453125)
 (X_1512 237.22434997558594)
 (X_1513 41.198001861572266)
 (X_1514 44.29597473144531)
 (X_1515 230.27850341796875)
 (X_1516 40.1431770324707)
 (X_1517 44.860008239746094)
 (X_1518 254.9158477783203)
 (X_1519 55.74464797973633)
 (X_1520 49.209163665771484)
 (X_1521 239.360107421875)
 (X_1522 24.39973258972168)
 (X_1523 31.179466247558594)
 (X_1524 240.1355438232422)
 (X_1525 27.218006134033203)
 (X_1526 31.750646591186523)
 (X_1527 253.60340881347656)
 (X_1528 38.804443359375)
 (X_1529 40.048980712890625)
 (X_1530 228.59056091308594)
 (X_1531 39.35447311401367)
 (X_1532 24.638290405273438)
 (X_1533 232.09564208984375)
 (X_1534 34.918006896972656)
 (X_1535 26.080778121948242)
 (X_1536 253.5888671875)
 (X_1537 49.38620376586914)
 (X_1538 33.58821487426758)
 (X_1539 213.59901428222656)
 (X_1540 42.04175567626953)
 (X_1541 25.13832664489746)
 (X_1542 221.68603515625)
 (X_1543 42.33946990966797)
 (X_1544 32.99854278564453)
 (X_1545 244.8551025390625)
 (X_1546 48.080753326416016)
 (X_1547 39.18440628051758)
 (X_1548 192.5252227783203)
 (X_1549 28.47482681274414)
 (X_1550 26.56417465209961)
 (X_1551 199.28131103515625)
 (X_1552 25.992395401000977)
 (X_1553 32.512264251708984)
 (X_1554 220.61123657226562)
 (X_1555 22.039880752563477)
 (X_1556 38.76930618286133)
 (X_1557 171.3795928955078)
 (X_1558 29.992115020751953)
 (X_1559 29.336013793945312)
 (X_1560 176.5299530029297)
 (X_1561 21.055824279785156)
 (X_1562 32.185020446777344)
 (X_1563 192.58811950683594)
 (X_1564 26.217544555664062)
 (X_1565 45.34882736206055)
 (X_1566 179.36575317382812)
 (X_1567 35.130096435546875)
 (X_1568 23.89929962158203)
 (X_1569 183.57786560058594)
 (X_1570 29.516742706298828)
 (X_1571 28.854446411132812)
 (X_1572 194.79379272460938)
 (X_1573 44.274620056152344)
 (X_1574 45.228973388671875)
 (X_1575 199.35719299316406)
 (X_1576 41.94061279296875)
 (X_1577 20.527252197265625)
 (X_1578 199.0546417236328)
 (X_1579 42.90192413330078)
 (X_1580 31.839599609375)
 (X_1581 218.96237182617188)
 (X_1582 56.4015007019043)
 (X_1583 36.02946853637695)
 (X_1584 206.72360229492188)
 (X_1585 47.969295501708984)
 (X_1586 20.14875030517578)
 (X_1587 210.8233184814453)
 (X_1588 46.658931732177734)
 (X_1589 24.9084529876709)
 (X_1590 236.7283477783203)
 (X_1591 58.212257385253906)
 (X_1592 28.1160888671875)
 (X_1593 212.70263671875)
 (X_1594 46.47697067260742)
 (X_1595 23.96256446838379)
 (X_1596 221.21469116210938)
 (X_1597 52.659725189208984)
 (X_1598 30.379140853881836)
 (X_1599 247.16665649414062)
 (X_1600 60.9362907409668)
 (X_1601 31.90517807006836)
 (X_1602 222.5660858154297)
 (X_1603 64.61032104492188)
 (X_1604 25.994491577148438)
 (X_1605 229.72894287109375)
 (X_1606 56.27430725097656)
 (X_1607 31.88617706298828)
 (X_1608 249.6898956298828)
 (X_1609 64.55915832519531)
 (X_1610 38.81855010986328)
 (X_1611 232.2191925048828)
 (X_1612 80.17326354980469)
 (X_1613 46.95537185668945)
 (X_1614 241.061279296875)
 (X_1615 66.69717407226562)
 (X_1616 42.41780471801758)
 (X_1617 252.1117401123047)
 (X_1618 61.5131950378418)
 (X_1619 57.402862548828125)
 (X_1620 108.6310043334961)
 (X_1621 22.948596954345703)
 (X_1622 14.88764476776123)
 (X_1623 120.1305160522461)
 (X_1624 29.210575103759766)
 (X_1625 13.11330795288086)
 (X_1626 132.12318420410156)
 (X_1627 33.18230438232422)
 (X_1628 17.767066955566406)
 (X_1629 97.56655883789062)
 (X_1630 24.966182708740234)
 (X_1631 17.829631805419922)
 (X_1632 105.98130798339844)
 (X_1633 33.22933578491211)
 (X_1634 20.336498260498047)
 (X_1635 101.55108642578125)
 (X_1636 37.225608825683594)
 (X_1637 22.448762893676758)
 (X_1638 139.47354125976562)
 (X_1639 30.189990997314453)
 (X_1640 16.346790313720703)
 (X_1641 148.22048950195312)
 (X_1642 32.58843994140625)
 (X_1643 19.25490379333496)
 (X_1644 149.2069854736328)
 (X_1645 43.36872863769531)
 (X_1646 21.999923706054688)
 (X_1647 170.66062927246094)
 (X_1648 29.290363311767578)
 (X_1649 16.697750091552734)
 (X_1650 183.0919189453125)
 (X_1651 35.32815933227539)
 (X_1652 15.046701431274414)
 (X_1653 191.564453125)
 (X_1654 46.62261199951172)
 (X_1655 20.43954849243164)
 (X_1656 135.4281768798828)
 (X_1657 30.91442108154297)
 (X_1658 17.54582977294922)
 (X_1659 156.5964813232422)
 (X_1660 36.76285171508789)
 (X_1661 20.60588836669922)
 (X_1662 157.68484497070312)
 (X_1663 41.442970275878906)
 (X_1664 22.264148712158203)
 (X_1665 124.49630737304688)
 (X_1666 40.54244613647461)
 (X_1667 15.408432006835938)
 (X_1668 138.70509338378906)
 (X_1669 45.38019561767578)
 (X_1670 17.895551681518555)
 (X_1671 132.06878662109375)
 (X_1672 49.50130844116211)
 (X_1673 18.990461349487305)
 (X_1674 143.929931640625)
 (X_1675 38.753536224365234)
 (X_1676 18.7297420501709)
 (X_1677 147.38673400878906)
 (X_1678 33.585853576660156)
 (X_1679 18.022098541259766)
 (X_1680 147.55662536621094)
 (X_1681 39.32978820800781)
 (X_1682 19.5245361328125)
 (X_1683 106.38815307617188)
 (X_1684 28.03354835510254)
 (X_1685 16.861148834228516)
 (X_1686 109.97821044921875)
 (X_1687 20.57242202758789)
 (X_1688 16.28175163269043)
 (X_1689 117.4083480834961)
 (X_1690 20.566967010498047)
 (X_1691 15.611287117004395)
 (X_1692 110.55207824707031)
 (X_1693 34.01210403442383)
 (X_1694 15.304067611694336)
 (X_1695 112.88882446289062)
 (X_1696 22.625930786132812)
 (X_1697 14.210249900817871)
 (X_1698 120.78311157226562)
 (X_1699 26.32661247253418)
 (X_1700 21.79310417175293)
 (X_1701 129.11851501464844)
 (X_1702 38.15245819091797)
 (X_1703 19.270851135253906)
 (X_1704 114.43106079101562)
 (X_1705 44.24672317504883)
 (X_1706 17.172998428344727)
 (X_1707 115.86084747314453)
 (X_1708 48.94982147216797)
 (X_1709 20.375852584838867)
 (X_1710 155.82223510742188)
 (X_1711 32.338558197021484)
 (X_1712 18.655019760131836)
 (X_1713 138.7992401123047)
 (X_1714 38.51211929321289)
 (X_1715 16.881141662597656)
 (X_1716 139.5430908203125)
 (X_1717 34.28084182739258)
 (X_1718 16.44999122619629)
 (X_1719 123.97746276855469)
 (X_1720 21.016647338867188)
 (X_1721 21.838960647583008)
 (X_1722 136.33084106445312)
 (X_1723 22.01818084716797)
 (X_1724 17.500234603881836)
 (X_1725 143.80767822265625)
 (X_1726 23.35932731628418)
 (X_1727 18.40110969543457)
 (X_1728 61.353424072265625)
 (X_1729 31.841398239135742)
 (X_1730 20.091665267944336)
 (X_1731 85.29212188720703)
 (X_1732 32.294273376464844)
 (X_1733 18.033987045288086)
 (X_1734 97.5606918334961)
 (X_1735 39.07945251464844)
 (X_1736 21.037254333496094)
 (X_1737 49.80845642089844)
 (X_1738 27.30621910095215)
 (X_1739 34.77202224731445)
 (X_1740 54.42450714111328)
 (X_1741 36.95415115356445)
 (X_1742 32.83536148071289)
 (X_1743 67.42794799804688)
 (X_1744 49.538883209228516)
 (X_1745 34.72557067871094)
 (X_1746 47.19290542602539)
 (X_1747 23.528629302978516)
 (X_1748 36.07162094116211)
 (X_1749 42.45597457885742)
 (X_1750 38.512847900390625)
 (X_1751 38.532745361328125)
 (X_1752 52.53986358642578)
 (X_1753 49.70677947998047)
 (X_1754 37.7000617980957)
 (X_1755 39.38868713378906)
 (X_1756 21.527482986450195)
 (X_1757 23.941146850585938)
 (X_1758 32.46150588989258)
 (X_1759 29.607881546020508)
 (X_1760 23.260173797607422)
 (X_1761 42.51968002319336)
 (X_1762 40.640296936035156)
 (X_1763 27.956649780273438)
 (X_1764 46.26647186279297)
 (X_1765 21.091264724731445)
 (X_1766 39.76292419433594)
 (X_1767 34.92874526977539)
 (X_1768 30.527400970458984)
 (X_1769 35.068790435791016)
 (X_1770 44.255531311035156)
 (X_1771 35.34206008911133)
 (X_1772 38.15229415893555)
 (X_1773 92.30858612060547)
 (X_1774 32.27802658081055)
 (X_1775 53.7027702331543)
 (X_1776 76.3316421508789)
 (X_1777 37.21826934814453)
 (X_1778 56.84346389770508)
 (X_1779 86.06507873535156)
 (X_1780 45.605865478515625)
 (X_1781 60.884090423583984)
 (X_1782 148.8433074951172)
 (X_1783 39.73356246948242)
 (X_1784 53.93415451049805)
 (X_1785 137.41514587402344)
 (X_1786 44.933982849121094)
 (X_1787 59.066410064697266)
 (X_1788 143.2211456298828)
 (X_1789 55.92936706542969)
 (X_1790 65.58955383300781)
 (X_1791 187.2658233642578)
 (X_1792 29.744243621826172)
 (X_1793 38.12265396118164)
 (X_1794 181.77828979492188)
 (X_1795 24.614789962768555)
 (X_1796 44.05836486816406)
 (X_1797 192.81285095214844)
 (X_1798 36.446720123291016)
 (X_1799 53.80913162231445)
 (X_1800 225.43157958984375)
 (X_1801 38.35304260253906)
 (X_1802 25.38523292541504)
 (X_1803 219.5294647216797)
 (X_1804 35.527671813964844)
 (X_1805 30.19437599182129)
 (X_1806 240.74073791503906)
 (X_1807 47.78245162963867)
 (X_1808 40.36698532104492)
 (X_1809 205.2179412841797)
 (X_1810 38.12259292602539)
 (X_1811 25.578941345214844)
 (X_1812 208.7627410888672)
 (X_1813 35.84861373901367)
 (X_1814 32.056522369384766)
 (X_1815 231.552001953125)
 (X_1816 43.95881652832031)
 (X_1817 39.770206451416016)
 (X_1818 195.7728729248047)
 (X_1819 26.71082878112793)
 (X_1820 21.409835815429688)
 (X_1821 193.516357421875)
 (X_1822 23.039276123046875)
 (X_1823 30.93145179748535)
 (X_1824 219.83343505859375)
 (X_1825 24.886600494384766)
 (X_1826 38.49047088623047)
 (X_1827 156.555419921875)
 (X_1828 33.73630142211914)
 (X_1829 20.457889556884766)
 (X_1830 158.29586791992188)
 (X_1831 25.198781967163086)
 (X_1832 29.629732131958008)
 (X_1833 179.89431762695312)
 (X_1834 33.0103759765625)
 (X_1835 42.10979461669922)
 (X_1836 159.8759307861328)
 (X_1837 38.0971794128418)
 (X_1838 22.92516326904297)
 (X_1839 161.23031616210938)
 (X_1840 34.73143768310547)
 (X_1841 26.60348892211914)
 (X_1842 170.50650024414062)
 (X_1843 49.52422332763672)
 (X_1844 38.53304672241211)
 (X_1845 182.72879028320312)
 (X_1846 36.311527252197266)
 (X_1847 26.270645141601562)
 (X_1848 181.89959716796875)
 (X_1849 35.58517837524414)
 (X_1850 29.76839828491211)
 (X_1851 195.30780029296875)
 (X_1852 47.6441535949707)
 (X_1853 35.46409225463867)
 (X_1854 188.3837890625)
 (X_1855 34.70899200439453)
 (X_1856 18.487834930419922)
 (X_1857 193.31253051757812)
 (X_1858 36.1252555847168)
 (X_1859 24.57622528076172)
 (X_1860 212.09518432617188)
 (X_1861 48.30274963378906)
 (X_1862 33.90746307373047)
 (X_1863 192.5530548095703)
 (X_1864 43.555015563964844)
 (X_1865 22.549741744995117)
 (X_1866 208.15017700195312)
 (X_1867 46.50761032104492)
 (X_1868 32.60627746582031)
 (X_1869 230.7470703125)
 (X_1870 57.496551513671875)
 (X_1871 37.73008346557617)
 (X_1872 208.8929901123047)
 (X_1873 65.2554702758789)
 (X_1874 27.576322555541992)
 (X_1875 223.30662536621094)
 (X_1876 58.64109802246094)
 (X_1877 33.33302688598633)
 (X_1878 244.59567260742188)
 (X_1879 61.309688568115234)
 (X_1880 37.31285858154297)
 (X_1881 204.65640258789062)
 (X_1882 73.87135314941406)
 (X_1883 47.81833267211914)
 (X_1884 214.02308654785156)
 (X_1885 47.05987548828125)
 (X_1886 43.86913299560547)
 (X_1887 233.8241424560547)
 (X_1888 45.04289627075195)
 (X_1889 50.114593505859375)
 (X_1890 74.06884002685547)
 (X_1891 14.730474472045898)
 (X_1892 21.754554748535156)
 (X_1893 87.1327896118164)
 (X_1894 20.833078384399414)
 (X_1895 17.607187271118164)
 (X_1896 94.15038299560547)
 (X_1897 18.472213745117188)
 (X_1898 24.460834503173828)
 (X_1899 74.7419662475586)
 (X_1900 17.444032669067383)
 (X_1901 19.82656478881836)
 (X_1902 83.16201782226562)
 (X_1903 20.247194290161133)
 (X_1904 18.447784423828125)
 (X_1905 76.94780731201172)
 (X_1906 23.62916374206543)
 (X_1907 19.351791381835938)
 (X_1908 98.294189453125)
 (X_1909 26.892559051513672)
 (X_1910 19.05811309814453)
 (X_1911 104.2452163696289)
 (X_1912 27.142488479614258)
 (X_1913 18.767168045043945)
 (X_1914 110.03760528564453)
 (X_1915 30.823760986328125)
 (X_1916 19.164005279541016)
 (X_1917 132.5185089111328)
 (X_1918 25.853713989257812)
 (X_1919 14.592039108276367)
 (X_1920 143.17271423339844)
 (X_1921 27.919971466064453)
 (X_1922 18.132614135742188)
 (X_1923 167.42369079589844)
 (X_1924 35.68428421020508)
 (X_1925 20.767677307128906)
 (X_1926 103.61277770996094)
 (X_1927 22.799823760986328)
 (X_1928 17.75531768798828)
 (X_1929 119.17024993896484)
 (X_1930 27.365795135498047)
 (X_1931 19.840545654296875)
 (X_1932 122.39797973632812)
 (X_1933 32.77387619018555)
 (X_1934 24.977449417114258)
 (X_1935 107.34375762939453)
 (X_1936 38.27175521850586)
 (X_1937 16.572572708129883)
 (X_1938 113.55360412597656)
 (X_1939 36.939918518066406)
 (X_1940 17.043039321899414)
 (X_1941 106.66943359375)
 (X_1942 37.50974655151367)
 (X_1943 20.976306915283203)
 (X_1944 107.34830474853516)
 (X_1945 34.31610107421875)
 (X_1946 18.76959800720215)
 (X_1947 108.96235656738281)
 (X_1948 37.374149322509766)
 (X_1949 18.909332275390625)
 (X_1950 101.89950561523438)
 (X_1951 40.40119171142578)
 (X_1952 23.181730270385742)
 (X_1953 93.88033294677734)
 (X_1954 29.713655471801758)
 (X_1955 16.278579711914062)
 (X_1956 95.13725280761719)
 (X_1957 20.141403198242188)
 (X_1958 18.254608154296875)
 (X_1959 90.65238952636719)
 (X_1960 26.02613067626953)
 (X_1961 17.341999053955078)
 (X_1962 85.82670593261719)
 (X_1963 33.876251220703125)
 (X_1964 19.507858276367188)
 (X_1965 85.81713104248047)
 (X_1966 21.19705581665039)
 (X_1967 18.017669677734375)
 (X_1968 85.54349517822266)
 (X_1969 23.955730438232422)
 (X_1970 16.146696090698242)
 (X_1971 97.41661071777344)
 (X_1972 32.28704833984375)
 (X_1973 14.37824821472168)
 (X_1974 87.9386215209961)
 (X_1975 33.21168899536133)
 (X_1976 16.441654205322266)
 (X_1977 98.321044921875)
 (X_1978 36.76439666748047)
 (X_1979 20.248170852661133)
 (X_1980 101.75872039794922)
 (X_1981 39.7072639465332)
 (X_1982 17.433900833129883)
 (X_1983 88.80029296875)
 (X_1984 43.2321662902832)
 (X_1985 14.081230163574219)
 (X_1986 92.1521987915039)
 (X_1987 31.795970916748047)
 (X_1988 16.61918830871582)
 (X_1989 54.10395050048828)
 (X_1990 42.699180603027344)
 (X_1991 15.642409324645996)
 (X_1992 50.97196578979492)
 (X_1993 42.34640884399414)
 (X_1994 13.614282608032227)
 (X_1995 59.05644989013672)
 (X_1996 33.68321990966797)
 (X_1997 17.713626861572266)
 (X_1998 25.52817153930664)
 (X_1999 32.45623016357422)
 (X_2000 17.471599578857422)
 (X_2001 33.22500991821289)
 (X_2002 36.298030853271484)
 (X_2003 14.411847114562988)
 (X_2004 34.05340576171875)
 (X_2005 50.0118522644043)
 (X_2006 21.065250396728516)
 (X_2007 28.835453033447266)
 (X_2008 16.807201385498047)
 (X_2009 32.17059326171875)
 (X_2010 24.57724380493164)
 (X_2011 27.298124313354492)
 (X_2012 33.943511962890625)
 (X_2013 24.81705665588379)
 (X_2014 52.056488037109375)
 (X_2015 33.566829681396484)
 (X_2016 34.4968376159668)
 (X_2017 15.070202827453613)
 (X_2018 47.14131164550781)
 (X_2019 22.89840316772461)
 (X_2020 26.61834144592285)
 (X_2021 44.61918258666992)
 (X_2022 22.851362228393555)
 (X_2023 39.3482551574707)
 (X_2024 43.60691452026367)
 (X_2025 32.81686782836914)
 (X_2026 25.43309211730957)
 (X_2027 28.752819061279297)
 (X_2028 22.74259376525879)
 (X_2029 30.857065200805664)
 (X_2030 30.624828338623047)
 (X_2031 25.403596878051758)
 (X_2032 37.2241325378418)
 (X_2033 27.30849838256836)
 (X_2034 38.25395965576172)
 (X_2035 22.203947067260742)
 (X_2036 34.71275329589844)
 (X_2037 23.525888442993164)
 (X_2038 25.00409507751465)
 (X_2039 33.226959228515625)
 (X_2040 23.581588745117188)
 (X_2041 36.959991455078125)
 (X_2042 38.324615478515625)
 (X_2043 41.66620635986328)
 (X_2044 37.132991790771484)
 (X_2045 58.972694396972656)
 (X_2046 29.61046028137207)
 (X_2047 37.058353424072266)
 (X_2048 62.65889358520508)
 (X_2049 26.69465446472168)
 (X_2050 46.54343795776367)
 (X_2051 67.36080169677734)
 (X_2052 59.16035461425781)
 (X_2053 41.744781494140625)
 (X_2054 55.8049430847168)
 (X_2055 46.512123107910156)
 (X_2056 41.28113555908203)
 (X_2057 59.97871017456055)
 (X_2058 37.708648681640625)
 (X_2059 53.06599426269531)
 (X_2060 75.84497833251953)
 (X_2061 74.86641693115234)
 (X_2062 29.730915069580078)
 (X_2063 38.798675537109375)
 (X_2064 68.37393951416016)
 (X_2065 27.586179733276367)
 (X_2066 46.66150665283203)
 (X_2067 62.49336624145508)
 (X_2068 35.319583892822266)
 (X_2069 59.70237350463867)
 (X_2070 124.8413314819336)
 (X_2071 38.92617416381836)
 (X_2072 26.994728088378906)
 (X_2073 120.59378051757812)
 (X_2074 35.81578063964844)
 (X_2075 32.20132827758789)
 (X_2076 125.6231460571289)
 (X_2077 50.70698928833008)
 (X_2078 43.928375244140625)
 (X_2079 186.66275024414062)
 (X_2080 41.43349838256836)
 (X_2081 24.503971099853516)
 (X_2082 178.9921875)
 (X_2083 35.174476623535156)
 (X_2084 30.926162719726562)
 (X_2085 201.213134765625)
 (X_2086 44.53118896484375)
 (X_2087 46.52445602416992)
 (X_2088 177.38775634765625)
 (X_2089 28.891555786132812)
 (X_2090 27.442716598510742)
 (X_2091 168.28546142578125)
 (X_2092 18.334362030029297)
 (X_2093 32.04178237915039)
 (X_2094 197.0894775390625)
 (X_2095 23.200592041015625)
 (X_2096 42.371273040771484)
 (X_2097 139.26065063476562)
 (X_2098 28.54122543334961)
 (X_2099 32.75766372680664)
 (X_2100 134.1897735595703)
 (X_2101 21.906787872314453)
 (X_2102 35.63092041015625)
 (X_2103 159.444580078125)
 (X_2104 31.086593627929688)
 (X_2105 44.0327262878418)
 (X_2106 148.5768280029297)
 (X_2107 33.750083923339844)
 (X_2108 28.443479537963867)
 (X_2109 147.77464294433594)
 (X_2110 27.947498321533203)
 (X_2111 34.242835998535156)
 (X_2112 154.0636749267578)
 (X_2113 43.893741607666016)
 (X_2114 43.004974365234375)
 (X_2115 165.66827392578125)
 (X_2116 28.404829025268555)
 (X_2117 27.116046905517578)
 (X_2118 167.38674926757812)
 (X_2119 32.24400329589844)
 (X_2120 34.96576690673828)
 (X_2121 174.3795928955078)
 (X_2122 40.49612808227539)
 (X_2123 45.557090759277344)
 (X_2124 166.59005737304688)
 (X_2125 29.8193302154541)
 (X_2126 26.77142906188965)
 (X_2127 170.23606872558594)
 (X_2128 31.45132827758789)
 (X_2129 29.517547607421875)
 (X_2130 178.785400390625)
 (X_2131 42.535926818847656)
 (X_2132 43.00819396972656)
 (X_2133 153.17103576660156)
 (X_2134 29.735137939453125)
 (X_2135 25.609359741210938)
 (X_2136 164.11849975585938)
 (X_2137 29.851451873779297)
 (X_2138 30.643604278564453)
 (X_2139 183.68109130859375)
 (X_2140 38.8150634765625)
 (X_2141 35.22441482543945)
 (X_2142 193.26171875)
 (X_2143 31.337020874023438)
 (X_2144 31.474693298339844)
 (X_2145 204.01654052734375)
 (X_2146 33.790260314941406)
 (X_2147 30.731613159179688)
 (X_2148 234.47679138183594)
 (X_2149 29.166141510009766)
 (X_2150 29.689556121826172)
 (X_2151 180.27267456054688)
 (X_2152 41.30769348144531)
 (X_2153 46.57943344116211)
 (X_2154 187.25096130371094)
 (X_2155 34.19529342651367)
 (X_2156 45.53162384033203)
 (X_2157 211.13778686523438)
 (X_2158 33.17107009887695)
 (X_2159 51.886695861816406)
 (X_2160 60.27730941772461)
 (X_2161 15.431436538696289)
 (X_2162 19.102474212646484)
 (X_2163 71.20856475830078)
 (X_2164 18.34735870361328)
 (X_2165 17.78965187072754)
 (X_2166 74.37397766113281)
 (X_2167 22.981828689575195)
 (X_2168 23.680540084838867)
 (X_2169 60.03364181518555)
 (X_2170 21.265323638916016)
 (X_2171 17.830278396606445)
 (X_2172 63.40964889526367)
 (X_2173 22.522171020507812)
 (X_2174 20.512100219726562)
 (X_2175 61.47809600830078)
 (X_2176 24.024951934814453)
 (X_2177 24.006683349609375)
 (X_2178 86.00384521484375)
 (X_2179 20.27178382873535)
 (X_2180 20.4141902923584)
 (X_2181 84.89872741699219)
 (X_2182 24.38102149963379)
 (X_2183 19.32636260986328)
 (X_2184 87.36386108398438)
 (X_2185 27.750513076782227)
 (X_2186 21.57627296447754)
 (X_2187 102.69440460205078)
 (X_2188 23.865840911865234)
 (X_2189 18.10478973388672)
 (X_2190 104.16999816894531)
 (X_2191 24.306997299194336)
 (X_2192 15.126124382019043)
 (X_2193 120.98204803466797)
 (X_2194 28.683042526245117)
 (X_2195 17.5550594329834)
 (X_2196 87.35501861572266)
 (X_2197 24.331716537475586)
 (X_2198 14.629234313964844)
 (X_2199 96.4248275756836)
 (X_2200 24.4073429107666)
 (X_2201 19.45922088623047)
 (X_2202 103.808349609375)
 (X_2203 27.028663635253906)
 (X_2204 18.951669692993164)
 (X_2205 84.36607360839844)
 (X_2206 32.217620849609375)
 (X_2207 17.389318466186523)
 (X_2208 91.44939422607422)
 (X_2209 30.942495346069336)
 (X_2210 16.93511962890625)
 (X_2211 86.53036499023438)
 (X_2212 30.865507125854492)
 (X_2213 20.435575485229492)
 (X_2214 83.4756088256836)
 (X_2215 36.19157791137695)
 (X_2216 19.01024627685547)
 (X_2217 78.46826171875)
 (X_2218 33.32099914550781)
 (X_2219 18.575305938720703)
 (X_2220 81.13291931152344)
 (X_2221 37.79259490966797)
 (X_2222 21.144775390625)
 (X_2223 75.10135650634766)
 (X_2224 33.701663970947266)
 (X_2225 14.75658130645752)
 (X_2226 72.90860748291016)
 (X_2227 22.63121795654297)
 (X_2228 15.218612670898438)
 (X_2229 76.45521545410156)
 (X_2230 31.389965057373047)
 (X_2231 17.965900421142578)
 (X_2232 70.93119049072266)
 (X_2233 32.35420227050781)
 (X_2234 17.93709945678711)
 (X_2235 68.53512573242188)
 (X_2236 16.493473052978516)
 (X_2237 14.89979076385498)
 (X_2238 73.26165771484375)
 (X_2239 21.085481643676758)
 (X_2240 17.232736587524414)
 (X_2241 56.492698669433594)
 (X_2242 31.3344783782959)
 (X_2243 15.774694442749023)
 (X_2244 52.466514587402344)
 (X_2245 30.18085289001465)
 (X_2246 17.027463912963867)
 (X_2247 54.04613494873047)
 (X_2248 27.46341323852539)
 (X_2249 16.014347076416016)
 (X_2250 42.81904983520508)
 (X_2251 34.16090774536133)
 (X_2252 20.296030044555664)
 (X_2253 37.608734130859375)
 (X_2254 34.59850311279297)
 (X_2255 14.157347679138184)
 (X_2256 39.99384307861328)
 (X_2257 38.6218376159668)
 (X_2258 17.731483459472656)
 (X_2259 35.97434997558594)
 (X_2260 27.194551467895508)
 (X_2261 13.383703231811523)
 (X_2262 26.879182815551758)
 (X_2263 25.082378387451172)
 (X_2264 18.097736358642578)
 (X_2265 26.571619033813477)
 (X_2266 28.900739669799805)
 (X_2267 21.28144073486328)
 (X_2268 36.112037658691406)
 (X_2269 26.72576141357422)
 (X_2270 13.892329216003418)
 (X_2271 24.75370216369629)
 (X_2272 30.134475708007812)
 (X_2273 15.848872184753418)
 (X_2274 24.851037979125977)
 (X_2275 36.780792236328125)
 (X_2276 21.187747955322266)
 (X_2277 38.732791900634766)
 (X_2278 25.304515838623047)
 (X_2279 30.22995376586914)
 (X_2280 20.31244468688965)
 (X_2281 33.24635314941406)
 (X_2282 33.65612030029297)
 (X_2283 28.88326644897461)
 (X_2284 41.67833709716797)
 (X_2285 32.31853103637695)
 (X_2286 38.76544189453125)
 (X_2287 31.225893020629883)
 (X_2288 40.38185119628906)
 (X_2289 26.82779312133789)
 (X_2290 38.85240936279297)
 (X_2291 37.32217025756836)
 (X_2292 31.359848022460938)
 (X_2293 50.47643280029297)
 (X_2294 40.17827606201172)
 (X_2295 38.61992645263672)
 (X_2296 33.46958541870117)
 (X_2297 24.238563537597656)
 (X_2298 27.98851203918457)
 (X_2299 34.5902214050293)
 (X_2300 23.558820724487305)
 (X_2301 33.654541015625)
 (X_2302 48.71187973022461)
 (X_2303 27.949060440063477)
 (X_2304 36.29635238647461)
 (X_2305 28.164636611938477)
 (X_2306 36.42708206176758)
 (X_2307 23.712705612182617)
 (X_2308 28.60196876525879)
 (X_2309 36.29930877685547)
 (X_2310 31.342674255371094)
 (X_2311 39.78628921508789)
 (X_2312 32.00008773803711)
 (X_2313 37.378334045410156)
 (X_2314 29.408687591552734)
 (X_2315 55.80757141113281)
 (X_2316 24.90333366394043)
 (X_2317 23.414331436157227)
 (X_2318 60.0737190246582)
 (X_2319 23.026512145996094)
 (X_2320 30.6539363861084)
 (X_2321 66.26165008544922)
 (X_2322 39.76470184326172)
 (X_2323 26.01054573059082)
 (X_2324 52.46680450439453)
 (X_2325 20.57473373413086)
 (X_2326 21.92893409729004)
 (X_2327 59.66569519042969)
 (X_2328 18.462017059326172)
 (X_2329 28.133914947509766)
 (X_2330 79.18510437011719)
 (X_2331 42.48609924316406)
 (X_2332 29.686412811279297)
 (X_2333 39.90973663330078)
 (X_2334 33.621543884277344)
 (X_2335 30.435100555419922)
 (X_2336 45.705482482910156)
 (X_2337 27.91680908203125)
 (X_2338 36.1820068359375)
 (X_2339 64.01297760009766)
 (X_2340 55.57513427734375)
 (X_2341 43.4766960144043)
 (X_2342 23.495119094848633)
 (X_2343 42.986297607421875)
 (X_2344 39.06509017944336)
 (X_2345 27.371166229248047)
 (X_2346 43.53120803833008)
 (X_2347 51.88232421875)
 (X_2348 38.124698638916016)
 (X_2349 117.67008972167969)
 (X_2350 36.633243560791016)
 (X_2351 23.69028091430664)
 (X_2352 96.94683074951172)
 (X_2353 28.721982955932617)
 (X_2354 27.20964813232422)
 (X_2355 102.50921630859375)
 (X_2356 36.82809829711914)
 (X_2357 34.32408905029297)
 (X_2358 163.07901000976562)
 (X_2359 27.593610763549805)
 (X_2360 21.533222198486328)
 (X_2361 144.0342559814453)
 (X_2362 16.323883056640625)
 (X_2363 25.098567962646484)
 (X_2364 158.05682373046875)
 (X_2365 21.113920211791992)
 (X_2366 37.27928161621094)
 (X_2367 129.53546142578125)
 (X_2368 29.292402267456055)
 (X_2369 25.217681884765625)
 (X_2370 125.09227752685547)
 (X_2371 26.78008460998535)
 (X_2372 24.40909767150879)
 (X_2373 133.742919921875)
 (X_2374 29.18740463256836)
 (X_2375 37.34806823730469)
 (X_2376 132.9486541748047)
 (X_2377 28.328285217285156)
 (X_2378 21.164180755615234)
 (X_2379 128.5888214111328)
 (X_2380 22.86476707458496)
 (X_2381 29.900304794311523)
 (X_2382 140.9234619140625)
 (X_2383 31.85466766357422)
 (X_2384 34.543739318847656)
 (X_2385 136.54498291015625)
 (X_2386 22.531606674194336)
 (X_2387 22.393604278564453)
 (X_2388 139.5343780517578)
 (X_2389 26.287555694580078)
 (X_2390 27.20134735107422)
 (X_2391 144.92929077148438)
 (X_2392 30.9476375579834)
 (X_2393 37.96157455444336)
 (X_2394 144.47979736328125)
 (X_2395 25.48320770263672)
 (X_2396 23.018407821655273)
 (X_2397 141.64768981933594)
 (X_2398 25.02368927001953)
 (X_2399 26.99359893798828)
 (X_2400 155.0443115234375)
 (X_2401 27.77602195739746)
 (X_2402 38.597171783447266)
 (X_2403 154.81407165527344)
 (X_2404 21.103288650512695)
 (X_2405 22.47189712524414)
 (X_2406 155.33795166015625)
 (X_2407 20.623010635375977)
 (X_2408 29.69116973876953)
 (X_2409 169.37606811523438)
 (X_2410 25.56990623474121)
 (X_2411 37.23601531982422)
 (X_2412 182.32286071777344)
 (X_2413 20.969247817993164)
 (X_2414 29.88665008544922)
 (X_2415 192.832763671875)
 (X_2416 24.48295021057129)
 (X_2417 27.261428833007812)
 (X_2418 205.46316528320312)
 (X_2419 24.447826385498047)
 (X_2420 30.198040008544922)
 (X_2421 161.4906463623047)
 (X_2422 22.365938186645508)
 (X_2423 44.42455291748047)
 (X_2424 177.63426208496094)
 (X_2425 22.2645320892334)
 (X_2426 44.27025604248047)
 (X_2427 188.38394165039062)
 (X_2428 27.46597671508789)
 (X_2429 50.346397399902344)
 (X_2430 52.479820251464844)
 (X_2431 19.852462768554688)
 (X_2432 22.606109619140625)
 (X_2433 55.4447021484375)
 (X_2434 20.2213191986084)
 (X_2435 18.510631561279297)
 (X_2436 56.95335388183594)
 (X_2437 23.022541046142578)
 (X_2438 25.07465362548828)
 (X_2439 48.69607925415039)
 (X_2440 16.60857582092285)
 (X_2441 19.528335571289062)
 (X_2442 53.836219787597656)
 (X_2443 20.917461395263672)
 (X_2444 18.567949295043945)
 (X_2445 50.42729187011719)
 (X_2446 26.244678497314453)
 (X_2447 25.765104293823242)
 (X_2448 57.803253173828125)
 (X_2449 16.617233276367188)
 (X_2450 23.797286987304688)
 (X_2451 57.548240661621094)
 (X_2452 19.764921188354492)
 (X_2453 20.587215423583984)
 (X_2454 57.16697692871094)
 (X_2455 21.88467788696289)
 (X_2456 22.35021209716797)
 (X_2457 66.25672149658203)
 (X_2458 18.119516372680664)
 (X_2459 16.570859909057617)
 (X_2460 68.56739044189453)
 (X_2461 19.078083038330078)
 (X_2462 19.432750701904297)
 (X_2463 74.2252426147461)
 (X_2464 22.59996795654297)
 (X_2465 20.289005279541016)
 (X_2466 76.43688201904297)
 (X_2467 19.40847396850586)
 (X_2468 18.144559860229492)
 (X_2469 76.74376678466797)
 (X_2470 17.930278778076172)
 (X_2471 21.63854217529297)
 (X_2472 84.16509246826172)
 (X_2473 24.651084899902344)
 (X_2474 21.756824493408203)
 (X_2475 87.82527160644531)
 (X_2476 21.737016677856445)
 (X_2477 15.821148872375488)
 (X_2478 83.00703430175781)
 (X_2479 22.503114700317383)
 (X_2480 19.72861099243164)
 (X_2481 91.47320556640625)
 (X_2482 31.09364891052246)
 (X_2483 20.31289291381836)
 (X_2484 84.00131225585938)
 (X_2485 31.688005447387695)
 (X_2486 21.933151245117188)
 (X_2487 83.02618408203125)
 (X_2488 27.383853912353516)
 (X_2489 15.342937469482422)
 (X_2490 94.12667083740234)
 (X_2491 36.27561950683594)
 (X_2492 17.759885787963867)
 (X_2493 66.80379486083984)
 (X_2494 34.59587097167969)
 (X_2495 15.759852409362793)
 (X_2496 66.6641845703125)
 (X_2497 28.374887466430664)
 (X_2498 17.50131607055664)
 (X_2499 83.26487731933594)
 (X_2500 34.32229232788086)
 (X_2501 16.388031005859375)
 (X_2502 56.90165328979492)
 (X_2503 27.66391944885254)
 (X_2504 17.339677810668945)
 (X_2505 55.83226776123047)
 (X_2506 21.203271865844727)
 (X_2507 16.869068145751953)
 (X_2508 59.79560852050781)
 (X_2509 20.938566207885742)
 (X_2510 16.305938720703125)
 (X_2511 40.92207717895508)
 (X_2512 30.269916534423828)
 (X_2513 18.826244354248047)
 (X_2514 35.21198272705078)
 (X_2515 24.998327255249023)
 (X_2516 17.379596710205078)
 (X_2517 29.554460525512695)
 (X_2518 27.50113296508789)
 (X_2519 23.213674545288086)
 (X_2520 30.435894012451172)
 (X_2521 37.213951110839844)
 (X_2522 27.887039184570312)
 (X_2523 21.085186004638672)
 (X_2524 36.95337677001953)
 (X_2525 25.594900131225586)
 (X_2526 22.607011795043945)
 (X_2527 49.090396881103516)
 (X_2528 27.93393325805664)
 (X_2529 33.30563735961914)
 (X_2530 33.29104232788086)
 (X_2531 21.296329498291016)
 (X_2532 24.050268173217773)
 (X_2533 32.297698974609375)
 (X_2534 19.104738235473633)
 (X_2535 24.326526641845703)
 (X_2536 45.884864807128906)
 (X_2537 22.637741088867188)
 (X_2538 37.47551727294922)
 (X_2539 29.216413497924805)
 (X_2540 16.93068504333496)
 (X_2541 29.868444442749023)
 (X_2542 31.64607048034668)
 (X_2543 19.53636360168457)
 (X_2544 34.916927337646484)
 (X_2545 37.071475982666016)
 (X_2546 22.116954803466797)
 (X_2547 44.162353515625)
 (X_2548 31.0124454498291)
 (X_2549 29.532896041870117)
 (X_2550 35.54143142700195)
 (X_2551 36.63039016723633)
 (X_2552 27.160541534423828)
 (X_2553 45.983558654785156)
 (X_2554 36.399471282958984)
 (X_2555 28.53044319152832)
 (X_2556 51.74717330932617)
 (X_2557 34.29265213012695)
 (X_2558 33.88933563232422)
 (X_2559 40.009735107421875)
 (X_2560 40.33437728881836)
 (X_2561 36.36505889892578)
 (X_2562 50.00033187866211)
 (X_2563 46.43596267700195)
 (X_2564 41.031410217285156)
 (X_2565 52.357791900634766)
 (X_2566 36.613670349121094)
 (X_2567 21.158437728881836)
 (X_2568 43.48539352416992)
 (X_2569 45.79288864135742)
 (X_2570 24.60855484008789)
 (X_2571 55.49372863769531)
 (X_2572 56.172725677490234)
 (X_2573 28.082809448242188)
 (X_2574 47.77954864501953)
 (X_2575 37.97445297241211)
 (X_2576 27.542448043823242)
 (X_2577 43.54182052612305)
 (X_2578 38.82254409790039)
 (X_2579 32.83336639404297)
 (X_2580 51.79994201660156)
 (X_2581 49.16285705566406)
 (X_2582 32.43501281738281)
 (X_2583 45.05412673950195)
 (X_2584 28.649873733520508)
 (X_2585 50.91192626953125)
 (X_2586 34.07719039916992)
 (X_2587 26.01310157775879)
 (X_2588 58.326087951660156)
 (X_2589 45.259483337402344)
 (X_2590 35.329097747802734)
 (X_2591 69.73452758789062)
 (X_2592 37.53821563720703)
 (X_2593 33.25702667236328)
 (X_2594 43.92436218261719)
 (X_2595 33.841636657714844)
 (X_2596 28.32009506225586)
 (X_2597 52.39137649536133)
 (X_2598 37.17778396606445)
 (X_2599 30.92339324951172)
 (X_2600 76.97700500488281)
 (X_2601 34.61683654785156)
 (X_2602 39.230323791503906)
 (X_2603 39.306575775146484)
 (X_2604 24.641990661621094)
 (X_2605 36.530418395996094)
 (X_2606 41.23331832885742)
 (X_2607 23.885149002075195)
 (X_2608 42.0654411315918)
 (X_2609 60.16470718383789)
 (X_2610 37.2347297668457)
 (X_2611 36.69951248168945)
 (X_2612 25.978164672851562)
 (X_2613 30.129291534423828)
 (X_2614 32.17970657348633)
 (X_2615 27.922130584716797)
 (X_2616 26.020788192749023)
 (X_2617 43.471683502197266)
 (X_2618 39.32814407348633)
 (X_2619 47.00077438354492)
 (X_2620 30.13224220275879)
 (X_2621 19.163576126098633)
 (X_2622 37.62437057495117)
 (X_2623 19.19627571105957)
 (X_2624 20.13762092590332)
 (X_2625 30.52073860168457)
 (X_2626 26.72374725341797)
 (X_2627 29.086149215698242)
 (X_2628 97.29281616210938)
 (X_2629 28.994489669799805)
 (X_2630 21.10941505432129)
 (X_2631 84.20542907714844)
 (X_2632 21.761978149414062)
 (X_2633 23.844764709472656)
 (X_2634 79.64613342285156)
 (X_2635 25.218782424926758)
 (X_2636 27.556522369384766)
 (X_2637 107.30217742919922)
 (X_2638 32.270389556884766)
 (X_2639 18.97418212890625)
 (X_2640 104.40301513671875)
 (X_2641 27.016157150268555)
 (X_2642 26.272539138793945)
 (X_2643 104.24347686767578)
 (X_2644 26.132043838500977)
 (X_2645 34.760902404785156)
 (X_2646 124.25334167480469)
 (X_2647 24.28120231628418)
 (X_2648 24.48655891418457)
 (X_2649 119.51935577392578)
 (X_2650 26.623863220214844)
 (X_2651 25.714479446411133)
 (X_2652 130.17027282714844)
 (X_2653 22.485166549682617)
 (X_2654 32.20524978637695)
 (X_2655 126.6664810180664)
 (X_2656 20.121051788330078)
 (X_2657 23.381942749023438)
 (X_2658 123.53692626953125)
 (X_2659 17.48086166381836)
 (X_2660 29.6927433013916)
 (X_2661 133.94337463378906)
 (X_2662 22.384521484375)
 (X_2663 33.97182083129883)
 (X_2664 132.81509399414062)
 (X_2665 22.785110473632812)
 (X_2666 23.00271987915039)
 (X_2667 135.852783203125)
 (X_2668 23.20667839050293)
 (X_2669 30.43410873413086)
 (X_2670 151.0004425048828)
 (X_2671 22.003341674804688)
 (X_2672 31.220836639404297)
 (X_2673 137.43405151367188)
 (X_2674 22.551298141479492)
 (X_2675 21.205238342285156)
 (X_2676 149.5383758544922)
 (X_2677 24.686643600463867)
 (X_2678 26.363210678100586)
 (X_2679 161.6193389892578)
 (X_2680 25.804506301879883)
 (X_2681 35.62388229370117)
 (X_2682 173.80076599121094)
 (X_2683 22.214397430419922)
 (X_2684 28.386695861816406)
 (X_2685 179.1166229248047)
 (X_2686 19.475265502929688)
 (X_2687 27.825611114501953)
 (X_2688 190.76910400390625)
 (X_2689 23.26022720336914)
 (X_2690 32.69163131713867)
 (X_2691 152.1601104736328)
 (X_2692 22.46006965637207)
 (X_2693 45.45151138305664)
 (X_2694 163.3643798828125)
 (X_2695 18.750303268432617)
 (X_2696 41.63035583496094)
 (X_2697 169.1557159423828)
 (X_2698 24.612911224365234)
 (X_2699 50.25745391845703)
 (Y_0 640.0)
 (Y_1 970.0)
 (Y_2 1152.0)
 (Y_3 898.0)
 (Y_4 1188.0)
 (Y_5 714.0)
 (Y_6 394.0)
 (Y_7 920.0)
 (Y_8 858.0)
 (Y_9 452.0)
 (Y_10 754.0)
 (Y_11 1424.0)
 (Y_12 720.0)
 (Y_13 468.0)
 (Y_14 1190.0)
 (Y_15 1108.0)
 (Y_16 30.0)
 (Y_17 1566.0)
 (Y_18 898.0)
 (Y_19 804.0)
 (Y_20 1224.0)
 (Y_21 576.0)
 (Y_22 1386.0)
 (Y_23 904.0)
 (Y_24 556.0)
 (Y_25 1164.0)
 (Y_26 1340.0)
 (Y_27 556.0)
 (Y_28 1240.0)
 (Y_29 714.0)
 (Y_30 1032.0)
 (Y_31 774.0)
 (Y_32 560.0)
 (Y_33 346.0)
 (Y_34 -368.0)
 (Y_35 -114.0)
 (Y_36 526.0)
 (Y_37 -308.0)
 (Y_38 180.0)
 (Y_39 146.0)
 (Y_40 246.0)
 (Y_41 650.0)
 (Y_42 300.0))
